nohup: 忽略输入
SEED 最终结果
final acc avg: 0.9004947916666668
final acc std: 0.043626002356361084
final each acc:
Subject 0: 0.9406
Best Anchor: 10
Subject 0, Anchor 0: 0.9047
Subject 0, Anchor 1: 0.8613
Subject 0, Anchor 2: 0.9164
Subject 0, Anchor 3: 0.9094
Subject 0, Anchor 4: 0.8930
Subject 0, Anchor 5: 0.8777
Subject 0, Anchor 6: 0.9141
Subject 0, Anchor 7: 0.8957
Subject 0, Anchor 8: 0.9180
Subject 0, Anchor 9: 0.9371
Subject 0, Anchor 10: 0.9406
Subject 0, Anchor 11: 0.8992
Subject 0, Anchor 12: 0.9020
Subject 0, Anchor 13: 0.9043
Subject 1: 0.9113
Best Anchor: 10
Subject 1, Anchor 0: 0.8855
Subject 1, Anchor 1: 0.8785
Subject 1, Anchor 2: 0.8699
Subject 1, Anchor 3: 0.8727
Subject 1, Anchor 4: 0.8812
Subject 1, Anchor 5: 0.8703
Subject 1, Anchor 6: 0.9020
Subject 1, Anchor 7: 0.8980
Subject 1, Anchor 8: 0.8699
Subject 1, Anchor 9: 0.8922
Subject 1, Anchor 10: 0.9113
Subject 1, Anchor 11: 0.8852
Subject 1, Anchor 12: 0.8699
Subject 1, Anchor 13: 0.8820
Subject 2: 0.8762
Best Anchor: 4
Subject 2, Anchor 0: 0.8543
Subject 2, Anchor 1: 0.8547
Subject 2, Anchor 2: 0.8547
Subject 2, Anchor 3: 0.8551
Subject 2, Anchor 4: 0.8762
Subject 2, Anchor 5: 0.8602
Subject 2, Anchor 6: 0.8531
Subject 2, Anchor 7: 0.8559
Subject 2, Anchor 8: 0.8582
Subject 2, Anchor 9: 0.8586
Subject 2, Anchor 10: 0.8562
Subject 2, Anchor 11: 0.8531
Subject 2, Anchor 12: 0.8676
Subject 2, Anchor 13: 0.8535
Subject 3: 0.9883
Best Anchor: 1
Subject 3, Anchor 0: 0.9848
Subject 3, Anchor 1: 0.9883
Subject 3, Anchor 2: 0.9844
Subject 3, Anchor 3: 0.9848
Subject 3, Anchor 4: 0.9832
Subject 3, Anchor 5: 0.9848
Subject 3, Anchor 6: 0.9840
Subject 3, Anchor 7: 0.9840
Subject 3, Anchor 8: 0.9836
Subject 3, Anchor 9: 0.9859
Subject 3, Anchor 10: 0.9855
Subject 3, Anchor 11: 0.9879
Subject 3, Anchor 12: 0.9848
Subject 3, Anchor 13: 0.9852
Subject 4: 0.8539
Best Anchor: 1
Subject 4, Anchor 0: 0.8281
Subject 4, Anchor 1: 0.8539
Subject 4, Anchor 2: 0.8379
Subject 4, Anchor 3: 0.8301
Subject 4, Anchor 4: 0.8305
Subject 4, Anchor 5: 0.8305
Subject 4, Anchor 6: 0.8277
Subject 4, Anchor 7: 0.8371
Subject 4, Anchor 8: 0.8301
Subject 4, Anchor 9: 0.8277
Subject 4, Anchor 10: 0.8301
Subject 4, Anchor 11: 0.8379
Subject 4, Anchor 12: 0.8316
Subject 4, Anchor 13: 0.8324
Subject 5: 0.8438
Best Anchor: 13
Subject 5, Anchor 0: 0.8125
Subject 5, Anchor 1: 0.8078
Subject 5, Anchor 2: 0.8055
Subject 5, Anchor 3: 0.8102
Subject 5, Anchor 4: 0.7914
Subject 5, Anchor 5: 0.7918
Subject 5, Anchor 6: 0.8047
Subject 5, Anchor 7: 0.8023
Subject 5, Anchor 8: 0.7965
Subject 5, Anchor 9: 0.8039
Subject 5, Anchor 10: 0.8004
Subject 5, Anchor 11: 0.8023
Subject 5, Anchor 12: 0.8031
Subject 5, Anchor 13: 0.8438
Subject 6: 0.8734
Best Anchor: 0
Subject 6, Anchor 0: 0.8734
Subject 6, Anchor 1: 0.8414
Subject 6, Anchor 2: 0.8555
Subject 6, Anchor 3: 0.8422
Subject 6, Anchor 4: 0.8422
Subject 6, Anchor 5: 0.8441
Subject 6, Anchor 6: 0.8445
Subject 6, Anchor 7: 0.8441
Subject 6, Anchor 8: 0.8422
Subject 6, Anchor 9: 0.8426
Subject 6, Anchor 10: 0.8418
Subject 6, Anchor 11: 0.8422
Subject 6, Anchor 12: 0.8477
Subject 6, Anchor 13: 0.8414
Subject 7: 0.8898
Best Anchor: 4
Subject 7, Anchor 0: 0.8777
Subject 7, Anchor 1: 0.8820
Subject 7, Anchor 2: 0.8777
Subject 7, Anchor 3: 0.8824
Subject 7, Anchor 4: 0.8898
Subject 7, Anchor 5: 0.8758
Subject 7, Anchor 6: 0.8664
Subject 7, Anchor 7: 0.8656
Subject 7, Anchor 8: 0.8703
Subject 7, Anchor 9: 0.8742
Subject 7, Anchor 10: 0.8809
Subject 7, Anchor 11: 0.8711
Subject 7, Anchor 12: 0.8828
Subject 7, Anchor 13: 0.8812
Subject 8: 0.8910
Best Anchor: 7
Subject 8, Anchor 0: 0.8699
Subject 8, Anchor 1: 0.8664
Subject 8, Anchor 2: 0.8656
Subject 8, Anchor 3: 0.8668
Subject 8, Anchor 4: 0.8773
Subject 8, Anchor 5: 0.8715
Subject 8, Anchor 6: 0.8676
Subject 8, Anchor 7: 0.8910
Subject 8, Anchor 8: 0.8668
Subject 8, Anchor 9: 0.8668
Subject 8, Anchor 10: 0.8711
Subject 8, Anchor 11: 0.8691
Subject 8, Anchor 12: 0.8664
Subject 8, Anchor 13: 0.8691
Subject 9: 0.8742
Best Anchor: 11
Subject 9, Anchor 0: 0.8633
Subject 9, Anchor 1: 0.8199
Subject 9, Anchor 2: 0.8141
Subject 9, Anchor 3: 0.7945
Subject 9, Anchor 4: 0.7953
Subject 9, Anchor 5: 0.7953
Subject 9, Anchor 6: 0.8641
Subject 9, Anchor 7: 0.7910
Subject 9, Anchor 8: 0.7926
Subject 9, Anchor 9: 0.7891
Subject 9, Anchor 10: 0.8320
Subject 9, Anchor 11: 0.8742
Subject 9, Anchor 12: 0.8297
Subject 9, Anchor 13: 0.8285
Subject 10: 0.9719
Best Anchor: 2
Subject 10, Anchor 0: 0.9699
Subject 10, Anchor 1: 0.9699
Subject 10, Anchor 2: 0.9719
Subject 10, Anchor 3: 0.9715
Subject 10, Anchor 4: 0.9699
Subject 10, Anchor 5: 0.9699
Subject 10, Anchor 6: 0.9699
Subject 10, Anchor 7: 0.9695
Subject 10, Anchor 8: 0.9668
Subject 10, Anchor 9: 0.9699
Subject 10, Anchor 10: 0.9699
Subject 10, Anchor 11: 0.9699
Subject 10, Anchor 12: 0.9699
Subject 10, Anchor 13: 0.9695
Subject 11: 0.9395
Best Anchor: 5
Subject 11, Anchor 0: 0.9039
Subject 11, Anchor 1: 0.8461
Subject 11, Anchor 2: 0.9313
Subject 11, Anchor 3: 0.8531
Subject 11, Anchor 4: 0.8766
Subject 11, Anchor 5: 0.9395
Subject 11, Anchor 6: 0.8617
Subject 11, Anchor 7: 0.8535
Subject 11, Anchor 8: 0.8887
Subject 11, Anchor 9: 0.8543
Subject 11, Anchor 10: 0.9008
Subject 11, Anchor 11: 0.8719
Subject 11, Anchor 12: 0.9234
Subject 11, Anchor 13: 0.8930
Subject 12: 0.8410
Best Anchor: 8
Subject 12, Anchor 0: 0.8031
Subject 12, Anchor 1: 0.8117
Subject 12, Anchor 2: 0.8023
Subject 12, Anchor 3: 0.8035
Subject 12, Anchor 4: 0.8039
Subject 12, Anchor 5: 0.8027
Subject 12, Anchor 6: 0.8066
Subject 12, Anchor 7: 0.8016
Subject 12, Anchor 8: 0.8410
Subject 12, Anchor 9: 0.8039
Subject 12, Anchor 10: 0.8086
Subject 12, Anchor 11: 0.8109
Subject 12, Anchor 12: 0.8027
Subject 12, Anchor 13: 0.8031
Subject 13: 0.8809
Best Anchor: 4
Subject 13, Anchor 0: 0.8559
Subject 13, Anchor 1: 0.8559
Subject 13, Anchor 2: 0.8555
Subject 13, Anchor 3: 0.8559
Subject 13, Anchor 4: 0.8809
Subject 13, Anchor 5: 0.8766
Subject 13, Anchor 6: 0.8762
Subject 13, Anchor 7: 0.8559
Subject 13, Anchor 8: 0.8672
Subject 13, Anchor 9: 0.8715
Subject 13, Anchor 10: 0.8684
Subject 13, Anchor 11: 0.8711
Subject 13, Anchor 12: 0.8555
Subject 13, Anchor 13: 0.8559
Subject 14: 0.9316
Best Anchor: 7
Subject 14, Anchor 0: 0.9203
Subject 14, Anchor 1: 0.8621
Subject 14, Anchor 2: 0.8883
Subject 14, Anchor 3: 0.9137
Subject 14, Anchor 4: 0.9039
Subject 14, Anchor 5: 0.8883
Subject 14, Anchor 6: 0.8785
Subject 14, Anchor 7: 0.9316
Subject 14, Anchor 8: 0.9105
Subject 14, Anchor 9: 0.8953
Subject 14, Anchor 10: 0.9125
Subject 14, Anchor 11: 0.9223
Subject 14, Anchor 12: 0.8898
Subject 14, Anchor 13: 0.8871
