2025-12-04 17:01:28,061 - === GLAE, leaving subject 5 for test ===
2025-12-04 17:08:59,052 - =========================Subject 5, Anchor 0===========================
2025-12-04 17:10:24,358 - anchor [Subject 5, Anchor 0, Epoch 1/150] Train Loss=0.0006 Train Acc=0.8738 Test Acc=0.8125 Best Acc=0.8125
2025-12-04 17:10:28,069 - anchor [Subject 5, Anchor 0, Epoch 2/150] Train Loss=0.0004 Train Acc=0.9184 Test Acc=0.7844 Best Acc=0.8125
2025-12-04 17:10:31,616 - anchor [Subject 5, Anchor 0, Epoch 3/150] Train Loss=0.0003 Train Acc=0.9586 Test Acc=0.7656 Best Acc=0.8125
2025-12-04 17:10:35,090 - anchor [Subject 5, Anchor 0, Epoch 4/150] Train Loss=0.0003 Train Acc=0.9801 Test Acc=0.7594 Best Acc=0.8125
2025-12-04 17:10:39,625 - anchor [Subject 5, Anchor 0, Epoch 5/150] Train Loss=0.0002 Train Acc=0.9758 Test Acc=0.7602 Best Acc=0.8125
2025-12-04 17:10:45,891 - anchor [Subject 5, Anchor 0, Epoch 6/150] Train Loss=0.0002 Train Acc=0.9746 Test Acc=0.7578 Best Acc=0.8125
2025-12-04 17:10:49,794 - anchor [Subject 5, Anchor 0, Epoch 7/150] Train Loss=0.0002 Train Acc=0.9785 Test Acc=0.7531 Best Acc=0.8125
2025-12-04 17:10:52,633 - anchor [Subject 5, Anchor 0, Epoch 8/150] Train Loss=0.0001 Train Acc=0.9824 Test Acc=0.7488 Best Acc=0.8125
2025-12-04 17:10:57,597 - anchor [Subject 5, Anchor 0, Epoch 9/150] Train Loss=0.0001 Train Acc=0.9832 Test Acc=0.7453 Best Acc=0.8125
2025-12-04 17:11:01,126 - anchor [Subject 5, Anchor 0, Epoch 10/150] Train Loss=0.0001 Train Acc=0.9820 Test Acc=0.7410 Best Acc=0.8125
2025-12-04 17:11:05,169 - anchor [Subject 5, Anchor 0, Epoch 11/150] Train Loss=0.0001 Train Acc=0.9844 Test Acc=0.7379 Best Acc=0.8125
2025-12-04 17:11:09,886 - anchor [Subject 5, Anchor 0, Epoch 12/150] Train Loss=0.0001 Train Acc=0.9871 Test Acc=0.7328 Best Acc=0.8125
2025-12-04 17:11:14,520 - anchor [Subject 5, Anchor 0, Epoch 13/150] Train Loss=0.0001 Train Acc=0.9867 Test Acc=0.7289 Best Acc=0.8125
2025-12-04 17:11:18,597 - anchor [Subject 5, Anchor 0, Epoch 14/150] Train Loss=0.0001 Train Acc=0.9848 Test Acc=0.7281 Best Acc=0.8125
2025-12-04 17:11:22,506 - anchor [Subject 5, Anchor 0, Epoch 15/150] Train Loss=0.0001 Train Acc=0.9875 Test Acc=0.7312 Best Acc=0.8125
2025-12-04 17:11:26,000 - anchor [Subject 5, Anchor 0, Epoch 16/150] Train Loss=0.0001 Train Acc=0.9887 Test Acc=0.7289 Best Acc=0.8125
2025-12-04 17:11:28,367 - anchor [Subject 5, Anchor 0, Epoch 17/150] Train Loss=0.0001 Train Acc=0.9875 Test Acc=0.7266 Best Acc=0.8125
2025-12-04 17:11:30,763 - anchor [Subject 5, Anchor 0, Epoch 18/150] Train Loss=0.0001 Train Acc=0.9902 Test Acc=0.7250 Best Acc=0.8125
2025-12-04 17:11:33,968 - anchor [Subject 5, Anchor 0, Epoch 19/150] Train Loss=0.0001 Train Acc=0.9879 Test Acc=0.7258 Best Acc=0.8125
2025-12-04 17:11:36,422 - anchor [Subject 5, Anchor 0, Epoch 20/150] Train Loss=0.0001 Train Acc=0.9867 Test Acc=0.7234 Best Acc=0.8125
2025-12-04 17:11:40,764 - anchor [Subject 5, Anchor 0, Epoch 21/150] Train Loss=0.0001 Train Acc=0.9902 Test Acc=0.7234 Best Acc=0.8125
2025-12-04 17:11:43,758 - anchor [Subject 5, Anchor 0, Epoch 22/150] Train Loss=0.0001 Train Acc=0.9879 Test Acc=0.7250 Best Acc=0.8125
2025-12-04 17:11:46,457 - anchor [Subject 5, Anchor 0, Epoch 23/150] Train Loss=0.0001 Train Acc=0.9879 Test Acc=0.7254 Best Acc=0.8125
2025-12-04 17:11:49,818 - anchor [Subject 5, Anchor 0, Epoch 24/150] Train Loss=0.0001 Train Acc=0.9879 Test Acc=0.7254 Best Acc=0.8125
2025-12-04 17:11:52,087 - anchor [Subject 5, Anchor 0, Epoch 25/150] Train Loss=0.0001 Train Acc=0.9883 Test Acc=0.7246 Best Acc=0.8125
2025-12-04 17:11:55,568 - anchor [Subject 5, Anchor 0, Epoch 26/150] Train Loss=0.0001 Train Acc=0.9898 Test Acc=0.7281 Best Acc=0.8125
2025-12-04 17:11:58,030 - anchor [Subject 5, Anchor 0, Epoch 27/150] Train Loss=0.0001 Train Acc=0.9910 Test Acc=0.7258 Best Acc=0.8125
2025-12-04 17:12:00,058 - anchor [Subject 5, Anchor 0, Epoch 28/150] Train Loss=0.0000 Train Acc=0.9926 Test Acc=0.7246 Best Acc=0.8125
2025-12-04 17:12:02,183 - anchor [Subject 5, Anchor 0, Epoch 29/150] Train Loss=0.0001 Train Acc=0.9895 Test Acc=0.7242 Best Acc=0.8125
2025-12-04 17:12:05,581 - anchor [Subject 5, Anchor 0, Epoch 30/150] Train Loss=0.0000 Train Acc=0.9906 Test Acc=0.7270 Best Acc=0.8125
2025-12-04 17:12:07,932 - anchor [Subject 5, Anchor 0, Epoch 31/150] Train Loss=0.0000 Train Acc=0.9914 Test Acc=0.7266 Best Acc=0.8125
2025-12-04 17:12:11,778 - anchor [Subject 5, Anchor 0, Epoch 32/150] Train Loss=0.0000 Train Acc=0.9938 Test Acc=0.7238 Best Acc=0.8125
2025-12-04 17:12:17,638 - anchor [Subject 5, Anchor 0, Epoch 33/150] Train Loss=0.0000 Train Acc=0.9906 Test Acc=0.7234 Best Acc=0.8125
2025-12-04 17:12:21,012 - anchor [Subject 5, Anchor 0, Epoch 34/150] Train Loss=0.0000 Train Acc=0.9926 Test Acc=0.7266 Best Acc=0.8125
2025-12-04 17:12:24,059 - anchor [Subject 5, Anchor 0, Epoch 35/150] Train Loss=0.0000 Train Acc=0.9930 Test Acc=0.7258 Best Acc=0.8125
2025-12-04 17:12:27,589 - anchor [Subject 5, Anchor 0, Epoch 36/150] Train Loss=0.0000 Train Acc=0.9934 Test Acc=0.7293 Best Acc=0.8125
2025-12-04 17:12:38,027 - anchor [Subject 5, Anchor 0, Epoch 37/150] Train Loss=0.0000 Train Acc=0.9926 Test Acc=0.7297 Best Acc=0.8125
2025-12-04 17:12:42,862 - anchor [Subject 5, Anchor 0, Epoch 38/150] Train Loss=0.0000 Train Acc=0.9902 Test Acc=0.7270 Best Acc=0.8125
2025-12-04 17:12:46,017 - anchor [Subject 5, Anchor 0, Epoch 39/150] Train Loss=0.0000 Train Acc=0.9934 Test Acc=0.7270 Best Acc=0.8125
2025-12-04 17:12:50,353 - anchor [Subject 5, Anchor 0, Epoch 40/150] Train Loss=0.0000 Train Acc=0.9938 Test Acc=0.7289 Best Acc=0.8125
2025-12-04 17:12:56,118 - anchor [Subject 5, Anchor 0, Epoch 41/150] Train Loss=0.0000 Train Acc=0.9961 Test Acc=0.7289 Best Acc=0.8125
2025-12-04 17:13:01,117 - anchor [Subject 5, Anchor 0, Epoch 42/150] Train Loss=0.0000 Train Acc=0.9941 Test Acc=0.7270 Best Acc=0.8125
2025-12-04 17:13:06,403 - anchor [Subject 5, Anchor 0, Epoch 43/150] Train Loss=0.0000 Train Acc=0.9945 Test Acc=0.7273 Best Acc=0.8125
2025-12-04 17:13:13,474 - anchor [Subject 5, Anchor 0, Epoch 44/150] Train Loss=0.0000 Train Acc=0.9926 Test Acc=0.7273 Best Acc=0.8125
2025-12-04 17:13:18,026 - anchor [Subject 5, Anchor 0, Epoch 45/150] Train Loss=0.0000 Train Acc=0.9934 Test Acc=0.7230 Best Acc=0.8125
2025-12-04 17:13:22,291 - anchor [Subject 5, Anchor 0, Epoch 46/150] Train Loss=0.0000 Train Acc=0.9957 Test Acc=0.7230 Best Acc=0.8125
2025-12-04 17:13:26,893 - anchor [Subject 5, Anchor 0, Epoch 47/150] Train Loss=0.0000 Train Acc=0.9953 Test Acc=0.7301 Best Acc=0.8125
2025-12-04 17:13:31,637 - anchor [Subject 5, Anchor 0, Epoch 48/150] Train Loss=0.0000 Train Acc=0.9957 Test Acc=0.7293 Best Acc=0.8125
2025-12-04 17:13:35,729 - anchor [Subject 5, Anchor 0, Epoch 49/150] Train Loss=0.0000 Train Acc=0.9941 Test Acc=0.7266 Best Acc=0.8125
2025-12-04 17:13:38,807 - anchor [Subject 5, Anchor 0, Epoch 50/150] Train Loss=0.0000 Train Acc=0.9961 Test Acc=0.7234 Best Acc=0.8125
2025-12-04 17:13:42,344 - anchor [Subject 5, Anchor 0, Epoch 51/150] Train Loss=0.0000 Train Acc=0.9938 Test Acc=0.7230 Best Acc=0.8125
2025-12-04 17:13:48,779 - anchor [Subject 5, Anchor 0, Epoch 52/150] Train Loss=0.0000 Train Acc=0.9953 Test Acc=0.7230 Best Acc=0.8125
2025-12-04 17:13:53,154 - anchor [Subject 5, Anchor 0, Epoch 53/150] Train Loss=0.0000 Train Acc=0.9934 Test Acc=0.7234 Best Acc=0.8125
2025-12-04 17:13:57,160 - anchor [Subject 5, Anchor 0, Epoch 54/150] Train Loss=0.0000 Train Acc=0.9961 Test Acc=0.7234 Best Acc=0.8125
2025-12-04 17:14:01,107 - anchor [Subject 5, Anchor 0, Epoch 55/150] Train Loss=0.0000 Train Acc=0.9965 Test Acc=0.7230 Best Acc=0.8125
2025-12-04 17:14:06,477 - anchor [Subject 5, Anchor 0, Epoch 56/150] Train Loss=0.0000 Train Acc=0.9910 Test Acc=0.7223 Best Acc=0.8125
2025-12-04 17:14:11,651 - anchor [Subject 5, Anchor 0, Epoch 57/150] Train Loss=0.0000 Train Acc=0.9957 Test Acc=0.7223 Best Acc=0.8125
2025-12-04 17:14:21,477 - anchor [Subject 5, Anchor 0, Epoch 58/150] Train Loss=0.0000 Train Acc=0.9988 Test Acc=0.7246 Best Acc=0.8125
2025-12-04 17:14:24,366 - anchor [Subject 5, Anchor 0, Epoch 59/150] Train Loss=0.0000 Train Acc=0.9949 Test Acc=0.7230 Best Acc=0.8125
2025-12-04 17:14:39,736 - anchor [Subject 5, Anchor 0, Epoch 60/150] Train Loss=0.0000 Train Acc=0.9957 Test Acc=0.7223 Best Acc=0.8125
2025-12-04 17:14:44,483 - anchor [Subject 5, Anchor 0, Epoch 61/150] Train Loss=0.0000 Train Acc=0.9957 Test Acc=0.7250 Best Acc=0.8125
2025-12-04 17:14:47,625 - anchor [Subject 5, Anchor 0, Epoch 62/150] Train Loss=0.0000 Train Acc=0.9961 Test Acc=0.7234 Best Acc=0.8125
2025-12-04 17:14:52,529 - anchor [Subject 5, Anchor 0, Epoch 63/150] Train Loss=0.0000 Train Acc=0.9961 Test Acc=0.7234 Best Acc=0.8125
2025-12-04 17:14:56,374 - anchor [Subject 5, Anchor 0, Epoch 64/150] Train Loss=0.0000 Train Acc=0.9949 Test Acc=0.7297 Best Acc=0.8125
2025-12-04 17:15:00,075 - anchor [Subject 5, Anchor 0, Epoch 65/150] Train Loss=0.0000 Train Acc=0.9957 Test Acc=0.7289 Best Acc=0.8125
2025-12-04 17:15:03,638 - anchor [Subject 5, Anchor 0, Epoch 66/150] Train Loss=0.0000 Train Acc=0.9973 Test Acc=0.7242 Best Acc=0.8125
2025-12-04 17:15:07,815 - anchor [Subject 5, Anchor 0, Epoch 67/150] Train Loss=0.0000 Train Acc=0.9965 Test Acc=0.7227 Best Acc=0.8125
2025-12-04 17:15:11,748 - anchor [Subject 5, Anchor 0, Epoch 68/150] Train Loss=0.0000 Train Acc=0.9965 Test Acc=0.7230 Best Acc=0.8125
2025-12-04 17:15:15,675 - anchor [Subject 5, Anchor 0, Epoch 69/150] Train Loss=0.0000 Train Acc=0.9961 Test Acc=0.7273 Best Acc=0.8125
2025-12-04 17:15:18,983 - anchor [Subject 5, Anchor 0, Epoch 70/150] Train Loss=0.0000 Train Acc=0.9969 Test Acc=0.7234 Best Acc=0.8125
2025-12-04 17:15:22,787 - anchor [Subject 5, Anchor 0, Epoch 71/150] Train Loss=0.0000 Train Acc=0.9969 Test Acc=0.7211 Best Acc=0.8125
2025-12-04 17:15:26,672 - anchor [Subject 5, Anchor 0, Epoch 72/150] Train Loss=0.0000 Train Acc=0.9965 Test Acc=0.7227 Best Acc=0.8125
2025-12-04 17:15:28,692 - anchor [Subject 5, Anchor 0, Epoch 73/150] Train Loss=0.0000 Train Acc=0.9977 Test Acc=0.7293 Best Acc=0.8125
2025-12-04 17:15:32,580 - anchor [Subject 5, Anchor 0, Epoch 74/150] Train Loss=0.0000 Train Acc=0.9969 Test Acc=0.7297 Best Acc=0.8125
2025-12-04 17:15:34,959 - anchor [Subject 5, Anchor 0, Epoch 75/150] Train Loss=0.0000 Train Acc=0.9965 Test Acc=0.7270 Best Acc=0.8125
2025-12-04 17:15:37,879 - anchor [Subject 5, Anchor 0, Epoch 76/150] Train Loss=0.0000 Train Acc=0.9965 Test Acc=0.7227 Best Acc=0.8125
2025-12-04 17:15:41,282 - anchor [Subject 5, Anchor 0, Epoch 77/150] Train Loss=0.0000 Train Acc=0.9977 Test Acc=0.7215 Best Acc=0.8125
2025-12-04 17:15:43,617 - anchor [Subject 5, Anchor 0, Epoch 78/150] Train Loss=0.0000 Train Acc=0.9965 Test Acc=0.7230 Best Acc=0.8125
2025-12-04 17:15:45,991 - anchor [Subject 5, Anchor 0, Epoch 79/150] Train Loss=0.0000 Train Acc=0.9973 Test Acc=0.7266 Best Acc=0.8125
2025-12-04 17:15:49,327 - anchor [Subject 5, Anchor 0, Epoch 80/150] Train Loss=0.0000 Train Acc=0.9973 Test Acc=0.7223 Best Acc=0.8125
2025-12-04 17:15:52,920 - anchor [Subject 5, Anchor 0, Epoch 81/150] Train Loss=0.0000 Train Acc=0.9973 Test Acc=0.7211 Best Acc=0.8125
2025-12-04 17:16:01,947 - anchor [Subject 5, Anchor 0, Epoch 82/150] Train Loss=0.0000 Train Acc=0.9973 Test Acc=0.7215 Best Acc=0.8125
2025-12-04 17:16:05,620 - anchor [Subject 5, Anchor 0, Epoch 83/150] Train Loss=0.0000 Train Acc=0.9984 Test Acc=0.7281 Best Acc=0.8125
2025-12-04 17:16:09,865 - anchor [Subject 5, Anchor 0, Epoch 84/150] Train Loss=0.0000 Train Acc=0.9980 Test Acc=0.7301 Best Acc=0.8125
2025-12-04 17:16:13,496 - anchor [Subject 5, Anchor 0, Epoch 85/150] Train Loss=0.0000 Train Acc=0.9973 Test Acc=0.7281 Best Acc=0.8125
2025-12-04 17:16:16,506 - anchor [Subject 5, Anchor 0, Epoch 86/150] Train Loss=0.0000 Train Acc=0.9973 Test Acc=0.7246 Best Acc=0.8125
2025-12-04 17:16:19,349 - anchor [Subject 5, Anchor 0, Epoch 87/150] Train Loss=0.0000 Train Acc=0.9984 Test Acc=0.7281 Best Acc=0.8125
2025-12-04 17:16:23,174 - anchor [Subject 5, Anchor 0, Epoch 88/150] Train Loss=0.0000 Train Acc=0.9965 Test Acc=0.7297 Best Acc=0.8125
2025-12-04 17:16:26,325 - anchor [Subject 5, Anchor 0, Epoch 89/150] Train Loss=0.0000 Train Acc=0.9988 Test Acc=0.7289 Best Acc=0.8125
2025-12-04 17:16:29,725 - anchor [Subject 5, Anchor 0, Epoch 90/150] Train Loss=0.0000 Train Acc=0.9973 Test Acc=0.7223 Best Acc=0.8125
2025-12-04 17:16:32,903 - anchor [Subject 5, Anchor 0, Epoch 91/150] Train Loss=0.0000 Train Acc=0.9965 Test Acc=0.7219 Best Acc=0.8125
2025-12-04 17:16:36,165 - anchor [Subject 5, Anchor 0, Epoch 92/150] Train Loss=0.0000 Train Acc=0.9984 Test Acc=0.7234 Best Acc=0.8125
2025-12-04 17:16:38,348 - anchor [Subject 5, Anchor 0, Epoch 93/150] Train Loss=0.0000 Train Acc=0.9977 Test Acc=0.7234 Best Acc=0.8125
2025-12-04 17:16:40,406 - anchor [Subject 5, Anchor 0, Epoch 94/150] Train Loss=0.0000 Train Acc=0.9969 Test Acc=0.7219 Best Acc=0.8125
2025-12-04 17:16:41,515 - anchor [Subject 5, Anchor 0, Epoch 95/150] Train Loss=0.0000 Train Acc=0.9969 Test Acc=0.7223 Best Acc=0.8125
2025-12-04 17:16:45,127 - anchor [Subject 5, Anchor 0, Epoch 96/150] Train Loss=0.0000 Train Acc=0.9984 Test Acc=0.7285 Best Acc=0.8125
2025-12-04 17:16:47,275 - anchor [Subject 5, Anchor 0, Epoch 97/150] Train Loss=0.0000 Train Acc=0.9977 Test Acc=0.7270 Best Acc=0.8125
2025-12-04 17:16:48,728 - anchor [Subject 5, Anchor 0, Epoch 98/150] Train Loss=0.0000 Train Acc=0.9973 Test Acc=0.7219 Best Acc=0.8125
2025-12-04 17:16:50,549 - anchor [Subject 5, Anchor 0, Epoch 99/150] Train Loss=0.0000 Train Acc=0.9980 Test Acc=0.7211 Best Acc=0.8125
2025-12-04 17:16:52,269 - anchor [Subject 5, Anchor 0, Epoch 100/150] Train Loss=0.0000 Train Acc=0.9992 Test Acc=0.7227 Best Acc=0.8125
2025-12-04 17:16:53,797 - anchor [Subject 5, Anchor 0, Epoch 101/150] Train Loss=0.0000 Train Acc=0.9980 Test Acc=0.7254 Best Acc=0.8125
2025-12-04 17:16:55,181 - anchor [Subject 5, Anchor 0, Epoch 102/150] Train Loss=0.0000 Train Acc=0.9988 Test Acc=0.7266 Best Acc=0.8125
2025-12-04 17:16:56,784 - anchor [Subject 5, Anchor 0, Epoch 103/150] Train Loss=0.0000 Train Acc=0.9988 Test Acc=0.7273 Best Acc=0.8125
2025-12-04 17:17:02,921 - anchor [Subject 5, Anchor 0, Epoch 104/150] Train Loss=0.0000 Train Acc=0.9980 Test Acc=0.7277 Best Acc=0.8125
2025-12-04 17:17:05,176 - anchor [Subject 5, Anchor 0, Epoch 105/150] Train Loss=0.0000 Train Acc=0.9984 Test Acc=0.7270 Best Acc=0.8125
2025-12-04 17:17:06,637 - anchor [Subject 5, Anchor 0, Epoch 106/150] Train Loss=0.0000 Train Acc=0.9988 Test Acc=0.7254 Best Acc=0.8125
2025-12-04 17:17:08,125 - anchor [Subject 5, Anchor 0, Epoch 107/150] Train Loss=0.0000 Train Acc=0.9980 Test Acc=0.7230 Best Acc=0.8125
2025-12-04 17:17:11,309 - anchor [Subject 5, Anchor 0, Epoch 108/150] Train Loss=0.0000 Train Acc=0.9992 Test Acc=0.7246 Best Acc=0.8125
2025-12-04 17:17:13,461 - anchor [Subject 5, Anchor 0, Epoch 109/150] Train Loss=0.0000 Train Acc=0.9973 Test Acc=0.7234 Best Acc=0.8125
2025-12-04 17:17:15,406 - anchor [Subject 5, Anchor 0, Epoch 110/150] Train Loss=0.0000 Train Acc=0.9980 Test Acc=0.7242 Best Acc=0.8125
2025-12-04 17:17:17,734 - anchor [Subject 5, Anchor 0, Epoch 111/150] Train Loss=0.0000 Train Acc=0.9977 Test Acc=0.7262 Best Acc=0.8125
2025-12-04 17:17:19,630 - anchor [Subject 5, Anchor 0, Epoch 112/150] Train Loss=0.0000 Train Acc=0.9977 Test Acc=0.7258 Best Acc=0.8125
2025-12-04 17:17:21,375 - anchor [Subject 5, Anchor 0, Epoch 113/150] Train Loss=0.0000 Train Acc=0.9988 Test Acc=0.7254 Best Acc=0.8125
2025-12-04 17:17:24,037 - anchor [Subject 5, Anchor 0, Epoch 114/150] Train Loss=0.0000 Train Acc=0.9980 Test Acc=0.7262 Best Acc=0.8125
2025-12-04 17:17:26,257 - anchor [Subject 5, Anchor 0, Epoch 115/150] Train Loss=0.0000 Train Acc=0.9973 Test Acc=0.7266 Best Acc=0.8125
2025-12-04 17:17:28,088 - anchor [Subject 5, Anchor 0, Epoch 116/150] Train Loss=0.0000 Train Acc=0.9984 Test Acc=0.7219 Best Acc=0.8125
2025-12-04 17:17:29,790 - anchor [Subject 5, Anchor 0, Epoch 117/150] Train Loss=0.0000 Train Acc=0.9973 Test Acc=0.7207 Best Acc=0.8125
2025-12-04 17:17:32,401 - anchor [Subject 5, Anchor 0, Epoch 118/150] Train Loss=0.0000 Train Acc=0.9977 Test Acc=0.7215 Best Acc=0.8125
2025-12-04 17:17:34,503 - anchor [Subject 5, Anchor 0, Epoch 119/150] Train Loss=0.0000 Train Acc=0.9992 Test Acc=0.7227 Best Acc=0.8125
2025-12-04 17:17:36,517 - anchor [Subject 5, Anchor 0, Epoch 120/150] Train Loss=0.0000 Train Acc=0.9996 Test Acc=0.7230 Best Acc=0.8125
2025-12-04 17:17:38,719 - anchor [Subject 5, Anchor 0, Epoch 121/150] Train Loss=0.0000 Train Acc=0.9980 Test Acc=0.7215 Best Acc=0.8125
2025-12-04 17:17:41,098 - anchor [Subject 5, Anchor 0, Epoch 122/150] Train Loss=0.0000 Train Acc=0.9988 Test Acc=0.7219 Best Acc=0.8125
2025-12-04 17:17:43,743 - anchor [Subject 5, Anchor 0, Epoch 123/150] Train Loss=0.0000 Train Acc=0.9988 Test Acc=0.7258 Best Acc=0.8125
2025-12-04 17:17:45,944 - anchor [Subject 5, Anchor 0, Epoch 124/150] Train Loss=0.0000 Train Acc=0.9984 Test Acc=0.7301 Best Acc=0.8125
2025-12-04 17:17:47,975 - anchor [Subject 5, Anchor 0, Epoch 125/150] Train Loss=0.0000 Train Acc=0.9988 Test Acc=0.7297 Best Acc=0.8125
2025-12-04 17:17:50,119 - anchor [Subject 5, Anchor 0, Epoch 126/150] Train Loss=0.0000 Train Acc=0.9988 Test Acc=0.7297 Best Acc=0.8125
2025-12-04 17:17:52,127 - anchor [Subject 5, Anchor 0, Epoch 127/150] Train Loss=0.0000 Train Acc=0.9992 Test Acc=0.7281 Best Acc=0.8125
2025-12-04 17:17:54,506 - anchor [Subject 5, Anchor 0, Epoch 128/150] Train Loss=0.0000 Train Acc=0.9977 Test Acc=0.7277 Best Acc=0.8125
2025-12-04 17:17:56,935 - anchor [Subject 5, Anchor 0, Epoch 129/150] Train Loss=0.0000 Train Acc=0.9988 Test Acc=0.7281 Best Acc=0.8125
2025-12-04 17:17:59,640 - anchor [Subject 5, Anchor 0, Epoch 130/150] Train Loss=0.0000 Train Acc=0.9996 Test Acc=0.7273 Best Acc=0.8125
2025-12-04 17:18:01,895 - anchor [Subject 5, Anchor 0, Epoch 131/150] Train Loss=0.0000 Train Acc=0.9977 Test Acc=0.7219 Best Acc=0.8125
2025-12-04 17:18:03,959 - anchor [Subject 5, Anchor 0, Epoch 132/150] Train Loss=0.0000 Train Acc=0.9988 Test Acc=0.7191 Best Acc=0.8125
2025-12-04 17:18:07,273 - anchor [Subject 5, Anchor 0, Epoch 133/150] Train Loss=0.0000 Train Acc=0.9988 Test Acc=0.7199 Best Acc=0.8125
2025-12-04 17:18:10,233 - anchor [Subject 5, Anchor 0, Epoch 134/150] Train Loss=0.0000 Train Acc=0.9992 Test Acc=0.7211 Best Acc=0.8125
2025-12-04 17:18:12,774 - anchor [Subject 5, Anchor 0, Epoch 135/150] Train Loss=0.0000 Train Acc=0.9988 Test Acc=0.7242 Best Acc=0.8125
2025-12-04 17:18:15,015 - anchor [Subject 5, Anchor 0, Epoch 136/150] Train Loss=0.0000 Train Acc=0.9980 Test Acc=0.7262 Best Acc=0.8125
2025-12-04 17:18:18,206 - anchor [Subject 5, Anchor 0, Epoch 137/150] Train Loss=0.0000 Train Acc=0.9980 Test Acc=0.7215 Best Acc=0.8125
2025-12-04 17:18:20,568 - anchor [Subject 5, Anchor 0, Epoch 138/150] Train Loss=0.0000 Train Acc=0.9988 Test Acc=0.7215 Best Acc=0.8125
2025-12-04 17:18:22,384 - anchor [Subject 5, Anchor 0, Epoch 139/150] Train Loss=0.0000 Train Acc=0.9988 Test Acc=0.7211 Best Acc=0.8125
2025-12-04 17:18:24,033 - anchor [Subject 5, Anchor 0, Epoch 140/150] Train Loss=0.0000 Train Acc=0.9992 Test Acc=0.7219 Best Acc=0.8125
2025-12-04 17:18:26,947 - anchor [Subject 5, Anchor 0, Epoch 141/150] Train Loss=0.0000 Train Acc=0.9992 Test Acc=0.7234 Best Acc=0.8125
2025-12-04 17:18:28,867 - anchor [Subject 5, Anchor 0, Epoch 142/150] Train Loss=0.0000 Train Acc=0.9988 Test Acc=0.7219 Best Acc=0.8125
2025-12-04 17:18:30,733 - anchor [Subject 5, Anchor 0, Epoch 143/150] Train Loss=0.0000 Train Acc=1.0000 Test Acc=0.7215 Best Acc=0.8125
2025-12-04 17:18:32,893 - anchor [Subject 5, Anchor 0, Epoch 144/150] Train Loss=0.0000 Train Acc=0.9988 Test Acc=0.7223 Best Acc=0.8125
2025-12-04 17:18:35,096 - anchor [Subject 5, Anchor 0, Epoch 145/150] Train Loss=0.0000 Train Acc=0.9984 Test Acc=0.7227 Best Acc=0.8125
2025-12-04 17:18:38,219 - anchor [Subject 5, Anchor 0, Epoch 146/150] Train Loss=0.0000 Train Acc=0.9996 Test Acc=0.7219 Best Acc=0.8125
2025-12-04 17:18:43,566 - anchor [Subject 5, Anchor 0, Epoch 147/150] Train Loss=0.0000 Train Acc=0.9988 Test Acc=0.7215 Best Acc=0.8125
2025-12-04 17:18:45,625 - anchor [Subject 5, Anchor 0, Epoch 148/150] Train Loss=0.0000 Train Acc=0.9992 Test Acc=0.7203 Best Acc=0.8125
2025-12-04 17:18:47,836 - anchor [Subject 5, Anchor 0, Epoch 149/150] Train Loss=0.0000 Train Acc=0.9984 Test Acc=0.7207 Best Acc=0.8125
2025-12-04 17:18:50,207 - anchor [Subject 5, Anchor 0, Epoch 150/150] Train Loss=0.0000 Train Acc=0.9996 Test Acc=0.7203 Best Acc=0.8125
2025-12-04 17:18:50,217 - labelAlign [Subject 5, Anchor 0 Target 1] Start
2025-12-04 17:18:59,831 - labelAlign [Subject 5, Anchor 0 Target 2] Start
2025-12-04 17:19:06,574 - labelAlign [Subject 5, Anchor 0 Target 3] Start
2025-12-04 17:19:15,618 - labelAlign [Subject 5, Anchor 0 Target 4] Start
2025-12-04 17:19:24,262 - labelAlign [Subject 5, Anchor 0 Target 5] Start
2025-12-04 17:19:36,009 - labelAlign [Subject 5, Anchor 0 Target 6] Start
2025-12-04 17:19:44,954 - labelAlign [Subject 5, Anchor 0 Target 7] Start
2025-12-04 17:19:52,251 - labelAlign [Subject 5, Anchor 0 Target 8] Start
2025-12-04 17:20:01,649 - labelAlign [Subject 5, Anchor 0 Target 9] Start
2025-12-04 17:20:07,740 - labelAlign [Subject 5, Anchor 0 Target 10] Start
2025-12-04 17:20:13,852 - labelAlign [Subject 5, Anchor 0 Target 11] Start
2025-12-04 17:20:19,819 - labelAlign [Subject 5, Anchor 0 Target 12] Start
2025-12-04 17:20:26,004 - labelAlign [Subject 5, Anchor 0 Target 13] Start
2025-12-04 17:21:01,417 - cls [Subject 5, Anchor 0, Epoch 1/150] Train Loss=0.0007 Train Acc=0.9050 Test Acc=0.7574 Best Acc=0.8125
2025-12-04 17:21:28,814 - cls [Subject 5, Anchor 0, Epoch 2/150] Train Loss=0.0005 Train Acc=0.9092 Test Acc=0.7777 Best Acc=0.8125
2025-12-04 17:21:51,786 - cls [Subject 5, Anchor 0, Epoch 3/150] Train Loss=0.0005 Train Acc=0.9140 Test Acc=0.7617 Best Acc=0.8125
2025-12-04 17:22:15,528 - cls [Subject 5, Anchor 0, Epoch 4/150] Train Loss=0.0005 Train Acc=0.9177 Test Acc=0.7574 Best Acc=0.8125
2025-12-04 17:22:43,775 - cls [Subject 5, Anchor 0, Epoch 5/150] Train Loss=0.0005 Train Acc=0.9176 Test Acc=0.7520 Best Acc=0.8125
2025-12-04 17:23:09,483 - cls [Subject 5, Anchor 0, Epoch 6/150] Train Loss=0.0005 Train Acc=0.9192 Test Acc=0.7527 Best Acc=0.8125
2025-12-04 17:23:34,479 - cls [Subject 5, Anchor 0, Epoch 7/150] Train Loss=0.0005 Train Acc=0.9207 Test Acc=0.7547 Best Acc=0.8125
2025-12-04 17:23:56,003 - cls [Subject 5, Anchor 0, Epoch 8/150] Train Loss=0.0005 Train Acc=0.9205 Test Acc=0.7508 Best Acc=0.8125
2025-12-04 17:24:19,496 - cls [Subject 5, Anchor 0, Epoch 9/150] Train Loss=0.0005 Train Acc=0.9221 Test Acc=0.7516 Best Acc=0.8125
2025-12-04 17:24:41,835 - cls [Subject 5, Anchor 0, Epoch 10/150] Train Loss=0.0005 Train Acc=0.9221 Test Acc=0.7461 Best Acc=0.8125
2025-12-04 17:25:07,566 - cls [Subject 5, Anchor 0, Epoch 11/150] Train Loss=0.0005 Train Acc=0.9232 Test Acc=0.7551 Best Acc=0.8125
2025-12-04 17:25:36,049 - cls [Subject 5, Anchor 0, Epoch 12/150] Train Loss=0.0005 Train Acc=0.9253 Test Acc=0.7473 Best Acc=0.8125
2025-12-04 17:26:00,341 - cls [Subject 5, Anchor 0, Epoch 13/150] Train Loss=0.0005 Train Acc=0.9250 Test Acc=0.7453 Best Acc=0.8125
2025-12-04 17:26:26,585 - cls [Subject 5, Anchor 0, Epoch 14/150] Train Loss=0.0004 Train Acc=0.9264 Test Acc=0.7375 Best Acc=0.8125
2025-12-04 17:26:54,226 - cls [Subject 5, Anchor 0, Epoch 15/150] Train Loss=0.0004 Train Acc=0.9265 Test Acc=0.7340 Best Acc=0.8125
2025-12-04 17:27:20,052 - cls [Subject 5, Anchor 0, Epoch 16/150] Train Loss=0.0004 Train Acc=0.9287 Test Acc=0.7324 Best Acc=0.8125
2025-12-04 17:27:46,178 - cls [Subject 5, Anchor 0, Epoch 17/150] Train Loss=0.0004 Train Acc=0.9272 Test Acc=0.7301 Best Acc=0.8125
2025-12-04 17:28:13,702 - cls [Subject 5, Anchor 0, Epoch 18/150] Train Loss=0.0004 Train Acc=0.9291 Test Acc=0.7293 Best Acc=0.8125
2025-12-04 17:28:37,879 - cls [Subject 5, Anchor 0, Epoch 19/150] Train Loss=0.0004 Train Acc=0.9284 Test Acc=0.7309 Best Acc=0.8125
2025-12-04 17:29:04,204 - cls [Subject 5, Anchor 0, Epoch 20/150] Train Loss=0.0004 Train Acc=0.9303 Test Acc=0.7281 Best Acc=0.8125
2025-12-04 17:29:30,703 - cls [Subject 5, Anchor 0, Epoch 21/150] Train Loss=0.0004 Train Acc=0.9298 Test Acc=0.7312 Best Acc=0.8125
2025-12-04 17:29:59,620 - cls [Subject 5, Anchor 0, Epoch 22/150] Train Loss=0.0004 Train Acc=0.9315 Test Acc=0.7266 Best Acc=0.8125
2025-12-04 17:30:27,806 - cls [Subject 5, Anchor 0, Epoch 23/150] Train Loss=0.0004 Train Acc=0.9316 Test Acc=0.7305 Best Acc=0.8125
2025-12-04 17:31:06,500 - cls [Subject 5, Anchor 0, Epoch 24/150] Train Loss=0.0004 Train Acc=0.9323 Test Acc=0.7227 Best Acc=0.8125
2025-12-04 17:31:33,692 - cls [Subject 5, Anchor 0, Epoch 25/150] Train Loss=0.0004 Train Acc=0.9324 Test Acc=0.7254 Best Acc=0.8125
2025-12-04 17:31:54,885 - cls [Subject 5, Anchor 0, Epoch 26/150] Train Loss=0.0004 Train Acc=0.9318 Test Acc=0.7254 Best Acc=0.8125
2025-12-04 17:32:22,475 - cls [Subject 5, Anchor 0, Epoch 27/150] Train Loss=0.0004 Train Acc=0.9341 Test Acc=0.7152 Best Acc=0.8125
2025-12-04 17:32:52,911 - cls [Subject 5, Anchor 0, Epoch 28/150] Train Loss=0.0004 Train Acc=0.9339 Test Acc=0.7191 Best Acc=0.8125
2025-12-04 17:33:23,525 - cls [Subject 5, Anchor 0, Epoch 29/150] Train Loss=0.0004 Train Acc=0.9351 Test Acc=0.7094 Best Acc=0.8125
2025-12-04 17:33:56,090 - cls [Subject 5, Anchor 0, Epoch 30/150] Train Loss=0.0004 Train Acc=0.9345 Test Acc=0.7168 Best Acc=0.8125
2025-12-04 17:34:22,464 - cls [Subject 5, Anchor 0, Epoch 31/150] Train Loss=0.0004 Train Acc=0.9364 Test Acc=0.7234 Best Acc=0.8125
2025-12-04 17:34:47,113 - cls [Subject 5, Anchor 0, Epoch 32/150] Train Loss=0.0004 Train Acc=0.9363 Test Acc=0.7102 Best Acc=0.8125
2025-12-04 17:35:12,524 - cls [Subject 5, Anchor 0, Epoch 33/150] Train Loss=0.0004 Train Acc=0.9370 Test Acc=0.7066 Best Acc=0.8125
2025-12-04 17:35:32,454 - cls [Subject 5, Anchor 0, Epoch 34/150] Train Loss=0.0004 Train Acc=0.9356 Test Acc=0.7094 Best Acc=0.8125
2025-12-04 17:35:54,442 - cls [Subject 5, Anchor 0, Epoch 35/150] Train Loss=0.0004 Train Acc=0.9379 Test Acc=0.7047 Best Acc=0.8125
2025-12-04 17:36:18,694 - cls [Subject 5, Anchor 0, Epoch 36/150] Train Loss=0.0004 Train Acc=0.9383 Test Acc=0.7059 Best Acc=0.8125
2025-12-04 17:36:48,995 - cls [Subject 5, Anchor 0, Epoch 37/150] Train Loss=0.0004 Train Acc=0.9369 Test Acc=0.7082 Best Acc=0.8125
2025-12-04 17:37:14,405 - cls [Subject 5, Anchor 0, Epoch 38/150] Train Loss=0.0004 Train Acc=0.9378 Test Acc=0.7004 Best Acc=0.8125
2025-12-04 17:37:38,319 - cls [Subject 5, Anchor 0, Epoch 39/150] Train Loss=0.0004 Train Acc=0.9390 Test Acc=0.6992 Best Acc=0.8125
2025-12-04 17:38:03,435 - cls [Subject 5, Anchor 0, Epoch 40/150] Train Loss=0.0004 Train Acc=0.9398 Test Acc=0.6980 Best Acc=0.8125
2025-12-04 17:38:28,797 - cls [Subject 5, Anchor 0, Epoch 41/150] Train Loss=0.0004 Train Acc=0.9405 Test Acc=0.7027 Best Acc=0.8125
2025-12-04 17:38:55,486 - cls [Subject 5, Anchor 0, Epoch 42/150] Train Loss=0.0004 Train Acc=0.9407 Test Acc=0.6996 Best Acc=0.8125
2025-12-04 17:39:20,318 - cls [Subject 5, Anchor 0, Epoch 43/150] Train Loss=0.0004 Train Acc=0.9401 Test Acc=0.6973 Best Acc=0.8125
2025-12-04 17:39:42,964 - cls [Subject 5, Anchor 0, Epoch 44/150] Train Loss=0.0004 Train Acc=0.9409 Test Acc=0.7020 Best Acc=0.8125
2025-12-04 17:40:05,864 - cls [Subject 5, Anchor 0, Epoch 45/150] Train Loss=0.0004 Train Acc=0.9431 Test Acc=0.7039 Best Acc=0.8125
2025-12-04 17:40:30,983 - cls [Subject 5, Anchor 0, Epoch 46/150] Train Loss=0.0004 Train Acc=0.9431 Test Acc=0.6957 Best Acc=0.8125
2025-12-04 17:40:55,934 - cls [Subject 5, Anchor 0, Epoch 47/150] Train Loss=0.0004 Train Acc=0.9434 Test Acc=0.7090 Best Acc=0.8125
2025-12-04 17:41:19,265 - cls [Subject 5, Anchor 0, Epoch 48/150] Train Loss=0.0004 Train Acc=0.9454 Test Acc=0.7008 Best Acc=0.8125
2025-12-04 17:41:46,506 - cls [Subject 5, Anchor 0, Epoch 49/150] Train Loss=0.0004 Train Acc=0.9444 Test Acc=0.7023 Best Acc=0.8125
2025-12-04 17:42:11,365 - cls [Subject 5, Anchor 0, Epoch 50/150] Train Loss=0.0004 Train Acc=0.9434 Test Acc=0.7059 Best Acc=0.8125
2025-12-04 17:42:35,926 - cls [Subject 5, Anchor 0, Epoch 51/150] Train Loss=0.0004 Train Acc=0.9442 Test Acc=0.7020 Best Acc=0.8125
2025-12-04 17:42:59,811 - cls [Subject 5, Anchor 0, Epoch 52/150] Train Loss=0.0004 Train Acc=0.9444 Test Acc=0.7043 Best Acc=0.8125
2025-12-04 17:43:20,091 - cls [Subject 5, Anchor 0, Epoch 53/150] Train Loss=0.0004 Train Acc=0.9459 Test Acc=0.7020 Best Acc=0.8125
2025-12-04 17:43:40,567 - cls [Subject 5, Anchor 0, Epoch 54/150] Train Loss=0.0004 Train Acc=0.9484 Test Acc=0.7051 Best Acc=0.8125
2025-12-04 17:44:03,887 - cls [Subject 5, Anchor 0, Epoch 55/150] Train Loss=0.0004 Train Acc=0.9464 Test Acc=0.7031 Best Acc=0.8125
2025-12-04 17:44:25,311 - cls [Subject 5, Anchor 0, Epoch 56/150] Train Loss=0.0004 Train Acc=0.9458 Test Acc=0.6984 Best Acc=0.8125
2025-12-04 17:44:49,516 - cls [Subject 5, Anchor 0, Epoch 57/150] Train Loss=0.0004 Train Acc=0.9470 Test Acc=0.7031 Best Acc=0.8125
2025-12-04 17:45:12,245 - cls [Subject 5, Anchor 0, Epoch 58/150] Train Loss=0.0004 Train Acc=0.9476 Test Acc=0.7016 Best Acc=0.8125
2025-12-04 17:45:38,137 - cls [Subject 5, Anchor 0, Epoch 59/150] Train Loss=0.0003 Train Acc=0.9481 Test Acc=0.7035 Best Acc=0.8125
2025-12-04 17:46:01,291 - cls [Subject 5, Anchor 0, Epoch 60/150] Train Loss=0.0004 Train Acc=0.9487 Test Acc=0.6988 Best Acc=0.8125
2025-12-04 17:46:23,919 - cls [Subject 5, Anchor 0, Epoch 61/150] Train Loss=0.0003 Train Acc=0.9484 Test Acc=0.7016 Best Acc=0.8125
2025-12-04 17:46:51,186 - cls [Subject 5, Anchor 0, Epoch 62/150] Train Loss=0.0003 Train Acc=0.9489 Test Acc=0.6992 Best Acc=0.8125
2025-12-04 17:47:12,680 - cls [Subject 5, Anchor 0, Epoch 63/150] Train Loss=0.0003 Train Acc=0.9498 Test Acc=0.7020 Best Acc=0.8125
2025-12-04 17:47:31,498 - cls [Subject 5, Anchor 0, Epoch 64/150] Train Loss=0.0003 Train Acc=0.9503 Test Acc=0.7008 Best Acc=0.8125
2025-12-04 17:47:55,920 - cls [Subject 5, Anchor 0, Epoch 65/150] Train Loss=0.0003 Train Acc=0.9486 Test Acc=0.7000 Best Acc=0.8125
2025-12-04 17:48:15,909 - cls [Subject 5, Anchor 0, Epoch 66/150] Train Loss=0.0003 Train Acc=0.9489 Test Acc=0.6996 Best Acc=0.8125
2025-12-04 17:48:39,608 - cls [Subject 5, Anchor 0, Epoch 67/150] Train Loss=0.0003 Train Acc=0.9518 Test Acc=0.7004 Best Acc=0.8125
2025-12-04 17:49:07,770 - cls [Subject 5, Anchor 0, Epoch 68/150] Train Loss=0.0003 Train Acc=0.9526 Test Acc=0.7000 Best Acc=0.8125
2025-12-04 17:49:32,258 - cls [Subject 5, Anchor 0, Epoch 69/150] Train Loss=0.0003 Train Acc=0.9505 Test Acc=0.7000 Best Acc=0.8125
2025-12-04 17:49:55,608 - cls [Subject 5, Anchor 0, Epoch 70/150] Train Loss=0.0003 Train Acc=0.9517 Test Acc=0.6984 Best Acc=0.8125
2025-12-04 17:50:22,105 - cls [Subject 5, Anchor 0, Epoch 71/150] Train Loss=0.0003 Train Acc=0.9516 Test Acc=0.6988 Best Acc=0.8125
2025-12-04 17:50:47,508 - cls [Subject 5, Anchor 0, Epoch 72/150] Train Loss=0.0003 Train Acc=0.9533 Test Acc=0.6988 Best Acc=0.8125
2025-12-04 17:51:10,111 - cls [Subject 5, Anchor 0, Epoch 73/150] Train Loss=0.0003 Train Acc=0.9530 Test Acc=0.6980 Best Acc=0.8125
2025-12-04 17:51:37,612 - cls [Subject 5, Anchor 0, Epoch 74/150] Train Loss=0.0003 Train Acc=0.9535 Test Acc=0.6941 Best Acc=0.8125
2025-12-04 17:51:59,642 - cls [Subject 5, Anchor 0, Epoch 75/150] Train Loss=0.0003 Train Acc=0.9512 Test Acc=0.6965 Best Acc=0.8125
2025-12-04 17:52:20,818 - cls [Subject 5, Anchor 0, Epoch 76/150] Train Loss=0.0003 Train Acc=0.9524 Test Acc=0.6941 Best Acc=0.8125
2025-12-04 17:52:41,668 - cls [Subject 5, Anchor 0, Epoch 77/150] Train Loss=0.0003 Train Acc=0.9517 Test Acc=0.6937 Best Acc=0.8125
2025-12-04 17:53:06,248 - cls [Subject 5, Anchor 0, Epoch 78/150] Train Loss=0.0003 Train Acc=0.9529 Test Acc=0.6926 Best Acc=0.8125
2025-12-04 17:53:28,399 - cls [Subject 5, Anchor 0, Epoch 79/150] Train Loss=0.0003 Train Acc=0.9547 Test Acc=0.6937 Best Acc=0.8125
2025-12-04 17:54:12,550 - cls [Subject 5, Anchor 0, Epoch 80/150] Train Loss=0.0003 Train Acc=0.9539 Test Acc=0.6934 Best Acc=0.8125
2025-12-04 17:54:40,907 - cls [Subject 5, Anchor 0, Epoch 81/150] Train Loss=0.0003 Train Acc=0.9542 Test Acc=0.6937 Best Acc=0.8125
2025-12-04 17:55:04,289 - cls [Subject 5, Anchor 0, Epoch 82/150] Train Loss=0.0003 Train Acc=0.9533 Test Acc=0.6937 Best Acc=0.8125
2025-12-04 17:55:28,859 - cls [Subject 5, Anchor 0, Epoch 83/150] Train Loss=0.0003 Train Acc=0.9539 Test Acc=0.6922 Best Acc=0.8125
2025-12-04 17:55:56,204 - cls [Subject 5, Anchor 0, Epoch 84/150] Train Loss=0.0003 Train Acc=0.9547 Test Acc=0.6961 Best Acc=0.8125
2025-12-04 17:56:18,818 - cls [Subject 5, Anchor 0, Epoch 85/150] Train Loss=0.0003 Train Acc=0.9556 Test Acc=0.6945 Best Acc=0.8125
2025-12-04 17:56:41,811 - cls [Subject 5, Anchor 0, Epoch 86/150] Train Loss=0.0003 Train Acc=0.9541 Test Acc=0.6945 Best Acc=0.8125
2025-12-04 17:57:09,610 - cls [Subject 5, Anchor 0, Epoch 87/150] Train Loss=0.0003 Train Acc=0.9538 Test Acc=0.6930 Best Acc=0.8125
2025-12-04 17:57:32,391 - cls [Subject 5, Anchor 0, Epoch 88/150] Train Loss=0.0003 Train Acc=0.9547 Test Acc=0.6945 Best Acc=0.8125
2025-12-04 17:57:57,114 - cls [Subject 5, Anchor 0, Epoch 89/150] Train Loss=0.0003 Train Acc=0.9547 Test Acc=0.6941 Best Acc=0.8125
2025-12-04 17:58:24,053 - cls [Subject 5, Anchor 0, Epoch 90/150] Train Loss=0.0003 Train Acc=0.9576 Test Acc=0.6934 Best Acc=0.8125
2025-12-04 17:58:50,239 - cls [Subject 5, Anchor 0, Epoch 91/150] Train Loss=0.0003 Train Acc=0.9553 Test Acc=0.6930 Best Acc=0.8125
2025-12-04 17:59:16,023 - cls [Subject 5, Anchor 0, Epoch 92/150] Train Loss=0.0003 Train Acc=0.9560 Test Acc=0.6949 Best Acc=0.8125
2025-12-04 17:59:44,856 - cls [Subject 5, Anchor 0, Epoch 93/150] Train Loss=0.0003 Train Acc=0.9569 Test Acc=0.6914 Best Acc=0.8125
2025-12-04 18:00:08,297 - cls [Subject 5, Anchor 0, Epoch 94/150] Train Loss=0.0003 Train Acc=0.9566 Test Acc=0.6945 Best Acc=0.8125
2025-12-04 18:00:31,646 - cls [Subject 5, Anchor 0, Epoch 95/150] Train Loss=0.0003 Train Acc=0.9571 Test Acc=0.6918 Best Acc=0.8125
2025-12-04 18:00:54,422 - cls [Subject 5, Anchor 0, Epoch 96/150] Train Loss=0.0003 Train Acc=0.9572 Test Acc=0.6941 Best Acc=0.8125
2025-12-04 18:01:21,116 - cls [Subject 5, Anchor 0, Epoch 97/150] Train Loss=0.0003 Train Acc=0.9576 Test Acc=0.6934 Best Acc=0.8125
2025-12-04 18:01:46,565 - cls [Subject 5, Anchor 0, Epoch 98/150] Train Loss=0.0003 Train Acc=0.9563 Test Acc=0.6949 Best Acc=0.8125
2025-12-04 18:02:15,239 - cls [Subject 5, Anchor 0, Epoch 99/150] Train Loss=0.0003 Train Acc=0.9565 Test Acc=0.6926 Best Acc=0.8125
2025-12-04 18:02:42,533 - cls [Subject 5, Anchor 0, Epoch 100/150] Train Loss=0.0003 Train Acc=0.9560 Test Acc=0.6945 Best Acc=0.8125
2025-12-04 18:03:08,088 - cls [Subject 5, Anchor 0, Epoch 101/150] Train Loss=0.0003 Train Acc=0.9586 Test Acc=0.6910 Best Acc=0.8125
2025-12-04 18:03:32,473 - cls [Subject 5, Anchor 0, Epoch 102/150] Train Loss=0.0003 Train Acc=0.9584 Test Acc=0.6922 Best Acc=0.8125
2025-12-04 18:03:57,760 - cls [Subject 5, Anchor 0, Epoch 103/150] Train Loss=0.0003 Train Acc=0.9590 Test Acc=0.6926 Best Acc=0.8125
2025-12-04 18:04:22,303 - cls [Subject 5, Anchor 0, Epoch 104/150] Train Loss=0.0003 Train Acc=0.9593 Test Acc=0.6949 Best Acc=0.8125
2025-12-04 18:04:43,056 - cls [Subject 5, Anchor 0, Epoch 105/150] Train Loss=0.0003 Train Acc=0.9579 Test Acc=0.6945 Best Acc=0.8125
2025-12-04 18:05:11,182 - cls [Subject 5, Anchor 0, Epoch 106/150] Train Loss=0.0003 Train Acc=0.9572 Test Acc=0.6926 Best Acc=0.8125
2025-12-04 18:05:35,373 - cls [Subject 5, Anchor 0, Epoch 107/150] Train Loss=0.0003 Train Acc=0.9597 Test Acc=0.6926 Best Acc=0.8125
2025-12-04 18:05:58,590 - cls [Subject 5, Anchor 0, Epoch 108/150] Train Loss=0.0003 Train Acc=0.9596 Test Acc=0.6926 Best Acc=0.8125
2025-12-04 18:06:26,279 - cls [Subject 5, Anchor 0, Epoch 109/150] Train Loss=0.0003 Train Acc=0.9580 Test Acc=0.6941 Best Acc=0.8125
2025-12-04 18:07:10,175 - cls [Subject 5, Anchor 0, Epoch 110/150] Train Loss=0.0003 Train Acc=0.9592 Test Acc=0.6898 Best Acc=0.8125
2025-12-04 18:07:35,946 - cls [Subject 5, Anchor 0, Epoch 111/150] Train Loss=0.0003 Train Acc=0.9581 Test Acc=0.6937 Best Acc=0.8125
2025-12-04 18:08:04,544 - cls [Subject 5, Anchor 0, Epoch 112/150] Train Loss=0.0003 Train Acc=0.9588 Test Acc=0.6945 Best Acc=0.8125
2025-12-04 18:08:29,651 - cls [Subject 5, Anchor 0, Epoch 113/150] Train Loss=0.0003 Train Acc=0.9584 Test Acc=0.6902 Best Acc=0.8125
2025-12-04 18:08:54,972 - cls [Subject 5, Anchor 0, Epoch 114/150] Train Loss=0.0003 Train Acc=0.9594 Test Acc=0.6941 Best Acc=0.8125
2025-12-04 18:09:23,790 - cls [Subject 5, Anchor 0, Epoch 115/150] Train Loss=0.0003 Train Acc=0.9607 Test Acc=0.6914 Best Acc=0.8125
2025-12-04 18:09:47,938 - cls [Subject 5, Anchor 0, Epoch 116/150] Train Loss=0.0003 Train Acc=0.9598 Test Acc=0.6934 Best Acc=0.8125
2025-12-04 18:10:14,936 - cls [Subject 5, Anchor 0, Epoch 117/150] Train Loss=0.0003 Train Acc=0.9602 Test Acc=0.6914 Best Acc=0.8125
2025-12-04 18:10:43,592 - cls [Subject 5, Anchor 0, Epoch 118/150] Train Loss=0.0003 Train Acc=0.9614 Test Acc=0.6934 Best Acc=0.8125
2025-12-04 18:11:08,444 - cls [Subject 5, Anchor 0, Epoch 119/150] Train Loss=0.0003 Train Acc=0.9624 Test Acc=0.6930 Best Acc=0.8125
2025-12-04 18:11:32,025 - cls [Subject 5, Anchor 0, Epoch 120/150] Train Loss=0.0003 Train Acc=0.9600 Test Acc=0.6914 Best Acc=0.8125
2025-12-04 18:11:56,144 - cls [Subject 5, Anchor 0, Epoch 121/150] Train Loss=0.0003 Train Acc=0.9614 Test Acc=0.6922 Best Acc=0.8125
2025-12-04 18:12:19,268 - cls [Subject 5, Anchor 0, Epoch 122/150] Train Loss=0.0003 Train Acc=0.9611 Test Acc=0.6945 Best Acc=0.8125
2025-12-04 18:12:41,882 - cls [Subject 5, Anchor 0, Epoch 123/150] Train Loss=0.0003 Train Acc=0.9608 Test Acc=0.6918 Best Acc=0.8125
2025-12-04 18:13:07,541 - cls [Subject 5, Anchor 0, Epoch 124/150] Train Loss=0.0003 Train Acc=0.9607 Test Acc=0.6937 Best Acc=0.8125
2025-12-04 18:13:36,800 - cls [Subject 5, Anchor 0, Epoch 125/150] Train Loss=0.0003 Train Acc=0.9617 Test Acc=0.6941 Best Acc=0.8125
2025-12-04 18:14:05,154 - cls [Subject 5, Anchor 0, Epoch 126/150] Train Loss=0.0003 Train Acc=0.9630 Test Acc=0.6914 Best Acc=0.8125
2025-12-04 18:14:29,939 - cls [Subject 5, Anchor 0, Epoch 127/150] Train Loss=0.0003 Train Acc=0.9622 Test Acc=0.6941 Best Acc=0.8125
2025-12-04 18:14:54,645 - cls [Subject 5, Anchor 0, Epoch 128/150] Train Loss=0.0003 Train Acc=0.9617 Test Acc=0.6910 Best Acc=0.8125
2025-12-04 18:15:19,629 - cls [Subject 5, Anchor 0, Epoch 129/150] Train Loss=0.0003 Train Acc=0.9637 Test Acc=0.6914 Best Acc=0.8125
2025-12-04 18:15:45,225 - cls [Subject 5, Anchor 0, Epoch 130/150] Train Loss=0.0003 Train Acc=0.9633 Test Acc=0.6926 Best Acc=0.8125
2025-12-04 18:16:13,239 - cls [Subject 5, Anchor 0, Epoch 131/150] Train Loss=0.0003 Train Acc=0.9628 Test Acc=0.6930 Best Acc=0.8125
2025-12-04 18:16:39,915 - cls [Subject 5, Anchor 0, Epoch 132/150] Train Loss=0.0003 Train Acc=0.9626 Test Acc=0.6934 Best Acc=0.8125
2025-12-04 18:17:02,006 - cls [Subject 5, Anchor 0, Epoch 133/150] Train Loss=0.0003 Train Acc=0.9626 Test Acc=0.6898 Best Acc=0.8125
2025-12-04 18:17:27,105 - cls [Subject 5, Anchor 0, Epoch 134/150] Train Loss=0.0003 Train Acc=0.9633 Test Acc=0.6930 Best Acc=0.8125
2025-12-04 18:17:52,894 - cls [Subject 5, Anchor 0, Epoch 135/150] Train Loss=0.0003 Train Acc=0.9630 Test Acc=0.6926 Best Acc=0.8125
2025-12-04 18:18:18,547 - cls [Subject 5, Anchor 0, Epoch 136/150] Train Loss=0.0003 Train Acc=0.9633 Test Acc=0.6883 Best Acc=0.8125
2025-12-04 18:18:48,484 - cls [Subject 5, Anchor 0, Epoch 137/150] Train Loss=0.0003 Train Acc=0.9651 Test Acc=0.6930 Best Acc=0.8125
2025-12-04 18:19:14,305 - cls [Subject 5, Anchor 0, Epoch 138/150] Train Loss=0.0003 Train Acc=0.9627 Test Acc=0.6934 Best Acc=0.8125
2025-12-04 18:19:39,589 - cls [Subject 5, Anchor 0, Epoch 139/150] Train Loss=0.0003 Train Acc=0.9630 Test Acc=0.6949 Best Acc=0.8125
2025-12-04 18:20:04,676 - cls [Subject 5, Anchor 0, Epoch 140/150] Train Loss=0.0003 Train Acc=0.9647 Test Acc=0.6937 Best Acc=0.8125
2025-12-04 18:20:27,561 - cls [Subject 5, Anchor 0, Epoch 141/150] Train Loss=0.0003 Train Acc=0.9632 Test Acc=0.6914 Best Acc=0.8125
2025-12-04 18:20:51,864 - cls [Subject 5, Anchor 0, Epoch 142/150] Train Loss=0.0003 Train Acc=0.9648 Test Acc=0.6930 Best Acc=0.8125
2025-12-04 18:21:19,709 - cls [Subject 5, Anchor 0, Epoch 143/150] Train Loss=0.0003 Train Acc=0.9644 Test Acc=0.6902 Best Acc=0.8125
2025-12-04 18:21:44,828 - cls [Subject 5, Anchor 0, Epoch 144/150] Train Loss=0.0003 Train Acc=0.9644 Test Acc=0.6922 Best Acc=0.8125
2025-12-04 18:22:09,614 - cls [Subject 5, Anchor 0, Epoch 145/150] Train Loss=0.0003 Train Acc=0.9653 Test Acc=0.6922 Best Acc=0.8125
2025-12-04 18:22:36,673 - cls [Subject 5, Anchor 0, Epoch 146/150] Train Loss=0.0003 Train Acc=0.9645 Test Acc=0.6930 Best Acc=0.8125
2025-12-04 18:23:06,724 - cls [Subject 5, Anchor 0, Epoch 147/150] Train Loss=0.0003 Train Acc=0.9646 Test Acc=0.6930 Best Acc=0.8125
2025-12-04 18:23:31,986 - cls [Subject 5, Anchor 0, Epoch 148/150] Train Loss=0.0003 Train Acc=0.9648 Test Acc=0.6930 Best Acc=0.8125
2025-12-04 18:23:57,639 - cls [Subject 5, Anchor 0, Epoch 149/150] Train Loss=0.0003 Train Acc=0.9651 Test Acc=0.6941 Best Acc=0.8125
2025-12-04 18:24:23,486 - cls [Subject 5, Anchor 0, Epoch 150/150] Train Loss=0.0003 Train Acc=0.9640 Test Acc=0.6930 Best Acc=0.8125
2025-12-04 18:24:23,500 - labelAlign [Subject 5, Anchor 0 Target 0] Start
2025-12-04 18:25:08,284 - all [Subject 5, Anchor 0, Epoch 1/300] Train Loss=0.0011 Train Acc=0.8682 Test Acc=0.6758 Best Acc=0.8125
2025-12-04 18:25:41,788 - all [Subject 5, Anchor 0, Epoch 2/300] Train Loss=0.0008 Train Acc=0.9011 Test Acc=0.6441 Best Acc=0.8125
2025-12-04 18:26:16,487 - all [Subject 5, Anchor 0, Epoch 3/300] Train Loss=0.0008 Train Acc=0.8987 Test Acc=0.6574 Best Acc=0.8125
2025-12-04 18:26:48,312 - all [Subject 5, Anchor 0, Epoch 4/300] Train Loss=0.0007 Train Acc=0.9358 Test Acc=0.7141 Best Acc=0.8125
2025-12-04 18:27:23,113 - all [Subject 5, Anchor 0, Epoch 5/300] Train Loss=0.0005 Train Acc=0.9673 Test Acc=0.5957 Best Acc=0.8125
2025-12-04 18:27:54,541 - all [Subject 5, Anchor 0, Epoch 6/300] Train Loss=0.0007 Train Acc=0.9330 Test Acc=0.6617 Best Acc=0.8125
2025-12-04 18:28:29,134 - all [Subject 5, Anchor 0, Epoch 7/300] Train Loss=0.0006 Train Acc=0.9531 Test Acc=0.6863 Best Acc=0.8125
2025-12-04 18:28:59,461 - all [Subject 5, Anchor 0, Epoch 8/300] Train Loss=0.0006 Train Acc=0.9364 Test Acc=0.6676 Best Acc=0.8125
2025-12-04 18:29:31,022 - all [Subject 5, Anchor 0, Epoch 9/300] Train Loss=0.0005 Train Acc=0.9758 Test Acc=0.6527 Best Acc=0.8125
2025-12-04 18:30:03,603 - all [Subject 5, Anchor 0, Epoch 10/300] Train Loss=0.0005 Train Acc=0.9696 Test Acc=0.6133 Best Acc=0.8125
2025-12-04 18:30:34,861 - all [Subject 5, Anchor 0, Epoch 11/300] Train Loss=0.0005 Train Acc=0.9734 Test Acc=0.7008 Best Acc=0.8125
2025-12-04 18:31:06,282 - all [Subject 5, Anchor 0, Epoch 12/300] Train Loss=0.0003 Train Acc=0.9982 Test Acc=0.6156 Best Acc=0.8125
2025-12-04 18:31:35,216 - all [Subject 5, Anchor 0, Epoch 13/300] Train Loss=0.0003 Train Acc=1.0000 Test Acc=0.6074 Best Acc=0.8125
2025-12-04 18:32:07,468 - all [Subject 5, Anchor 0, Epoch 14/300] Train Loss=0.0003 Train Acc=1.0000 Test Acc=0.6172 Best Acc=0.8125
2025-12-04 18:32:34,717 - all [Subject 5, Anchor 0, Epoch 15/300] Train Loss=0.0003 Train Acc=1.0000 Test Acc=0.6105 Best Acc=0.8125
2025-12-04 18:33:18,741 - all [Subject 5, Anchor 0, Epoch 16/300] Train Loss=0.0003 Train Acc=1.0000 Test Acc=0.6133 Best Acc=0.8125
2025-12-04 18:33:45,636 - all [Subject 5, Anchor 0, Epoch 17/300] Train Loss=0.0003 Train Acc=0.9995 Test Acc=0.6238 Best Acc=0.8125
2025-12-04 18:34:14,145 - all [Subject 5, Anchor 0, Epoch 18/300] Train Loss=0.0005 Train Acc=0.9789 Test Acc=0.5520 Best Acc=0.8125
2025-12-04 18:34:44,328 - all [Subject 5, Anchor 0, Epoch 19/300] Train Loss=0.0005 Train Acc=0.9610 Test Acc=0.5234 Best Acc=0.8125
2025-12-04 18:35:11,074 - all [Subject 5, Anchor 0, Epoch 20/300] Train Loss=0.0005 Train Acc=0.9711 Test Acc=0.6059 Best Acc=0.8125
2025-12-04 18:35:38,630 - all [Subject 5, Anchor 0, Epoch 21/300] Train Loss=0.0004 Train Acc=0.9828 Test Acc=0.6387 Best Acc=0.8125
2025-12-04 18:36:41,234 - all [Subject 5, Anchor 0, Epoch 22/300] Train Loss=0.0005 Train Acc=0.9730 Test Acc=0.5660 Best Acc=0.8125
2025-12-04 18:37:27,008 - all [Subject 5, Anchor 0, Epoch 23/300] Train Loss=0.0004 Train Acc=0.9936 Test Acc=0.5535 Best Acc=0.8125
2025-12-04 18:38:09,050 - all [Subject 5, Anchor 0, Epoch 24/300] Train Loss=0.0003 Train Acc=1.0000 Test Acc=0.5574 Best Acc=0.8125
2025-12-04 18:38:53,935 - all [Subject 5, Anchor 0, Epoch 25/300] Train Loss=0.0003 Train Acc=1.0000 Test Acc=0.5441 Best Acc=0.8125
2025-12-04 18:39:28,738 - all [Subject 5, Anchor 0, Epoch 26/300] Train Loss=0.0003 Train Acc=1.0000 Test Acc=0.5414 Best Acc=0.8125
2025-12-04 18:39:57,862 - all [Subject 5, Anchor 0, Epoch 27/300] Train Loss=0.0004 Train Acc=1.0000 Test Acc=0.5453 Best Acc=0.8125
2025-12-04 18:40:28,331 - all [Subject 5, Anchor 0, Epoch 28/300] Train Loss=0.0004 Train Acc=1.0000 Test Acc=0.5414 Best Acc=0.8125
2025-12-04 18:40:57,406 - all [Subject 5, Anchor 0, Epoch 29/300] Train Loss=0.0003 Train Acc=1.0000 Test Acc=0.5227 Best Acc=0.8125
2025-12-04 18:41:24,576 - all [Subject 5, Anchor 0, Epoch 30/300] Train Loss=0.0004 Train Acc=1.0000 Test Acc=0.5125 Best Acc=0.8125
2025-12-04 18:41:55,522 - all [Subject 5, Anchor 0, Epoch 31/300] Train Loss=0.0004 Train Acc=1.0000 Test Acc=0.5129 Best Acc=0.8125
2025-12-04 18:42:21,544 - all [Subject 5, Anchor 0, Epoch 32/300] Train Loss=0.0004 Train Acc=1.0000 Test Acc=0.5145 Best Acc=0.8125
2025-12-04 18:42:51,995 - all [Subject 5, Anchor 0, Epoch 33/300] Train Loss=0.0004 Train Acc=1.0000 Test Acc=0.5102 Best Acc=0.8125
2025-12-04 18:43:20,825 - all [Subject 5, Anchor 0, Epoch 34/300] Train Loss=0.0004 Train Acc=1.0000 Test Acc=0.5098 Best Acc=0.8125
2025-12-04 18:43:48,742 - all [Subject 5, Anchor 0, Epoch 35/300] Train Loss=0.0005 Train Acc=0.9828 Test Acc=0.7387 Best Acc=0.8125
2025-12-04 18:44:34,218 - all [Subject 5, Anchor 0, Epoch 36/300] Train Loss=0.0006 Train Acc=0.9439 Test Acc=0.6379 Best Acc=0.8125
2025-12-04 18:45:02,503 - all [Subject 5, Anchor 0, Epoch 37/300] Train Loss=0.0007 Train Acc=0.9293 Test Acc=0.6039 Best Acc=0.8125
2025-12-04 18:45:37,695 - all [Subject 5, Anchor 0, Epoch 38/300] Train Loss=0.0007 Train Acc=0.9353 Test Acc=0.7227 Best Acc=0.8125
2025-12-04 18:46:08,219 - all [Subject 5, Anchor 0, Epoch 39/300] Train Loss=0.0004 Train Acc=0.9969 Test Acc=0.6023 Best Acc=0.8125
2025-12-04 18:46:35,289 - all [Subject 5, Anchor 0, Epoch 40/300] Train Loss=0.0003 Train Acc=0.9998 Test Acc=0.6180 Best Acc=0.8125
2025-12-04 18:47:06,568 - all [Subject 5, Anchor 0, Epoch 41/300] Train Loss=0.0003 Train Acc=1.0000 Test Acc=0.5953 Best Acc=0.8125
2025-12-04 18:47:33,579 - all [Subject 5, Anchor 0, Epoch 42/300] Train Loss=0.0003 Train Acc=1.0000 Test Acc=0.5930 Best Acc=0.8125
2025-12-04 18:48:03,802 - all [Subject 5, Anchor 0, Epoch 43/300] Train Loss=0.0003 Train Acc=1.0000 Test Acc=0.6195 Best Acc=0.8125
2025-12-04 18:48:27,723 - all [Subject 5, Anchor 0, Epoch 44/300] Train Loss=0.0004 Train Acc=0.9883 Test Acc=0.6199 Best Acc=0.8125
2025-12-04 18:49:46,717 - all [Subject 5, Anchor 0, Epoch 45/300] Train Loss=0.0004 Train Acc=0.9932 Test Acc=0.5680 Best Acc=0.8125
2025-12-04 18:50:13,514 - all [Subject 5, Anchor 0, Epoch 46/300] Train Loss=0.0003 Train Acc=1.0000 Test Acc=0.5855 Best Acc=0.8125
2025-12-04 18:50:39,369 - all [Subject 5, Anchor 0, Epoch 47/300] Train Loss=0.0003 Train Acc=1.0000 Test Acc=0.5844 Best Acc=0.8125
2025-12-04 18:51:06,127 - all [Subject 5, Anchor 0, Epoch 48/300] Train Loss=0.0003 Train Acc=1.0000 Test Acc=0.5781 Best Acc=0.8125
2025-12-04 18:51:37,095 - all [Subject 5, Anchor 0, Epoch 49/300] Train Loss=0.0003 Train Acc=1.0000 Test Acc=0.5770 Best Acc=0.8125
2025-12-04 18:52:07,595 - all [Subject 5, Anchor 0, Epoch 50/300] Train Loss=0.0004 Train Acc=1.0000 Test Acc=0.5734 Best Acc=0.8125
2025-12-04 18:52:34,187 - all [Subject 5, Anchor 0, Epoch 51/300] Train Loss=0.0004 Train Acc=1.0000 Test Acc=0.5285 Best Acc=0.8125
2025-12-04 18:53:00,774 - all [Subject 5, Anchor 0, Epoch 52/300] Train Loss=0.0004 Train Acc=1.0000 Test Acc=0.5453 Best Acc=0.8125
2025-12-04 18:53:30,384 - all [Subject 5, Anchor 0, Epoch 53/300] Train Loss=0.0004 Train Acc=1.0000 Test Acc=0.5348 Best Acc=0.8125
2025-12-04 18:53:56,790 - all [Subject 5, Anchor 0, Epoch 54/300] Train Loss=0.0004 Train Acc=1.0000 Test Acc=0.5234 Best Acc=0.8125
2025-12-04 18:54:24,966 - all [Subject 5, Anchor 0, Epoch 55/300] Train Loss=0.0004 Train Acc=1.0000 Test Acc=0.5277 Best Acc=0.8125
2025-12-04 18:54:51,489 - all [Subject 5, Anchor 0, Epoch 56/300] Train Loss=0.0003 Train Acc=1.0000 Test Acc=0.5523 Best Acc=0.8125
2025-12-04 18:55:15,465 - all [Subject 5, Anchor 0, Epoch 57/300] Train Loss=0.0003 Train Acc=1.0000 Test Acc=0.5625 Best Acc=0.8125
2025-12-04 18:55:42,896 - all [Subject 5, Anchor 0, Epoch 58/300] Train Loss=0.0003 Train Acc=1.0000 Test Acc=0.5625 Best Acc=0.8125
2025-12-04 18:56:07,091 - all [Subject 5, Anchor 0, Epoch 59/300] Train Loss=0.0003 Train Acc=1.0000 Test Acc=0.5590 Best Acc=0.8125
2025-12-04 18:56:34,568 - all [Subject 5, Anchor 0, Epoch 60/300] Train Loss=0.0003 Train Acc=1.0000 Test Acc=0.5504 Best Acc=0.8125
2025-12-04 18:57:10,584 - all [Subject 5, Anchor 0, Epoch 61/300] Train Loss=0.0003 Train Acc=1.0000 Test Acc=0.5523 Best Acc=0.8125
2025-12-04 18:57:42,163 - all [Subject 5, Anchor 0, Epoch 62/300] Train Loss=0.0003 Train Acc=1.0000 Test Acc=0.5379 Best Acc=0.8125
2025-12-04 18:58:09,511 - all [Subject 5, Anchor 0, Epoch 63/300] Train Loss=0.0003 Train Acc=1.0000 Test Acc=0.5355 Best Acc=0.8125
2025-12-04 18:58:34,907 - all [Subject 5, Anchor 0, Epoch 64/300] Train Loss=0.0003 Train Acc=1.0000 Test Acc=0.5262 Best Acc=0.8125
2025-12-04 18:59:19,251 - all [Subject 5, Anchor 0, Epoch 65/300] Train Loss=0.0003 Train Acc=1.0000 Test Acc=0.5254 Best Acc=0.8125
2025-12-04 18:59:47,518 - all [Subject 5, Anchor 0, Epoch 66/300] Train Loss=0.0003 Train Acc=1.0000 Test Acc=0.5246 Best Acc=0.8125
2025-12-04 19:00:17,365 - all [Subject 5, Anchor 0, Epoch 67/300] Train Loss=0.0003 Train Acc=1.0000 Test Acc=0.5258 Best Acc=0.8125
2025-12-04 19:00:43,664 - all [Subject 5, Anchor 0, Epoch 68/300] Train Loss=0.0003 Train Acc=1.0000 Test Acc=0.5285 Best Acc=0.8125
2025-12-04 19:01:10,131 - all [Subject 5, Anchor 0, Epoch 69/300] Train Loss=0.0003 Train Acc=1.0000 Test Acc=0.5305 Best Acc=0.8125
2025-12-04 19:01:43,298 - all [Subject 5, Anchor 0, Epoch 70/300] Train Loss=0.0003 Train Acc=1.0000 Test Acc=0.5270 Best Acc=0.8125
2025-12-04 19:02:12,949 - all [Subject 5, Anchor 0, Epoch 71/300] Train Loss=0.0003 Train Acc=1.0000 Test Acc=0.5270 Best Acc=0.8125
2025-12-04 19:02:49,285 - all [Subject 5, Anchor 0, Epoch 72/300] Train Loss=0.0003 Train Acc=1.0000 Test Acc=0.5285 Best Acc=0.8125
2025-12-04 19:03:20,471 - all [Subject 5, Anchor 0, Epoch 73/300] Train Loss=0.0003 Train Acc=1.0000 Test Acc=0.5348 Best Acc=0.8125
2025-12-04 19:03:52,244 - all [Subject 5, Anchor 0, Epoch 74/300] Train Loss=0.0003 Train Acc=1.0000 Test Acc=0.5355 Best Acc=0.8125
2025-12-04 19:04:28,973 - all [Subject 5, Anchor 0, Epoch 75/300] Train Loss=0.0003 Train Acc=1.0000 Test Acc=0.5379 Best Acc=0.8125
2025-12-04 19:05:02,809 - all [Subject 5, Anchor 0, Epoch 76/300] Train Loss=0.0003 Train Acc=1.0000 Test Acc=0.5332 Best Acc=0.8125
2025-12-04 19:05:38,300 - all [Subject 5, Anchor 0, Epoch 77/300] Train Loss=0.0003 Train Acc=1.0000 Test Acc=0.5336 Best Acc=0.8125
2025-12-04 19:06:08,606 - all [Subject 5, Anchor 0, Epoch 78/300] Train Loss=0.0003 Train Acc=1.0000 Test Acc=0.5336 Best Acc=0.8125
