2025-12-04 17:01:28,071 - === GLAE, leaving subject 11 for test ===
2025-12-04 17:08:49,671 - =========================Subject 11, Anchor 0===========================
2025-12-04 17:10:07,948 - anchor [Subject 11, Anchor 0, Epoch 1/150] Train Loss=0.0003 Train Acc=0.9301 Test Acc=0.7977 Best Acc=0.7977
2025-12-04 17:10:12,409 - anchor [Subject 11, Anchor 0, Epoch 2/150] Train Loss=0.0003 Train Acc=0.9371 Test Acc=0.7625 Best Acc=0.7977
2025-12-04 17:10:15,826 - anchor [Subject 11, Anchor 0, Epoch 3/150] Train Loss=0.0002 Train Acc=0.9465 Test Acc=0.7539 Best Acc=0.7977
2025-12-04 17:10:18,785 - anchor [Subject 11, Anchor 0, Epoch 4/150] Train Loss=0.0002 Train Acc=0.9629 Test Acc=0.7523 Best Acc=0.7977
2025-12-04 17:10:23,275 - anchor [Subject 11, Anchor 0, Epoch 5/150] Train Loss=0.0002 Train Acc=0.9668 Test Acc=0.7535 Best Acc=0.7977
2025-12-04 17:10:26,394 - anchor [Subject 11, Anchor 0, Epoch 6/150] Train Loss=0.0002 Train Acc=0.9734 Test Acc=0.7535 Best Acc=0.7977
2025-12-04 17:10:28,779 - anchor [Subject 11, Anchor 0, Epoch 7/150] Train Loss=0.0002 Train Acc=0.9738 Test Acc=0.7531 Best Acc=0.7977
2025-12-04 17:10:35,469 - anchor [Subject 11, Anchor 0, Epoch 8/150] Train Loss=0.0002 Train Acc=0.9754 Test Acc=0.7469 Best Acc=0.7977
2025-12-04 17:10:40,541 - anchor [Subject 11, Anchor 0, Epoch 9/150] Train Loss=0.0002 Train Acc=0.9777 Test Acc=0.7426 Best Acc=0.7977
2025-12-04 17:10:46,088 - anchor [Subject 11, Anchor 0, Epoch 10/150] Train Loss=0.0001 Train Acc=0.9797 Test Acc=0.7348 Best Acc=0.7977
2025-12-04 17:10:50,764 - anchor [Subject 11, Anchor 0, Epoch 11/150] Train Loss=0.0001 Train Acc=0.9785 Test Acc=0.7305 Best Acc=0.7977
2025-12-04 17:10:54,615 - anchor [Subject 11, Anchor 0, Epoch 12/150] Train Loss=0.0001 Train Acc=0.9812 Test Acc=0.7273 Best Acc=0.7977
2025-12-04 17:11:01,296 - anchor [Subject 11, Anchor 0, Epoch 13/150] Train Loss=0.0001 Train Acc=0.9824 Test Acc=0.7203 Best Acc=0.7977
2025-12-04 17:11:04,576 - anchor [Subject 11, Anchor 0, Epoch 14/150] Train Loss=0.0001 Train Acc=0.9809 Test Acc=0.7141 Best Acc=0.7977
2025-12-04 17:11:07,734 - anchor [Subject 11, Anchor 0, Epoch 15/150] Train Loss=0.0001 Train Acc=0.9840 Test Acc=0.7109 Best Acc=0.7977
2025-12-04 17:11:11,608 - anchor [Subject 11, Anchor 0, Epoch 16/150] Train Loss=0.0001 Train Acc=0.9840 Test Acc=0.7121 Best Acc=0.7977
2025-12-04 17:11:17,085 - anchor [Subject 11, Anchor 0, Epoch 17/150] Train Loss=0.0001 Train Acc=0.9805 Test Acc=0.7137 Best Acc=0.7977
2025-12-04 17:11:20,571 - anchor [Subject 11, Anchor 0, Epoch 18/150] Train Loss=0.0001 Train Acc=0.9844 Test Acc=0.7184 Best Acc=0.7977
2025-12-04 17:11:22,506 - anchor [Subject 11, Anchor 0, Epoch 19/150] Train Loss=0.0001 Train Acc=0.9863 Test Acc=0.7230 Best Acc=0.7977
2025-12-04 17:11:26,434 - anchor [Subject 11, Anchor 0, Epoch 20/150] Train Loss=0.0001 Train Acc=0.9840 Test Acc=0.7305 Best Acc=0.7977
2025-12-04 17:11:30,745 - anchor [Subject 11, Anchor 0, Epoch 21/150] Train Loss=0.0001 Train Acc=0.9844 Test Acc=0.7309 Best Acc=0.7977
2025-12-04 17:11:34,025 - anchor [Subject 11, Anchor 0, Epoch 22/150] Train Loss=0.0001 Train Acc=0.9859 Test Acc=0.7203 Best Acc=0.7977
2025-12-04 17:11:37,306 - anchor [Subject 11, Anchor 0, Epoch 23/150] Train Loss=0.0001 Train Acc=0.9879 Test Acc=0.7191 Best Acc=0.7977
2025-12-04 17:11:40,165 - anchor [Subject 11, Anchor 0, Epoch 24/150] Train Loss=0.0001 Train Acc=0.9883 Test Acc=0.7215 Best Acc=0.7977
2025-12-04 17:11:43,075 - anchor [Subject 11, Anchor 0, Epoch 25/150] Train Loss=0.0001 Train Acc=0.9875 Test Acc=0.7297 Best Acc=0.7977
2025-12-04 17:11:48,642 - anchor [Subject 11, Anchor 0, Epoch 26/150] Train Loss=0.0001 Train Acc=0.9879 Test Acc=0.7316 Best Acc=0.7977
2025-12-04 17:11:51,849 - anchor [Subject 11, Anchor 0, Epoch 27/150] Train Loss=0.0001 Train Acc=0.9879 Test Acc=0.7324 Best Acc=0.7977
2025-12-04 17:11:55,061 - anchor [Subject 11, Anchor 0, Epoch 28/150] Train Loss=0.0001 Train Acc=0.9898 Test Acc=0.7402 Best Acc=0.7977
2025-12-04 17:11:57,605 - anchor [Subject 11, Anchor 0, Epoch 29/150] Train Loss=0.0001 Train Acc=0.9906 Test Acc=0.7402 Best Acc=0.7977
2025-12-04 17:12:01,128 - anchor [Subject 11, Anchor 0, Epoch 30/150] Train Loss=0.0001 Train Acc=0.9914 Test Acc=0.7430 Best Acc=0.7977
2025-12-04 17:12:03,711 - anchor [Subject 11, Anchor 0, Epoch 31/150] Train Loss=0.0001 Train Acc=0.9914 Test Acc=0.7438 Best Acc=0.7977
2025-12-04 17:12:07,045 - anchor [Subject 11, Anchor 0, Epoch 32/150] Train Loss=0.0001 Train Acc=0.9906 Test Acc=0.7445 Best Acc=0.7977
2025-12-04 17:12:10,775 - anchor [Subject 11, Anchor 0, Epoch 33/150] Train Loss=0.0001 Train Acc=0.9895 Test Acc=0.7465 Best Acc=0.7977
2025-12-04 17:12:16,436 - anchor [Subject 11, Anchor 0, Epoch 34/150] Train Loss=0.0001 Train Acc=0.9902 Test Acc=0.7473 Best Acc=0.7977
2025-12-04 17:12:21,447 - anchor [Subject 11, Anchor 0, Epoch 35/150] Train Loss=0.0000 Train Acc=0.9922 Test Acc=0.7465 Best Acc=0.7977
2025-12-04 17:12:26,108 - anchor [Subject 11, Anchor 0, Epoch 36/150] Train Loss=0.0000 Train Acc=0.9949 Test Acc=0.7465 Best Acc=0.7977
2025-12-04 17:12:37,759 - anchor [Subject 11, Anchor 0, Epoch 37/150] Train Loss=0.0000 Train Acc=0.9910 Test Acc=0.7473 Best Acc=0.7977
2025-12-04 17:12:43,850 - anchor [Subject 11, Anchor 0, Epoch 38/150] Train Loss=0.0000 Train Acc=0.9934 Test Acc=0.7484 Best Acc=0.7977
2025-12-04 17:12:48,119 - anchor [Subject 11, Anchor 0, Epoch 39/150] Train Loss=0.0000 Train Acc=0.9930 Test Acc=0.7480 Best Acc=0.7977
2025-12-04 17:12:52,085 - anchor [Subject 11, Anchor 0, Epoch 40/150] Train Loss=0.0000 Train Acc=0.9934 Test Acc=0.7469 Best Acc=0.7977
2025-12-04 17:12:54,604 - anchor [Subject 11, Anchor 0, Epoch 41/150] Train Loss=0.0000 Train Acc=0.9930 Test Acc=0.7488 Best Acc=0.7977
2025-12-04 17:12:57,691 - anchor [Subject 11, Anchor 0, Epoch 42/150] Train Loss=0.0000 Train Acc=0.9945 Test Acc=0.7488 Best Acc=0.7977
2025-12-04 17:13:01,805 - anchor [Subject 11, Anchor 0, Epoch 43/150] Train Loss=0.0000 Train Acc=0.9965 Test Acc=0.7488 Best Acc=0.7977
2025-12-04 17:13:09,138 - anchor [Subject 11, Anchor 0, Epoch 44/150] Train Loss=0.0000 Train Acc=0.9949 Test Acc=0.7473 Best Acc=0.7977
2025-12-04 17:13:15,481 - anchor [Subject 11, Anchor 0, Epoch 45/150] Train Loss=0.0000 Train Acc=0.9961 Test Acc=0.7484 Best Acc=0.7977
2025-12-04 17:13:19,289 - anchor [Subject 11, Anchor 0, Epoch 46/150] Train Loss=0.0000 Train Acc=0.9969 Test Acc=0.7484 Best Acc=0.7977
2025-12-04 17:13:23,579 - anchor [Subject 11, Anchor 0, Epoch 47/150] Train Loss=0.0000 Train Acc=0.9949 Test Acc=0.7523 Best Acc=0.7977
2025-12-04 17:13:26,662 - anchor [Subject 11, Anchor 0, Epoch 48/150] Train Loss=0.0000 Train Acc=0.9973 Test Acc=0.7520 Best Acc=0.7977
2025-12-04 17:13:34,039 - anchor [Subject 11, Anchor 0, Epoch 49/150] Train Loss=0.0000 Train Acc=0.9953 Test Acc=0.7504 Best Acc=0.7977
2025-12-04 17:13:38,134 - anchor [Subject 11, Anchor 0, Epoch 50/150] Train Loss=0.0000 Train Acc=0.9945 Test Acc=0.7488 Best Acc=0.7977
2025-12-04 17:13:43,464 - anchor [Subject 11, Anchor 0, Epoch 51/150] Train Loss=0.0000 Train Acc=0.9973 Test Acc=0.7441 Best Acc=0.7977
2025-12-04 17:13:49,842 - anchor [Subject 11, Anchor 0, Epoch 52/150] Train Loss=0.0000 Train Acc=0.9977 Test Acc=0.7402 Best Acc=0.7977
2025-12-04 17:13:57,155 - anchor [Subject 11, Anchor 0, Epoch 53/150] Train Loss=0.0000 Train Acc=0.9973 Test Acc=0.7387 Best Acc=0.7977
2025-12-04 17:14:00,795 - anchor [Subject 11, Anchor 0, Epoch 54/150] Train Loss=0.0000 Train Acc=0.9969 Test Acc=0.7379 Best Acc=0.7977
2025-12-04 17:14:03,450 - anchor [Subject 11, Anchor 0, Epoch 55/150] Train Loss=0.0000 Train Acc=0.9961 Test Acc=0.7383 Best Acc=0.7977
2025-12-04 17:14:07,656 - anchor [Subject 11, Anchor 0, Epoch 56/150] Train Loss=0.0000 Train Acc=0.9977 Test Acc=0.7383 Best Acc=0.7977
2025-12-04 17:14:15,105 - anchor [Subject 11, Anchor 0, Epoch 57/150] Train Loss=0.0000 Train Acc=0.9984 Test Acc=0.7398 Best Acc=0.7977
2025-12-04 17:14:20,562 - anchor [Subject 11, Anchor 0, Epoch 58/150] Train Loss=0.0000 Train Acc=0.9984 Test Acc=0.7414 Best Acc=0.7977
2025-12-04 17:14:25,407 - anchor [Subject 11, Anchor 0, Epoch 59/150] Train Loss=0.0000 Train Acc=0.9969 Test Acc=0.7438 Best Acc=0.7977
2025-12-04 17:14:39,944 - anchor [Subject 11, Anchor 0, Epoch 60/150] Train Loss=0.0000 Train Acc=0.9980 Test Acc=0.7480 Best Acc=0.7977
2025-12-04 17:14:44,295 - anchor [Subject 11, Anchor 0, Epoch 61/150] Train Loss=0.0000 Train Acc=0.9984 Test Acc=0.7500 Best Acc=0.7977
2025-12-04 17:14:48,209 - anchor [Subject 11, Anchor 0, Epoch 62/150] Train Loss=0.0000 Train Acc=0.9945 Test Acc=0.7477 Best Acc=0.7977
2025-12-04 17:14:54,961 - anchor [Subject 11, Anchor 0, Epoch 63/150] Train Loss=0.0000 Train Acc=0.9988 Test Acc=0.7445 Best Acc=0.7977
2025-12-04 17:14:59,523 - anchor [Subject 11, Anchor 0, Epoch 64/150] Train Loss=0.0000 Train Acc=0.9965 Test Acc=0.7445 Best Acc=0.7977
2025-12-04 17:15:06,712 - anchor [Subject 11, Anchor 0, Epoch 65/150] Train Loss=0.0000 Train Acc=0.9984 Test Acc=0.7445 Best Acc=0.7977
2025-12-04 17:15:09,562 - anchor [Subject 11, Anchor 0, Epoch 66/150] Train Loss=0.0000 Train Acc=0.9969 Test Acc=0.7438 Best Acc=0.7977
2025-12-04 17:15:16,150 - anchor [Subject 11, Anchor 0, Epoch 67/150] Train Loss=0.0000 Train Acc=0.9980 Test Acc=0.7457 Best Acc=0.7977
2025-12-04 17:15:20,989 - anchor [Subject 11, Anchor 0, Epoch 68/150] Train Loss=0.0000 Train Acc=0.9973 Test Acc=0.7453 Best Acc=0.7977
2025-12-04 17:15:23,544 - anchor [Subject 11, Anchor 0, Epoch 69/150] Train Loss=0.0000 Train Acc=0.9980 Test Acc=0.7461 Best Acc=0.7977
2025-12-04 17:15:28,691 - anchor [Subject 11, Anchor 0, Epoch 70/150] Train Loss=0.0000 Train Acc=0.9980 Test Acc=0.7461 Best Acc=0.7977
2025-12-04 17:15:32,037 - anchor [Subject 11, Anchor 0, Epoch 71/150] Train Loss=0.0000 Train Acc=0.9992 Test Acc=0.7469 Best Acc=0.7977
2025-12-04 17:15:36,269 - anchor [Subject 11, Anchor 0, Epoch 72/150] Train Loss=0.0000 Train Acc=0.9984 Test Acc=0.7434 Best Acc=0.7977
2025-12-04 17:15:39,566 - anchor [Subject 11, Anchor 0, Epoch 73/150] Train Loss=0.0000 Train Acc=1.0000 Test Acc=0.7422 Best Acc=0.7977
2025-12-04 17:15:43,232 - anchor [Subject 11, Anchor 0, Epoch 74/150] Train Loss=0.0000 Train Acc=0.9984 Test Acc=0.7402 Best Acc=0.7977
2025-12-04 17:15:47,083 - anchor [Subject 11, Anchor 0, Epoch 75/150] Train Loss=0.0000 Train Acc=0.9984 Test Acc=0.7312 Best Acc=0.7977
2025-12-04 17:15:49,953 - anchor [Subject 11, Anchor 0, Epoch 76/150] Train Loss=0.0000 Train Acc=0.9984 Test Acc=0.7324 Best Acc=0.7977
2025-12-04 17:15:52,720 - anchor [Subject 11, Anchor 0, Epoch 77/150] Train Loss=0.0000 Train Acc=0.9988 Test Acc=0.7422 Best Acc=0.7977
2025-12-04 17:15:55,379 - anchor [Subject 11, Anchor 0, Epoch 78/150] Train Loss=0.0000 Train Acc=0.9988 Test Acc=0.7434 Best Acc=0.7977
2025-12-04 17:16:00,893 - anchor [Subject 11, Anchor 0, Epoch 79/150] Train Loss=0.0000 Train Acc=0.9988 Test Acc=0.7465 Best Acc=0.7977
2025-12-04 17:16:04,052 - anchor [Subject 11, Anchor 0, Epoch 80/150] Train Loss=0.0000 Train Acc=0.9984 Test Acc=0.7500 Best Acc=0.7977
2025-12-04 17:16:08,687 - anchor [Subject 11, Anchor 0, Epoch 81/150] Train Loss=0.0000 Train Acc=0.9984 Test Acc=0.7480 Best Acc=0.7977
2025-12-04 17:16:18,810 - anchor [Subject 11, Anchor 0, Epoch 82/150] Train Loss=0.0000 Train Acc=0.9992 Test Acc=0.7324 Best Acc=0.7977
2025-12-04 17:16:22,113 - anchor [Subject 11, Anchor 0, Epoch 83/150] Train Loss=0.0000 Train Acc=0.9996 Test Acc=0.7301 Best Acc=0.7977
2025-12-04 17:16:25,205 - anchor [Subject 11, Anchor 0, Epoch 84/150] Train Loss=0.0000 Train Acc=0.9988 Test Acc=0.7316 Best Acc=0.7977
2025-12-04 17:16:28,286 - anchor [Subject 11, Anchor 0, Epoch 85/150] Train Loss=0.0000 Train Acc=0.9996 Test Acc=0.7406 Best Acc=0.7977
2025-12-04 17:16:31,294 - anchor [Subject 11, Anchor 0, Epoch 86/150] Train Loss=0.0000 Train Acc=0.9980 Test Acc=0.7426 Best Acc=0.7977
2025-12-04 17:16:34,125 - anchor [Subject 11, Anchor 0, Epoch 87/150] Train Loss=0.0000 Train Acc=0.9984 Test Acc=0.7426 Best Acc=0.7977
2025-12-04 17:16:37,951 - anchor [Subject 11, Anchor 0, Epoch 88/150] Train Loss=0.0000 Train Acc=0.9996 Test Acc=0.7426 Best Acc=0.7977
2025-12-04 17:16:40,204 - anchor [Subject 11, Anchor 0, Epoch 89/150] Train Loss=0.0000 Train Acc=0.9992 Test Acc=0.7438 Best Acc=0.7977
2025-12-04 17:16:41,767 - anchor [Subject 11, Anchor 0, Epoch 90/150] Train Loss=0.0000 Train Acc=0.9988 Test Acc=0.7422 Best Acc=0.7977
2025-12-04 17:16:44,773 - anchor [Subject 11, Anchor 0, Epoch 91/150] Train Loss=0.0000 Train Acc=0.9988 Test Acc=0.7426 Best Acc=0.7977
2025-12-04 17:16:47,294 - anchor [Subject 11, Anchor 0, Epoch 92/150] Train Loss=0.0000 Train Acc=0.9988 Test Acc=0.7422 Best Acc=0.7977
2025-12-04 17:16:49,041 - anchor [Subject 11, Anchor 0, Epoch 93/150] Train Loss=0.0000 Train Acc=0.9984 Test Acc=0.7441 Best Acc=0.7977
2025-12-04 17:16:50,935 - anchor [Subject 11, Anchor 0, Epoch 94/150] Train Loss=0.0000 Train Acc=0.9988 Test Acc=0.7441 Best Acc=0.7977
2025-12-04 17:16:52,430 - anchor [Subject 11, Anchor 0, Epoch 95/150] Train Loss=0.0000 Train Acc=0.9988 Test Acc=0.7422 Best Acc=0.7977
2025-12-04 17:16:54,827 - anchor [Subject 11, Anchor 0, Epoch 96/150] Train Loss=0.0000 Train Acc=0.9980 Test Acc=0.7312 Best Acc=0.7977
2025-12-04 17:16:56,510 - anchor [Subject 11, Anchor 0, Epoch 97/150] Train Loss=0.0000 Train Acc=0.9984 Test Acc=0.7281 Best Acc=0.7977
2025-12-04 17:16:58,221 - anchor [Subject 11, Anchor 0, Epoch 98/150] Train Loss=0.0000 Train Acc=0.9996 Test Acc=0.7297 Best Acc=0.7977
2025-12-04 17:16:59,788 - anchor [Subject 11, Anchor 0, Epoch 99/150] Train Loss=0.0000 Train Acc=0.9996 Test Acc=0.7301 Best Acc=0.7977
2025-12-04 17:17:02,009 - anchor [Subject 11, Anchor 0, Epoch 100/150] Train Loss=0.0000 Train Acc=0.9996 Test Acc=0.7426 Best Acc=0.7977
2025-12-04 17:17:04,603 - anchor [Subject 11, Anchor 0, Epoch 101/150] Train Loss=0.0000 Train Acc=0.9980 Test Acc=0.7441 Best Acc=0.7977
2025-12-04 17:17:06,701 - anchor [Subject 11, Anchor 0, Epoch 102/150] Train Loss=0.0000 Train Acc=0.9996 Test Acc=0.7461 Best Acc=0.7977
2025-12-04 17:17:08,679 - anchor [Subject 11, Anchor 0, Epoch 103/150] Train Loss=0.0000 Train Acc=0.9992 Test Acc=0.7469 Best Acc=0.7977
2025-12-04 17:17:14,496 - anchor [Subject 11, Anchor 0, Epoch 104/150] Train Loss=0.0000 Train Acc=0.9992 Test Acc=0.7492 Best Acc=0.7977
2025-12-04 17:17:16,924 - anchor [Subject 11, Anchor 0, Epoch 105/150] Train Loss=0.0000 Train Acc=0.9992 Test Acc=0.7480 Best Acc=0.7977
2025-12-04 17:17:19,027 - anchor [Subject 11, Anchor 0, Epoch 106/150] Train Loss=0.0000 Train Acc=0.9988 Test Acc=0.7453 Best Acc=0.7977
2025-12-04 17:17:20,959 - anchor [Subject 11, Anchor 0, Epoch 107/150] Train Loss=0.0000 Train Acc=0.9992 Test Acc=0.7418 Best Acc=0.7977
2025-12-04 17:17:23,394 - anchor [Subject 11, Anchor 0, Epoch 108/150] Train Loss=0.0000 Train Acc=1.0000 Test Acc=0.7402 Best Acc=0.7977
2025-12-04 17:17:26,616 - anchor [Subject 11, Anchor 0, Epoch 109/150] Train Loss=0.0000 Train Acc=0.9992 Test Acc=0.7383 Best Acc=0.7977
2025-12-04 17:17:28,715 - anchor [Subject 11, Anchor 0, Epoch 110/150] Train Loss=0.0000 Train Acc=1.0000 Test Acc=0.7395 Best Acc=0.7977
2025-12-04 17:17:30,935 - anchor [Subject 11, Anchor 0, Epoch 111/150] Train Loss=0.0000 Train Acc=0.9996 Test Acc=0.7418 Best Acc=0.7977
2025-12-04 17:17:33,335 - anchor [Subject 11, Anchor 0, Epoch 112/150] Train Loss=0.0000 Train Acc=0.9992 Test Acc=0.7422 Best Acc=0.7977
2025-12-04 17:17:35,445 - anchor [Subject 11, Anchor 0, Epoch 113/150] Train Loss=0.0000 Train Acc=0.9996 Test Acc=0.7445 Best Acc=0.7977
2025-12-04 17:17:38,315 - anchor [Subject 11, Anchor 0, Epoch 114/150] Train Loss=0.0000 Train Acc=1.0000 Test Acc=0.7461 Best Acc=0.7977
2025-12-04 17:17:41,596 - anchor [Subject 11, Anchor 0, Epoch 115/150] Train Loss=0.0000 Train Acc=1.0000 Test Acc=0.7445 Best Acc=0.7977
2025-12-04 17:17:43,877 - anchor [Subject 11, Anchor 0, Epoch 116/150] Train Loss=0.0000 Train Acc=0.9992 Test Acc=0.7453 Best Acc=0.7977
2025-12-04 17:17:46,127 - anchor [Subject 11, Anchor 0, Epoch 117/150] Train Loss=0.0000 Train Acc=0.9988 Test Acc=0.7449 Best Acc=0.7977
2025-12-04 17:17:50,583 - anchor [Subject 11, Anchor 0, Epoch 118/150] Train Loss=0.0000 Train Acc=0.9988 Test Acc=0.7480 Best Acc=0.7977
2025-12-04 17:17:56,360 - anchor [Subject 11, Anchor 0, Epoch 119/150] Train Loss=0.0000 Train Acc=0.9996 Test Acc=0.7480 Best Acc=0.7977
2025-12-04 17:18:01,491 - anchor [Subject 11, Anchor 0, Epoch 120/150] Train Loss=0.0000 Train Acc=0.9996 Test Acc=0.7473 Best Acc=0.7977
2025-12-04 17:18:05,713 - anchor [Subject 11, Anchor 0, Epoch 121/150] Train Loss=0.0000 Train Acc=0.9992 Test Acc=0.7359 Best Acc=0.7977
2025-12-04 17:18:12,200 - anchor [Subject 11, Anchor 0, Epoch 122/150] Train Loss=0.0000 Train Acc=1.0000 Test Acc=0.7434 Best Acc=0.7977
2025-12-04 17:18:15,720 - anchor [Subject 11, Anchor 0, Epoch 123/150] Train Loss=0.0000 Train Acc=0.9984 Test Acc=0.7363 Best Acc=0.7977
2025-12-04 17:18:18,845 - anchor [Subject 11, Anchor 0, Epoch 124/150] Train Loss=0.0000 Train Acc=0.9996 Test Acc=0.7316 Best Acc=0.7977
2025-12-04 17:18:22,681 - anchor [Subject 11, Anchor 0, Epoch 125/150] Train Loss=0.0000 Train Acc=0.9996 Test Acc=0.7320 Best Acc=0.7977
2025-12-04 17:18:24,953 - anchor [Subject 11, Anchor 0, Epoch 126/150] Train Loss=0.0000 Train Acc=0.9992 Test Acc=0.7340 Best Acc=0.7977
2025-12-04 17:18:28,272 - anchor [Subject 11, Anchor 0, Epoch 127/150] Train Loss=0.0000 Train Acc=1.0000 Test Acc=0.7375 Best Acc=0.7977
2025-12-04 17:18:30,947 - anchor [Subject 11, Anchor 0, Epoch 128/150] Train Loss=0.0000 Train Acc=1.0000 Test Acc=0.7453 Best Acc=0.7977
2025-12-04 17:18:33,240 - anchor [Subject 11, Anchor 0, Epoch 129/150] Train Loss=0.0000 Train Acc=0.9984 Test Acc=0.7520 Best Acc=0.7977
2025-12-04 17:18:35,528 - anchor [Subject 11, Anchor 0, Epoch 130/150] Train Loss=0.0000 Train Acc=1.0000 Test Acc=0.7520 Best Acc=0.7977
2025-12-04 17:18:38,229 - anchor [Subject 11, Anchor 0, Epoch 131/150] Train Loss=0.0000 Train Acc=1.0000 Test Acc=0.7500 Best Acc=0.7977
2025-12-04 17:18:40,535 - anchor [Subject 11, Anchor 0, Epoch 132/150] Train Loss=0.0000 Train Acc=1.0000 Test Acc=0.7504 Best Acc=0.7977
2025-12-04 17:18:42,865 - anchor [Subject 11, Anchor 0, Epoch 133/150] Train Loss=0.0000 Train Acc=0.9988 Test Acc=0.7395 Best Acc=0.7977
2025-12-04 17:18:45,229 - anchor [Subject 11, Anchor 0, Epoch 134/150] Train Loss=0.0000 Train Acc=1.0000 Test Acc=0.7340 Best Acc=0.7977
2025-12-04 17:18:47,817 - anchor [Subject 11, Anchor 0, Epoch 135/150] Train Loss=0.0000 Train Acc=1.0000 Test Acc=0.7301 Best Acc=0.7977
2025-12-04 17:18:50,006 - anchor [Subject 11, Anchor 0, Epoch 136/150] Train Loss=0.0000 Train Acc=0.9996 Test Acc=0.7293 Best Acc=0.7977
2025-12-04 17:18:52,027 - anchor [Subject 11, Anchor 0, Epoch 137/150] Train Loss=0.0000 Train Acc=1.0000 Test Acc=0.7301 Best Acc=0.7977
2025-12-04 17:18:53,630 - anchor [Subject 11, Anchor 0, Epoch 138/150] Train Loss=0.0000 Train Acc=0.9996 Test Acc=0.7316 Best Acc=0.7977
2025-12-04 17:18:56,223 - anchor [Subject 11, Anchor 0, Epoch 139/150] Train Loss=0.0000 Train Acc=1.0000 Test Acc=0.7387 Best Acc=0.7977
2025-12-04 17:18:58,771 - anchor [Subject 11, Anchor 0, Epoch 140/150] Train Loss=0.0000 Train Acc=1.0000 Test Acc=0.7449 Best Acc=0.7977
2025-12-04 17:19:00,865 - anchor [Subject 11, Anchor 0, Epoch 141/150] Train Loss=0.0000 Train Acc=0.9996 Test Acc=0.7469 Best Acc=0.7977
2025-12-04 17:19:02,900 - anchor [Subject 11, Anchor 0, Epoch 142/150] Train Loss=0.0000 Train Acc=0.9992 Test Acc=0.7480 Best Acc=0.7977
2025-12-04 17:19:05,245 - anchor [Subject 11, Anchor 0, Epoch 143/150] Train Loss=0.0000 Train Acc=0.9996 Test Acc=0.7477 Best Acc=0.7977
2025-12-04 17:19:07,819 - anchor [Subject 11, Anchor 0, Epoch 144/150] Train Loss=0.0000 Train Acc=0.9996 Test Acc=0.7426 Best Acc=0.7977
2025-12-04 17:19:09,896 - anchor [Subject 11, Anchor 0, Epoch 145/150] Train Loss=0.0000 Train Acc=1.0000 Test Acc=0.7418 Best Acc=0.7977
2025-12-04 17:19:11,698 - anchor [Subject 11, Anchor 0, Epoch 146/150] Train Loss=0.0000 Train Acc=0.9988 Test Acc=0.7305 Best Acc=0.7977
2025-12-04 17:19:18,315 - anchor [Subject 11, Anchor 0, Epoch 147/150] Train Loss=0.0000 Train Acc=0.9996 Test Acc=0.7273 Best Acc=0.7977
2025-12-04 17:19:20,588 - anchor [Subject 11, Anchor 0, Epoch 148/150] Train Loss=0.0000 Train Acc=0.9996 Test Acc=0.7305 Best Acc=0.7977
2025-12-04 17:19:22,990 - anchor [Subject 11, Anchor 0, Epoch 149/150] Train Loss=0.0000 Train Acc=1.0000 Test Acc=0.7336 Best Acc=0.7977
2025-12-04 17:19:25,333 - anchor [Subject 11, Anchor 0, Epoch 150/150] Train Loss=0.0000 Train Acc=0.9996 Test Acc=0.7418 Best Acc=0.7977
2025-12-04 17:19:25,341 - labelAlign [Subject 11, Anchor 0 Target 1] Start
2025-12-04 17:19:32,897 - labelAlign [Subject 11, Anchor 0 Target 2] Start
2025-12-04 17:19:40,693 - labelAlign [Subject 11, Anchor 0 Target 3] Start
2025-12-04 17:19:47,920 - labelAlign [Subject 11, Anchor 0 Target 4] Start
2025-12-04 17:19:55,115 - labelAlign [Subject 11, Anchor 0 Target 5] Start
2025-12-04 17:20:03,932 - labelAlign [Subject 11, Anchor 0 Target 6] Start
2025-12-04 17:20:09,957 - labelAlign [Subject 11, Anchor 0 Target 7] Start
2025-12-04 17:20:17,011 - labelAlign [Subject 11, Anchor 0 Target 8] Start
2025-12-04 17:20:25,922 - labelAlign [Subject 11, Anchor 0 Target 9] Start
2025-12-04 17:20:42,115 - labelAlign [Subject 11, Anchor 0 Target 10] Start
2025-12-04 17:20:50,896 - labelAlign [Subject 11, Anchor 0 Target 11] Start
2025-12-04 17:20:58,556 - labelAlign [Subject 11, Anchor 0 Target 12] Start
2025-12-04 17:21:06,275 - labelAlign [Subject 11, Anchor 0 Target 13] Start
2025-12-04 17:21:47,074 - cls [Subject 11, Anchor 0, Epoch 1/150] Train Loss=0.0009 Train Acc=0.8870 Test Acc=0.7848 Best Acc=0.7977
2025-12-04 17:22:17,525 - cls [Subject 11, Anchor 0, Epoch 2/150] Train Loss=0.0005 Train Acc=0.9200 Test Acc=0.8496 Best Acc=0.8496
2025-12-04 17:22:44,305 - cls [Subject 11, Anchor 0, Epoch 3/150] Train Loss=0.0005 Train Acc=0.9268 Test Acc=0.8512 Best Acc=0.8512
2025-12-04 17:23:11,870 - cls [Subject 11, Anchor 0, Epoch 4/150] Train Loss=0.0005 Train Acc=0.9262 Test Acc=0.8496 Best Acc=0.8512
2025-12-04 17:23:40,333 - cls [Subject 11, Anchor 0, Epoch 5/150] Train Loss=0.0004 Train Acc=0.9306 Test Acc=0.8547 Best Acc=0.8547
2025-12-04 17:24:06,145 - cls [Subject 11, Anchor 0, Epoch 6/150] Train Loss=0.0004 Train Acc=0.9325 Test Acc=0.8621 Best Acc=0.8621
2025-12-04 17:24:30,547 - cls [Subject 11, Anchor 0, Epoch 7/150] Train Loss=0.0004 Train Acc=0.9362 Test Acc=0.8637 Best Acc=0.8637
2025-12-04 17:24:53,885 - cls [Subject 11, Anchor 0, Epoch 8/150] Train Loss=0.0004 Train Acc=0.9385 Test Acc=0.8703 Best Acc=0.8703
2025-12-04 17:25:20,055 - cls [Subject 11, Anchor 0, Epoch 9/150] Train Loss=0.0004 Train Acc=0.9410 Test Acc=0.8793 Best Acc=0.8793
2025-12-04 17:25:47,160 - cls [Subject 11, Anchor 0, Epoch 10/150] Train Loss=0.0004 Train Acc=0.9413 Test Acc=0.8930 Best Acc=0.8930
2025-12-04 17:26:14,915 - cls [Subject 11, Anchor 0, Epoch 11/150] Train Loss=0.0004 Train Acc=0.9425 Test Acc=0.8945 Best Acc=0.8945
2025-12-04 17:26:46,979 - cls [Subject 11, Anchor 0, Epoch 12/150] Train Loss=0.0004 Train Acc=0.9439 Test Acc=0.8953 Best Acc=0.8953
2025-12-04 17:27:14,045 - cls [Subject 11, Anchor 0, Epoch 13/150] Train Loss=0.0004 Train Acc=0.9442 Test Acc=0.8938 Best Acc=0.8953
2025-12-04 17:27:41,914 - cls [Subject 11, Anchor 0, Epoch 14/150] Train Loss=0.0004 Train Acc=0.9475 Test Acc=0.8953 Best Acc=0.8953
2025-12-04 17:28:07,419 - cls [Subject 11, Anchor 0, Epoch 15/150] Train Loss=0.0003 Train Acc=0.9492 Test Acc=0.9027 Best Acc=0.9027
2025-12-04 17:28:32,709 - cls [Subject 11, Anchor 0, Epoch 16/150] Train Loss=0.0004 Train Acc=0.9475 Test Acc=0.9039 Best Acc=0.9039
2025-12-04 17:29:00,636 - cls [Subject 11, Anchor 0, Epoch 17/150] Train Loss=0.0003 Train Acc=0.9502 Test Acc=0.9027 Best Acc=0.9039
2025-12-04 17:29:31,269 - cls [Subject 11, Anchor 0, Epoch 18/150] Train Loss=0.0003 Train Acc=0.9516 Test Acc=0.8895 Best Acc=0.9039
2025-12-04 17:30:01,945 - cls [Subject 11, Anchor 0, Epoch 19/150] Train Loss=0.0003 Train Acc=0.9541 Test Acc=0.8953 Best Acc=0.9039
2025-12-04 17:30:31,436 - cls [Subject 11, Anchor 0, Epoch 20/150] Train Loss=0.0003 Train Acc=0.9534 Test Acc=0.8816 Best Acc=0.9039
2025-12-04 17:31:05,388 - cls [Subject 11, Anchor 0, Epoch 21/150] Train Loss=0.0003 Train Acc=0.9529 Test Acc=0.8836 Best Acc=0.9039
2025-12-04 17:31:30,960 - cls [Subject 11, Anchor 0, Epoch 22/150] Train Loss=0.0003 Train Acc=0.9559 Test Acc=0.8871 Best Acc=0.9039
2025-12-04 17:31:53,102 - cls [Subject 11, Anchor 0, Epoch 23/150] Train Loss=0.0003 Train Acc=0.9565 Test Acc=0.8773 Best Acc=0.9039
2025-12-04 17:32:28,692 - cls [Subject 11, Anchor 0, Epoch 24/150] Train Loss=0.0003 Train Acc=0.9579 Test Acc=0.8734 Best Acc=0.9039
2025-12-04 17:33:01,649 - cls [Subject 11, Anchor 0, Epoch 25/150] Train Loss=0.0003 Train Acc=0.9583 Test Acc=0.8777 Best Acc=0.9039
2025-12-04 17:33:37,089 - cls [Subject 11, Anchor 0, Epoch 26/150] Train Loss=0.0003 Train Acc=0.9597 Test Acc=0.8656 Best Acc=0.9039
2025-12-04 17:34:09,710 - cls [Subject 11, Anchor 0, Epoch 27/150] Train Loss=0.0003 Train Acc=0.9588 Test Acc=0.8746 Best Acc=0.9039
2025-12-04 17:34:38,196 - cls [Subject 11, Anchor 0, Epoch 28/150] Train Loss=0.0003 Train Acc=0.9592 Test Acc=0.8668 Best Acc=0.9039
2025-12-04 17:35:05,258 - cls [Subject 11, Anchor 0, Epoch 29/150] Train Loss=0.0003 Train Acc=0.9596 Test Acc=0.8762 Best Acc=0.9039
2025-12-04 17:35:33,859 - cls [Subject 11, Anchor 0, Epoch 30/150] Train Loss=0.0003 Train Acc=0.9615 Test Acc=0.8547 Best Acc=0.9039
2025-12-04 17:35:57,509 - cls [Subject 11, Anchor 0, Epoch 31/150] Train Loss=0.0003 Train Acc=0.9612 Test Acc=0.8652 Best Acc=0.9039
2025-12-04 17:36:23,545 - cls [Subject 11, Anchor 0, Epoch 32/150] Train Loss=0.0003 Train Acc=0.9635 Test Acc=0.8629 Best Acc=0.9039
2025-12-04 17:36:49,622 - cls [Subject 11, Anchor 0, Epoch 33/150] Train Loss=0.0003 Train Acc=0.9608 Test Acc=0.8496 Best Acc=0.9039
2025-12-04 17:37:14,874 - cls [Subject 11, Anchor 0, Epoch 34/150] Train Loss=0.0003 Train Acc=0.9638 Test Acc=0.8574 Best Acc=0.9039
2025-12-04 17:37:40,354 - cls [Subject 11, Anchor 0, Epoch 35/150] Train Loss=0.0003 Train Acc=0.9636 Test Acc=0.8492 Best Acc=0.9039
2025-12-04 17:38:05,952 - cls [Subject 11, Anchor 0, Epoch 36/150] Train Loss=0.0003 Train Acc=0.9646 Test Acc=0.8566 Best Acc=0.9039
2025-12-04 17:38:34,140 - cls [Subject 11, Anchor 0, Epoch 37/150] Train Loss=0.0003 Train Acc=0.9653 Test Acc=0.8566 Best Acc=0.9039
2025-12-04 17:38:58,299 - cls [Subject 11, Anchor 0, Epoch 38/150] Train Loss=0.0003 Train Acc=0.9637 Test Acc=0.8488 Best Acc=0.9039
2025-12-04 17:39:18,608 - cls [Subject 11, Anchor 0, Epoch 39/150] Train Loss=0.0003 Train Acc=0.9660 Test Acc=0.8426 Best Acc=0.9039
2025-12-04 17:39:39,906 - cls [Subject 11, Anchor 0, Epoch 40/150] Train Loss=0.0003 Train Acc=0.9660 Test Acc=0.8410 Best Acc=0.9039
2025-12-04 17:40:02,645 - cls [Subject 11, Anchor 0, Epoch 41/150] Train Loss=0.0003 Train Acc=0.9649 Test Acc=0.8379 Best Acc=0.9039
2025-12-04 17:40:27,091 - cls [Subject 11, Anchor 0, Epoch 42/150] Train Loss=0.0003 Train Acc=0.9675 Test Acc=0.8559 Best Acc=0.9039
2025-12-04 17:40:56,202 - cls [Subject 11, Anchor 0, Epoch 43/150] Train Loss=0.0003 Train Acc=0.9695 Test Acc=0.8375 Best Acc=0.9039
2025-12-04 17:41:20,439 - cls [Subject 11, Anchor 0, Epoch 44/150] Train Loss=0.0003 Train Acc=0.9659 Test Acc=0.8418 Best Acc=0.9039
2025-12-04 17:41:43,908 - cls [Subject 11, Anchor 0, Epoch 45/150] Train Loss=0.0003 Train Acc=0.9694 Test Acc=0.8180 Best Acc=0.9039
2025-12-04 17:42:07,346 - cls [Subject 11, Anchor 0, Epoch 46/150] Train Loss=0.0003 Train Acc=0.9683 Test Acc=0.8133 Best Acc=0.9039
2025-12-04 17:42:31,939 - cls [Subject 11, Anchor 0, Epoch 47/150] Train Loss=0.0003 Train Acc=0.9705 Test Acc=0.8336 Best Acc=0.9039
2025-12-04 17:42:58,812 - cls [Subject 11, Anchor 0, Epoch 48/150] Train Loss=0.0003 Train Acc=0.9704 Test Acc=0.8242 Best Acc=0.9039
2025-12-04 17:43:24,701 - cls [Subject 11, Anchor 0, Epoch 49/150] Train Loss=0.0003 Train Acc=0.9689 Test Acc=0.8543 Best Acc=0.9039
2025-12-04 17:43:48,281 - cls [Subject 11, Anchor 0, Epoch 50/150] Train Loss=0.0002 Train Acc=0.9700 Test Acc=0.8094 Best Acc=0.9039
2025-12-04 17:44:11,238 - cls [Subject 11, Anchor 0, Epoch 51/150] Train Loss=0.0002 Train Acc=0.9704 Test Acc=0.8352 Best Acc=0.9039
2025-12-04 17:44:37,245 - cls [Subject 11, Anchor 0, Epoch 52/150] Train Loss=0.0002 Train Acc=0.9697 Test Acc=0.8230 Best Acc=0.9039
2025-12-04 17:45:05,707 - cls [Subject 11, Anchor 0, Epoch 53/150] Train Loss=0.0002 Train Acc=0.9706 Test Acc=0.8445 Best Acc=0.9039
2025-12-04 17:45:32,521 - cls [Subject 11, Anchor 0, Epoch 54/150] Train Loss=0.0002 Train Acc=0.9709 Test Acc=0.8418 Best Acc=0.9039
2025-12-04 17:46:02,070 - cls [Subject 11, Anchor 0, Epoch 55/150] Train Loss=0.0002 Train Acc=0.9701 Test Acc=0.8176 Best Acc=0.9039
2025-12-04 17:46:27,658 - cls [Subject 11, Anchor 0, Epoch 56/150] Train Loss=0.0002 Train Acc=0.9701 Test Acc=0.8359 Best Acc=0.9039
2025-12-04 17:46:51,731 - cls [Subject 11, Anchor 0, Epoch 57/150] Train Loss=0.0002 Train Acc=0.9727 Test Acc=0.8316 Best Acc=0.9039
2025-12-04 17:47:16,132 - cls [Subject 11, Anchor 0, Epoch 58/150] Train Loss=0.0002 Train Acc=0.9727 Test Acc=0.8098 Best Acc=0.9039
2025-12-04 17:47:41,804 - cls [Subject 11, Anchor 0, Epoch 59/150] Train Loss=0.0002 Train Acc=0.9737 Test Acc=0.8316 Best Acc=0.9039
2025-12-04 17:48:03,893 - cls [Subject 11, Anchor 0, Epoch 60/150] Train Loss=0.0002 Train Acc=0.9729 Test Acc=0.8230 Best Acc=0.9039
2025-12-04 17:48:26,320 - cls [Subject 11, Anchor 0, Epoch 61/150] Train Loss=0.0002 Train Acc=0.9739 Test Acc=0.8172 Best Acc=0.9039
2025-12-04 17:48:56,064 - cls [Subject 11, Anchor 0, Epoch 62/150] Train Loss=0.0002 Train Acc=0.9737 Test Acc=0.8352 Best Acc=0.9039
2025-12-04 17:49:22,851 - cls [Subject 11, Anchor 0, Epoch 63/150] Train Loss=0.0002 Train Acc=0.9735 Test Acc=0.8391 Best Acc=0.9039
2025-12-04 17:49:49,256 - cls [Subject 11, Anchor 0, Epoch 64/150] Train Loss=0.0002 Train Acc=0.9748 Test Acc=0.8359 Best Acc=0.9039
2025-12-04 17:50:18,292 - cls [Subject 11, Anchor 0, Epoch 65/150] Train Loss=0.0002 Train Acc=0.9740 Test Acc=0.8187 Best Acc=0.9039
2025-12-04 17:50:46,690 - cls [Subject 11, Anchor 0, Epoch 66/150] Train Loss=0.0002 Train Acc=0.9759 Test Acc=0.8391 Best Acc=0.9039
2025-12-04 17:51:10,643 - cls [Subject 11, Anchor 0, Epoch 67/150] Train Loss=0.0002 Train Acc=0.9741 Test Acc=0.8219 Best Acc=0.9039
2025-12-04 17:51:38,841 - cls [Subject 11, Anchor 0, Epoch 68/150] Train Loss=0.0002 Train Acc=0.9752 Test Acc=0.8293 Best Acc=0.9039
2025-12-04 17:52:01,252 - cls [Subject 11, Anchor 0, Epoch 69/150] Train Loss=0.0002 Train Acc=0.9757 Test Acc=0.8074 Best Acc=0.9039
2025-12-04 17:52:24,799 - cls [Subject 11, Anchor 0, Epoch 70/150] Train Loss=0.0002 Train Acc=0.9752 Test Acc=0.8398 Best Acc=0.9039
2025-12-04 17:52:50,482 - cls [Subject 11, Anchor 0, Epoch 71/150] Train Loss=0.0002 Train Acc=0.9761 Test Acc=0.8215 Best Acc=0.9039
2025-12-04 17:53:16,250 - cls [Subject 11, Anchor 0, Epoch 72/150] Train Loss=0.0002 Train Acc=0.9763 Test Acc=0.8316 Best Acc=0.9039
2025-12-04 17:53:42,427 - cls [Subject 11, Anchor 0, Epoch 73/150] Train Loss=0.0002 Train Acc=0.9768 Test Acc=0.8180 Best Acc=0.9039
2025-12-04 17:54:11,552 - cls [Subject 11, Anchor 0, Epoch 74/150] Train Loss=0.0002 Train Acc=0.9754 Test Acc=0.8219 Best Acc=0.9039
2025-12-04 17:54:35,921 - cls [Subject 11, Anchor 0, Epoch 75/150] Train Loss=0.0002 Train Acc=0.9765 Test Acc=0.8191 Best Acc=0.9039
2025-12-04 17:55:00,162 - cls [Subject 11, Anchor 0, Epoch 76/150] Train Loss=0.0002 Train Acc=0.9759 Test Acc=0.8383 Best Acc=0.9039
2025-12-04 17:55:24,583 - cls [Subject 11, Anchor 0, Epoch 77/150] Train Loss=0.0002 Train Acc=0.9764 Test Acc=0.8418 Best Acc=0.9039
2025-12-04 17:55:51,127 - cls [Subject 11, Anchor 0, Epoch 78/150] Train Loss=0.0002 Train Acc=0.9772 Test Acc=0.8293 Best Acc=0.9039
2025-12-04 17:56:12,934 - cls [Subject 11, Anchor 0, Epoch 79/150] Train Loss=0.0002 Train Acc=0.9777 Test Acc=0.8297 Best Acc=0.9039
2025-12-04 17:56:36,868 - cls [Subject 11, Anchor 0, Epoch 80/150] Train Loss=0.0002 Train Acc=0.9776 Test Acc=0.8270 Best Acc=0.9039
2025-12-04 17:57:06,715 - cls [Subject 11, Anchor 0, Epoch 81/150] Train Loss=0.0002 Train Acc=0.9766 Test Acc=0.8191 Best Acc=0.9039
2025-12-04 17:57:32,158 - cls [Subject 11, Anchor 0, Epoch 82/150] Train Loss=0.0002 Train Acc=0.9788 Test Acc=0.8117 Best Acc=0.9039
2025-12-04 17:57:59,654 - cls [Subject 11, Anchor 0, Epoch 83/150] Train Loss=0.0002 Train Acc=0.9774 Test Acc=0.8082 Best Acc=0.9039
2025-12-04 17:58:26,771 - cls [Subject 11, Anchor 0, Epoch 84/150] Train Loss=0.0002 Train Acc=0.9785 Test Acc=0.8270 Best Acc=0.9039
2025-12-04 17:58:54,197 - cls [Subject 11, Anchor 0, Epoch 85/150] Train Loss=0.0002 Train Acc=0.9788 Test Acc=0.8164 Best Acc=0.9039
2025-12-04 17:59:19,897 - cls [Subject 11, Anchor 0, Epoch 86/150] Train Loss=0.0002 Train Acc=0.9789 Test Acc=0.8051 Best Acc=0.9039
2025-12-04 17:59:48,328 - cls [Subject 11, Anchor 0, Epoch 87/150] Train Loss=0.0002 Train Acc=0.9788 Test Acc=0.8273 Best Acc=0.9039
2025-12-04 18:00:15,485 - cls [Subject 11, Anchor 0, Epoch 88/150] Train Loss=0.0002 Train Acc=0.9788 Test Acc=0.8180 Best Acc=0.9039
2025-12-04 18:00:37,896 - cls [Subject 11, Anchor 0, Epoch 89/150] Train Loss=0.0002 Train Acc=0.9779 Test Acc=0.8039 Best Acc=0.9039
2025-12-04 18:01:04,077 - cls [Subject 11, Anchor 0, Epoch 90/150] Train Loss=0.0002 Train Acc=0.9800 Test Acc=0.8137 Best Acc=0.9039
2025-12-04 18:01:30,868 - cls [Subject 11, Anchor 0, Epoch 91/150] Train Loss=0.0002 Train Acc=0.9803 Test Acc=0.8156 Best Acc=0.9039
2025-12-04 18:01:56,042 - cls [Subject 11, Anchor 0, Epoch 92/150] Train Loss=0.0002 Train Acc=0.9794 Test Acc=0.8246 Best Acc=0.9039
2025-12-04 18:02:26,275 - cls [Subject 11, Anchor 0, Epoch 93/150] Train Loss=0.0002 Train Acc=0.9803 Test Acc=0.8078 Best Acc=0.9039
2025-12-04 18:02:52,693 - cls [Subject 11, Anchor 0, Epoch 94/150] Train Loss=0.0002 Train Acc=0.9792 Test Acc=0.8121 Best Acc=0.9039
2025-12-04 18:03:18,685 - cls [Subject 11, Anchor 0, Epoch 95/150] Train Loss=0.0002 Train Acc=0.9803 Test Acc=0.8105 Best Acc=0.9039
2025-12-04 18:03:43,942 - cls [Subject 11, Anchor 0, Epoch 96/150] Train Loss=0.0002 Train Acc=0.9817 Test Acc=0.8172 Best Acc=0.9039
2025-12-04 18:04:06,725 - cls [Subject 11, Anchor 0, Epoch 97/150] Train Loss=0.0002 Train Acc=0.9810 Test Acc=0.8262 Best Acc=0.9039
2025-12-04 18:04:31,632 - cls [Subject 11, Anchor 0, Epoch 98/150] Train Loss=0.0002 Train Acc=0.9812 Test Acc=0.8164 Best Acc=0.9039
2025-12-04 18:04:58,180 - cls [Subject 11, Anchor 0, Epoch 99/150] Train Loss=0.0002 Train Acc=0.9797 Test Acc=0.8172 Best Acc=0.9039
2025-12-04 18:05:28,842 - cls [Subject 11, Anchor 0, Epoch 100/150] Train Loss=0.0002 Train Acc=0.9818 Test Acc=0.8109 Best Acc=0.9039
2025-12-04 18:05:56,366 - cls [Subject 11, Anchor 0, Epoch 101/150] Train Loss=0.0002 Train Acc=0.9795 Test Acc=0.8277 Best Acc=0.9039
2025-12-04 18:06:22,932 - cls [Subject 11, Anchor 0, Epoch 102/150] Train Loss=0.0002 Train Acc=0.9806 Test Acc=0.8066 Best Acc=0.9039
2025-12-04 18:06:52,518 - cls [Subject 11, Anchor 0, Epoch 103/150] Train Loss=0.0002 Train Acc=0.9794 Test Acc=0.8063 Best Acc=0.9039
2025-12-04 18:07:19,115 - cls [Subject 11, Anchor 0, Epoch 104/150] Train Loss=0.0002 Train Acc=0.9812 Test Acc=0.8117 Best Acc=0.9039
2025-12-04 18:07:45,146 - cls [Subject 11, Anchor 0, Epoch 105/150] Train Loss=0.0002 Train Acc=0.9797 Test Acc=0.8098 Best Acc=0.9039
2025-12-04 18:08:13,313 - cls [Subject 11, Anchor 0, Epoch 106/150] Train Loss=0.0002 Train Acc=0.9816 Test Acc=0.8070 Best Acc=0.9039
2025-12-04 18:08:39,585 - cls [Subject 11, Anchor 0, Epoch 107/150] Train Loss=0.0002 Train Acc=0.9819 Test Acc=0.8113 Best Acc=0.9039
2025-12-04 18:09:03,273 - cls [Subject 11, Anchor 0, Epoch 108/150] Train Loss=0.0002 Train Acc=0.9815 Test Acc=0.8086 Best Acc=0.9039
2025-12-04 18:09:36,282 - cls [Subject 11, Anchor 0, Epoch 109/150] Train Loss=0.0002 Train Acc=0.9819 Test Acc=0.8082 Best Acc=0.9039
2025-12-04 18:10:06,460 - cls [Subject 11, Anchor 0, Epoch 110/150] Train Loss=0.0002 Train Acc=0.9818 Test Acc=0.8270 Best Acc=0.9039
2025-12-04 18:10:32,103 - cls [Subject 11, Anchor 0, Epoch 111/150] Train Loss=0.0002 Train Acc=0.9826 Test Acc=0.8211 Best Acc=0.9039
2025-12-04 18:11:01,300 - cls [Subject 11, Anchor 0, Epoch 112/150] Train Loss=0.0002 Train Acc=0.9821 Test Acc=0.8176 Best Acc=0.9039
2025-12-04 18:11:27,359 - cls [Subject 11, Anchor 0, Epoch 113/150] Train Loss=0.0002 Train Acc=0.9825 Test Acc=0.8180 Best Acc=0.9039
2025-12-04 18:11:52,508 - cls [Subject 11, Anchor 0, Epoch 114/150] Train Loss=0.0002 Train Acc=0.9810 Test Acc=0.8047 Best Acc=0.9039
2025-12-04 18:12:21,941 - cls [Subject 11, Anchor 0, Epoch 115/150] Train Loss=0.0002 Train Acc=0.9820 Test Acc=0.8223 Best Acc=0.9039
2025-12-04 18:12:47,299 - cls [Subject 11, Anchor 0, Epoch 116/150] Train Loss=0.0002 Train Acc=0.9828 Test Acc=0.8152 Best Acc=0.9039
2025-12-04 18:13:15,079 - cls [Subject 11, Anchor 0, Epoch 117/150] Train Loss=0.0002 Train Acc=0.9826 Test Acc=0.8262 Best Acc=0.9039
2025-12-04 18:13:45,333 - cls [Subject 11, Anchor 0, Epoch 118/150] Train Loss=0.0002 Train Acc=0.9831 Test Acc=0.8094 Best Acc=0.9039
2025-12-04 18:14:12,023 - cls [Subject 11, Anchor 0, Epoch 119/150] Train Loss=0.0002 Train Acc=0.9833 Test Acc=0.8137 Best Acc=0.9039
2025-12-04 18:14:38,123 - cls [Subject 11, Anchor 0, Epoch 120/150] Train Loss=0.0002 Train Acc=0.9820 Test Acc=0.8184 Best Acc=0.9039
2025-12-04 18:15:03,805 - cls [Subject 11, Anchor 0, Epoch 121/150] Train Loss=0.0002 Train Acc=0.9831 Test Acc=0.8105 Best Acc=0.9039
2025-12-04 18:15:29,374 - cls [Subject 11, Anchor 0, Epoch 122/150] Train Loss=0.0002 Train Acc=0.9827 Test Acc=0.8215 Best Acc=0.9039
2025-12-04 18:15:54,960 - cls [Subject 11, Anchor 0, Epoch 123/150] Train Loss=0.0002 Train Acc=0.9835 Test Acc=0.8043 Best Acc=0.9039
2025-12-04 18:16:19,954 - cls [Subject 11, Anchor 0, Epoch 124/150] Train Loss=0.0002 Train Acc=0.9836 Test Acc=0.8012 Best Acc=0.9039
2025-12-04 18:16:49,476 - cls [Subject 11, Anchor 0, Epoch 125/150] Train Loss=0.0002 Train Acc=0.9840 Test Acc=0.8047 Best Acc=0.9039
2025-12-04 18:17:15,403 - cls [Subject 11, Anchor 0, Epoch 126/150] Train Loss=0.0002 Train Acc=0.9834 Test Acc=0.8242 Best Acc=0.9039
2025-12-04 18:17:48,345 - cls [Subject 11, Anchor 0, Epoch 127/150] Train Loss=0.0002 Train Acc=0.9824 Test Acc=0.8160 Best Acc=0.9039
2025-12-04 18:18:14,523 - cls [Subject 11, Anchor 0, Epoch 128/150] Train Loss=0.0002 Train Acc=0.9841 Test Acc=0.8031 Best Acc=0.9039
2025-12-04 18:18:42,347 - cls [Subject 11, Anchor 0, Epoch 129/150] Train Loss=0.0002 Train Acc=0.9838 Test Acc=0.8086 Best Acc=0.9039
2025-12-04 18:19:08,017 - cls [Subject 11, Anchor 0, Epoch 130/150] Train Loss=0.0002 Train Acc=0.9851 Test Acc=0.8051 Best Acc=0.9039
2025-12-04 18:19:36,889 - cls [Subject 11, Anchor 0, Epoch 131/150] Train Loss=0.0002 Train Acc=0.9843 Test Acc=0.8059 Best Acc=0.9039
2025-12-04 18:20:03,080 - cls [Subject 11, Anchor 0, Epoch 132/150] Train Loss=0.0002 Train Acc=0.9834 Test Acc=0.8309 Best Acc=0.9039
2025-12-04 18:20:28,370 - cls [Subject 11, Anchor 0, Epoch 133/150] Train Loss=0.0002 Train Acc=0.9837 Test Acc=0.8223 Best Acc=0.9039
2025-12-04 18:20:56,579 - cls [Subject 11, Anchor 0, Epoch 134/150] Train Loss=0.0002 Train Acc=0.9829 Test Acc=0.8176 Best Acc=0.9039
2025-12-04 18:21:23,076 - cls [Subject 11, Anchor 0, Epoch 135/150] Train Loss=0.0002 Train Acc=0.9828 Test Acc=0.8172 Best Acc=0.9039
2025-12-04 18:21:47,598 - cls [Subject 11, Anchor 0, Epoch 136/150] Train Loss=0.0002 Train Acc=0.9840 Test Acc=0.7980 Best Acc=0.9039
2025-12-04 18:22:16,793 - cls [Subject 11, Anchor 0, Epoch 137/150] Train Loss=0.0002 Train Acc=0.9840 Test Acc=0.8039 Best Acc=0.9039
2025-12-04 18:22:41,454 - cls [Subject 11, Anchor 0, Epoch 138/150] Train Loss=0.0002 Train Acc=0.9826 Test Acc=0.8105 Best Acc=0.9039
2025-12-04 18:23:08,942 - cls [Subject 11, Anchor 0, Epoch 139/150] Train Loss=0.0002 Train Acc=0.9847 Test Acc=0.8027 Best Acc=0.9039
2025-12-04 18:23:35,179 - cls [Subject 11, Anchor 0, Epoch 140/150] Train Loss=0.0002 Train Acc=0.9850 Test Acc=0.8074 Best Acc=0.9039
2025-12-04 18:24:10,085 - cls [Subject 11, Anchor 0, Epoch 141/150] Train Loss=0.0002 Train Acc=0.9847 Test Acc=0.8020 Best Acc=0.9039
2025-12-04 18:25:13,198 - cls [Subject 11, Anchor 0, Epoch 142/150] Train Loss=0.0002 Train Acc=0.9858 Test Acc=0.7891 Best Acc=0.9039
2025-12-04 18:25:46,468 - cls [Subject 11, Anchor 0, Epoch 143/150] Train Loss=0.0002 Train Acc=0.9856 Test Acc=0.7941 Best Acc=0.9039
2025-12-04 18:26:16,415 - cls [Subject 11, Anchor 0, Epoch 144/150] Train Loss=0.0002 Train Acc=0.9852 Test Acc=0.7863 Best Acc=0.9039
2025-12-04 18:26:39,889 - cls [Subject 11, Anchor 0, Epoch 145/150] Train Loss=0.0002 Train Acc=0.9848 Test Acc=0.8109 Best Acc=0.9039
2025-12-04 18:27:04,305 - cls [Subject 11, Anchor 0, Epoch 146/150] Train Loss=0.0002 Train Acc=0.9838 Test Acc=0.8082 Best Acc=0.9039
2025-12-04 18:27:29,210 - cls [Subject 11, Anchor 0, Epoch 147/150] Train Loss=0.0002 Train Acc=0.9852 Test Acc=0.8258 Best Acc=0.9039
2025-12-04 18:27:52,660 - cls [Subject 11, Anchor 0, Epoch 148/150] Train Loss=0.0002 Train Acc=0.9855 Test Acc=0.8066 Best Acc=0.9039
2025-12-04 18:28:15,711 - cls [Subject 11, Anchor 0, Epoch 149/150] Train Loss=0.0002 Train Acc=0.9858 Test Acc=0.8133 Best Acc=0.9039
2025-12-04 18:28:43,547 - cls [Subject 11, Anchor 0, Epoch 150/150] Train Loss=0.0002 Train Acc=0.9848 Test Acc=0.8187 Best Acc=0.9039
2025-12-04 18:28:43,567 - labelAlign [Subject 11, Anchor 0 Target 0] Start
2025-12-04 18:29:25,251 - all [Subject 11, Anchor 0, Epoch 1/300] Train Loss=0.0008 Train Acc=0.9195 Test Acc=0.6820 Best Acc=0.9039
2025-12-04 18:29:58,512 - all [Subject 11, Anchor 0, Epoch 2/300] Train Loss=0.0008 Train Acc=0.9154 Test Acc=0.6949 Best Acc=0.9039
2025-12-04 18:30:33,712 - all [Subject 11, Anchor 0, Epoch 3/300] Train Loss=0.0006 Train Acc=0.9542 Test Acc=0.7496 Best Acc=0.9039
2025-12-04 18:31:08,074 - all [Subject 11, Anchor 0, Epoch 4/300] Train Loss=0.0006 Train Acc=0.9453 Test Acc=0.7742 Best Acc=0.9039
2025-12-04 18:31:43,143 - all [Subject 11, Anchor 0, Epoch 5/300] Train Loss=0.0006 Train Acc=0.9385 Test Acc=0.7867 Best Acc=0.9039
2025-12-04 18:32:14,127 - all [Subject 11, Anchor 0, Epoch 6/300] Train Loss=0.0006 Train Acc=0.9561 Test Acc=0.7633 Best Acc=0.9039
2025-12-04 18:32:42,156 - all [Subject 11, Anchor 0, Epoch 7/300] Train Loss=0.0005 Train Acc=0.9696 Test Acc=0.7730 Best Acc=0.9039
2025-12-04 18:33:14,734 - all [Subject 11, Anchor 0, Epoch 8/300] Train Loss=0.0004 Train Acc=0.9948 Test Acc=0.7629 Best Acc=0.9039
2025-12-04 18:33:49,060 - all [Subject 11, Anchor 0, Epoch 9/300] Train Loss=0.0003 Train Acc=0.9999 Test Acc=0.7516 Best Acc=0.9039
2025-12-04 18:34:18,446 - all [Subject 11, Anchor 0, Epoch 10/300] Train Loss=0.0003 Train Acc=1.0000 Test Acc=0.7527 Best Acc=0.9039
2025-12-04 18:34:45,453 - all [Subject 11, Anchor 0, Epoch 11/300] Train Loss=0.0003 Train Acc=1.0000 Test Acc=0.7520 Best Acc=0.9039
2025-12-04 18:35:11,841 - all [Subject 11, Anchor 0, Epoch 12/300] Train Loss=0.0003 Train Acc=1.0000 Test Acc=0.7551 Best Acc=0.9039
2025-12-04 18:35:40,684 - all [Subject 11, Anchor 0, Epoch 13/300] Train Loss=0.0003 Train Acc=1.0000 Test Acc=0.7660 Best Acc=0.9039
2025-12-04 18:36:13,064 - all [Subject 11, Anchor 0, Epoch 14/300] Train Loss=0.0003 Train Acc=1.0000 Test Acc=0.7527 Best Acc=0.9039
2025-12-04 18:36:42,444 - all [Subject 11, Anchor 0, Epoch 15/300] Train Loss=0.0003 Train Acc=1.0000 Test Acc=0.7516 Best Acc=0.9039
2025-12-04 18:37:10,146 - all [Subject 11, Anchor 0, Epoch 16/300] Train Loss=0.0005 Train Acc=0.9770 Test Acc=0.7016 Best Acc=0.9039
2025-12-04 18:37:34,717 - all [Subject 11, Anchor 0, Epoch 17/300] Train Loss=0.0007 Train Acc=0.9379 Test Acc=0.6750 Best Acc=0.9039
2025-12-04 18:38:04,393 - all [Subject 11, Anchor 0, Epoch 18/300] Train Loss=0.0007 Train Acc=0.9342 Test Acc=0.6066 Best Acc=0.9039
2025-12-04 18:38:36,627 - all [Subject 11, Anchor 0, Epoch 19/300] Train Loss=0.0005 Train Acc=0.9707 Test Acc=0.7695 Best Acc=0.9039
2025-12-04 18:39:03,937 - all [Subject 11, Anchor 0, Epoch 20/300] Train Loss=0.0005 Train Acc=0.9797 Test Acc=0.6160 Best Acc=0.9039
2025-12-04 18:39:34,044 - all [Subject 11, Anchor 0, Epoch 21/300] Train Loss=0.0005 Train Acc=0.9629 Test Acc=0.7691 Best Acc=0.9039
2025-12-04 18:40:02,866 - all [Subject 11, Anchor 0, Epoch 22/300] Train Loss=0.0004 Train Acc=0.9892 Test Acc=0.6285 Best Acc=0.9039
2025-12-04 18:40:35,332 - all [Subject 11, Anchor 0, Epoch 23/300] Train Loss=0.0004 Train Acc=0.9990 Test Acc=0.6602 Best Acc=0.9039
2025-12-04 18:41:05,913 - all [Subject 11, Anchor 0, Epoch 24/300] Train Loss=0.0004 Train Acc=1.0000 Test Acc=0.6605 Best Acc=0.9039
2025-12-04 18:41:36,960 - all [Subject 11, Anchor 0, Epoch 25/300] Train Loss=0.0004 Train Acc=1.0000 Test Acc=0.6863 Best Acc=0.9039
2025-12-04 18:42:09,927 - all [Subject 11, Anchor 0, Epoch 26/300] Train Loss=0.0003 Train Acc=1.0000 Test Acc=0.6957 Best Acc=0.9039
2025-12-04 18:42:37,523 - all [Subject 11, Anchor 0, Epoch 27/300] Train Loss=0.0004 Train Acc=0.9999 Test Acc=0.7098 Best Acc=0.9039
2025-12-04 18:43:09,924 - all [Subject 11, Anchor 0, Epoch 28/300] Train Loss=0.0004 Train Acc=1.0000 Test Acc=0.7250 Best Acc=0.9039
2025-12-04 18:43:38,338 - all [Subject 11, Anchor 0, Epoch 29/300] Train Loss=0.0004 Train Acc=0.9998 Test Acc=0.7055 Best Acc=0.9039
2025-12-04 18:44:06,794 - all [Subject 11, Anchor 0, Epoch 30/300] Train Loss=0.0003 Train Acc=1.0000 Test Acc=0.7027 Best Acc=0.9039
2025-12-04 18:44:40,823 - all [Subject 11, Anchor 0, Epoch 31/300] Train Loss=0.0004 Train Acc=1.0000 Test Acc=0.6965 Best Acc=0.9039
2025-12-04 18:45:10,820 - all [Subject 11, Anchor 0, Epoch 32/300] Train Loss=0.0004 Train Acc=1.0000 Test Acc=0.7004 Best Acc=0.9039
2025-12-04 18:45:56,411 - all [Subject 11, Anchor 0, Epoch 33/300] Train Loss=0.0004 Train Acc=1.0000 Test Acc=0.7031 Best Acc=0.9039
2025-12-04 18:46:26,124 - all [Subject 11, Anchor 0, Epoch 34/300] Train Loss=0.0004 Train Acc=1.0000 Test Acc=0.6855 Best Acc=0.9039
2025-12-04 18:47:03,280 - all [Subject 11, Anchor 0, Epoch 35/300] Train Loss=0.0004 Train Acc=0.9999 Test Acc=0.7113 Best Acc=0.9039
2025-12-04 18:47:34,703 - all [Subject 11, Anchor 0, Epoch 36/300] Train Loss=0.0007 Train Acc=0.9348 Test Acc=0.6844 Best Acc=0.9039
2025-12-04 18:48:02,277 - all [Subject 11, Anchor 0, Epoch 37/300] Train Loss=0.0006 Train Acc=0.9555 Test Acc=0.7805 Best Acc=0.9039
2025-12-04 18:48:32,714 - all [Subject 11, Anchor 0, Epoch 38/300] Train Loss=0.0007 Train Acc=0.9384 Test Acc=0.7277 Best Acc=0.9039
2025-12-04 18:49:00,133 - all [Subject 11, Anchor 0, Epoch 39/300] Train Loss=0.0005 Train Acc=0.9722 Test Acc=0.8648 Best Acc=0.9039
2025-12-04 18:49:26,904 - all [Subject 11, Anchor 0, Epoch 40/300] Train Loss=0.0004 Train Acc=0.9868 Test Acc=0.7727 Best Acc=0.9039
2025-12-04 18:49:56,903 - all [Subject 11, Anchor 0, Epoch 41/300] Train Loss=0.0003 Train Acc=1.0000 Test Acc=0.7773 Best Acc=0.9039
2025-12-04 18:50:21,069 - all [Subject 11, Anchor 0, Epoch 42/300] Train Loss=0.0003 Train Acc=1.0000 Test Acc=0.7820 Best Acc=0.9039
2025-12-04 18:50:52,415 - all [Subject 11, Anchor 0, Epoch 43/300] Train Loss=0.0003 Train Acc=1.0000 Test Acc=0.7855 Best Acc=0.9039
2025-12-04 18:51:28,454 - all [Subject 11, Anchor 0, Epoch 44/300] Train Loss=0.0004 Train Acc=1.0000 Test Acc=0.7699 Best Acc=0.9039
2025-12-04 18:51:59,743 - all [Subject 11, Anchor 0, Epoch 45/300] Train Loss=0.0004 Train Acc=1.0000 Test Acc=0.7789 Best Acc=0.9039
2025-12-04 18:52:25,817 - all [Subject 11, Anchor 0, Epoch 46/300] Train Loss=0.0004 Train Acc=1.0000 Test Acc=0.7809 Best Acc=0.9039
2025-12-04 18:52:50,369 - all [Subject 11, Anchor 0, Epoch 47/300] Train Loss=0.0004 Train Acc=1.0000 Test Acc=0.7832 Best Acc=0.9039
2025-12-04 18:53:17,086 - all [Subject 11, Anchor 0, Epoch 48/300] Train Loss=0.0004 Train Acc=1.0000 Test Acc=0.7898 Best Acc=0.9039
2025-12-04 18:53:40,452 - all [Subject 11, Anchor 0, Epoch 49/300] Train Loss=0.0004 Train Acc=1.0000 Test Acc=0.7883 Best Acc=0.9039
2025-12-04 18:54:06,456 - all [Subject 11, Anchor 0, Epoch 50/300] Train Loss=0.0004 Train Acc=1.0000 Test Acc=0.7887 Best Acc=0.9039
2025-12-04 18:54:30,023 - all [Subject 11, Anchor 0, Epoch 51/300] Train Loss=0.0004 Train Acc=1.0000 Test Acc=0.7867 Best Acc=0.9039
2025-12-04 18:54:52,971 - all [Subject 11, Anchor 0, Epoch 52/300] Train Loss=0.0004 Train Acc=1.0000 Test Acc=0.7629 Best Acc=0.9039
2025-12-04 18:55:19,599 - all [Subject 11, Anchor 0, Epoch 53/300] Train Loss=0.0005 Train Acc=0.9778 Test Acc=0.7105 Best Acc=0.9039
2025-12-04 18:55:43,111 - all [Subject 11, Anchor 0, Epoch 54/300] Train Loss=0.0005 Train Acc=0.9748 Test Acc=0.6141 Best Acc=0.9039
2025-12-04 18:56:12,147 - all [Subject 11, Anchor 0, Epoch 55/300] Train Loss=0.0005 Train Acc=0.9688 Test Acc=0.6750 Best Acc=0.9039
2025-12-04 18:56:36,605 - all [Subject 11, Anchor 0, Epoch 56/300] Train Loss=0.0004 Train Acc=0.9940 Test Acc=0.7758 Best Acc=0.9039
2025-12-04 18:57:04,430 - all [Subject 11, Anchor 0, Epoch 57/300] Train Loss=0.0003 Train Acc=1.0000 Test Acc=0.7844 Best Acc=0.9039
2025-12-04 18:57:35,359 - all [Subject 11, Anchor 0, Epoch 58/300] Train Loss=0.0003 Train Acc=1.0000 Test Acc=0.7844 Best Acc=0.9039
2025-12-04 18:58:02,157 - all [Subject 11, Anchor 0, Epoch 59/300] Train Loss=0.0004 Train Acc=1.0000 Test Acc=0.7875 Best Acc=0.9039
2025-12-04 18:58:31,125 - all [Subject 11, Anchor 0, Epoch 60/300] Train Loss=0.0004 Train Acc=1.0000 Test Acc=0.7863 Best Acc=0.9039
2025-12-04 18:58:58,350 - all [Subject 11, Anchor 0, Epoch 61/300] Train Loss=0.0004 Train Acc=1.0000 Test Acc=0.7812 Best Acc=0.9039
2025-12-04 18:59:28,008 - all [Subject 11, Anchor 0, Epoch 62/300] Train Loss=0.0004 Train Acc=1.0000 Test Acc=0.7805 Best Acc=0.9039
2025-12-04 18:59:55,273 - all [Subject 11, Anchor 0, Epoch 63/300] Train Loss=0.0004 Train Acc=1.0000 Test Acc=0.7754 Best Acc=0.9039
2025-12-04 19:00:20,678 - all [Subject 11, Anchor 0, Epoch 64/300] Train Loss=0.0004 Train Acc=1.0000 Test Acc=0.7738 Best Acc=0.9039
2025-12-04 19:01:12,395 - all [Subject 11, Anchor 0, Epoch 65/300] Train Loss=0.0004 Train Acc=1.0000 Test Acc=0.7770 Best Acc=0.9039
2025-12-04 19:02:00,447 - all [Subject 11, Anchor 0, Epoch 66/300] Train Loss=0.0004 Train Acc=1.0000 Test Acc=0.7773 Best Acc=0.9039
2025-12-04 19:02:47,087 - all [Subject 11, Anchor 0, Epoch 67/300] Train Loss=0.0004 Train Acc=1.0000 Test Acc=0.7750 Best Acc=0.9039
2025-12-04 19:03:20,678 - all [Subject 11, Anchor 0, Epoch 68/300] Train Loss=0.0004 Train Acc=1.0000 Test Acc=0.7762 Best Acc=0.9039
2025-12-04 19:03:53,435 - all [Subject 11, Anchor 0, Epoch 69/300] Train Loss=0.0004 Train Acc=1.0000 Test Acc=0.7730 Best Acc=0.9039
2025-12-04 19:04:29,133 - all [Subject 11, Anchor 0, Epoch 70/300] Train Loss=0.0004 Train Acc=1.0000 Test Acc=0.7762 Best Acc=0.9039
2025-12-04 19:05:01,516 - all [Subject 11, Anchor 0, Epoch 71/300] Train Loss=0.0003 Train Acc=1.0000 Test Acc=0.7773 Best Acc=0.9039
2025-12-04 19:05:35,015 - all [Subject 11, Anchor 0, Epoch 72/300] Train Loss=0.0003 Train Acc=1.0000 Test Acc=0.7785 Best Acc=0.9039
2025-12-04 19:06:06,189 - all [Subject 11, Anchor 0, Epoch 73/300] Train Loss=0.0003 Train Acc=1.0000 Test Acc=0.7762 Best Acc=0.9039
