2025-12-04 17:01:28,067 - === GLAE, leaving subject 7 for test ===
2025-12-04 17:08:55,082 - =========================Subject 7, Anchor 0===========================
2025-12-04 17:10:20,364 - anchor [Subject 7, Anchor 0, Epoch 1/150] Train Loss=0.0001 Train Acc=0.9875 Test Acc=0.8609 Best Acc=0.8609
2025-12-04 17:10:24,136 - anchor [Subject 7, Anchor 0, Epoch 2/150] Train Loss=0.0000 Train Acc=0.9902 Test Acc=0.8336 Best Acc=0.8609
2025-12-04 17:10:27,729 - anchor [Subject 7, Anchor 0, Epoch 3/150] Train Loss=0.0000 Train Acc=0.9930 Test Acc=0.8199 Best Acc=0.8609
2025-12-04 17:10:31,374 - anchor [Subject 7, Anchor 0, Epoch 4/150] Train Loss=0.0000 Train Acc=0.9918 Test Acc=0.8145 Best Acc=0.8609
2025-12-04 17:10:36,987 - anchor [Subject 7, Anchor 0, Epoch 5/150] Train Loss=0.0000 Train Acc=0.9941 Test Acc=0.8133 Best Acc=0.8609
2025-12-04 17:10:42,601 - anchor [Subject 7, Anchor 0, Epoch 6/150] Train Loss=0.0000 Train Acc=0.9949 Test Acc=0.8086 Best Acc=0.8609
2025-12-04 17:10:48,000 - anchor [Subject 7, Anchor 0, Epoch 7/150] Train Loss=0.0000 Train Acc=0.9941 Test Acc=0.8070 Best Acc=0.8609
2025-12-04 17:10:54,222 - anchor [Subject 7, Anchor 0, Epoch 8/150] Train Loss=0.0000 Train Acc=0.9914 Test Acc=0.8051 Best Acc=0.8609
2025-12-04 17:10:58,556 - anchor [Subject 7, Anchor 0, Epoch 9/150] Train Loss=0.0000 Train Acc=0.9953 Test Acc=0.8039 Best Acc=0.8609
2025-12-04 17:11:03,833 - anchor [Subject 7, Anchor 0, Epoch 10/150] Train Loss=0.0000 Train Acc=0.9961 Test Acc=0.8008 Best Acc=0.8609
2025-12-04 17:11:06,734 - anchor [Subject 7, Anchor 0, Epoch 11/150] Train Loss=0.0000 Train Acc=0.9961 Test Acc=0.7953 Best Acc=0.8609
2025-12-04 17:11:09,861 - anchor [Subject 7, Anchor 0, Epoch 12/150] Train Loss=0.0000 Train Acc=0.9973 Test Acc=0.7930 Best Acc=0.8609
2025-12-04 17:11:13,740 - anchor [Subject 7, Anchor 0, Epoch 13/150] Train Loss=0.0000 Train Acc=0.9973 Test Acc=0.7930 Best Acc=0.8609
2025-12-04 17:11:18,468 - anchor [Subject 7, Anchor 0, Epoch 14/150] Train Loss=0.0000 Train Acc=0.9973 Test Acc=0.7918 Best Acc=0.8609
2025-12-04 17:11:22,874 - anchor [Subject 7, Anchor 0, Epoch 15/150] Train Loss=0.0000 Train Acc=0.9977 Test Acc=0.7895 Best Acc=0.8609
2025-12-04 17:11:26,205 - anchor [Subject 7, Anchor 0, Epoch 16/150] Train Loss=0.0000 Train Acc=0.9969 Test Acc=0.7875 Best Acc=0.8609
2025-12-04 17:11:31,057 - anchor [Subject 7, Anchor 0, Epoch 17/150] Train Loss=0.0000 Train Acc=0.9977 Test Acc=0.7855 Best Acc=0.8609
2025-12-04 17:11:35,668 - anchor [Subject 7, Anchor 0, Epoch 18/150] Train Loss=0.0000 Train Acc=0.9977 Test Acc=0.7828 Best Acc=0.8609
2025-12-04 17:11:38,645 - anchor [Subject 7, Anchor 0, Epoch 19/150] Train Loss=0.0000 Train Acc=0.9969 Test Acc=0.7840 Best Acc=0.8609
2025-12-04 17:11:41,079 - anchor [Subject 7, Anchor 0, Epoch 20/150] Train Loss=0.0000 Train Acc=0.9977 Test Acc=0.7855 Best Acc=0.8609
2025-12-04 17:11:43,732 - anchor [Subject 7, Anchor 0, Epoch 21/150] Train Loss=0.0000 Train Acc=0.9988 Test Acc=0.7875 Best Acc=0.8609
2025-12-04 17:11:47,414 - anchor [Subject 7, Anchor 0, Epoch 22/150] Train Loss=0.0000 Train Acc=0.9969 Test Acc=0.7914 Best Acc=0.8609
2025-12-04 17:11:51,090 - anchor [Subject 7, Anchor 0, Epoch 23/150] Train Loss=0.0000 Train Acc=0.9980 Test Acc=0.7937 Best Acc=0.8609
2025-12-04 17:11:54,900 - anchor [Subject 7, Anchor 0, Epoch 24/150] Train Loss=0.0000 Train Acc=0.9980 Test Acc=0.7934 Best Acc=0.8609
2025-12-04 17:11:57,557 - anchor [Subject 7, Anchor 0, Epoch 25/150] Train Loss=0.0000 Train Acc=0.9973 Test Acc=0.7934 Best Acc=0.8609
2025-12-04 17:12:02,052 - anchor [Subject 7, Anchor 0, Epoch 26/150] Train Loss=0.0000 Train Acc=1.0000 Test Acc=0.7918 Best Acc=0.8609
2025-12-04 17:12:04,020 - anchor [Subject 7, Anchor 0, Epoch 27/150] Train Loss=0.0000 Train Acc=0.9977 Test Acc=0.7902 Best Acc=0.8609
2025-12-04 17:12:06,484 - anchor [Subject 7, Anchor 0, Epoch 28/150] Train Loss=0.0000 Train Acc=0.9988 Test Acc=0.7879 Best Acc=0.8609
2025-12-04 17:12:08,606 - anchor [Subject 7, Anchor 0, Epoch 29/150] Train Loss=0.0000 Train Acc=0.9984 Test Acc=0.7887 Best Acc=0.8609
2025-12-04 17:12:12,498 - anchor [Subject 7, Anchor 0, Epoch 30/150] Train Loss=0.0000 Train Acc=0.9992 Test Acc=0.7875 Best Acc=0.8609
2025-12-04 17:12:16,201 - anchor [Subject 7, Anchor 0, Epoch 31/150] Train Loss=0.0000 Train Acc=0.9992 Test Acc=0.7871 Best Acc=0.8609
2025-12-04 17:12:20,204 - anchor [Subject 7, Anchor 0, Epoch 32/150] Train Loss=0.0000 Train Acc=0.9992 Test Acc=0.7855 Best Acc=0.8609
2025-12-04 17:12:23,111 - anchor [Subject 7, Anchor 0, Epoch 33/150] Train Loss=0.0000 Train Acc=0.9984 Test Acc=0.7852 Best Acc=0.8609
2025-12-04 17:12:28,262 - anchor [Subject 7, Anchor 0, Epoch 34/150] Train Loss=0.0000 Train Acc=0.9992 Test Acc=0.7840 Best Acc=0.8609
2025-12-04 17:12:34,467 - anchor [Subject 7, Anchor 0, Epoch 35/150] Train Loss=0.0000 Train Acc=1.0000 Test Acc=0.7832 Best Acc=0.8609
2025-12-04 17:12:38,236 - anchor [Subject 7, Anchor 0, Epoch 36/150] Train Loss=0.0000 Train Acc=0.9992 Test Acc=0.7828 Best Acc=0.8609
2025-12-04 17:12:49,558 - anchor [Subject 7, Anchor 0, Epoch 37/150] Train Loss=0.0000 Train Acc=0.9988 Test Acc=0.7832 Best Acc=0.8609
2025-12-04 17:12:53,131 - anchor [Subject 7, Anchor 0, Epoch 38/150] Train Loss=0.0000 Train Acc=1.0000 Test Acc=0.7844 Best Acc=0.8609
2025-12-04 17:12:55,379 - anchor [Subject 7, Anchor 0, Epoch 39/150] Train Loss=0.0000 Train Acc=0.9996 Test Acc=0.7844 Best Acc=0.8609
2025-12-04 17:13:02,210 - anchor [Subject 7, Anchor 0, Epoch 40/150] Train Loss=0.0000 Train Acc=0.9992 Test Acc=0.7844 Best Acc=0.8609
2025-12-04 17:13:06,502 - anchor [Subject 7, Anchor 0, Epoch 41/150] Train Loss=0.0000 Train Acc=1.0000 Test Acc=0.7840 Best Acc=0.8609
2025-12-04 17:13:11,298 - anchor [Subject 7, Anchor 0, Epoch 42/150] Train Loss=0.0000 Train Acc=1.0000 Test Acc=0.7832 Best Acc=0.8609
2025-12-04 17:13:17,906 - anchor [Subject 7, Anchor 0, Epoch 43/150] Train Loss=0.0000 Train Acc=0.9992 Test Acc=0.7824 Best Acc=0.8609
2025-12-04 17:13:23,241 - anchor [Subject 7, Anchor 0, Epoch 44/150] Train Loss=0.0000 Train Acc=1.0000 Test Acc=0.7820 Best Acc=0.8609
2025-12-04 17:13:25,778 - anchor [Subject 7, Anchor 0, Epoch 45/150] Train Loss=0.0000 Train Acc=0.9996 Test Acc=0.7820 Best Acc=0.8609
2025-12-04 17:13:28,543 - anchor [Subject 7, Anchor 0, Epoch 46/150] Train Loss=0.0000 Train Acc=0.9996 Test Acc=0.7793 Best Acc=0.8609
2025-12-04 17:13:32,695 - anchor [Subject 7, Anchor 0, Epoch 47/150] Train Loss=0.0000 Train Acc=1.0000 Test Acc=0.7781 Best Acc=0.8609
2025-12-04 17:13:38,191 - anchor [Subject 7, Anchor 0, Epoch 48/150] Train Loss=0.0000 Train Acc=0.9996 Test Acc=0.7781 Best Acc=0.8609
2025-12-04 17:13:41,449 - anchor [Subject 7, Anchor 0, Epoch 49/150] Train Loss=0.0000 Train Acc=1.0000 Test Acc=0.7785 Best Acc=0.8609
2025-12-04 17:13:45,763 - anchor [Subject 7, Anchor 0, Epoch 50/150] Train Loss=0.0000 Train Acc=1.0000 Test Acc=0.7754 Best Acc=0.8609
2025-12-04 17:13:51,279 - anchor [Subject 7, Anchor 0, Epoch 51/150] Train Loss=0.0000 Train Acc=0.9996 Test Acc=0.7754 Best Acc=0.8609
2025-12-04 17:13:57,763 - anchor [Subject 7, Anchor 0, Epoch 52/150] Train Loss=0.0000 Train Acc=1.0000 Test Acc=0.7750 Best Acc=0.8609
2025-12-04 17:14:02,889 - anchor [Subject 7, Anchor 0, Epoch 53/150] Train Loss=0.0000 Train Acc=1.0000 Test Acc=0.7750 Best Acc=0.8609
2025-12-04 17:14:09,794 - anchor [Subject 7, Anchor 0, Epoch 54/150] Train Loss=0.0000 Train Acc=1.0000 Test Acc=0.7750 Best Acc=0.8609
2025-12-04 17:14:14,908 - anchor [Subject 7, Anchor 0, Epoch 55/150] Train Loss=0.0000 Train Acc=1.0000 Test Acc=0.7754 Best Acc=0.8609
2025-12-04 17:14:21,458 - anchor [Subject 7, Anchor 0, Epoch 56/150] Train Loss=0.0000 Train Acc=1.0000 Test Acc=0.7758 Best Acc=0.8609
2025-12-04 17:14:25,901 - anchor [Subject 7, Anchor 0, Epoch 57/150] Train Loss=0.0000 Train Acc=1.0000 Test Acc=0.7770 Best Acc=0.8609
2025-12-04 17:14:28,250 - anchor [Subject 7, Anchor 0, Epoch 58/150] Train Loss=0.0000 Train Acc=1.0000 Test Acc=0.7770 Best Acc=0.8609
2025-12-04 17:14:32,687 - anchor [Subject 7, Anchor 0, Epoch 59/150] Train Loss=0.0000 Train Acc=0.9996 Test Acc=0.7793 Best Acc=0.8609
2025-12-04 17:14:45,191 - anchor [Subject 7, Anchor 0, Epoch 60/150] Train Loss=0.0000 Train Acc=1.0000 Test Acc=0.7793 Best Acc=0.8609
2025-12-04 17:14:50,965 - anchor [Subject 7, Anchor 0, Epoch 61/150] Train Loss=0.0000 Train Acc=1.0000 Test Acc=0.7801 Best Acc=0.8609
2025-12-04 17:14:55,623 - anchor [Subject 7, Anchor 0, Epoch 62/150] Train Loss=0.0000 Train Acc=1.0000 Test Acc=0.7801 Best Acc=0.8609
2025-12-04 17:14:59,540 - anchor [Subject 7, Anchor 0, Epoch 63/150] Train Loss=0.0000 Train Acc=1.0000 Test Acc=0.7801 Best Acc=0.8609
2025-12-04 17:15:02,978 - anchor [Subject 7, Anchor 0, Epoch 64/150] Train Loss=0.0000 Train Acc=1.0000 Test Acc=0.7793 Best Acc=0.8609
2025-12-04 17:15:05,414 - anchor [Subject 7, Anchor 0, Epoch 65/150] Train Loss=0.0000 Train Acc=1.0000 Test Acc=0.7797 Best Acc=0.8609
2025-12-04 17:15:09,470 - anchor [Subject 7, Anchor 0, Epoch 66/150] Train Loss=0.0000 Train Acc=1.0000 Test Acc=0.7777 Best Acc=0.8609
2025-12-04 17:15:15,436 - anchor [Subject 7, Anchor 0, Epoch 67/150] Train Loss=0.0000 Train Acc=1.0000 Test Acc=0.7754 Best Acc=0.8609
2025-12-04 17:15:18,583 - anchor [Subject 7, Anchor 0, Epoch 68/150] Train Loss=0.0000 Train Acc=1.0000 Test Acc=0.7750 Best Acc=0.8609
2025-12-04 17:15:23,370 - anchor [Subject 7, Anchor 0, Epoch 69/150] Train Loss=0.0000 Train Acc=1.0000 Test Acc=0.7746 Best Acc=0.8609
2025-12-04 17:15:26,460 - anchor [Subject 7, Anchor 0, Epoch 70/150] Train Loss=0.0000 Train Acc=1.0000 Test Acc=0.7742 Best Acc=0.8609
2025-12-04 17:15:31,401 - anchor [Subject 7, Anchor 0, Epoch 71/150] Train Loss=0.0000 Train Acc=1.0000 Test Acc=0.7742 Best Acc=0.8609
2025-12-04 17:15:35,194 - anchor [Subject 7, Anchor 0, Epoch 72/150] Train Loss=0.0000 Train Acc=1.0000 Test Acc=0.7746 Best Acc=0.8609
2025-12-04 17:15:37,401 - anchor [Subject 7, Anchor 0, Epoch 73/150] Train Loss=0.0000 Train Acc=1.0000 Test Acc=0.7742 Best Acc=0.8609
2025-12-04 17:15:40,395 - anchor [Subject 7, Anchor 0, Epoch 74/150] Train Loss=0.0000 Train Acc=1.0000 Test Acc=0.7750 Best Acc=0.8609
2025-12-04 17:15:43,025 - anchor [Subject 7, Anchor 0, Epoch 75/150] Train Loss=0.0000 Train Acc=0.9996 Test Acc=0.7754 Best Acc=0.8609
2025-12-04 17:15:44,778 - anchor [Subject 7, Anchor 0, Epoch 76/150] Train Loss=0.0000 Train Acc=1.0000 Test Acc=0.7770 Best Acc=0.8609
2025-12-04 17:15:48,459 - anchor [Subject 7, Anchor 0, Epoch 77/150] Train Loss=0.0000 Train Acc=1.0000 Test Acc=0.7773 Best Acc=0.8609
2025-12-04 17:15:52,221 - anchor [Subject 7, Anchor 0, Epoch 78/150] Train Loss=0.0000 Train Acc=1.0000 Test Acc=0.7762 Best Acc=0.8609
2025-12-04 17:15:54,647 - anchor [Subject 7, Anchor 0, Epoch 79/150] Train Loss=0.0000 Train Acc=0.9996 Test Acc=0.7758 Best Acc=0.8609
2025-12-04 17:15:57,163 - anchor [Subject 7, Anchor 0, Epoch 80/150] Train Loss=0.0000 Train Acc=1.0000 Test Acc=0.7766 Best Acc=0.8609
2025-12-04 17:16:01,079 - anchor [Subject 7, Anchor 0, Epoch 81/150] Train Loss=0.0000 Train Acc=1.0000 Test Acc=0.7773 Best Acc=0.8609
2025-12-04 17:16:09,393 - anchor [Subject 7, Anchor 0, Epoch 82/150] Train Loss=0.0000 Train Acc=1.0000 Test Acc=0.7789 Best Acc=0.8609
2025-12-04 17:16:13,964 - anchor [Subject 7, Anchor 0, Epoch 83/150] Train Loss=0.0000 Train Acc=1.0000 Test Acc=0.7793 Best Acc=0.8609
2025-12-04 17:16:18,049 - anchor [Subject 7, Anchor 0, Epoch 84/150] Train Loss=0.0000 Train Acc=1.0000 Test Acc=0.7793 Best Acc=0.8609
2025-12-04 17:16:20,893 - anchor [Subject 7, Anchor 0, Epoch 85/150] Train Loss=0.0000 Train Acc=1.0000 Test Acc=0.7793 Best Acc=0.8609
2025-12-04 17:16:23,443 - anchor [Subject 7, Anchor 0, Epoch 86/150] Train Loss=0.0000 Train Acc=1.0000 Test Acc=0.7793 Best Acc=0.8609
2025-12-04 17:16:26,584 - anchor [Subject 7, Anchor 0, Epoch 87/150] Train Loss=0.0000 Train Acc=1.0000 Test Acc=0.7785 Best Acc=0.8609
2025-12-04 17:16:29,706 - anchor [Subject 7, Anchor 0, Epoch 88/150] Train Loss=0.0000 Train Acc=0.9996 Test Acc=0.7777 Best Acc=0.8609
2025-12-04 17:16:33,081 - anchor [Subject 7, Anchor 0, Epoch 89/150] Train Loss=0.0000 Train Acc=1.0000 Test Acc=0.7773 Best Acc=0.8609
2025-12-04 17:16:37,007 - anchor [Subject 7, Anchor 0, Epoch 90/150] Train Loss=0.0000 Train Acc=1.0000 Test Acc=0.7762 Best Acc=0.8609
2025-12-04 17:16:39,841 - anchor [Subject 7, Anchor 0, Epoch 91/150] Train Loss=0.0000 Train Acc=1.0000 Test Acc=0.7766 Best Acc=0.8609
2025-12-04 17:16:41,328 - anchor [Subject 7, Anchor 0, Epoch 92/150] Train Loss=0.0000 Train Acc=1.0000 Test Acc=0.7773 Best Acc=0.8609
2025-12-04 17:16:43,474 - anchor [Subject 7, Anchor 0, Epoch 93/150] Train Loss=0.0000 Train Acc=1.0000 Test Acc=0.7773 Best Acc=0.8609
2025-12-04 17:16:46,778 - anchor [Subject 7, Anchor 0, Epoch 94/150] Train Loss=0.0000 Train Acc=1.0000 Test Acc=0.7773 Best Acc=0.8609
2025-12-04 17:16:48,528 - anchor [Subject 7, Anchor 0, Epoch 95/150] Train Loss=0.0000 Train Acc=1.0000 Test Acc=0.7773 Best Acc=0.8609
2025-12-04 17:16:50,459 - anchor [Subject 7, Anchor 0, Epoch 96/150] Train Loss=0.0000 Train Acc=1.0000 Test Acc=0.7773 Best Acc=0.8609
2025-12-04 17:16:51,917 - anchor [Subject 7, Anchor 0, Epoch 97/150] Train Loss=0.0000 Train Acc=1.0000 Test Acc=0.7773 Best Acc=0.8609
2025-12-04 17:16:53,535 - anchor [Subject 7, Anchor 0, Epoch 98/150] Train Loss=0.0000 Train Acc=1.0000 Test Acc=0.7777 Best Acc=0.8609
2025-12-04 17:16:55,552 - anchor [Subject 7, Anchor 0, Epoch 99/150] Train Loss=0.0000 Train Acc=1.0000 Test Acc=0.7781 Best Acc=0.8609
2025-12-04 17:16:57,668 - anchor [Subject 7, Anchor 0, Epoch 100/150] Train Loss=0.0000 Train Acc=1.0000 Test Acc=0.7781 Best Acc=0.8609
2025-12-04 17:16:59,217 - anchor [Subject 7, Anchor 0, Epoch 101/150] Train Loss=0.0000 Train Acc=1.0000 Test Acc=0.7789 Best Acc=0.8609
2025-12-04 17:17:02,255 - anchor [Subject 7, Anchor 0, Epoch 102/150] Train Loss=0.0000 Train Acc=0.9996 Test Acc=0.7781 Best Acc=0.8609
2025-12-04 17:17:05,201 - anchor [Subject 7, Anchor 0, Epoch 103/150] Train Loss=0.0000 Train Acc=1.0000 Test Acc=0.7727 Best Acc=0.8609
2025-12-04 17:17:11,207 - anchor [Subject 7, Anchor 0, Epoch 104/150] Train Loss=0.0000 Train Acc=1.0000 Test Acc=0.7719 Best Acc=0.8609
2025-12-04 17:17:14,047 - anchor [Subject 7, Anchor 0, Epoch 105/150] Train Loss=0.0000 Train Acc=1.0000 Test Acc=0.7715 Best Acc=0.8609
2025-12-04 17:17:16,618 - anchor [Subject 7, Anchor 0, Epoch 106/150] Train Loss=0.0000 Train Acc=1.0000 Test Acc=0.7703 Best Acc=0.8609
2025-12-04 17:17:19,141 - anchor [Subject 7, Anchor 0, Epoch 107/150] Train Loss=0.0000 Train Acc=1.0000 Test Acc=0.7703 Best Acc=0.8609
2025-12-04 17:17:20,817 - anchor [Subject 7, Anchor 0, Epoch 108/150] Train Loss=0.0000 Train Acc=1.0000 Test Acc=0.7707 Best Acc=0.8609
2025-12-04 17:17:22,741 - anchor [Subject 7, Anchor 0, Epoch 109/150] Train Loss=0.0000 Train Acc=1.0000 Test Acc=0.7715 Best Acc=0.8609
2025-12-04 17:17:24,945 - anchor [Subject 7, Anchor 0, Epoch 110/150] Train Loss=0.0000 Train Acc=1.0000 Test Acc=0.7715 Best Acc=0.8609
2025-12-04 17:17:27,415 - anchor [Subject 7, Anchor 0, Epoch 111/150] Train Loss=0.0000 Train Acc=1.0000 Test Acc=0.7719 Best Acc=0.8609
2025-12-04 17:17:29,818 - anchor [Subject 7, Anchor 0, Epoch 112/150] Train Loss=0.0000 Train Acc=1.0000 Test Acc=0.7723 Best Acc=0.8609
2025-12-04 17:17:31,941 - anchor [Subject 7, Anchor 0, Epoch 113/150] Train Loss=0.0000 Train Acc=1.0000 Test Acc=0.7723 Best Acc=0.8609
2025-12-04 17:17:34,220 - anchor [Subject 7, Anchor 0, Epoch 114/150] Train Loss=0.0000 Train Acc=1.0000 Test Acc=0.7715 Best Acc=0.8609
2025-12-04 17:17:36,137 - anchor [Subject 7, Anchor 0, Epoch 115/150] Train Loss=0.0000 Train Acc=1.0000 Test Acc=0.7715 Best Acc=0.8609
2025-12-04 17:17:39,049 - anchor [Subject 7, Anchor 0, Epoch 116/150] Train Loss=0.0000 Train Acc=1.0000 Test Acc=0.7715 Best Acc=0.8609
2025-12-04 17:17:41,901 - anchor [Subject 7, Anchor 0, Epoch 117/150] Train Loss=0.0000 Train Acc=1.0000 Test Acc=0.7715 Best Acc=0.8609
2025-12-04 17:17:44,143 - anchor [Subject 7, Anchor 0, Epoch 118/150] Train Loss=0.0000 Train Acc=1.0000 Test Acc=0.7727 Best Acc=0.8609
2025-12-04 17:17:46,261 - anchor [Subject 7, Anchor 0, Epoch 119/150] Train Loss=0.0000 Train Acc=1.0000 Test Acc=0.7723 Best Acc=0.8609
2025-12-04 17:17:48,857 - anchor [Subject 7, Anchor 0, Epoch 120/150] Train Loss=0.0000 Train Acc=1.0000 Test Acc=0.7727 Best Acc=0.8609
2025-12-04 17:17:51,129 - anchor [Subject 7, Anchor 0, Epoch 121/150] Train Loss=0.0000 Train Acc=1.0000 Test Acc=0.7727 Best Acc=0.8609
2025-12-04 17:17:53,354 - anchor [Subject 7, Anchor 0, Epoch 122/150] Train Loss=0.0000 Train Acc=1.0000 Test Acc=0.7727 Best Acc=0.8609
2025-12-04 17:17:55,423 - anchor [Subject 7, Anchor 0, Epoch 123/150] Train Loss=0.0000 Train Acc=1.0000 Test Acc=0.7723 Best Acc=0.8609
2025-12-04 17:17:57,629 - anchor [Subject 7, Anchor 0, Epoch 124/150] Train Loss=0.0000 Train Acc=1.0000 Test Acc=0.7723 Best Acc=0.8609
2025-12-04 17:18:00,965 - anchor [Subject 7, Anchor 0, Epoch 125/150] Train Loss=0.0000 Train Acc=1.0000 Test Acc=0.7723 Best Acc=0.8609
2025-12-04 17:18:03,049 - anchor [Subject 7, Anchor 0, Epoch 126/150] Train Loss=0.0000 Train Acc=1.0000 Test Acc=0.7723 Best Acc=0.8609
2025-12-04 17:18:05,121 - anchor [Subject 7, Anchor 0, Epoch 127/150] Train Loss=0.0000 Train Acc=1.0000 Test Acc=0.7723 Best Acc=0.8609
2025-12-04 17:18:07,749 - anchor [Subject 7, Anchor 0, Epoch 128/150] Train Loss=0.0000 Train Acc=1.0000 Test Acc=0.7723 Best Acc=0.8609
2025-12-04 17:18:11,237 - anchor [Subject 7, Anchor 0, Epoch 129/150] Train Loss=0.0000 Train Acc=1.0000 Test Acc=0.7723 Best Acc=0.8609
2025-12-04 17:18:13,448 - anchor [Subject 7, Anchor 0, Epoch 130/150] Train Loss=0.0000 Train Acc=1.0000 Test Acc=0.7723 Best Acc=0.8609
2025-12-04 17:18:15,932 - anchor [Subject 7, Anchor 0, Epoch 131/150] Train Loss=0.0000 Train Acc=1.0000 Test Acc=0.7723 Best Acc=0.8609
2025-12-04 17:18:18,549 - anchor [Subject 7, Anchor 0, Epoch 132/150] Train Loss=0.0000 Train Acc=1.0000 Test Acc=0.7723 Best Acc=0.8609
2025-12-04 17:18:20,795 - anchor [Subject 7, Anchor 0, Epoch 133/150] Train Loss=0.0000 Train Acc=1.0000 Test Acc=0.7723 Best Acc=0.8609
2025-12-04 17:18:22,882 - anchor [Subject 7, Anchor 0, Epoch 134/150] Train Loss=0.0000 Train Acc=1.0000 Test Acc=0.7723 Best Acc=0.8609
2025-12-04 17:18:25,039 - anchor [Subject 7, Anchor 0, Epoch 135/150] Train Loss=0.0000 Train Acc=1.0000 Test Acc=0.7723 Best Acc=0.8609
2025-12-04 17:18:27,311 - anchor [Subject 7, Anchor 0, Epoch 136/150] Train Loss=0.0000 Train Acc=0.9996 Test Acc=0.7719 Best Acc=0.8609
2025-12-04 17:18:29,432 - anchor [Subject 7, Anchor 0, Epoch 137/150] Train Loss=0.0000 Train Acc=1.0000 Test Acc=0.7715 Best Acc=0.8609
2025-12-04 17:18:31,344 - anchor [Subject 7, Anchor 0, Epoch 138/150] Train Loss=0.0000 Train Acc=1.0000 Test Acc=0.7715 Best Acc=0.8609
2025-12-04 17:18:33,895 - anchor [Subject 7, Anchor 0, Epoch 139/150] Train Loss=0.0000 Train Acc=1.0000 Test Acc=0.7715 Best Acc=0.8609
2025-12-04 17:18:36,025 - anchor [Subject 7, Anchor 0, Epoch 140/150] Train Loss=0.0000 Train Acc=1.0000 Test Acc=0.7719 Best Acc=0.8609
2025-12-04 17:18:37,883 - anchor [Subject 7, Anchor 0, Epoch 141/150] Train Loss=0.0000 Train Acc=1.0000 Test Acc=0.7723 Best Acc=0.8609
2025-12-04 17:18:39,800 - anchor [Subject 7, Anchor 0, Epoch 142/150] Train Loss=0.0000 Train Acc=0.9996 Test Acc=0.7727 Best Acc=0.8609
2025-12-04 17:18:42,181 - anchor [Subject 7, Anchor 0, Epoch 143/150] Train Loss=0.0000 Train Acc=0.9996 Test Acc=0.7777 Best Acc=0.8609
2025-12-04 17:18:44,554 - anchor [Subject 7, Anchor 0, Epoch 144/150] Train Loss=0.0000 Train Acc=1.0000 Test Acc=0.7797 Best Acc=0.8609
2025-12-04 17:18:46,806 - anchor [Subject 7, Anchor 0, Epoch 145/150] Train Loss=0.0000 Train Acc=1.0000 Test Acc=0.7805 Best Acc=0.8609
2025-12-04 17:18:49,369 - anchor [Subject 7, Anchor 0, Epoch 146/150] Train Loss=0.0000 Train Acc=1.0000 Test Acc=0.7805 Best Acc=0.8609
2025-12-04 17:18:54,984 - anchor [Subject 7, Anchor 0, Epoch 147/150] Train Loss=0.0000 Train Acc=1.0000 Test Acc=0.7801 Best Acc=0.8609
2025-12-04 17:18:57,345 - anchor [Subject 7, Anchor 0, Epoch 148/150] Train Loss=0.0000 Train Acc=1.0000 Test Acc=0.7797 Best Acc=0.8609
2025-12-04 17:18:59,829 - anchor [Subject 7, Anchor 0, Epoch 149/150] Train Loss=0.0000 Train Acc=1.0000 Test Acc=0.7797 Best Acc=0.8609
2025-12-04 17:19:01,790 - anchor [Subject 7, Anchor 0, Epoch 150/150] Train Loss=0.0000 Train Acc=1.0000 Test Acc=0.7816 Best Acc=0.8609
2025-12-04 17:19:01,794 - labelAlign [Subject 7, Anchor 0 Target 1] Start
2025-12-04 17:19:09,858 - labelAlign [Subject 7, Anchor 0 Target 2] Start
2025-12-04 17:19:19,373 - labelAlign [Subject 7, Anchor 0 Target 3] Start
2025-12-04 17:19:28,030 - labelAlign [Subject 7, Anchor 0 Target 4] Start
2025-12-04 17:19:35,698 - labelAlign [Subject 7, Anchor 0 Target 5] Start
2025-12-04 17:19:42,896 - labelAlign [Subject 7, Anchor 0 Target 6] Start
2025-12-04 17:19:50,435 - labelAlign [Subject 7, Anchor 0 Target 7] Start
2025-12-04 17:20:03,456 - labelAlign [Subject 7, Anchor 0 Target 8] Start
2025-12-04 17:20:09,622 - labelAlign [Subject 7, Anchor 0 Target 9] Start
2025-12-04 17:20:21,287 - labelAlign [Subject 7, Anchor 0 Target 10] Start
2025-12-04 17:20:39,699 - labelAlign [Subject 7, Anchor 0 Target 11] Start
2025-12-04 17:20:47,573 - labelAlign [Subject 7, Anchor 0 Target 12] Start
2025-12-04 17:20:53,928 - labelAlign [Subject 7, Anchor 0 Target 13] Start
2025-12-04 17:21:31,035 - cls [Subject 7, Anchor 0, Epoch 1/150] Train Loss=0.0002 Train Acc=0.9928 Test Acc=0.8160 Best Acc=0.8609
2025-12-04 17:22:00,616 - cls [Subject 7, Anchor 0, Epoch 2/150] Train Loss=0.0001 Train Acc=0.9969 Test Acc=0.8184 Best Acc=0.8609
2025-12-04 17:22:28,882 - cls [Subject 7, Anchor 0, Epoch 3/150] Train Loss=0.0001 Train Acc=0.9972 Test Acc=0.8277 Best Acc=0.8609
2025-12-04 17:22:58,516 - cls [Subject 7, Anchor 0, Epoch 4/150] Train Loss=0.0001 Train Acc=0.9979 Test Acc=0.8449 Best Acc=0.8609
2025-12-04 17:23:30,423 - cls [Subject 7, Anchor 0, Epoch 5/150] Train Loss=0.0001 Train Acc=0.9986 Test Acc=0.8449 Best Acc=0.8609
2025-12-04 17:23:54,813 - cls [Subject 7, Anchor 0, Epoch 6/150] Train Loss=0.0001 Train Acc=0.9985 Test Acc=0.8453 Best Acc=0.8609
2025-12-04 17:24:21,509 - cls [Subject 7, Anchor 0, Epoch 7/150] Train Loss=0.0001 Train Acc=0.9987 Test Acc=0.8512 Best Acc=0.8609
2025-12-04 17:24:46,982 - cls [Subject 7, Anchor 0, Epoch 8/150] Train Loss=0.0001 Train Acc=0.9990 Test Acc=0.8508 Best Acc=0.8609
2025-12-04 17:25:14,889 - cls [Subject 7, Anchor 0, Epoch 9/150] Train Loss=0.0001 Train Acc=0.9987 Test Acc=0.8520 Best Acc=0.8609
2025-12-04 17:25:42,771 - cls [Subject 7, Anchor 0, Epoch 10/150] Train Loss=0.0001 Train Acc=0.9989 Test Acc=0.8516 Best Acc=0.8609
2025-12-04 17:26:11,857 - cls [Subject 7, Anchor 0, Epoch 11/150] Train Loss=0.0001 Train Acc=0.9990 Test Acc=0.8523 Best Acc=0.8609
2025-12-04 17:26:48,312 - cls [Subject 7, Anchor 0, Epoch 12/150] Train Loss=0.0001 Train Acc=0.9990 Test Acc=0.8523 Best Acc=0.8609
2025-12-04 17:27:17,083 - cls [Subject 7, Anchor 0, Epoch 13/150] Train Loss=0.0001 Train Acc=0.9989 Test Acc=0.8523 Best Acc=0.8609
2025-12-04 17:27:45,992 - cls [Subject 7, Anchor 0, Epoch 14/150] Train Loss=0.0001 Train Acc=0.9993 Test Acc=0.8523 Best Acc=0.8609
2025-12-04 17:28:12,221 - cls [Subject 7, Anchor 0, Epoch 15/150] Train Loss=0.0001 Train Acc=0.9989 Test Acc=0.8504 Best Acc=0.8609
2025-12-04 17:28:36,406 - cls [Subject 7, Anchor 0, Epoch 16/150] Train Loss=0.0001 Train Acc=0.9994 Test Acc=0.8535 Best Acc=0.8609
2025-12-04 17:29:05,064 - cls [Subject 7, Anchor 0, Epoch 17/150] Train Loss=0.0001 Train Acc=0.9992 Test Acc=0.8531 Best Acc=0.8609
2025-12-04 17:29:44,126 - cls [Subject 7, Anchor 0, Epoch 18/150] Train Loss=0.0001 Train Acc=0.9991 Test Acc=0.8527 Best Acc=0.8609
2025-12-04 17:30:16,475 - cls [Subject 7, Anchor 0, Epoch 19/150] Train Loss=0.0001 Train Acc=0.9992 Test Acc=0.8539 Best Acc=0.8609
2025-12-04 17:30:48,141 - cls [Subject 7, Anchor 0, Epoch 20/150] Train Loss=0.0001 Train Acc=0.9992 Test Acc=0.8535 Best Acc=0.8609
2025-12-04 17:31:24,328 - cls [Subject 7, Anchor 0, Epoch 21/150] Train Loss=0.0001 Train Acc=0.9993 Test Acc=0.8535 Best Acc=0.8609
2025-12-04 17:31:50,760 - cls [Subject 7, Anchor 0, Epoch 22/150] Train Loss=0.0001 Train Acc=0.9995 Test Acc=0.8535 Best Acc=0.8609
2025-12-04 17:32:26,563 - cls [Subject 7, Anchor 0, Epoch 23/150] Train Loss=0.0001 Train Acc=0.9992 Test Acc=0.8539 Best Acc=0.8609
2025-12-04 17:33:06,289 - cls [Subject 7, Anchor 0, Epoch 24/150] Train Loss=0.0001 Train Acc=0.9992 Test Acc=0.8535 Best Acc=0.8609
2025-12-04 17:33:42,254 - cls [Subject 7, Anchor 0, Epoch 25/150] Train Loss=0.0001 Train Acc=0.9993 Test Acc=0.8543 Best Acc=0.8609
2025-12-04 17:34:14,029 - cls [Subject 7, Anchor 0, Epoch 26/150] Train Loss=0.0001 Train Acc=0.9993 Test Acc=0.8539 Best Acc=0.8609
2025-12-04 17:34:42,978 - cls [Subject 7, Anchor 0, Epoch 27/150] Train Loss=0.0001 Train Acc=0.9994 Test Acc=0.8539 Best Acc=0.8609
2025-12-04 17:35:09,849 - cls [Subject 7, Anchor 0, Epoch 28/150] Train Loss=0.0001 Train Acc=0.9993 Test Acc=0.8539 Best Acc=0.8609
2025-12-04 17:35:35,216 - cls [Subject 7, Anchor 0, Epoch 29/150] Train Loss=0.0001 Train Acc=0.9995 Test Acc=0.8547 Best Acc=0.8609
2025-12-04 17:36:03,699 - cls [Subject 7, Anchor 0, Epoch 30/150] Train Loss=0.0001 Train Acc=0.9994 Test Acc=0.8555 Best Acc=0.8609
2025-12-04 17:36:30,779 - cls [Subject 7, Anchor 0, Epoch 31/150] Train Loss=0.0001 Train Acc=0.9996 Test Acc=0.8543 Best Acc=0.8609
2025-12-04 17:36:57,260 - cls [Subject 7, Anchor 0, Epoch 32/150] Train Loss=0.0001 Train Acc=0.9994 Test Acc=0.8543 Best Acc=0.8609
2025-12-04 17:37:24,691 - cls [Subject 7, Anchor 0, Epoch 33/150] Train Loss=0.0001 Train Acc=0.9996 Test Acc=0.8543 Best Acc=0.8609
2025-12-04 17:37:52,392 - cls [Subject 7, Anchor 0, Epoch 34/150] Train Loss=0.0001 Train Acc=0.9997 Test Acc=0.8547 Best Acc=0.8609
2025-12-04 17:38:20,342 - cls [Subject 7, Anchor 0, Epoch 35/150] Train Loss=0.0001 Train Acc=0.9995 Test Acc=0.8555 Best Acc=0.8609
2025-12-04 17:38:47,340 - cls [Subject 7, Anchor 0, Epoch 36/150] Train Loss=0.0001 Train Acc=0.9995 Test Acc=0.8562 Best Acc=0.8609
2025-12-04 17:39:14,542 - cls [Subject 7, Anchor 0, Epoch 37/150] Train Loss=0.0001 Train Acc=0.9998 Test Acc=0.8504 Best Acc=0.8609
2025-12-04 17:39:39,381 - cls [Subject 7, Anchor 0, Epoch 38/150] Train Loss=0.0001 Train Acc=0.9995 Test Acc=0.8543 Best Acc=0.8609
2025-12-04 17:40:05,082 - cls [Subject 7, Anchor 0, Epoch 39/150] Train Loss=0.0001 Train Acc=0.9998 Test Acc=0.8535 Best Acc=0.8609
2025-12-04 17:40:32,706 - cls [Subject 7, Anchor 0, Epoch 40/150] Train Loss=0.0001 Train Acc=0.9997 Test Acc=0.8543 Best Acc=0.8609
2025-12-04 17:40:59,349 - cls [Subject 7, Anchor 0, Epoch 41/150] Train Loss=0.0001 Train Acc=0.9996 Test Acc=0.8562 Best Acc=0.8609
2025-12-04 17:41:23,688 - cls [Subject 7, Anchor 0, Epoch 42/150] Train Loss=0.0001 Train Acc=0.9998 Test Acc=0.8543 Best Acc=0.8609
2025-12-04 17:41:52,745 - cls [Subject 7, Anchor 0, Epoch 43/150] Train Loss=0.0001 Train Acc=0.9997 Test Acc=0.8539 Best Acc=0.8609
2025-12-04 17:42:19,201 - cls [Subject 7, Anchor 0, Epoch 44/150] Train Loss=0.0001 Train Acc=0.9998 Test Acc=0.8543 Best Acc=0.8609
2025-12-04 17:42:46,991 - cls [Subject 7, Anchor 0, Epoch 45/150] Train Loss=0.0001 Train Acc=0.9997 Test Acc=0.8531 Best Acc=0.8609
2025-12-04 17:43:13,340 - cls [Subject 7, Anchor 0, Epoch 46/150] Train Loss=0.0001 Train Acc=0.9997 Test Acc=0.8535 Best Acc=0.8609
2025-12-04 17:43:38,418 - cls [Subject 7, Anchor 0, Epoch 47/150] Train Loss=0.0001 Train Acc=0.9998 Test Acc=0.8539 Best Acc=0.8609
2025-12-04 17:44:04,206 - cls [Subject 7, Anchor 0, Epoch 48/150] Train Loss=0.0001 Train Acc=0.9996 Test Acc=0.8543 Best Acc=0.8609
2025-12-04 17:44:34,300 - cls [Subject 7, Anchor 0, Epoch 49/150] Train Loss=0.0001 Train Acc=0.9998 Test Acc=0.8539 Best Acc=0.8609
2025-12-04 17:45:00,888 - cls [Subject 7, Anchor 0, Epoch 50/150] Train Loss=0.0001 Train Acc=0.9997 Test Acc=0.8543 Best Acc=0.8609
2025-12-04 17:45:27,668 - cls [Subject 7, Anchor 0, Epoch 51/150] Train Loss=0.0001 Train Acc=0.9998 Test Acc=0.8523 Best Acc=0.8609
2025-12-04 17:45:52,201 - cls [Subject 7, Anchor 0, Epoch 52/150] Train Loss=0.0001 Train Acc=0.9996 Test Acc=0.8547 Best Acc=0.8609
2025-12-04 17:46:18,010 - cls [Subject 7, Anchor 0, Epoch 53/150] Train Loss=0.0001 Train Acc=0.9997 Test Acc=0.8570 Best Acc=0.8609
2025-12-04 17:46:44,380 - cls [Subject 7, Anchor 0, Epoch 54/150] Train Loss=0.0001 Train Acc=0.9997 Test Acc=0.8535 Best Acc=0.8609
2025-12-04 17:47:11,962 - cls [Subject 7, Anchor 0, Epoch 55/150] Train Loss=0.0001 Train Acc=0.9998 Test Acc=0.8539 Best Acc=0.8609
2025-12-04 17:47:37,017 - cls [Subject 7, Anchor 0, Epoch 56/150] Train Loss=0.0001 Train Acc=0.9998 Test Acc=0.8520 Best Acc=0.8609
2025-12-04 17:47:59,663 - cls [Subject 7, Anchor 0, Epoch 57/150] Train Loss=0.0001 Train Acc=0.9997 Test Acc=0.8520 Best Acc=0.8609
2025-12-04 17:48:20,242 - cls [Subject 7, Anchor 0, Epoch 58/150] Train Loss=0.0001 Train Acc=0.9999 Test Acc=0.8516 Best Acc=0.8609
2025-12-04 17:48:48,421 - cls [Subject 7, Anchor 0, Epoch 59/150] Train Loss=0.0001 Train Acc=0.9997 Test Acc=0.8512 Best Acc=0.8609
2025-12-04 17:49:15,222 - cls [Subject 7, Anchor 0, Epoch 60/150] Train Loss=0.0001 Train Acc=0.9998 Test Acc=0.8574 Best Acc=0.8609
2025-12-04 17:49:41,883 - cls [Subject 7, Anchor 0, Epoch 61/150] Train Loss=0.0001 Train Acc=0.9999 Test Acc=0.8539 Best Acc=0.8609
2025-12-04 17:50:12,123 - cls [Subject 7, Anchor 0, Epoch 62/150] Train Loss=0.0001 Train Acc=0.9997 Test Acc=0.8520 Best Acc=0.8609
2025-12-04 17:50:39,224 - cls [Subject 7, Anchor 0, Epoch 63/150] Train Loss=0.0001 Train Acc=0.9998 Test Acc=0.8543 Best Acc=0.8609
2025-12-04 17:51:05,495 - cls [Subject 7, Anchor 0, Epoch 64/150] Train Loss=0.0001 Train Acc=0.9998 Test Acc=0.8547 Best Acc=0.8609
2025-12-04 17:51:35,099 - cls [Subject 7, Anchor 0, Epoch 65/150] Train Loss=0.0001 Train Acc=0.9997 Test Acc=0.8516 Best Acc=0.8609
2025-12-04 17:52:03,199 - cls [Subject 7, Anchor 0, Epoch 66/150] Train Loss=0.0001 Train Acc=0.9998 Test Acc=0.8539 Best Acc=0.8609
2025-12-04 17:52:28,364 - cls [Subject 7, Anchor 0, Epoch 67/150] Train Loss=0.0001 Train Acc=0.9997 Test Acc=0.8551 Best Acc=0.8609
2025-12-04 17:52:57,593 - cls [Subject 7, Anchor 0, Epoch 68/150] Train Loss=0.0001 Train Acc=0.9998 Test Acc=0.8531 Best Acc=0.8609
2025-12-04 17:53:23,698 - cls [Subject 7, Anchor 0, Epoch 69/150] Train Loss=0.0001 Train Acc=0.9998 Test Acc=0.8570 Best Acc=0.8609
2025-12-04 17:53:50,850 - cls [Subject 7, Anchor 0, Epoch 70/150] Train Loss=0.0001 Train Acc=0.9997 Test Acc=0.8586 Best Acc=0.8609
2025-12-04 17:54:21,499 - cls [Subject 7, Anchor 0, Epoch 71/150] Train Loss=0.0001 Train Acc=0.9997 Test Acc=0.8520 Best Acc=0.8609
2025-12-04 17:54:47,497 - cls [Subject 7, Anchor 0, Epoch 72/150] Train Loss=0.0001 Train Acc=0.9998 Test Acc=0.8551 Best Acc=0.8609
2025-12-04 17:55:13,869 - cls [Subject 7, Anchor 0, Epoch 73/150] Train Loss=0.0001 Train Acc=0.9998 Test Acc=0.8531 Best Acc=0.8609
2025-12-04 17:55:46,905 - cls [Subject 7, Anchor 0, Epoch 74/150] Train Loss=0.0001 Train Acc=0.9998 Test Acc=0.8531 Best Acc=0.8609
2025-12-04 17:56:13,525 - cls [Subject 7, Anchor 0, Epoch 75/150] Train Loss=0.0001 Train Acc=0.9998 Test Acc=0.8555 Best Acc=0.8609
2025-12-04 17:56:38,838 - cls [Subject 7, Anchor 0, Epoch 76/150] Train Loss=0.0001 Train Acc=0.9998 Test Acc=0.8586 Best Acc=0.8609
2025-12-04 17:57:05,168 - cls [Subject 7, Anchor 0, Epoch 77/150] Train Loss=0.0001 Train Acc=0.9997 Test Acc=0.8551 Best Acc=0.8609
2025-12-04 17:57:29,248 - cls [Subject 7, Anchor 0, Epoch 78/150] Train Loss=0.0001 Train Acc=0.9998 Test Acc=0.8520 Best Acc=0.8609
2025-12-04 17:57:56,350 - cls [Subject 7, Anchor 0, Epoch 79/150] Train Loss=0.0001 Train Acc=0.9998 Test Acc=0.8527 Best Acc=0.8609
2025-12-04 17:58:25,452 - cls [Subject 7, Anchor 0, Epoch 80/150] Train Loss=0.0001 Train Acc=0.9999 Test Acc=0.8559 Best Acc=0.8609
2025-12-04 17:58:57,988 - cls [Subject 7, Anchor 0, Epoch 81/150] Train Loss=0.0001 Train Acc=0.9998 Test Acc=0.8590 Best Acc=0.8609
2025-12-04 17:59:26,563 - cls [Subject 7, Anchor 0, Epoch 82/150] Train Loss=0.0001 Train Acc=0.9997 Test Acc=0.8555 Best Acc=0.8609
2025-12-04 17:59:54,916 - cls [Subject 7, Anchor 0, Epoch 83/150] Train Loss=0.0001 Train Acc=0.9998 Test Acc=0.8523 Best Acc=0.8609
2025-12-04 18:00:22,096 - cls [Subject 7, Anchor 0, Epoch 84/150] Train Loss=0.0001 Train Acc=0.9997 Test Acc=0.8508 Best Acc=0.8609
2025-12-04 18:00:48,911 - cls [Subject 7, Anchor 0, Epoch 85/150] Train Loss=0.0001 Train Acc=0.9998 Test Acc=0.8543 Best Acc=0.8609
2025-12-04 18:01:26,591 - cls [Subject 7, Anchor 0, Epoch 86/150] Train Loss=0.0001 Train Acc=0.9998 Test Acc=0.8590 Best Acc=0.8609
2025-12-04 18:02:00,270 - cls [Subject 7, Anchor 0, Epoch 87/150] Train Loss=0.0001 Train Acc=0.9998 Test Acc=0.8520 Best Acc=0.8609
2025-12-04 18:02:30,869 - cls [Subject 7, Anchor 0, Epoch 88/150] Train Loss=0.0001 Train Acc=0.9998 Test Acc=0.8512 Best Acc=0.8609
2025-12-04 18:03:00,532 - cls [Subject 7, Anchor 0, Epoch 89/150] Train Loss=0.0001 Train Acc=0.9998 Test Acc=0.8512 Best Acc=0.8609
2025-12-04 18:03:27,214 - cls [Subject 7, Anchor 0, Epoch 90/150] Train Loss=0.0001 Train Acc=0.9998 Test Acc=0.8590 Best Acc=0.8609
2025-12-04 18:03:52,387 - cls [Subject 7, Anchor 0, Epoch 91/150] Train Loss=0.0001 Train Acc=0.9996 Test Acc=0.8562 Best Acc=0.8609
2025-12-04 18:04:19,199 - cls [Subject 7, Anchor 0, Epoch 92/150] Train Loss=0.0001 Train Acc=0.9998 Test Acc=0.8520 Best Acc=0.8609
2025-12-04 18:04:46,948 - cls [Subject 7, Anchor 0, Epoch 93/150] Train Loss=0.0001 Train Acc=0.9999 Test Acc=0.8574 Best Acc=0.8609
2025-12-04 18:05:13,876 - cls [Subject 7, Anchor 0, Epoch 94/150] Train Loss=0.0001 Train Acc=0.9998 Test Acc=0.8582 Best Acc=0.8609
2025-12-04 18:05:40,945 - cls [Subject 7, Anchor 0, Epoch 95/150] Train Loss=0.0001 Train Acc=0.9998 Test Acc=0.8586 Best Acc=0.8609
2025-12-04 18:06:07,465 - cls [Subject 7, Anchor 0, Epoch 96/150] Train Loss=0.0001 Train Acc=0.9998 Test Acc=0.8504 Best Acc=0.8609
2025-12-04 18:06:33,652 - cls [Subject 7, Anchor 0, Epoch 97/150] Train Loss=0.0001 Train Acc=0.9998 Test Acc=0.8562 Best Acc=0.8609
2025-12-04 18:07:01,956 - cls [Subject 7, Anchor 0, Epoch 98/150] Train Loss=0.0001 Train Acc=0.9998 Test Acc=0.8578 Best Acc=0.8609
2025-12-04 18:07:33,778 - cls [Subject 7, Anchor 0, Epoch 99/150] Train Loss=0.0001 Train Acc=0.9998 Test Acc=0.8523 Best Acc=0.8609
2025-12-04 18:07:59,356 - cls [Subject 7, Anchor 0, Epoch 100/150] Train Loss=0.0001 Train Acc=0.9999 Test Acc=0.8520 Best Acc=0.8609
2025-12-04 18:08:25,272 - cls [Subject 7, Anchor 0, Epoch 101/150] Train Loss=0.0001 Train Acc=0.9998 Test Acc=0.8586 Best Acc=0.8609
2025-12-04 18:08:49,373 - cls [Subject 7, Anchor 0, Epoch 102/150] Train Loss=0.0001 Train Acc=0.9999 Test Acc=0.8574 Best Acc=0.8609
2025-12-04 18:09:20,429 - cls [Subject 7, Anchor 0, Epoch 103/150] Train Loss=0.0001 Train Acc=0.9998 Test Acc=0.8543 Best Acc=0.8609
2025-12-04 18:09:48,974 - cls [Subject 7, Anchor 0, Epoch 104/150] Train Loss=0.0001 Train Acc=0.9998 Test Acc=0.8555 Best Acc=0.8609
2025-12-04 18:10:16,898 - cls [Subject 7, Anchor 0, Epoch 105/150] Train Loss=0.0001 Train Acc=0.9998 Test Acc=0.8508 Best Acc=0.8609
2025-12-04 18:10:48,310 - cls [Subject 7, Anchor 0, Epoch 106/150] Train Loss=0.0001 Train Acc=0.9999 Test Acc=0.8539 Best Acc=0.8609
2025-12-04 18:11:16,082 - cls [Subject 7, Anchor 0, Epoch 107/150] Train Loss=0.0001 Train Acc=0.9998 Test Acc=0.8551 Best Acc=0.8609
2025-12-04 18:11:43,555 - cls [Subject 7, Anchor 0, Epoch 108/150] Train Loss=0.0001 Train Acc=0.9998 Test Acc=0.8590 Best Acc=0.8609
2025-12-04 18:12:11,284 - cls [Subject 7, Anchor 0, Epoch 109/150] Train Loss=0.0001 Train Acc=0.9998 Test Acc=0.8602 Best Acc=0.8609
2025-12-04 18:12:40,681 - cls [Subject 7, Anchor 0, Epoch 110/150] Train Loss=0.0001 Train Acc=0.9999 Test Acc=0.8594 Best Acc=0.8609
2025-12-04 18:13:51,034 - cls [Subject 7, Anchor 0, Epoch 111/150] Train Loss=0.0001 Train Acc=0.9998 Test Acc=0.8512 Best Acc=0.8609
2025-12-04 18:14:25,251 - cls [Subject 7, Anchor 0, Epoch 112/150] Train Loss=0.0001 Train Acc=1.0000 Test Acc=0.8535 Best Acc=0.8609
2025-12-04 18:14:53,604 - cls [Subject 7, Anchor 0, Epoch 113/150] Train Loss=0.0001 Train Acc=0.9998 Test Acc=0.8508 Best Acc=0.8609
2025-12-04 18:15:21,970 - cls [Subject 7, Anchor 0, Epoch 114/150] Train Loss=0.0001 Train Acc=0.9997 Test Acc=0.8555 Best Acc=0.8609
2025-12-04 18:15:51,584 - cls [Subject 7, Anchor 0, Epoch 115/150] Train Loss=0.0001 Train Acc=0.9998 Test Acc=0.8562 Best Acc=0.8609
2025-12-04 18:16:18,706 - cls [Subject 7, Anchor 0, Epoch 116/150] Train Loss=0.0001 Train Acc=0.9999 Test Acc=0.8512 Best Acc=0.8609
2025-12-04 18:16:45,761 - cls [Subject 7, Anchor 0, Epoch 117/150] Train Loss=0.0001 Train Acc=0.9998 Test Acc=0.8570 Best Acc=0.8609
2025-12-04 18:17:13,651 - cls [Subject 7, Anchor 0, Epoch 118/150] Train Loss=0.0001 Train Acc=0.9998 Test Acc=0.8500 Best Acc=0.8609
2025-12-04 18:17:42,056 - cls [Subject 7, Anchor 0, Epoch 119/150] Train Loss=0.0001 Train Acc=0.9999 Test Acc=0.8516 Best Acc=0.8609
2025-12-04 18:18:09,599 - cls [Subject 7, Anchor 0, Epoch 120/150] Train Loss=0.0001 Train Acc=0.9998 Test Acc=0.8523 Best Acc=0.8609
2025-12-04 18:18:38,740 - cls [Subject 7, Anchor 0, Epoch 121/150] Train Loss=0.0001 Train Acc=0.9999 Test Acc=0.8527 Best Acc=0.8609
2025-12-04 18:19:05,417 - cls [Subject 7, Anchor 0, Epoch 122/150] Train Loss=0.0001 Train Acc=0.9998 Test Acc=0.8551 Best Acc=0.8609
2025-12-04 18:19:32,051 - cls [Subject 7, Anchor 0, Epoch 123/150] Train Loss=0.0001 Train Acc=0.9999 Test Acc=0.8531 Best Acc=0.8609
2025-12-04 18:20:02,449 - cls [Subject 7, Anchor 0, Epoch 124/150] Train Loss=0.0001 Train Acc=0.9999 Test Acc=0.8578 Best Acc=0.8609
2025-12-04 18:20:31,464 - cls [Subject 7, Anchor 0, Epoch 125/150] Train Loss=0.0001 Train Acc=0.9999 Test Acc=0.8586 Best Acc=0.8609
2025-12-04 18:21:00,258 - cls [Subject 7, Anchor 0, Epoch 126/150] Train Loss=0.0001 Train Acc=0.9998 Test Acc=0.8578 Best Acc=0.8609
2025-12-04 18:21:27,890 - cls [Subject 7, Anchor 0, Epoch 127/150] Train Loss=0.0001 Train Acc=0.9998 Test Acc=0.8531 Best Acc=0.8609
2025-12-04 18:21:55,229 - cls [Subject 7, Anchor 0, Epoch 128/150] Train Loss=0.0001 Train Acc=1.0000 Test Acc=0.8586 Best Acc=0.8609
2025-12-04 18:22:23,041 - cls [Subject 7, Anchor 0, Epoch 129/150] Train Loss=0.0001 Train Acc=0.9998 Test Acc=0.8555 Best Acc=0.8609
2025-12-04 18:22:50,719 - cls [Subject 7, Anchor 0, Epoch 130/150] Train Loss=0.0001 Train Acc=0.9998 Test Acc=0.8551 Best Acc=0.8609
2025-12-04 18:23:21,757 - cls [Subject 7, Anchor 0, Epoch 131/150] Train Loss=0.0001 Train Acc=0.9998 Test Acc=0.8590 Best Acc=0.8609
2025-12-04 18:23:48,878 - cls [Subject 7, Anchor 0, Epoch 132/150] Train Loss=0.0001 Train Acc=1.0000 Test Acc=0.8586 Best Acc=0.8609
2025-12-04 18:24:14,737 - cls [Subject 7, Anchor 0, Epoch 133/150] Train Loss=0.0001 Train Acc=0.9999 Test Acc=0.8547 Best Acc=0.8609
2025-12-04 18:24:40,682 - cls [Subject 7, Anchor 0, Epoch 134/150] Train Loss=0.0001 Train Acc=0.9999 Test Acc=0.8605 Best Acc=0.8609
2025-12-04 18:25:06,200 - cls [Subject 7, Anchor 0, Epoch 135/150] Train Loss=0.0001 Train Acc=0.9998 Test Acc=0.8566 Best Acc=0.8609
2025-12-04 18:25:36,857 - cls [Subject 7, Anchor 0, Epoch 136/150] Train Loss=0.0001 Train Acc=0.9999 Test Acc=0.8605 Best Acc=0.8609
2025-12-04 18:26:11,011 - cls [Subject 7, Anchor 0, Epoch 137/150] Train Loss=0.0001 Train Acc=1.0000 Test Acc=0.8527 Best Acc=0.8609
2025-12-04 18:26:37,778 - cls [Subject 7, Anchor 0, Epoch 138/150] Train Loss=0.0001 Train Acc=0.9999 Test Acc=0.8574 Best Acc=0.8609
2025-12-04 18:27:02,595 - cls [Subject 7, Anchor 0, Epoch 139/150] Train Loss=0.0001 Train Acc=0.9998 Test Acc=0.8539 Best Acc=0.8609
2025-12-04 18:27:30,720 - cls [Subject 7, Anchor 0, Epoch 140/150] Train Loss=0.0001 Train Acc=0.9998 Test Acc=0.8590 Best Acc=0.8609
2025-12-04 18:27:55,502 - cls [Subject 7, Anchor 0, Epoch 141/150] Train Loss=0.0001 Train Acc=0.9998 Test Acc=0.8551 Best Acc=0.8609
2025-12-04 18:28:23,119 - cls [Subject 7, Anchor 0, Epoch 142/150] Train Loss=0.0001 Train Acc=0.9998 Test Acc=0.8574 Best Acc=0.8609
2025-12-04 18:28:53,587 - cls [Subject 7, Anchor 0, Epoch 143/150] Train Loss=0.0001 Train Acc=0.9998 Test Acc=0.8535 Best Acc=0.8609
2025-12-04 18:29:17,004 - cls [Subject 7, Anchor 0, Epoch 144/150] Train Loss=0.0001 Train Acc=0.9997 Test Acc=0.8539 Best Acc=0.8609
2025-12-04 18:29:43,268 - cls [Subject 7, Anchor 0, Epoch 145/150] Train Loss=0.0001 Train Acc=0.9998 Test Acc=0.8566 Best Acc=0.8609
2025-12-04 18:30:10,450 - cls [Subject 7, Anchor 0, Epoch 146/150] Train Loss=0.0001 Train Acc=0.9998 Test Acc=0.8574 Best Acc=0.8609
2025-12-04 18:30:37,518 - cls [Subject 7, Anchor 0, Epoch 147/150] Train Loss=0.0001 Train Acc=0.9998 Test Acc=0.8543 Best Acc=0.8609
2025-12-04 18:31:01,972 - cls [Subject 7, Anchor 0, Epoch 148/150] Train Loss=0.0001 Train Acc=0.9998 Test Acc=0.8523 Best Acc=0.8609
2025-12-04 18:31:25,814 - cls [Subject 7, Anchor 0, Epoch 149/150] Train Loss=0.0001 Train Acc=0.9998 Test Acc=0.8547 Best Acc=0.8609
2025-12-04 18:31:51,777 - cls [Subject 7, Anchor 0, Epoch 150/150] Train Loss=0.0001 Train Acc=0.9999 Test Acc=0.8516 Best Acc=0.8609
2025-12-04 18:31:51,784 - labelAlign [Subject 7, Anchor 0 Target 0] Start
2025-12-04 18:32:34,718 - all [Subject 7, Anchor 0, Epoch 1/300] Train Loss=0.0004 Train Acc=0.9848 Test Acc=0.8496 Best Acc=0.8609
2025-12-04 18:33:01,719 - all [Subject 7, Anchor 0, Epoch 2/300] Train Loss=0.0003 Train Acc=0.9999 Test Acc=0.8457 Best Acc=0.8609
2025-12-04 18:33:27,504 - all [Subject 7, Anchor 0, Epoch 3/300] Train Loss=0.0003 Train Acc=1.0000 Test Acc=0.8430 Best Acc=0.8609
2025-12-04 18:33:55,474 - all [Subject 7, Anchor 0, Epoch 4/300] Train Loss=0.0003 Train Acc=1.0000 Test Acc=0.8480 Best Acc=0.8609
2025-12-04 18:34:28,525 - all [Subject 7, Anchor 0, Epoch 5/300] Train Loss=0.0003 Train Acc=1.0000 Test Acc=0.8547 Best Acc=0.8609
2025-12-04 18:34:54,163 - all [Subject 7, Anchor 0, Epoch 6/300] Train Loss=0.0003 Train Acc=1.0000 Test Acc=0.8559 Best Acc=0.8609
2025-12-04 18:35:23,137 - all [Subject 7, Anchor 0, Epoch 7/300] Train Loss=0.0003 Train Acc=1.0000 Test Acc=0.8441 Best Acc=0.8609
2025-12-04 18:35:50,161 - all [Subject 7, Anchor 0, Epoch 8/300] Train Loss=0.0005 Train Acc=0.9779 Test Acc=0.8086 Best Acc=0.8609
2025-12-04 18:36:22,749 - all [Subject 7, Anchor 0, Epoch 9/300] Train Loss=0.0005 Train Acc=0.9625 Test Acc=0.6633 Best Acc=0.8609
2025-12-04 18:36:54,296 - all [Subject 7, Anchor 0, Epoch 10/300] Train Loss=0.0005 Train Acc=0.9669 Test Acc=0.8398 Best Acc=0.8609
2025-12-04 18:37:23,429 - all [Subject 7, Anchor 0, Epoch 11/300] Train Loss=0.0005 Train Acc=0.9758 Test Acc=0.7656 Best Acc=0.8609
2025-12-04 18:37:54,231 - all [Subject 7, Anchor 0, Epoch 12/300] Train Loss=0.0003 Train Acc=0.9976 Test Acc=0.8453 Best Acc=0.8609
2025-12-04 18:38:23,224 - all [Subject 7, Anchor 0, Epoch 13/300] Train Loss=0.0003 Train Acc=1.0000 Test Acc=0.8500 Best Acc=0.8609
2025-12-04 18:38:54,246 - all [Subject 7, Anchor 0, Epoch 14/300] Train Loss=0.0003 Train Acc=1.0000 Test Acc=0.8395 Best Acc=0.8609
2025-12-04 18:39:22,791 - all [Subject 7, Anchor 0, Epoch 15/300] Train Loss=0.0003 Train Acc=1.0000 Test Acc=0.8512 Best Acc=0.8609
2025-12-04 18:39:52,124 - all [Subject 7, Anchor 0, Epoch 16/300] Train Loss=0.0003 Train Acc=1.0000 Test Acc=0.8527 Best Acc=0.8609
2025-12-04 18:40:20,932 - all [Subject 7, Anchor 0, Epoch 17/300] Train Loss=0.0004 Train Acc=0.9950 Test Acc=0.8191 Best Acc=0.8609
2025-12-04 18:40:52,440 - all [Subject 7, Anchor 0, Epoch 18/300] Train Loss=0.0004 Train Acc=0.9889 Test Acc=0.8363 Best Acc=0.8609
2025-12-04 18:41:23,926 - all [Subject 7, Anchor 0, Epoch 19/300] Train Loss=0.0004 Train Acc=0.9951 Test Acc=0.7734 Best Acc=0.8609
2025-12-04 18:41:53,434 - all [Subject 7, Anchor 0, Epoch 20/300] Train Loss=0.0003 Train Acc=1.0000 Test Acc=0.7711 Best Acc=0.8609
2025-12-04 18:42:22,651 - all [Subject 7, Anchor 0, Epoch 21/300] Train Loss=0.0003 Train Acc=1.0000 Test Acc=0.7730 Best Acc=0.8609
2025-12-04 18:42:50,552 - all [Subject 7, Anchor 0, Epoch 22/300] Train Loss=0.0003 Train Acc=1.0000 Test Acc=0.7613 Best Acc=0.8609
2025-12-04 18:43:26,000 - all [Subject 7, Anchor 0, Epoch 23/300] Train Loss=0.0003 Train Acc=1.0000 Test Acc=0.7625 Best Acc=0.8609
2025-12-04 18:43:55,241 - all [Subject 7, Anchor 0, Epoch 24/300] Train Loss=0.0003 Train Acc=1.0000 Test Acc=0.7750 Best Acc=0.8609
2025-12-04 18:44:25,720 - all [Subject 7, Anchor 0, Epoch 25/300] Train Loss=0.0003 Train Acc=1.0000 Test Acc=0.7453 Best Acc=0.8609
2025-12-04 18:44:59,572 - all [Subject 7, Anchor 0, Epoch 26/300] Train Loss=0.0004 Train Acc=0.9869 Test Acc=0.7680 Best Acc=0.8609
2025-12-04 18:45:30,413 - all [Subject 7, Anchor 0, Epoch 27/300] Train Loss=0.0005 Train Acc=0.9637 Test Acc=0.8355 Best Acc=0.8609
2025-12-04 18:46:07,473 - all [Subject 7, Anchor 0, Epoch 28/300] Train Loss=0.0005 Train Acc=0.9743 Test Acc=0.7102 Best Acc=0.8609
2025-12-04 18:46:36,698 - all [Subject 7, Anchor 0, Epoch 29/300] Train Loss=0.0004 Train Acc=0.9926 Test Acc=0.8316 Best Acc=0.8609
2025-12-04 18:47:05,071 - all [Subject 7, Anchor 0, Epoch 30/300] Train Loss=0.0003 Train Acc=1.0000 Test Acc=0.8270 Best Acc=0.8609
2025-12-04 18:47:36,559 - all [Subject 7, Anchor 0, Epoch 31/300] Train Loss=0.0003 Train Acc=1.0000 Test Acc=0.8254 Best Acc=0.8609
2025-12-04 18:48:02,440 - all [Subject 7, Anchor 0, Epoch 32/300] Train Loss=0.0003 Train Acc=1.0000 Test Acc=0.8223 Best Acc=0.8609
2025-12-04 18:48:31,089 - all [Subject 7, Anchor 0, Epoch 33/300] Train Loss=0.0003 Train Acc=1.0000 Test Acc=0.8176 Best Acc=0.8609
2025-12-04 18:48:58,715 - all [Subject 7, Anchor 0, Epoch 34/300] Train Loss=0.0004 Train Acc=1.0000 Test Acc=0.8187 Best Acc=0.8609
2025-12-04 18:49:54,148 - all [Subject 7, Anchor 0, Epoch 35/300] Train Loss=0.0003 Train Acc=1.0000 Test Acc=0.8160 Best Acc=0.8609
2025-12-04 18:50:26,607 - all [Subject 7, Anchor 0, Epoch 36/300] Train Loss=0.0003 Train Acc=1.0000 Test Acc=0.8125 Best Acc=0.8609
2025-12-04 18:50:53,370 - all [Subject 7, Anchor 0, Epoch 37/300] Train Loss=0.0003 Train Acc=1.0000 Test Acc=0.8137 Best Acc=0.8609
2025-12-04 18:51:23,445 - all [Subject 7, Anchor 0, Epoch 38/300] Train Loss=0.0003 Train Acc=1.0000 Test Acc=0.8160 Best Acc=0.8609
2025-12-04 18:51:50,938 - all [Subject 7, Anchor 0, Epoch 39/300] Train Loss=0.0003 Train Acc=1.0000 Test Acc=0.8160 Best Acc=0.8609
2025-12-04 18:52:17,118 - all [Subject 7, Anchor 0, Epoch 40/300] Train Loss=0.0003 Train Acc=1.0000 Test Acc=0.8242 Best Acc=0.8609
2025-12-04 18:52:47,519 - all [Subject 7, Anchor 0, Epoch 41/300] Train Loss=0.0003 Train Acc=1.0000 Test Acc=0.8148 Best Acc=0.8609
2025-12-04 18:53:15,450 - all [Subject 7, Anchor 0, Epoch 42/300] Train Loss=0.0003 Train Acc=1.0000 Test Acc=0.8113 Best Acc=0.8609
2025-12-04 18:53:46,876 - all [Subject 7, Anchor 0, Epoch 43/300] Train Loss=0.0003 Train Acc=1.0000 Test Acc=0.8141 Best Acc=0.8609
2025-12-04 18:54:15,790 - all [Subject 7, Anchor 0, Epoch 44/300] Train Loss=0.0003 Train Acc=1.0000 Test Acc=0.8141 Best Acc=0.8609
2025-12-04 18:54:48,283 - all [Subject 7, Anchor 0, Epoch 45/300] Train Loss=0.0003 Train Acc=1.0000 Test Acc=0.8187 Best Acc=0.8609
2025-12-04 18:55:17,114 - all [Subject 7, Anchor 0, Epoch 46/300] Train Loss=0.0003 Train Acc=1.0000 Test Acc=0.8148 Best Acc=0.8609
2025-12-04 18:55:45,113 - all [Subject 7, Anchor 0, Epoch 47/300] Train Loss=0.0003 Train Acc=1.0000 Test Acc=0.8191 Best Acc=0.8609
2025-12-04 18:56:15,657 - all [Subject 7, Anchor 0, Epoch 48/300] Train Loss=0.0003 Train Acc=1.0000 Test Acc=0.8098 Best Acc=0.8609
2025-12-04 18:56:41,426 - all [Subject 7, Anchor 0, Epoch 49/300] Train Loss=0.0003 Train Acc=1.0000 Test Acc=0.8207 Best Acc=0.8609
2025-12-04 18:57:10,687 - all [Subject 7, Anchor 0, Epoch 50/300] Train Loss=0.0003 Train Acc=1.0000 Test Acc=0.8148 Best Acc=0.8609
2025-12-04 18:58:16,464 - all [Subject 7, Anchor 0, Epoch 51/300] Train Loss=0.0003 Train Acc=1.0000 Test Acc=0.8117 Best Acc=0.8609
2025-12-04 18:58:48,346 - all [Subject 7, Anchor 0, Epoch 52/300] Train Loss=0.0003 Train Acc=1.0000 Test Acc=0.8223 Best Acc=0.8609
2025-12-04 18:59:25,581 - all [Subject 7, Anchor 0, Epoch 53/300] Train Loss=0.0003 Train Acc=1.0000 Test Acc=0.8227 Best Acc=0.8609
2025-12-04 18:59:58,283 - all [Subject 7, Anchor 0, Epoch 54/300] Train Loss=0.0003 Train Acc=1.0000 Test Acc=0.8223 Best Acc=0.8609
2025-12-04 19:00:29,058 - all [Subject 7, Anchor 0, Epoch 55/300] Train Loss=0.0003 Train Acc=1.0000 Test Acc=0.8207 Best Acc=0.8609
2025-12-04 19:00:55,664 - all [Subject 7, Anchor 0, Epoch 56/300] Train Loss=0.0003 Train Acc=1.0000 Test Acc=0.8211 Best Acc=0.8609
2025-12-04 19:01:26,009 - all [Subject 7, Anchor 0, Epoch 57/300] Train Loss=0.0003 Train Acc=1.0000 Test Acc=0.8254 Best Acc=0.8609
2025-12-04 19:02:04,225 - all [Subject 7, Anchor 0, Epoch 58/300] Train Loss=0.0003 Train Acc=1.0000 Test Acc=0.8215 Best Acc=0.8609
2025-12-04 19:02:39,209 - all [Subject 7, Anchor 0, Epoch 59/300] Train Loss=0.0003 Train Acc=1.0000 Test Acc=0.8203 Best Acc=0.8609
2025-12-04 19:03:18,257 - all [Subject 7, Anchor 0, Epoch 60/300] Train Loss=0.0003 Train Acc=1.0000 Test Acc=0.8223 Best Acc=0.8609
2025-12-04 19:03:53,402 - all [Subject 7, Anchor 0, Epoch 61/300] Train Loss=0.0003 Train Acc=1.0000 Test Acc=0.8187 Best Acc=0.8609
2025-12-04 19:04:30,246 - all [Subject 7, Anchor 0, Epoch 62/300] Train Loss=0.0003 Train Acc=1.0000 Test Acc=0.8219 Best Acc=0.8609
2025-12-04 19:05:04,470 - all [Subject 7, Anchor 0, Epoch 63/300] Train Loss=0.0003 Train Acc=1.0000 Test Acc=0.8230 Best Acc=0.8609
2025-12-04 19:05:36,772 - all [Subject 7, Anchor 0, Epoch 64/300] Train Loss=0.0003 Train Acc=1.0000 Test Acc=0.8219 Best Acc=0.8609
