2025-12-04 17:01:28,059 - === GLAE, leaving subject 0 for test ===
2025-12-04 17:16:18,570 - =========================Subject 0, Anchor 0===========================
2025-12-04 17:18:18,894 - anchor [Subject 0, Anchor 0, Epoch 1/150] Train Loss=0.0001 Train Acc=0.9832 Test Acc=0.8172 Best Acc=0.8172
2025-12-04 17:18:41,775 - anchor [Subject 0, Anchor 0, Epoch 2/150] Train Loss=0.0001 Train Acc=0.9934 Test Acc=0.7758 Best Acc=0.8172
2025-12-04 17:19:04,892 - anchor [Subject 0, Anchor 0, Epoch 3/150] Train Loss=0.0001 Train Acc=0.9961 Test Acc=0.7656 Best Acc=0.8172
2025-12-04 17:19:33,616 - anchor [Subject 0, Anchor 0, Epoch 4/150] Train Loss=0.0000 Train Acc=0.9957 Test Acc=0.7684 Best Acc=0.8172
2025-12-04 17:20:02,165 - anchor [Subject 0, Anchor 0, Epoch 5/150] Train Loss=0.0000 Train Acc=0.9977 Test Acc=0.7758 Best Acc=0.8172
2025-12-04 17:20:30,028 - anchor [Subject 0, Anchor 0, Epoch 6/150] Train Loss=0.0000 Train Acc=0.9992 Test Acc=0.7793 Best Acc=0.8172
2025-12-04 17:20:57,444 - anchor [Subject 0, Anchor 0, Epoch 7/150] Train Loss=0.0000 Train Acc=0.9988 Test Acc=0.7824 Best Acc=0.8172
2025-12-04 17:21:28,259 - anchor [Subject 0, Anchor 0, Epoch 8/150] Train Loss=0.0000 Train Acc=0.9969 Test Acc=0.7832 Best Acc=0.8172
2025-12-04 17:21:58,123 - anchor [Subject 0, Anchor 0, Epoch 9/150] Train Loss=0.0000 Train Acc=0.9980 Test Acc=0.7828 Best Acc=0.8172
2025-12-04 17:22:25,283 - anchor [Subject 0, Anchor 0, Epoch 10/150] Train Loss=0.0000 Train Acc=0.9988 Test Acc=0.7711 Best Acc=0.8172
2025-12-04 17:22:54,075 - anchor [Subject 0, Anchor 0, Epoch 11/150] Train Loss=0.0000 Train Acc=0.9980 Test Acc=0.7684 Best Acc=0.8172
2025-12-04 17:23:22,598 - anchor [Subject 0, Anchor 0, Epoch 12/150] Train Loss=0.0000 Train Acc=0.9988 Test Acc=0.7691 Best Acc=0.8172
2025-12-04 17:23:51,431 - anchor [Subject 0, Anchor 0, Epoch 13/150] Train Loss=0.0000 Train Acc=0.9996 Test Acc=0.7711 Best Acc=0.8172
2025-12-04 17:24:19,585 - anchor [Subject 0, Anchor 0, Epoch 14/150] Train Loss=0.0000 Train Acc=0.9996 Test Acc=0.7742 Best Acc=0.8172
2025-12-04 17:24:50,215 - anchor [Subject 0, Anchor 0, Epoch 15/150] Train Loss=0.0000 Train Acc=1.0000 Test Acc=0.7766 Best Acc=0.8172
2025-12-04 17:25:18,176 - anchor [Subject 0, Anchor 0, Epoch 16/150] Train Loss=0.0000 Train Acc=1.0000 Test Acc=0.7785 Best Acc=0.8172
2025-12-04 17:25:45,482 - anchor [Subject 0, Anchor 0, Epoch 17/150] Train Loss=0.0000 Train Acc=0.9996 Test Acc=0.7781 Best Acc=0.8172
2025-12-04 17:26:14,159 - anchor [Subject 0, Anchor 0, Epoch 18/150] Train Loss=0.0000 Train Acc=0.9984 Test Acc=0.7781 Best Acc=0.8172
2025-12-04 17:26:42,679 - anchor [Subject 0, Anchor 0, Epoch 19/150] Train Loss=0.0000 Train Acc=0.9992 Test Acc=0.7801 Best Acc=0.8172
2025-12-04 17:27:12,838 - anchor [Subject 0, Anchor 0, Epoch 20/150] Train Loss=0.0000 Train Acc=1.0000 Test Acc=0.7797 Best Acc=0.8172
2025-12-04 17:27:40,321 - anchor [Subject 0, Anchor 0, Epoch 21/150] Train Loss=0.0000 Train Acc=0.9996 Test Acc=0.7777 Best Acc=0.8172
2025-12-04 17:28:09,555 - anchor [Subject 0, Anchor 0, Epoch 22/150] Train Loss=0.0000 Train Acc=1.0000 Test Acc=0.7766 Best Acc=0.8172
2025-12-04 17:28:38,936 - anchor [Subject 0, Anchor 0, Epoch 23/150] Train Loss=0.0000 Train Acc=0.9996 Test Acc=0.7770 Best Acc=0.8172
2025-12-04 17:29:09,694 - anchor [Subject 0, Anchor 0, Epoch 24/150] Train Loss=0.0000 Train Acc=0.9996 Test Acc=0.7754 Best Acc=0.8172
2025-12-04 17:29:45,700 - anchor [Subject 0, Anchor 0, Epoch 25/150] Train Loss=0.0000 Train Acc=0.9996 Test Acc=0.7746 Best Acc=0.8172
2025-12-04 17:30:18,438 - anchor [Subject 0, Anchor 0, Epoch 26/150] Train Loss=0.0000 Train Acc=0.9996 Test Acc=0.7742 Best Acc=0.8172
2025-12-04 17:30:53,674 - anchor [Subject 0, Anchor 0, Epoch 27/150] Train Loss=0.0000 Train Acc=0.9996 Test Acc=0.7750 Best Acc=0.8172
2025-12-04 17:31:22,074 - anchor [Subject 0, Anchor 0, Epoch 28/150] Train Loss=0.0000 Train Acc=1.0000 Test Acc=0.7750 Best Acc=0.8172
2025-12-04 17:31:50,739 - anchor [Subject 0, Anchor 0, Epoch 29/150] Train Loss=0.0000 Train Acc=1.0000 Test Acc=0.7738 Best Acc=0.8172
2025-12-04 17:32:18,513 - anchor [Subject 0, Anchor 0, Epoch 30/150] Train Loss=0.0000 Train Acc=1.0000 Test Acc=0.7727 Best Acc=0.8172
2025-12-04 17:32:49,333 - anchor [Subject 0, Anchor 0, Epoch 31/150] Train Loss=0.0000 Train Acc=0.9996 Test Acc=0.7707 Best Acc=0.8172
2025-12-04 17:33:24,082 - anchor [Subject 0, Anchor 0, Epoch 32/150] Train Loss=0.0000 Train Acc=0.9988 Test Acc=0.7699 Best Acc=0.8172
2025-12-04 17:33:54,980 - anchor [Subject 0, Anchor 0, Epoch 33/150] Train Loss=0.0000 Train Acc=1.0000 Test Acc=0.7730 Best Acc=0.8172
2025-12-04 17:34:22,590 - anchor [Subject 0, Anchor 0, Epoch 34/150] Train Loss=0.0000 Train Acc=1.0000 Test Acc=0.7754 Best Acc=0.8172
2025-12-04 17:34:51,447 - anchor [Subject 0, Anchor 0, Epoch 35/150] Train Loss=0.0000 Train Acc=0.9996 Test Acc=0.7750 Best Acc=0.8172
2025-12-04 17:35:20,555 - anchor [Subject 0, Anchor 0, Epoch 36/150] Train Loss=0.0000 Train Acc=1.0000 Test Acc=0.7727 Best Acc=0.8172
2025-12-04 17:36:03,863 - anchor [Subject 0, Anchor 0, Epoch 37/150] Train Loss=0.0000 Train Acc=1.0000 Test Acc=0.7707 Best Acc=0.8172
2025-12-04 17:36:31,447 - anchor [Subject 0, Anchor 0, Epoch 38/150] Train Loss=0.0000 Train Acc=0.9996 Test Acc=0.7703 Best Acc=0.8172
2025-12-04 17:36:57,755 - anchor [Subject 0, Anchor 0, Epoch 39/150] Train Loss=0.0000 Train Acc=1.0000 Test Acc=0.7719 Best Acc=0.8172
2025-12-04 17:37:23,810 - anchor [Subject 0, Anchor 0, Epoch 40/150] Train Loss=0.0000 Train Acc=1.0000 Test Acc=0.7746 Best Acc=0.8172
2025-12-04 17:37:49,678 - anchor [Subject 0, Anchor 0, Epoch 41/150] Train Loss=0.0000 Train Acc=1.0000 Test Acc=0.7754 Best Acc=0.8172
2025-12-04 17:38:16,446 - anchor [Subject 0, Anchor 0, Epoch 42/150] Train Loss=0.0000 Train Acc=1.0000 Test Acc=0.7758 Best Acc=0.8172
2025-12-04 17:38:43,512 - anchor [Subject 0, Anchor 0, Epoch 43/150] Train Loss=0.0000 Train Acc=0.9996 Test Acc=0.7766 Best Acc=0.8172
2025-12-04 17:39:10,261 - anchor [Subject 0, Anchor 0, Epoch 44/150] Train Loss=0.0000 Train Acc=0.9996 Test Acc=0.7766 Best Acc=0.8172
2025-12-04 17:39:36,949 - anchor [Subject 0, Anchor 0, Epoch 45/150] Train Loss=0.0000 Train Acc=1.0000 Test Acc=0.7770 Best Acc=0.8172
2025-12-04 17:40:03,445 - anchor [Subject 0, Anchor 0, Epoch 46/150] Train Loss=0.0000 Train Acc=0.9992 Test Acc=0.7781 Best Acc=0.8172
2025-12-04 17:40:30,509 - anchor [Subject 0, Anchor 0, Epoch 47/150] Train Loss=0.0000 Train Acc=1.0000 Test Acc=0.7777 Best Acc=0.8172
2025-12-04 17:40:56,998 - anchor [Subject 0, Anchor 0, Epoch 48/150] Train Loss=0.0000 Train Acc=1.0000 Test Acc=0.7762 Best Acc=0.8172
2025-12-04 17:41:23,946 - anchor [Subject 0, Anchor 0, Epoch 49/150] Train Loss=0.0000 Train Acc=1.0000 Test Acc=0.7750 Best Acc=0.8172
2025-12-04 17:41:49,982 - anchor [Subject 0, Anchor 0, Epoch 50/150] Train Loss=0.0000 Train Acc=1.0000 Test Acc=0.7742 Best Acc=0.8172
2025-12-04 17:42:17,287 - anchor [Subject 0, Anchor 0, Epoch 51/150] Train Loss=0.0000 Train Acc=1.0000 Test Acc=0.7742 Best Acc=0.8172
2025-12-04 17:42:43,867 - anchor [Subject 0, Anchor 0, Epoch 52/150] Train Loss=0.0000 Train Acc=1.0000 Test Acc=0.7746 Best Acc=0.8172
2025-12-04 17:43:10,295 - anchor [Subject 0, Anchor 0, Epoch 53/150] Train Loss=0.0000 Train Acc=1.0000 Test Acc=0.7762 Best Acc=0.8172
2025-12-04 17:43:39,344 - anchor [Subject 0, Anchor 0, Epoch 54/150] Train Loss=0.0000 Train Acc=1.0000 Test Acc=0.7762 Best Acc=0.8172
2025-12-04 17:44:07,105 - anchor [Subject 0, Anchor 0, Epoch 55/150] Train Loss=0.0000 Train Acc=1.0000 Test Acc=0.7777 Best Acc=0.8172
2025-12-04 17:44:33,716 - anchor [Subject 0, Anchor 0, Epoch 56/150] Train Loss=0.0000 Train Acc=1.0000 Test Acc=0.7777 Best Acc=0.8172
2025-12-04 17:45:03,209 - anchor [Subject 0, Anchor 0, Epoch 57/150] Train Loss=0.0000 Train Acc=1.0000 Test Acc=0.7777 Best Acc=0.8172
2025-12-04 17:45:28,268 - anchor [Subject 0, Anchor 0, Epoch 58/150] Train Loss=0.0000 Train Acc=0.9996 Test Acc=0.7781 Best Acc=0.8172
2025-12-04 17:45:51,791 - anchor [Subject 0, Anchor 0, Epoch 59/150] Train Loss=0.0000 Train Acc=1.0000 Test Acc=0.7836 Best Acc=0.8172
2025-12-04 17:46:36,416 - anchor [Subject 0, Anchor 0, Epoch 60/150] Train Loss=0.0000 Train Acc=1.0000 Test Acc=0.7859 Best Acc=0.8172
2025-12-04 17:47:03,603 - anchor [Subject 0, Anchor 0, Epoch 61/150] Train Loss=0.0000 Train Acc=1.0000 Test Acc=0.7852 Best Acc=0.8172
2025-12-04 17:47:29,896 - anchor [Subject 0, Anchor 0, Epoch 62/150] Train Loss=0.0000 Train Acc=1.0000 Test Acc=0.7836 Best Acc=0.8172
2025-12-04 17:47:57,452 - anchor [Subject 0, Anchor 0, Epoch 63/150] Train Loss=0.0000 Train Acc=1.0000 Test Acc=0.7801 Best Acc=0.8172
2025-12-04 17:48:24,173 - anchor [Subject 0, Anchor 0, Epoch 64/150] Train Loss=0.0000 Train Acc=0.9992 Test Acc=0.7785 Best Acc=0.8172
2025-12-04 17:48:52,424 - anchor [Subject 0, Anchor 0, Epoch 65/150] Train Loss=0.0000 Train Acc=1.0000 Test Acc=0.7762 Best Acc=0.8172
2025-12-04 17:49:18,459 - anchor [Subject 0, Anchor 0, Epoch 66/150] Train Loss=0.0000 Train Acc=1.0000 Test Acc=0.7754 Best Acc=0.8172
2025-12-04 17:49:44,414 - anchor [Subject 0, Anchor 0, Epoch 67/150] Train Loss=0.0000 Train Acc=1.0000 Test Acc=0.7742 Best Acc=0.8172
2025-12-04 17:50:12,139 - anchor [Subject 0, Anchor 0, Epoch 68/150] Train Loss=0.0000 Train Acc=1.0000 Test Acc=0.7738 Best Acc=0.8172
2025-12-04 17:50:37,834 - anchor [Subject 0, Anchor 0, Epoch 69/150] Train Loss=0.0000 Train Acc=1.0000 Test Acc=0.7734 Best Acc=0.8172
2025-12-04 17:51:03,865 - anchor [Subject 0, Anchor 0, Epoch 70/150] Train Loss=0.0000 Train Acc=0.9996 Test Acc=0.7738 Best Acc=0.8172
2025-12-04 17:51:33,059 - anchor [Subject 0, Anchor 0, Epoch 71/150] Train Loss=0.0000 Train Acc=1.0000 Test Acc=0.7762 Best Acc=0.8172
2025-12-04 17:51:58,661 - anchor [Subject 0, Anchor 0, Epoch 72/150] Train Loss=0.0000 Train Acc=1.0000 Test Acc=0.7785 Best Acc=0.8172
2025-12-04 17:52:27,433 - anchor [Subject 0, Anchor 0, Epoch 73/150] Train Loss=0.0000 Train Acc=1.0000 Test Acc=0.7789 Best Acc=0.8172
2025-12-04 17:52:56,777 - anchor [Subject 0, Anchor 0, Epoch 74/150] Train Loss=0.0000 Train Acc=1.0000 Test Acc=0.7809 Best Acc=0.8172
2025-12-04 17:53:23,634 - anchor [Subject 0, Anchor 0, Epoch 75/150] Train Loss=0.0000 Train Acc=0.9996 Test Acc=0.7812 Best Acc=0.8172
2025-12-04 17:53:50,952 - anchor [Subject 0, Anchor 0, Epoch 76/150] Train Loss=0.0000 Train Acc=1.0000 Test Acc=0.7812 Best Acc=0.8172
2025-12-04 17:54:17,551 - anchor [Subject 0, Anchor 0, Epoch 77/150] Train Loss=0.0000 Train Acc=1.0000 Test Acc=0.7805 Best Acc=0.8172
2025-12-04 17:54:44,423 - anchor [Subject 0, Anchor 0, Epoch 78/150] Train Loss=0.0000 Train Acc=0.9996 Test Acc=0.7762 Best Acc=0.8172
2025-12-04 17:55:11,795 - anchor [Subject 0, Anchor 0, Epoch 79/150] Train Loss=0.0000 Train Acc=1.0000 Test Acc=0.7766 Best Acc=0.8172
2025-12-04 17:55:38,600 - anchor [Subject 0, Anchor 0, Epoch 80/150] Train Loss=0.0000 Train Acc=1.0000 Test Acc=0.7766 Best Acc=0.8172
2025-12-04 17:56:02,347 - anchor [Subject 0, Anchor 0, Epoch 81/150] Train Loss=0.0000 Train Acc=0.9996 Test Acc=0.7777 Best Acc=0.8172
2025-12-04 17:56:44,872 - anchor [Subject 0, Anchor 0, Epoch 82/150] Train Loss=0.0000 Train Acc=1.0000 Test Acc=0.7816 Best Acc=0.8172
2025-12-04 17:57:09,060 - anchor [Subject 0, Anchor 0, Epoch 83/150] Train Loss=0.0000 Train Acc=1.0000 Test Acc=0.7836 Best Acc=0.8172
2025-12-04 17:57:35,009 - anchor [Subject 0, Anchor 0, Epoch 84/150] Train Loss=0.0000 Train Acc=1.0000 Test Acc=0.7836 Best Acc=0.8172
2025-12-04 17:58:02,820 - anchor [Subject 0, Anchor 0, Epoch 85/150] Train Loss=0.0000 Train Acc=1.0000 Test Acc=0.7828 Best Acc=0.8172
2025-12-04 17:58:27,842 - anchor [Subject 0, Anchor 0, Epoch 86/150] Train Loss=0.0000 Train Acc=0.9996 Test Acc=0.7828 Best Acc=0.8172
2025-12-04 17:58:50,273 - anchor [Subject 0, Anchor 0, Epoch 87/150] Train Loss=0.0000 Train Acc=0.9996 Test Acc=0.7840 Best Acc=0.8172
2025-12-04 17:59:18,735 - anchor [Subject 0, Anchor 0, Epoch 88/150] Train Loss=0.0000 Train Acc=1.0000 Test Acc=0.7852 Best Acc=0.8172
2025-12-04 17:59:45,049 - anchor [Subject 0, Anchor 0, Epoch 89/150] Train Loss=0.0000 Train Acc=1.0000 Test Acc=0.7848 Best Acc=0.8172
2025-12-04 18:00:13,551 - anchor [Subject 0, Anchor 0, Epoch 90/150] Train Loss=0.0000 Train Acc=1.0000 Test Acc=0.7836 Best Acc=0.8172
2025-12-04 18:00:39,387 - anchor [Subject 0, Anchor 0, Epoch 91/150] Train Loss=0.0000 Train Acc=1.0000 Test Acc=0.7820 Best Acc=0.8172
2025-12-04 18:01:04,307 - anchor [Subject 0, Anchor 0, Epoch 92/150] Train Loss=0.0000 Train Acc=0.9996 Test Acc=0.7832 Best Acc=0.8172
2025-12-04 18:01:31,702 - anchor [Subject 0, Anchor 0, Epoch 93/150] Train Loss=0.0000 Train Acc=1.0000 Test Acc=0.7840 Best Acc=0.8172
2025-12-04 18:01:59,747 - anchor [Subject 0, Anchor 0, Epoch 94/150] Train Loss=0.0000 Train Acc=1.0000 Test Acc=0.7836 Best Acc=0.8172
2025-12-04 18:02:24,884 - anchor [Subject 0, Anchor 0, Epoch 95/150] Train Loss=0.0000 Train Acc=1.0000 Test Acc=0.7832 Best Acc=0.8172
2025-12-04 18:02:51,595 - anchor [Subject 0, Anchor 0, Epoch 96/150] Train Loss=0.0000 Train Acc=0.9996 Test Acc=0.7852 Best Acc=0.8172
2025-12-04 18:03:17,844 - anchor [Subject 0, Anchor 0, Epoch 97/150] Train Loss=0.0000 Train Acc=1.0000 Test Acc=0.7891 Best Acc=0.8172
2025-12-04 18:03:44,938 - anchor [Subject 0, Anchor 0, Epoch 98/150] Train Loss=0.0000 Train Acc=1.0000 Test Acc=0.7902 Best Acc=0.8172
2025-12-04 18:04:10,733 - anchor [Subject 0, Anchor 0, Epoch 99/150] Train Loss=0.0000 Train Acc=1.0000 Test Acc=0.7906 Best Acc=0.8172
2025-12-04 18:04:37,143 - anchor [Subject 0, Anchor 0, Epoch 100/150] Train Loss=0.0000 Train Acc=1.0000 Test Acc=0.7887 Best Acc=0.8172
2025-12-04 18:05:02,213 - anchor [Subject 0, Anchor 0, Epoch 101/150] Train Loss=0.0000 Train Acc=1.0000 Test Acc=0.7895 Best Acc=0.8172
2025-12-04 18:05:28,846 - anchor [Subject 0, Anchor 0, Epoch 102/150] Train Loss=0.0000 Train Acc=1.0000 Test Acc=0.7902 Best Acc=0.8172
2025-12-04 18:05:52,834 - anchor [Subject 0, Anchor 0, Epoch 103/150] Train Loss=0.0000 Train Acc=1.0000 Test Acc=0.7895 Best Acc=0.8172
2025-12-04 18:06:36,189 - anchor [Subject 0, Anchor 0, Epoch 104/150] Train Loss=0.0000 Train Acc=1.0000 Test Acc=0.7875 Best Acc=0.8172
2025-12-04 18:07:04,131 - anchor [Subject 0, Anchor 0, Epoch 105/150] Train Loss=0.0000 Train Acc=1.0000 Test Acc=0.7867 Best Acc=0.8172
2025-12-04 18:07:30,756 - anchor [Subject 0, Anchor 0, Epoch 106/150] Train Loss=0.0000 Train Acc=1.0000 Test Acc=0.7867 Best Acc=0.8172
2025-12-04 18:07:56,649 - anchor [Subject 0, Anchor 0, Epoch 107/150] Train Loss=0.0000 Train Acc=0.9996 Test Acc=0.7902 Best Acc=0.8172
2025-12-04 18:08:21,391 - anchor [Subject 0, Anchor 0, Epoch 108/150] Train Loss=0.0000 Train Acc=1.0000 Test Acc=0.7941 Best Acc=0.8172
2025-12-04 18:08:49,261 - anchor [Subject 0, Anchor 0, Epoch 109/150] Train Loss=0.0000 Train Acc=0.9996 Test Acc=0.7988 Best Acc=0.8172
2025-12-04 18:09:13,653 - anchor [Subject 0, Anchor 0, Epoch 110/150] Train Loss=0.0000 Train Acc=1.0000 Test Acc=0.7996 Best Acc=0.8172
2025-12-04 18:09:37,808 - anchor [Subject 0, Anchor 0, Epoch 111/150] Train Loss=0.0000 Train Acc=1.0000 Test Acc=0.7996 Best Acc=0.8172
2025-12-04 18:10:01,731 - anchor [Subject 0, Anchor 0, Epoch 112/150] Train Loss=0.0000 Train Acc=0.9996 Test Acc=0.8008 Best Acc=0.8172
2025-12-04 18:10:30,121 - anchor [Subject 0, Anchor 0, Epoch 113/150] Train Loss=0.0000 Train Acc=1.0000 Test Acc=0.8023 Best Acc=0.8172
2025-12-04 18:10:54,635 - anchor [Subject 0, Anchor 0, Epoch 114/150] Train Loss=0.0000 Train Acc=1.0000 Test Acc=0.8016 Best Acc=0.8172
2025-12-04 18:11:21,467 - anchor [Subject 0, Anchor 0, Epoch 115/150] Train Loss=0.0000 Train Acc=1.0000 Test Acc=0.8012 Best Acc=0.8172
2025-12-04 18:11:47,477 - anchor [Subject 0, Anchor 0, Epoch 116/150] Train Loss=0.0000 Train Acc=1.0000 Test Acc=0.8000 Best Acc=0.8172
2025-12-04 18:12:15,375 - anchor [Subject 0, Anchor 0, Epoch 117/150] Train Loss=0.0000 Train Acc=1.0000 Test Acc=0.7980 Best Acc=0.8172
2025-12-04 18:12:41,704 - anchor [Subject 0, Anchor 0, Epoch 118/150] Train Loss=0.0000 Train Acc=1.0000 Test Acc=0.7969 Best Acc=0.8172
2025-12-04 18:13:10,672 - anchor [Subject 0, Anchor 0, Epoch 119/150] Train Loss=0.0000 Train Acc=1.0000 Test Acc=0.7961 Best Acc=0.8172
2025-12-04 18:13:39,232 - anchor [Subject 0, Anchor 0, Epoch 120/150] Train Loss=0.0000 Train Acc=1.0000 Test Acc=0.7961 Best Acc=0.8172
2025-12-04 18:14:04,671 - anchor [Subject 0, Anchor 0, Epoch 121/150] Train Loss=0.0000 Train Acc=1.0000 Test Acc=0.7937 Best Acc=0.8172
2025-12-04 18:14:31,608 - anchor [Subject 0, Anchor 0, Epoch 122/150] Train Loss=0.0000 Train Acc=1.0000 Test Acc=0.7926 Best Acc=0.8172
2025-12-04 18:14:57,174 - anchor [Subject 0, Anchor 0, Epoch 123/150] Train Loss=0.0000 Train Acc=1.0000 Test Acc=0.7918 Best Acc=0.8172
2025-12-04 18:15:23,264 - anchor [Subject 0, Anchor 0, Epoch 124/150] Train Loss=0.0000 Train Acc=1.0000 Test Acc=0.7953 Best Acc=0.8172
2025-12-04 18:15:48,630 - anchor [Subject 0, Anchor 0, Epoch 125/150] Train Loss=0.0000 Train Acc=1.0000 Test Acc=0.7965 Best Acc=0.8172
2025-12-04 18:16:14,153 - anchor [Subject 0, Anchor 0, Epoch 126/150] Train Loss=0.0000 Train Acc=1.0000 Test Acc=0.7973 Best Acc=0.8172
2025-12-04 18:16:40,327 - anchor [Subject 0, Anchor 0, Epoch 127/150] Train Loss=0.0000 Train Acc=1.0000 Test Acc=0.7984 Best Acc=0.8172
2025-12-04 18:17:07,338 - anchor [Subject 0, Anchor 0, Epoch 128/150] Train Loss=0.0000 Train Acc=1.0000 Test Acc=0.7996 Best Acc=0.8172
2025-12-04 18:17:34,565 - anchor [Subject 0, Anchor 0, Epoch 129/150] Train Loss=0.0000 Train Acc=1.0000 Test Acc=0.8004 Best Acc=0.8172
2025-12-04 18:18:01,105 - anchor [Subject 0, Anchor 0, Epoch 130/150] Train Loss=0.0000 Train Acc=1.0000 Test Acc=0.7996 Best Acc=0.8172
2025-12-04 18:18:28,518 - anchor [Subject 0, Anchor 0, Epoch 131/150] Train Loss=0.0000 Train Acc=1.0000 Test Acc=0.7977 Best Acc=0.8172
2025-12-04 18:18:52,050 - anchor [Subject 0, Anchor 0, Epoch 132/150] Train Loss=0.0000 Train Acc=1.0000 Test Acc=0.7957 Best Acc=0.8172
2025-12-04 18:19:19,186 - anchor [Subject 0, Anchor 0, Epoch 133/150] Train Loss=0.0000 Train Acc=1.0000 Test Acc=0.7953 Best Acc=0.8172
2025-12-04 18:19:43,783 - anchor [Subject 0, Anchor 0, Epoch 134/150] Train Loss=0.0000 Train Acc=1.0000 Test Acc=0.7953 Best Acc=0.8172
2025-12-04 18:20:10,367 - anchor [Subject 0, Anchor 0, Epoch 135/150] Train Loss=0.0000 Train Acc=1.0000 Test Acc=0.7941 Best Acc=0.8172
2025-12-04 18:20:36,829 - anchor [Subject 0, Anchor 0, Epoch 136/150] Train Loss=0.0000 Train Acc=1.0000 Test Acc=0.7965 Best Acc=0.8172
2025-12-04 18:21:01,743 - anchor [Subject 0, Anchor 0, Epoch 137/150] Train Loss=0.0000 Train Acc=1.0000 Test Acc=0.7992 Best Acc=0.8172
2025-12-04 18:21:29,488 - anchor [Subject 0, Anchor 0, Epoch 138/150] Train Loss=0.0000 Train Acc=1.0000 Test Acc=0.8000 Best Acc=0.8172
2025-12-04 18:21:56,200 - anchor [Subject 0, Anchor 0, Epoch 139/150] Train Loss=0.0000 Train Acc=1.0000 Test Acc=0.8000 Best Acc=0.8172
2025-12-04 18:22:20,264 - anchor [Subject 0, Anchor 0, Epoch 140/150] Train Loss=0.0000 Train Acc=1.0000 Test Acc=0.7992 Best Acc=0.8172
2025-12-04 18:22:45,473 - anchor [Subject 0, Anchor 0, Epoch 141/150] Train Loss=0.0000 Train Acc=1.0000 Test Acc=0.7992 Best Acc=0.8172
2025-12-04 18:23:11,413 - anchor [Subject 0, Anchor 0, Epoch 142/150] Train Loss=0.0000 Train Acc=1.0000 Test Acc=0.7992 Best Acc=0.8172
2025-12-04 18:23:34,736 - anchor [Subject 0, Anchor 0, Epoch 143/150] Train Loss=0.0000 Train Acc=1.0000 Test Acc=0.7992 Best Acc=0.8172
2025-12-04 18:24:04,222 - anchor [Subject 0, Anchor 0, Epoch 144/150] Train Loss=0.0000 Train Acc=1.0000 Test Acc=0.7992 Best Acc=0.8172
2025-12-04 18:24:30,466 - anchor [Subject 0, Anchor 0, Epoch 145/150] Train Loss=0.0000 Train Acc=1.0000 Test Acc=0.7977 Best Acc=0.8172
2025-12-04 18:24:54,960 - anchor [Subject 0, Anchor 0, Epoch 146/150] Train Loss=0.0000 Train Acc=1.0000 Test Acc=0.7969 Best Acc=0.8172
2025-12-04 18:25:39,125 - anchor [Subject 0, Anchor 0, Epoch 147/150] Train Loss=0.0000 Train Acc=1.0000 Test Acc=0.7945 Best Acc=0.8172
2025-12-04 18:26:05,698 - anchor [Subject 0, Anchor 0, Epoch 148/150] Train Loss=0.0000 Train Acc=1.0000 Test Acc=0.7934 Best Acc=0.8172
2025-12-04 18:26:30,511 - anchor [Subject 0, Anchor 0, Epoch 149/150] Train Loss=0.0000 Train Acc=1.0000 Test Acc=0.7934 Best Acc=0.8172
2025-12-04 18:26:54,066 - anchor [Subject 0, Anchor 0, Epoch 150/150] Train Loss=0.0000 Train Acc=1.0000 Test Acc=0.7945 Best Acc=0.8172
2025-12-04 18:26:54,083 - labelAlign [Subject 0, Anchor 0 Target 1] Start
2025-12-04 18:27:41,684 - labelAlign [Subject 0, Anchor 0 Target 2] Start
2025-12-04 18:28:16,990 - labelAlign [Subject 0, Anchor 0 Target 3] Start
2025-12-04 18:28:49,630 - labelAlign [Subject 0, Anchor 0 Target 4] Start
2025-12-04 18:29:18,365 - labelAlign [Subject 0, Anchor 0 Target 5] Start
2025-12-04 18:29:44,138 - labelAlign [Subject 0, Anchor 0 Target 6] Start
2025-12-04 18:30:12,912 - labelAlign [Subject 0, Anchor 0 Target 7] Start
2025-12-04 18:30:36,827 - labelAlign [Subject 0, Anchor 0 Target 8] Start
2025-12-04 18:31:03,028 - labelAlign [Subject 0, Anchor 0 Target 9] Start
2025-12-04 18:31:24,298 - labelAlign [Subject 0, Anchor 0 Target 10] Start
2025-12-04 18:31:50,232 - labelAlign [Subject 0, Anchor 0 Target 11] Start
2025-12-04 18:32:17,629 - labelAlign [Subject 0, Anchor 0 Target 12] Start
2025-12-04 18:32:43,438 - labelAlign [Subject 0, Anchor 0 Target 13] Start
2025-12-04 18:36:01,704 - cls [Subject 0, Anchor 0, Epoch 1/150] Train Loss=0.0003 Train Acc=0.9746 Test Acc=0.8504 Best Acc=0.8504
2025-12-04 18:39:34,703 - cls [Subject 0, Anchor 0, Epoch 2/150] Train Loss=0.0002 Train Acc=0.9778 Test Acc=0.9023 Best Acc=0.9023
2025-12-04 18:42:37,335 - cls [Subject 0, Anchor 0, Epoch 3/150] Train Loss=0.0002 Train Acc=0.9773 Test Acc=0.8840 Best Acc=0.9023
2025-12-04 18:45:51,238 - cls [Subject 0, Anchor 0, Epoch 4/150] Train Loss=0.0002 Train Acc=0.9782 Test Acc=0.8723 Best Acc=0.9023
2025-12-04 18:49:12,965 - cls [Subject 0, Anchor 0, Epoch 5/150] Train Loss=0.0002 Train Acc=0.9785 Test Acc=0.8457 Best Acc=0.9023
2025-12-04 18:52:09,873 - cls [Subject 0, Anchor 0, Epoch 6/150] Train Loss=0.0002 Train Acc=0.9791 Test Acc=0.8359 Best Acc=0.9023
2025-12-04 18:55:16,131 - cls [Subject 0, Anchor 0, Epoch 7/150] Train Loss=0.0002 Train Acc=0.9802 Test Acc=0.8414 Best Acc=0.9023
2025-12-04 18:58:13,302 - cls [Subject 0, Anchor 0, Epoch 8/150] Train Loss=0.0002 Train Acc=0.9802 Test Acc=0.8355 Best Acc=0.9023
2025-12-04 19:01:07,275 - cls [Subject 0, Anchor 0, Epoch 9/150] Train Loss=0.0002 Train Acc=0.9806 Test Acc=0.8313 Best Acc=0.9023
2025-12-04 19:04:16,870 - cls [Subject 0, Anchor 0, Epoch 10/150] Train Loss=0.0002 Train Acc=0.9821 Test Acc=0.8375 Best Acc=0.9023
