2025-12-04 17:01:28,067 - === GLAE, leaving subject 6 for test ===
2025-12-04 17:09:01,719 - =========================Subject 6, Anchor 0===========================
2025-12-04 17:10:27,672 - anchor [Subject 6, Anchor 0, Epoch 1/150] Train Loss=0.0005 Train Acc=0.9465 Test Acc=0.8363 Best Acc=0.8363
2025-12-04 17:10:32,366 - anchor [Subject 6, Anchor 0, Epoch 2/150] Train Loss=0.0003 Train Acc=0.9520 Test Acc=0.8383 Best Acc=0.8383
2025-12-04 17:10:37,252 - anchor [Subject 6, Anchor 0, Epoch 3/150] Train Loss=0.0002 Train Acc=0.9707 Test Acc=0.8402 Best Acc=0.8402
2025-12-04 17:10:42,927 - anchor [Subject 6, Anchor 0, Epoch 4/150] Train Loss=0.0002 Train Acc=0.9688 Test Acc=0.8422 Best Acc=0.8422
2025-12-04 17:10:48,191 - anchor [Subject 6, Anchor 0, Epoch 5/150] Train Loss=0.0001 Train Acc=0.9734 Test Acc=0.8395 Best Acc=0.8422
2025-12-04 17:10:54,386 - anchor [Subject 6, Anchor 0, Epoch 6/150] Train Loss=0.0001 Train Acc=0.9812 Test Acc=0.8340 Best Acc=0.8422
2025-12-04 17:10:58,573 - anchor [Subject 6, Anchor 0, Epoch 7/150] Train Loss=0.0001 Train Acc=0.9871 Test Acc=0.8316 Best Acc=0.8422
2025-12-04 17:11:03,110 - anchor [Subject 6, Anchor 0, Epoch 8/150] Train Loss=0.0001 Train Acc=0.9898 Test Acc=0.8328 Best Acc=0.8422
2025-12-04 17:11:07,670 - anchor [Subject 6, Anchor 0, Epoch 9/150] Train Loss=0.0001 Train Acc=0.9914 Test Acc=0.8313 Best Acc=0.8422
2025-12-04 17:11:11,415 - anchor [Subject 6, Anchor 0, Epoch 10/150] Train Loss=0.0001 Train Acc=0.9914 Test Acc=0.8316 Best Acc=0.8422
2025-12-04 17:11:16,418 - anchor [Subject 6, Anchor 0, Epoch 11/150] Train Loss=0.0000 Train Acc=0.9930 Test Acc=0.8281 Best Acc=0.8422
2025-12-04 17:11:21,643 - anchor [Subject 6, Anchor 0, Epoch 12/150] Train Loss=0.0000 Train Acc=0.9949 Test Acc=0.8262 Best Acc=0.8422
2025-12-04 17:11:26,887 - anchor [Subject 6, Anchor 0, Epoch 13/150] Train Loss=0.0000 Train Acc=0.9965 Test Acc=0.8254 Best Acc=0.8422
2025-12-04 17:11:32,305 - anchor [Subject 6, Anchor 0, Epoch 14/150] Train Loss=0.0000 Train Acc=0.9949 Test Acc=0.8301 Best Acc=0.8422
2025-12-04 17:11:36,530 - anchor [Subject 6, Anchor 0, Epoch 15/150] Train Loss=0.0000 Train Acc=0.9945 Test Acc=0.8313 Best Acc=0.8422
2025-12-04 17:11:39,537 - anchor [Subject 6, Anchor 0, Epoch 16/150] Train Loss=0.0000 Train Acc=0.9980 Test Acc=0.8316 Best Acc=0.8422
2025-12-04 17:11:43,214 - anchor [Subject 6, Anchor 0, Epoch 17/150] Train Loss=0.0000 Train Acc=0.9984 Test Acc=0.8328 Best Acc=0.8422
2025-12-04 17:11:47,876 - anchor [Subject 6, Anchor 0, Epoch 18/150] Train Loss=0.0000 Train Acc=0.9961 Test Acc=0.8313 Best Acc=0.8422
2025-12-04 17:11:51,480 - anchor [Subject 6, Anchor 0, Epoch 19/150] Train Loss=0.0000 Train Acc=0.9969 Test Acc=0.8336 Best Acc=0.8422
2025-12-04 17:11:54,890 - anchor [Subject 6, Anchor 0, Epoch 20/150] Train Loss=0.0000 Train Acc=0.9973 Test Acc=0.8324 Best Acc=0.8422
2025-12-04 17:11:57,750 - anchor [Subject 6, Anchor 0, Epoch 21/150] Train Loss=0.0000 Train Acc=0.9953 Test Acc=0.8324 Best Acc=0.8422
2025-12-04 17:12:00,613 - anchor [Subject 6, Anchor 0, Epoch 22/150] Train Loss=0.0000 Train Acc=0.9973 Test Acc=0.8336 Best Acc=0.8422
2025-12-04 17:12:03,111 - anchor [Subject 6, Anchor 0, Epoch 23/150] Train Loss=0.0000 Train Acc=0.9973 Test Acc=0.8336 Best Acc=0.8422
2025-12-04 17:12:06,049 - anchor [Subject 6, Anchor 0, Epoch 24/150] Train Loss=0.0000 Train Acc=0.9992 Test Acc=0.8336 Best Acc=0.8422
2025-12-04 17:12:09,292 - anchor [Subject 6, Anchor 0, Epoch 25/150] Train Loss=0.0000 Train Acc=0.9977 Test Acc=0.8254 Best Acc=0.8422
2025-12-04 17:12:13,022 - anchor [Subject 6, Anchor 0, Epoch 26/150] Train Loss=0.0000 Train Acc=0.9977 Test Acc=0.8246 Best Acc=0.8422
2025-12-04 17:12:16,552 - anchor [Subject 6, Anchor 0, Epoch 27/150] Train Loss=0.0000 Train Acc=0.9957 Test Acc=0.8305 Best Acc=0.8422
2025-12-04 17:12:22,007 - anchor [Subject 6, Anchor 0, Epoch 28/150] Train Loss=0.0000 Train Acc=0.9996 Test Acc=0.8328 Best Acc=0.8422
2025-12-04 17:12:31,190 - anchor [Subject 6, Anchor 0, Epoch 29/150] Train Loss=0.0000 Train Acc=0.9973 Test Acc=0.8445 Best Acc=0.8445
2025-12-04 17:12:43,941 - anchor [Subject 6, Anchor 0, Epoch 30/150] Train Loss=0.0000 Train Acc=0.9988 Test Acc=0.8449 Best Acc=0.8449
2025-12-04 17:12:52,495 - anchor [Subject 6, Anchor 0, Epoch 31/150] Train Loss=0.0000 Train Acc=0.9984 Test Acc=0.8352 Best Acc=0.8449
2025-12-04 17:12:59,961 - anchor [Subject 6, Anchor 0, Epoch 32/150] Train Loss=0.0000 Train Acc=0.9996 Test Acc=0.8293 Best Acc=0.8449
2025-12-04 17:13:07,039 - anchor [Subject 6, Anchor 0, Epoch 33/150] Train Loss=0.0000 Train Acc=0.9965 Test Acc=0.8313 Best Acc=0.8449
2025-12-04 17:13:13,534 - anchor [Subject 6, Anchor 0, Epoch 34/150] Train Loss=0.0000 Train Acc=0.9984 Test Acc=0.8348 Best Acc=0.8449
2025-12-04 17:13:21,368 - anchor [Subject 6, Anchor 0, Epoch 35/150] Train Loss=0.0000 Train Acc=0.9996 Test Acc=0.8414 Best Acc=0.8449
2025-12-04 17:13:26,848 - anchor [Subject 6, Anchor 0, Epoch 36/150] Train Loss=0.0000 Train Acc=0.9988 Test Acc=0.8461 Best Acc=0.8461
2025-12-04 17:13:42,356 - anchor [Subject 6, Anchor 0, Epoch 37/150] Train Loss=0.0000 Train Acc=0.9969 Test Acc=0.8379 Best Acc=0.8461
2025-12-04 17:13:51,641 - anchor [Subject 6, Anchor 0, Epoch 38/150] Train Loss=0.0000 Train Acc=0.9980 Test Acc=0.8391 Best Acc=0.8461
2025-12-04 17:13:58,040 - anchor [Subject 6, Anchor 0, Epoch 39/150] Train Loss=0.0000 Train Acc=1.0000 Test Acc=0.8363 Best Acc=0.8461
2025-12-04 17:14:03,456 - anchor [Subject 6, Anchor 0, Epoch 40/150] Train Loss=0.0000 Train Acc=0.9984 Test Acc=0.8375 Best Acc=0.8461
2025-12-04 17:14:08,447 - anchor [Subject 6, Anchor 0, Epoch 41/150] Train Loss=0.0000 Train Acc=0.9988 Test Acc=0.8484 Best Acc=0.8484
2025-12-04 17:14:15,049 - anchor [Subject 6, Anchor 0, Epoch 42/150] Train Loss=0.0000 Train Acc=0.9988 Test Acc=0.8527 Best Acc=0.8527
2025-12-04 17:14:24,365 - anchor [Subject 6, Anchor 0, Epoch 43/150] Train Loss=0.0000 Train Acc=0.9992 Test Acc=0.8527 Best Acc=0.8527
2025-12-04 17:14:28,355 - anchor [Subject 6, Anchor 0, Epoch 44/150] Train Loss=0.0000 Train Acc=0.9984 Test Acc=0.8406 Best Acc=0.8527
2025-12-04 17:14:34,167 - anchor [Subject 6, Anchor 0, Epoch 45/150] Train Loss=0.0000 Train Acc=0.9988 Test Acc=0.8422 Best Acc=0.8527
2025-12-04 17:14:40,788 - anchor [Subject 6, Anchor 0, Epoch 46/150] Train Loss=0.0000 Train Acc=1.0000 Test Acc=0.8422 Best Acc=0.8527
2025-12-04 17:14:45,299 - anchor [Subject 6, Anchor 0, Epoch 47/150] Train Loss=0.0000 Train Acc=0.9996 Test Acc=0.8391 Best Acc=0.8527
2025-12-04 17:14:51,011 - anchor [Subject 6, Anchor 0, Epoch 48/150] Train Loss=0.0000 Train Acc=0.9988 Test Acc=0.8383 Best Acc=0.8527
2025-12-04 17:14:54,372 - anchor [Subject 6, Anchor 0, Epoch 49/150] Train Loss=0.0000 Train Acc=1.0000 Test Acc=0.8379 Best Acc=0.8527
2025-12-04 17:14:58,644 - anchor [Subject 6, Anchor 0, Epoch 50/150] Train Loss=0.0000 Train Acc=0.9988 Test Acc=0.8383 Best Acc=0.8527
2025-12-04 17:15:02,810 - anchor [Subject 6, Anchor 0, Epoch 51/150] Train Loss=0.0000 Train Acc=0.9996 Test Acc=0.8461 Best Acc=0.8527
2025-12-04 17:15:06,189 - anchor [Subject 6, Anchor 0, Epoch 52/150] Train Loss=0.0000 Train Acc=0.9996 Test Acc=0.8480 Best Acc=0.8527
2025-12-04 17:15:09,596 - anchor [Subject 6, Anchor 0, Epoch 53/150] Train Loss=0.0000 Train Acc=0.9992 Test Acc=0.8426 Best Acc=0.8527
2025-12-04 17:15:13,246 - anchor [Subject 6, Anchor 0, Epoch 54/150] Train Loss=0.0000 Train Acc=0.9992 Test Acc=0.8461 Best Acc=0.8527
2025-12-04 17:15:17,158 - anchor [Subject 6, Anchor 0, Epoch 55/150] Train Loss=0.0000 Train Acc=1.0000 Test Acc=0.8512 Best Acc=0.8527
2025-12-04 17:15:21,160 - anchor [Subject 6, Anchor 0, Epoch 56/150] Train Loss=0.0000 Train Acc=0.9988 Test Acc=0.8551 Best Acc=0.8551
2025-12-04 17:15:24,178 - anchor [Subject 6, Anchor 0, Epoch 57/150] Train Loss=0.0000 Train Acc=0.9988 Test Acc=0.8555 Best Acc=0.8555
2025-12-04 17:15:26,858 - anchor [Subject 6, Anchor 0, Epoch 58/150] Train Loss=0.0000 Train Acc=0.9996 Test Acc=0.8559 Best Acc=0.8559
2025-12-04 17:15:30,524 - anchor [Subject 6, Anchor 0, Epoch 59/150] Train Loss=0.0000 Train Acc=0.9996 Test Acc=0.8562 Best Acc=0.8562
2025-12-04 17:15:40,401 - anchor [Subject 6, Anchor 0, Epoch 60/150] Train Loss=0.0000 Train Acc=0.9992 Test Acc=0.8512 Best Acc=0.8562
2025-12-04 17:15:43,832 - anchor [Subject 6, Anchor 0, Epoch 61/150] Train Loss=0.0000 Train Acc=0.9984 Test Acc=0.8410 Best Acc=0.8562
2025-12-04 17:15:46,742 - anchor [Subject 6, Anchor 0, Epoch 62/150] Train Loss=0.0000 Train Acc=0.9988 Test Acc=0.8445 Best Acc=0.8562
2025-12-04 17:15:49,784 - anchor [Subject 6, Anchor 0, Epoch 63/150] Train Loss=0.0000 Train Acc=1.0000 Test Acc=0.8559 Best Acc=0.8562
2025-12-04 17:15:52,955 - anchor [Subject 6, Anchor 0, Epoch 64/150] Train Loss=0.0000 Train Acc=0.9992 Test Acc=0.8562 Best Acc=0.8562
2025-12-04 17:15:55,779 - anchor [Subject 6, Anchor 0, Epoch 65/150] Train Loss=0.0000 Train Acc=1.0000 Test Acc=0.8562 Best Acc=0.8562
2025-12-04 17:15:58,865 - anchor [Subject 6, Anchor 0, Epoch 66/150] Train Loss=0.0000 Train Acc=1.0000 Test Acc=0.8566 Best Acc=0.8566
2025-12-04 17:16:02,926 - anchor [Subject 6, Anchor 0, Epoch 67/150] Train Loss=0.0000 Train Acc=1.0000 Test Acc=0.8562 Best Acc=0.8566
2025-12-04 17:16:06,520 - anchor [Subject 6, Anchor 0, Epoch 68/150] Train Loss=0.0000 Train Acc=0.9992 Test Acc=0.8562 Best Acc=0.8566
2025-12-04 17:16:10,686 - anchor [Subject 6, Anchor 0, Epoch 69/150] Train Loss=0.0000 Train Acc=0.9984 Test Acc=0.8449 Best Acc=0.8566
2025-12-04 17:16:18,480 - anchor [Subject 6, Anchor 0, Epoch 70/150] Train Loss=0.0000 Train Acc=0.9992 Test Acc=0.8473 Best Acc=0.8566
2025-12-04 17:16:22,101 - anchor [Subject 6, Anchor 0, Epoch 71/150] Train Loss=0.0000 Train Acc=0.9988 Test Acc=0.8570 Best Acc=0.8570
2025-12-04 17:16:25,989 - anchor [Subject 6, Anchor 0, Epoch 72/150] Train Loss=0.0000 Train Acc=0.9992 Test Acc=0.8578 Best Acc=0.8578
2025-12-04 17:16:30,430 - anchor [Subject 6, Anchor 0, Epoch 73/150] Train Loss=0.0000 Train Acc=1.0000 Test Acc=0.8582 Best Acc=0.8582
2025-12-04 17:16:34,205 - anchor [Subject 6, Anchor 0, Epoch 74/150] Train Loss=0.0000 Train Acc=0.9992 Test Acc=0.8586 Best Acc=0.8586
2025-12-04 17:16:37,168 - anchor [Subject 6, Anchor 0, Epoch 75/150] Train Loss=0.0000 Train Acc=0.9992 Test Acc=0.8586 Best Acc=0.8586
2025-12-04 17:16:40,970 - anchor [Subject 6, Anchor 0, Epoch 76/150] Train Loss=0.0000 Train Acc=1.0000 Test Acc=0.8574 Best Acc=0.8586
2025-12-04 17:16:44,053 - anchor [Subject 6, Anchor 0, Epoch 77/150] Train Loss=0.0000 Train Acc=0.9996 Test Acc=0.8574 Best Acc=0.8586
2025-12-04 17:16:46,549 - anchor [Subject 6, Anchor 0, Epoch 78/150] Train Loss=0.0000 Train Acc=0.9992 Test Acc=0.8578 Best Acc=0.8586
2025-12-04 17:16:48,280 - anchor [Subject 6, Anchor 0, Epoch 79/150] Train Loss=0.0000 Train Acc=0.9984 Test Acc=0.8590 Best Acc=0.8590
2025-12-04 17:16:50,579 - anchor [Subject 6, Anchor 0, Epoch 80/150] Train Loss=0.0000 Train Acc=0.9996 Test Acc=0.8594 Best Acc=0.8594
2025-12-04 17:16:53,355 - anchor [Subject 6, Anchor 0, Epoch 81/150] Train Loss=0.0000 Train Acc=1.0000 Test Acc=0.8594 Best Acc=0.8594
2025-12-04 17:17:02,339 - anchor [Subject 6, Anchor 0, Epoch 82/150] Train Loss=0.0000 Train Acc=0.9992 Test Acc=0.8594 Best Acc=0.8594
2025-12-04 17:17:05,995 - anchor [Subject 6, Anchor 0, Epoch 83/150] Train Loss=0.0000 Train Acc=0.9996 Test Acc=0.8598 Best Acc=0.8598
2025-12-04 17:17:08,139 - anchor [Subject 6, Anchor 0, Epoch 84/150] Train Loss=0.0000 Train Acc=1.0000 Test Acc=0.8590 Best Acc=0.8598
2025-12-04 17:17:10,855 - anchor [Subject 6, Anchor 0, Epoch 85/150] Train Loss=0.0000 Train Acc=0.9996 Test Acc=0.8594 Best Acc=0.8598
2025-12-04 17:17:13,768 - anchor [Subject 6, Anchor 0, Epoch 86/150] Train Loss=0.0000 Train Acc=0.9996 Test Acc=0.8602 Best Acc=0.8602
2025-12-04 17:17:16,222 - anchor [Subject 6, Anchor 0, Epoch 87/150] Train Loss=0.0000 Train Acc=1.0000 Test Acc=0.8609 Best Acc=0.8609
2025-12-04 17:17:18,870 - anchor [Subject 6, Anchor 0, Epoch 88/150] Train Loss=0.0000 Train Acc=0.9996 Test Acc=0.8602 Best Acc=0.8609
2025-12-04 17:17:20,886 - anchor [Subject 6, Anchor 0, Epoch 89/150] Train Loss=0.0000 Train Acc=0.9996 Test Acc=0.8609 Best Acc=0.8609
2025-12-04 17:17:23,442 - anchor [Subject 6, Anchor 0, Epoch 90/150] Train Loss=0.0000 Train Acc=1.0000 Test Acc=0.8605 Best Acc=0.8609
2025-12-04 17:17:25,811 - anchor [Subject 6, Anchor 0, Epoch 91/150] Train Loss=0.0000 Train Acc=0.9996 Test Acc=0.8605 Best Acc=0.8609
2025-12-04 17:17:28,297 - anchor [Subject 6, Anchor 0, Epoch 92/150] Train Loss=0.0000 Train Acc=1.0000 Test Acc=0.8602 Best Acc=0.8609
2025-12-04 17:17:30,926 - anchor [Subject 6, Anchor 0, Epoch 93/150] Train Loss=0.0000 Train Acc=0.9996 Test Acc=0.8609 Best Acc=0.8609
2025-12-04 17:17:33,784 - anchor [Subject 6, Anchor 0, Epoch 94/150] Train Loss=0.0000 Train Acc=0.9988 Test Acc=0.8605 Best Acc=0.8609
2025-12-04 17:17:36,061 - anchor [Subject 6, Anchor 0, Epoch 95/150] Train Loss=0.0000 Train Acc=1.0000 Test Acc=0.8605 Best Acc=0.8609
2025-12-04 17:17:38,457 - anchor [Subject 6, Anchor 0, Epoch 96/150] Train Loss=0.0000 Train Acc=0.9992 Test Acc=0.8613 Best Acc=0.8613
2025-12-04 17:17:41,631 - anchor [Subject 6, Anchor 0, Epoch 97/150] Train Loss=0.0000 Train Acc=0.9996 Test Acc=0.8621 Best Acc=0.8621
2025-12-04 17:17:44,832 - anchor [Subject 6, Anchor 0, Epoch 98/150] Train Loss=0.0000 Train Acc=0.9996 Test Acc=0.8641 Best Acc=0.8641
2025-12-04 17:17:47,329 - anchor [Subject 6, Anchor 0, Epoch 99/150] Train Loss=0.0000 Train Acc=0.9996 Test Acc=0.8672 Best Acc=0.8672
2025-12-04 17:17:50,219 - anchor [Subject 6, Anchor 0, Epoch 100/150] Train Loss=0.0000 Train Acc=0.9996 Test Acc=0.8629 Best Acc=0.8672
2025-12-04 17:17:53,120 - anchor [Subject 6, Anchor 0, Epoch 101/150] Train Loss=0.0000 Train Acc=0.9992 Test Acc=0.8621 Best Acc=0.8672
2025-12-04 17:17:56,169 - anchor [Subject 6, Anchor 0, Epoch 102/150] Train Loss=0.0000 Train Acc=1.0000 Test Acc=0.8609 Best Acc=0.8672
2025-12-04 17:17:59,462 - anchor [Subject 6, Anchor 0, Epoch 103/150] Train Loss=0.0000 Train Acc=0.9996 Test Acc=0.8613 Best Acc=0.8672
2025-12-04 17:18:06,020 - anchor [Subject 6, Anchor 0, Epoch 104/150] Train Loss=0.0000 Train Acc=0.9996 Test Acc=0.8617 Best Acc=0.8672
2025-12-04 17:18:09,092 - anchor [Subject 6, Anchor 0, Epoch 105/150] Train Loss=0.0000 Train Acc=0.9996 Test Acc=0.8641 Best Acc=0.8672
2025-12-04 17:18:11,982 - anchor [Subject 6, Anchor 0, Epoch 106/150] Train Loss=0.0000 Train Acc=0.9996 Test Acc=0.8684 Best Acc=0.8684
2025-12-04 17:18:14,941 - anchor [Subject 6, Anchor 0, Epoch 107/150] Train Loss=0.0000 Train Acc=1.0000 Test Acc=0.8711 Best Acc=0.8711
2025-12-04 17:18:17,219 - anchor [Subject 6, Anchor 0, Epoch 108/150] Train Loss=0.0000 Train Acc=0.9996 Test Acc=0.8641 Best Acc=0.8711
2025-12-04 17:18:19,797 - anchor [Subject 6, Anchor 0, Epoch 109/150] Train Loss=0.0000 Train Acc=0.9992 Test Acc=0.8645 Best Acc=0.8711
2025-12-04 17:18:22,623 - anchor [Subject 6, Anchor 0, Epoch 110/150] Train Loss=0.0000 Train Acc=0.9996 Test Acc=0.8648 Best Acc=0.8711
2025-12-04 17:18:25,413 - anchor [Subject 6, Anchor 0, Epoch 111/150] Train Loss=0.0000 Train Acc=1.0000 Test Acc=0.8672 Best Acc=0.8711
2025-12-04 17:18:28,487 - anchor [Subject 6, Anchor 0, Epoch 112/150] Train Loss=0.0000 Train Acc=0.9996 Test Acc=0.8719 Best Acc=0.8719
2025-12-04 17:18:30,733 - anchor [Subject 6, Anchor 0, Epoch 113/150] Train Loss=0.0000 Train Acc=0.9996 Test Acc=0.8711 Best Acc=0.8719
2025-12-04 17:18:32,842 - anchor [Subject 6, Anchor 0, Epoch 114/150] Train Loss=0.0000 Train Acc=1.0000 Test Acc=0.8652 Best Acc=0.8719
2025-12-04 17:18:35,723 - anchor [Subject 6, Anchor 0, Epoch 115/150] Train Loss=0.0000 Train Acc=0.9996 Test Acc=0.8645 Best Acc=0.8719
2025-12-04 17:18:38,171 - anchor [Subject 6, Anchor 0, Epoch 116/150] Train Loss=0.0000 Train Acc=1.0000 Test Acc=0.8648 Best Acc=0.8719
2025-12-04 17:18:40,165 - anchor [Subject 6, Anchor 0, Epoch 117/150] Train Loss=0.0000 Train Acc=1.0000 Test Acc=0.8637 Best Acc=0.8719
2025-12-04 17:18:42,773 - anchor [Subject 6, Anchor 0, Epoch 118/150] Train Loss=0.0000 Train Acc=1.0000 Test Acc=0.8641 Best Acc=0.8719
2025-12-04 17:18:45,063 - anchor [Subject 6, Anchor 0, Epoch 119/150] Train Loss=0.0000 Train Acc=1.0000 Test Acc=0.8641 Best Acc=0.8719
2025-12-04 17:18:47,061 - anchor [Subject 6, Anchor 0, Epoch 120/150] Train Loss=0.0000 Train Acc=0.9992 Test Acc=0.8668 Best Acc=0.8719
2025-12-04 17:18:49,977 - anchor [Subject 6, Anchor 0, Epoch 121/150] Train Loss=0.0000 Train Acc=1.0000 Test Acc=0.8723 Best Acc=0.8723
2025-12-04 17:18:52,537 - anchor [Subject 6, Anchor 0, Epoch 122/150] Train Loss=0.0000 Train Acc=1.0000 Test Acc=0.8727 Best Acc=0.8727
2025-12-04 17:18:54,291 - anchor [Subject 6, Anchor 0, Epoch 123/150] Train Loss=0.0000 Train Acc=0.9996 Test Acc=0.8719 Best Acc=0.8727
2025-12-04 17:18:57,762 - anchor [Subject 6, Anchor 0, Epoch 124/150] Train Loss=0.0000 Train Acc=1.0000 Test Acc=0.8648 Best Acc=0.8727
2025-12-04 17:18:59,779 - anchor [Subject 6, Anchor 0, Epoch 125/150] Train Loss=0.0000 Train Acc=1.0000 Test Acc=0.8641 Best Acc=0.8727
2025-12-04 17:19:02,172 - anchor [Subject 6, Anchor 0, Epoch 126/150] Train Loss=0.0000 Train Acc=1.0000 Test Acc=0.8645 Best Acc=0.8727
2025-12-04 17:19:04,417 - anchor [Subject 6, Anchor 0, Epoch 127/150] Train Loss=0.0000 Train Acc=1.0000 Test Acc=0.8645 Best Acc=0.8727
2025-12-04 17:19:06,469 - anchor [Subject 6, Anchor 0, Epoch 128/150] Train Loss=0.0000 Train Acc=0.9992 Test Acc=0.8637 Best Acc=0.8727
2025-12-04 17:19:08,885 - anchor [Subject 6, Anchor 0, Epoch 129/150] Train Loss=0.0000 Train Acc=1.0000 Test Acc=0.8629 Best Acc=0.8727
2025-12-04 17:19:11,472 - anchor [Subject 6, Anchor 0, Epoch 130/150] Train Loss=0.0000 Train Acc=1.0000 Test Acc=0.8641 Best Acc=0.8727
2025-12-04 17:19:13,883 - anchor [Subject 6, Anchor 0, Epoch 131/150] Train Loss=0.0000 Train Acc=1.0000 Test Acc=0.8641 Best Acc=0.8727
2025-12-04 17:19:16,802 - anchor [Subject 6, Anchor 0, Epoch 132/150] Train Loss=0.0000 Train Acc=1.0000 Test Acc=0.8637 Best Acc=0.8727
2025-12-04 17:19:19,544 - anchor [Subject 6, Anchor 0, Epoch 133/150] Train Loss=0.0000 Train Acc=1.0000 Test Acc=0.8645 Best Acc=0.8727
2025-12-04 17:19:21,996 - anchor [Subject 6, Anchor 0, Epoch 134/150] Train Loss=0.0000 Train Acc=0.9992 Test Acc=0.8660 Best Acc=0.8727
2025-12-04 17:19:24,295 - anchor [Subject 6, Anchor 0, Epoch 135/150] Train Loss=0.0000 Train Acc=0.9996 Test Acc=0.8734 Best Acc=0.8734
2025-12-04 17:19:26,928 - anchor [Subject 6, Anchor 0, Epoch 136/150] Train Loss=0.0000 Train Acc=0.9996 Test Acc=0.8730 Best Acc=0.8734
2025-12-04 17:19:29,350 - anchor [Subject 6, Anchor 0, Epoch 137/150] Train Loss=0.0000 Train Acc=0.9996 Test Acc=0.8727 Best Acc=0.8734
2025-12-04 17:19:31,981 - anchor [Subject 6, Anchor 0, Epoch 138/150] Train Loss=0.0000 Train Acc=0.9996 Test Acc=0.8734 Best Acc=0.8734
2025-12-04 17:19:34,712 - anchor [Subject 6, Anchor 0, Epoch 139/150] Train Loss=0.0000 Train Acc=1.0000 Test Acc=0.8727 Best Acc=0.8734
2025-12-04 17:19:37,553 - anchor [Subject 6, Anchor 0, Epoch 140/150] Train Loss=0.0000 Train Acc=1.0000 Test Acc=0.8676 Best Acc=0.8734
2025-12-04 17:19:39,940 - anchor [Subject 6, Anchor 0, Epoch 141/150] Train Loss=0.0000 Train Acc=0.9992 Test Acc=0.8727 Best Acc=0.8734
2025-12-04 17:19:42,145 - anchor [Subject 6, Anchor 0, Epoch 142/150] Train Loss=0.0000 Train Acc=1.0000 Test Acc=0.8723 Best Acc=0.8734
2025-12-04 17:19:44,103 - anchor [Subject 6, Anchor 0, Epoch 143/150] Train Loss=0.0000 Train Acc=1.0000 Test Acc=0.8676 Best Acc=0.8734
2025-12-04 17:19:46,571 - anchor [Subject 6, Anchor 0, Epoch 144/150] Train Loss=0.0000 Train Acc=1.0000 Test Acc=0.8676 Best Acc=0.8734
2025-12-04 17:19:48,414 - anchor [Subject 6, Anchor 0, Epoch 145/150] Train Loss=0.0000 Train Acc=0.9996 Test Acc=0.8730 Best Acc=0.8734
2025-12-04 17:19:50,416 - anchor [Subject 6, Anchor 0, Epoch 146/150] Train Loss=0.0000 Train Acc=0.9996 Test Acc=0.8672 Best Acc=0.8734
2025-12-04 17:19:56,590 - anchor [Subject 6, Anchor 0, Epoch 147/150] Train Loss=0.0000 Train Acc=1.0000 Test Acc=0.8652 Best Acc=0.8734
2025-12-04 17:19:58,945 - anchor [Subject 6, Anchor 0, Epoch 148/150] Train Loss=0.0000 Train Acc=0.9996 Test Acc=0.8648 Best Acc=0.8734
2025-12-04 17:20:00,999 - anchor [Subject 6, Anchor 0, Epoch 149/150] Train Loss=0.0000 Train Acc=0.9996 Test Acc=0.8648 Best Acc=0.8734
2025-12-04 17:20:03,221 - anchor [Subject 6, Anchor 0, Epoch 150/150] Train Loss=0.0000 Train Acc=1.0000 Test Acc=0.8652 Best Acc=0.8734
2025-12-04 17:20:03,226 - labelAlign [Subject 6, Anchor 0 Target 1] Start
2025-12-04 17:20:11,519 - labelAlign [Subject 6, Anchor 0 Target 2] Start
2025-12-04 17:20:17,842 - labelAlign [Subject 6, Anchor 0 Target 3] Start
2025-12-04 17:20:28,676 - labelAlign [Subject 6, Anchor 0 Target 4] Start
2025-12-04 17:20:40,226 - labelAlign [Subject 6, Anchor 0 Target 5] Start
2025-12-04 17:20:49,269 - labelAlign [Subject 6, Anchor 0 Target 6] Start
2025-12-04 17:20:57,197 - labelAlign [Subject 6, Anchor 0 Target 7] Start
2025-12-04 17:21:04,955 - labelAlign [Subject 6, Anchor 0 Target 8] Start
2025-12-04 17:21:17,194 - labelAlign [Subject 6, Anchor 0 Target 9] Start
2025-12-04 17:21:29,799 - labelAlign [Subject 6, Anchor 0 Target 10] Start
2025-12-04 17:21:40,265 - labelAlign [Subject 6, Anchor 0 Target 11] Start
2025-12-04 17:21:54,589 - labelAlign [Subject 6, Anchor 0 Target 12] Start
2025-12-04 17:22:05,058 - labelAlign [Subject 6, Anchor 0 Target 13] Start
2025-12-04 17:22:46,930 - cls [Subject 6, Anchor 0, Epoch 1/150] Train Loss=0.0002 Train Acc=0.9884 Test Acc=0.8332 Best Acc=0.8734
2025-12-04 17:23:19,888 - cls [Subject 6, Anchor 0, Epoch 2/150] Train Loss=0.0001 Train Acc=0.9934 Test Acc=0.8199 Best Acc=0.8734
2025-12-04 17:23:45,303 - cls [Subject 6, Anchor 0, Epoch 3/150] Train Loss=0.0001 Train Acc=0.9949 Test Acc=0.8160 Best Acc=0.8734
2025-12-04 17:24:08,820 - cls [Subject 6, Anchor 0, Epoch 4/150] Train Loss=0.0001 Train Acc=0.9948 Test Acc=0.8125 Best Acc=0.8734
2025-12-04 17:24:38,904 - cls [Subject 6, Anchor 0, Epoch 5/150] Train Loss=0.0001 Train Acc=0.9963 Test Acc=0.8187 Best Acc=0.8734
2025-12-04 17:25:05,773 - cls [Subject 6, Anchor 0, Epoch 6/150] Train Loss=0.0001 Train Acc=0.9966 Test Acc=0.8180 Best Acc=0.8734
2025-12-04 17:25:31,663 - cls [Subject 6, Anchor 0, Epoch 7/150] Train Loss=0.0001 Train Acc=0.9959 Test Acc=0.8191 Best Acc=0.8734
2025-12-04 17:26:01,780 - cls [Subject 6, Anchor 0, Epoch 8/150] Train Loss=0.0001 Train Acc=0.9967 Test Acc=0.8172 Best Acc=0.8734
2025-12-04 17:26:33,074 - cls [Subject 6, Anchor 0, Epoch 9/150] Train Loss=0.0001 Train Acc=0.9966 Test Acc=0.8184 Best Acc=0.8734
2025-12-04 17:27:03,145 - cls [Subject 6, Anchor 0, Epoch 10/150] Train Loss=0.0001 Train Acc=0.9968 Test Acc=0.8168 Best Acc=0.8734
2025-12-04 17:27:30,273 - cls [Subject 6, Anchor 0, Epoch 11/150] Train Loss=0.0001 Train Acc=0.9966 Test Acc=0.8164 Best Acc=0.8734
2025-12-04 17:28:00,253 - cls [Subject 6, Anchor 0, Epoch 12/150] Train Loss=0.0001 Train Acc=0.9971 Test Acc=0.8160 Best Acc=0.8734
2025-12-04 17:28:26,766 - cls [Subject 6, Anchor 0, Epoch 13/150] Train Loss=0.0001 Train Acc=0.9975 Test Acc=0.8137 Best Acc=0.8734
2025-12-04 17:28:55,580 - cls [Subject 6, Anchor 0, Epoch 14/150] Train Loss=0.0001 Train Acc=0.9976 Test Acc=0.8242 Best Acc=0.8734
2025-12-04 17:29:24,160 - cls [Subject 6, Anchor 0, Epoch 15/150] Train Loss=0.0001 Train Acc=0.9979 Test Acc=0.8148 Best Acc=0.8734
2025-12-04 17:29:55,016 - cls [Subject 6, Anchor 0, Epoch 16/150] Train Loss=0.0001 Train Acc=0.9975 Test Acc=0.8152 Best Acc=0.8734
2025-12-04 17:30:28,448 - cls [Subject 6, Anchor 0, Epoch 17/150] Train Loss=0.0001 Train Acc=0.9977 Test Acc=0.8129 Best Acc=0.8734
2025-12-04 17:31:08,998 - cls [Subject 6, Anchor 0, Epoch 18/150] Train Loss=0.0001 Train Acc=0.9978 Test Acc=0.8125 Best Acc=0.8734
2025-12-04 17:31:38,669 - cls [Subject 6, Anchor 0, Epoch 19/150] Train Loss=0.0001 Train Acc=0.9976 Test Acc=0.8156 Best Acc=0.8734
2025-12-04 17:32:03,849 - cls [Subject 6, Anchor 0, Epoch 20/150] Train Loss=0.0001 Train Acc=0.9977 Test Acc=0.8148 Best Acc=0.8734
2025-12-04 17:32:37,609 - cls [Subject 6, Anchor 0, Epoch 21/150] Train Loss=0.0001 Train Acc=0.9978 Test Acc=0.8117 Best Acc=0.8734
2025-12-04 17:33:11,719 - cls [Subject 6, Anchor 0, Epoch 22/150] Train Loss=0.0001 Train Acc=0.9981 Test Acc=0.8117 Best Acc=0.8734
2025-12-04 17:33:43,478 - cls [Subject 6, Anchor 0, Epoch 23/150] Train Loss=0.0001 Train Acc=0.9981 Test Acc=0.8117 Best Acc=0.8734
2025-12-04 17:34:16,365 - cls [Subject 6, Anchor 0, Epoch 24/150] Train Loss=0.0001 Train Acc=0.9982 Test Acc=0.8133 Best Acc=0.8734
2025-12-04 17:34:44,171 - cls [Subject 6, Anchor 0, Epoch 25/150] Train Loss=0.0001 Train Acc=0.9984 Test Acc=0.8129 Best Acc=0.8734
2025-12-04 17:35:11,205 - cls [Subject 6, Anchor 0, Epoch 26/150] Train Loss=0.0001 Train Acc=0.9980 Test Acc=0.8125 Best Acc=0.8734
2025-12-04 17:35:35,331 - cls [Subject 6, Anchor 0, Epoch 27/150] Train Loss=0.0001 Train Acc=0.9983 Test Acc=0.8105 Best Acc=0.8734
2025-12-04 17:35:58,801 - cls [Subject 6, Anchor 0, Epoch 28/150] Train Loss=0.0001 Train Acc=0.9980 Test Acc=0.8125 Best Acc=0.8734
2025-12-04 17:36:26,734 - cls [Subject 6, Anchor 0, Epoch 29/150] Train Loss=0.0001 Train Acc=0.9981 Test Acc=0.8117 Best Acc=0.8734
2025-12-04 17:36:58,496 - cls [Subject 6, Anchor 0, Epoch 30/150] Train Loss=0.0001 Train Acc=0.9986 Test Acc=0.8129 Best Acc=0.8734
2025-12-04 17:37:25,458 - cls [Subject 6, Anchor 0, Epoch 31/150] Train Loss=0.0001 Train Acc=0.9981 Test Acc=0.8113 Best Acc=0.8734
2025-12-04 17:37:52,450 - cls [Subject 6, Anchor 0, Epoch 32/150] Train Loss=0.0001 Train Acc=0.9981 Test Acc=0.8047 Best Acc=0.8734
2025-12-04 17:38:19,243 - cls [Subject 6, Anchor 0, Epoch 33/150] Train Loss=0.0001 Train Acc=0.9978 Test Acc=0.8102 Best Acc=0.8734
2025-12-04 17:38:45,577 - cls [Subject 6, Anchor 0, Epoch 34/150] Train Loss=0.0001 Train Acc=0.9981 Test Acc=0.8105 Best Acc=0.8734
2025-12-04 17:39:09,394 - cls [Subject 6, Anchor 0, Epoch 35/150] Train Loss=0.0001 Train Acc=0.9983 Test Acc=0.8129 Best Acc=0.8734
2025-12-04 17:39:33,555 - cls [Subject 6, Anchor 0, Epoch 36/150] Train Loss=0.0001 Train Acc=0.9983 Test Acc=0.8105 Best Acc=0.8734
2025-12-04 17:40:01,055 - cls [Subject 6, Anchor 0, Epoch 37/150] Train Loss=0.0001 Train Acc=0.9985 Test Acc=0.8129 Best Acc=0.8734
2025-12-04 17:40:27,006 - cls [Subject 6, Anchor 0, Epoch 38/150] Train Loss=0.0001 Train Acc=0.9987 Test Acc=0.8121 Best Acc=0.8734
2025-12-04 17:40:55,263 - cls [Subject 6, Anchor 0, Epoch 39/150] Train Loss=0.0001 Train Acc=0.9984 Test Acc=0.8070 Best Acc=0.8734
2025-12-04 17:41:21,699 - cls [Subject 6, Anchor 0, Epoch 40/150] Train Loss=0.0001 Train Acc=0.9983 Test Acc=0.8086 Best Acc=0.8734
2025-12-04 17:41:48,002 - cls [Subject 6, Anchor 0, Epoch 41/150] Train Loss=0.0001 Train Acc=0.9986 Test Acc=0.8090 Best Acc=0.8734
2025-12-04 17:42:12,391 - cls [Subject 6, Anchor 0, Epoch 42/150] Train Loss=0.0001 Train Acc=0.9985 Test Acc=0.8016 Best Acc=0.8734
2025-12-04 17:42:39,443 - cls [Subject 6, Anchor 0, Epoch 43/150] Train Loss=0.0001 Train Acc=0.9985 Test Acc=0.8098 Best Acc=0.8734
2025-12-04 17:43:06,192 - cls [Subject 6, Anchor 0, Epoch 44/150] Train Loss=0.0001 Train Acc=0.9986 Test Acc=0.8098 Best Acc=0.8734
2025-12-04 17:43:31,041 - cls [Subject 6, Anchor 0, Epoch 45/150] Train Loss=0.0001 Train Acc=0.9984 Test Acc=0.8102 Best Acc=0.8734
2025-12-04 17:43:56,411 - cls [Subject 6, Anchor 0, Epoch 46/150] Train Loss=0.0001 Train Acc=0.9986 Test Acc=0.8098 Best Acc=0.8734
2025-12-04 17:44:21,565 - cls [Subject 6, Anchor 0, Epoch 47/150] Train Loss=0.0001 Train Acc=0.9988 Test Acc=0.8055 Best Acc=0.8734
2025-12-04 17:44:46,102 - cls [Subject 6, Anchor 0, Epoch 48/150] Train Loss=0.0001 Train Acc=0.9988 Test Acc=0.8074 Best Acc=0.8734
2025-12-04 17:45:20,846 - cls [Subject 6, Anchor 0, Epoch 49/150] Train Loss=0.0001 Train Acc=0.9988 Test Acc=0.8078 Best Acc=0.8734
2025-12-04 17:45:51,145 - cls [Subject 6, Anchor 0, Epoch 50/150] Train Loss=0.0001 Train Acc=0.9982 Test Acc=0.8059 Best Acc=0.8734
2025-12-04 17:46:19,090 - cls [Subject 6, Anchor 0, Epoch 51/150] Train Loss=0.0001 Train Acc=0.9989 Test Acc=0.8098 Best Acc=0.8734
2025-12-04 17:46:45,718 - cls [Subject 6, Anchor 0, Epoch 52/150] Train Loss=0.0001 Train Acc=0.9986 Test Acc=0.8023 Best Acc=0.8734
2025-12-04 17:47:10,044 - cls [Subject 6, Anchor 0, Epoch 53/150] Train Loss=0.0001 Train Acc=0.9985 Test Acc=0.8105 Best Acc=0.8734
2025-12-04 17:47:33,938 - cls [Subject 6, Anchor 0, Epoch 54/150] Train Loss=0.0001 Train Acc=0.9989 Test Acc=0.8070 Best Acc=0.8734
2025-12-04 17:48:02,055 - cls [Subject 6, Anchor 0, Epoch 55/150] Train Loss=0.0001 Train Acc=0.9989 Test Acc=0.8102 Best Acc=0.8734
2025-12-04 17:48:25,500 - cls [Subject 6, Anchor 0, Epoch 56/150] Train Loss=0.0001 Train Acc=0.9984 Test Acc=0.8086 Best Acc=0.8734
2025-12-04 17:48:52,354 - cls [Subject 6, Anchor 0, Epoch 57/150] Train Loss=0.0001 Train Acc=0.9988 Test Acc=0.8070 Best Acc=0.8734
2025-12-04 17:49:19,710 - cls [Subject 6, Anchor 0, Epoch 58/150] Train Loss=0.0001 Train Acc=0.9989 Test Acc=0.8070 Best Acc=0.8734
2025-12-04 17:49:51,353 - cls [Subject 6, Anchor 0, Epoch 59/150] Train Loss=0.0001 Train Acc=0.9987 Test Acc=0.8098 Best Acc=0.8734
2025-12-04 17:50:16,321 - cls [Subject 6, Anchor 0, Epoch 60/150] Train Loss=0.0001 Train Acc=0.9992 Test Acc=0.8086 Best Acc=0.8734
2025-12-04 17:50:42,098 - cls [Subject 6, Anchor 0, Epoch 61/150] Train Loss=0.0001 Train Acc=0.9988 Test Acc=0.8078 Best Acc=0.8734
2025-12-04 17:51:10,937 - cls [Subject 6, Anchor 0, Epoch 62/150] Train Loss=0.0001 Train Acc=0.9987 Test Acc=0.8090 Best Acc=0.8734
2025-12-04 17:51:35,437 - cls [Subject 6, Anchor 0, Epoch 63/150] Train Loss=0.0001 Train Acc=0.9989 Test Acc=0.8078 Best Acc=0.8734
2025-12-04 17:51:57,900 - cls [Subject 6, Anchor 0, Epoch 64/150] Train Loss=0.0001 Train Acc=0.9983 Test Acc=0.8012 Best Acc=0.8734
2025-12-04 17:52:24,703 - cls [Subject 6, Anchor 0, Epoch 65/150] Train Loss=0.0001 Train Acc=0.9989 Test Acc=0.8063 Best Acc=0.8734
2025-12-04 17:52:48,476 - cls [Subject 6, Anchor 0, Epoch 66/150] Train Loss=0.0001 Train Acc=0.9988 Test Acc=0.8070 Best Acc=0.8734
2025-12-04 17:53:13,897 - cls [Subject 6, Anchor 0, Epoch 67/150] Train Loss=0.0001 Train Acc=0.9988 Test Acc=0.8059 Best Acc=0.8734
2025-12-04 17:53:41,986 - cls [Subject 6, Anchor 0, Epoch 68/150] Train Loss=0.0001 Train Acc=0.9990 Test Acc=0.8000 Best Acc=0.8734
2025-12-04 17:54:07,749 - cls [Subject 6, Anchor 0, Epoch 69/150] Train Loss=0.0001 Train Acc=0.9989 Test Acc=0.8051 Best Acc=0.8734
2025-12-04 17:54:34,823 - cls [Subject 6, Anchor 0, Epoch 70/150] Train Loss=0.0001 Train Acc=0.9990 Test Acc=0.8074 Best Acc=0.8734
2025-12-04 17:55:03,453 - cls [Subject 6, Anchor 0, Epoch 71/150] Train Loss=0.0001 Train Acc=0.9989 Test Acc=0.8020 Best Acc=0.8734
2025-12-04 17:55:31,445 - cls [Subject 6, Anchor 0, Epoch 72/150] Train Loss=0.0001 Train Acc=0.9986 Test Acc=0.8043 Best Acc=0.8734
2025-12-04 17:55:54,938 - cls [Subject 6, Anchor 0, Epoch 73/150] Train Loss=0.0001 Train Acc=0.9989 Test Acc=0.8066 Best Acc=0.8734
2025-12-04 17:56:21,130 - cls [Subject 6, Anchor 0, Epoch 74/150] Train Loss=0.0001 Train Acc=0.9991 Test Acc=0.8098 Best Acc=0.8734
2025-12-04 17:56:44,237 - cls [Subject 6, Anchor 0, Epoch 75/150] Train Loss=0.0001 Train Acc=0.9992 Test Acc=0.8066 Best Acc=0.8734
2025-12-04 17:57:08,823 - cls [Subject 6, Anchor 0, Epoch 76/150] Train Loss=0.0001 Train Acc=0.9988 Test Acc=0.8078 Best Acc=0.8734
2025-12-04 17:57:34,825 - cls [Subject 6, Anchor 0, Epoch 77/150] Train Loss=0.0001 Train Acc=0.9988 Test Acc=0.8094 Best Acc=0.8734
2025-12-04 17:58:01,135 - cls [Subject 6, Anchor 0, Epoch 78/150] Train Loss=0.0001 Train Acc=0.9993 Test Acc=0.8082 Best Acc=0.8734
2025-12-04 17:58:34,989 - cls [Subject 6, Anchor 0, Epoch 79/150] Train Loss=0.0001 Train Acc=0.9990 Test Acc=0.8059 Best Acc=0.8734
2025-12-04 17:59:09,844 - cls [Subject 6, Anchor 0, Epoch 80/150] Train Loss=0.0001 Train Acc=0.9989 Test Acc=0.8047 Best Acc=0.8734
2025-12-04 17:59:44,076 - cls [Subject 6, Anchor 0, Epoch 81/150] Train Loss=0.0001 Train Acc=0.9991 Test Acc=0.8066 Best Acc=0.8734
2025-12-04 18:00:09,619 - cls [Subject 6, Anchor 0, Epoch 82/150] Train Loss=0.0001 Train Acc=0.9992 Test Acc=0.7980 Best Acc=0.8734
2025-12-04 18:00:34,597 - cls [Subject 6, Anchor 0, Epoch 83/150] Train Loss=0.0001 Train Acc=0.9991 Test Acc=0.8055 Best Acc=0.8734
2025-12-04 18:01:03,108 - cls [Subject 6, Anchor 0, Epoch 84/150] Train Loss=0.0001 Train Acc=0.9985 Test Acc=0.8047 Best Acc=0.8734
2025-12-04 18:01:47,074 - cls [Subject 6, Anchor 0, Epoch 85/150] Train Loss=0.0001 Train Acc=0.9990 Test Acc=0.7941 Best Acc=0.8734
2025-12-04 18:02:14,586 - cls [Subject 6, Anchor 0, Epoch 86/150] Train Loss=0.0001 Train Acc=0.9989 Test Acc=0.7992 Best Acc=0.8734
2025-12-04 18:02:47,756 - cls [Subject 6, Anchor 0, Epoch 87/150] Train Loss=0.0001 Train Acc=0.9992 Test Acc=0.8059 Best Acc=0.8734
2025-12-04 18:03:15,589 - cls [Subject 6, Anchor 0, Epoch 88/150] Train Loss=0.0001 Train Acc=0.9990 Test Acc=0.8066 Best Acc=0.8734
2025-12-04 18:03:41,147 - cls [Subject 6, Anchor 0, Epoch 89/150] Train Loss=0.0001 Train Acc=0.9988 Test Acc=0.8004 Best Acc=0.8734
2025-12-04 18:04:06,132 - cls [Subject 6, Anchor 0, Epoch 90/150] Train Loss=0.0001 Train Acc=0.9991 Test Acc=0.8090 Best Acc=0.8734
2025-12-04 18:04:30,504 - cls [Subject 6, Anchor 0, Epoch 91/150] Train Loss=0.0001 Train Acc=0.9991 Test Acc=0.8070 Best Acc=0.8734
2025-12-04 18:04:55,138 - cls [Subject 6, Anchor 0, Epoch 92/150] Train Loss=0.0001 Train Acc=0.9992 Test Acc=0.8063 Best Acc=0.8734
2025-12-04 18:05:35,948 - cls [Subject 6, Anchor 0, Epoch 93/150] Train Loss=0.0001 Train Acc=0.9989 Test Acc=0.8063 Best Acc=0.8734
2025-12-04 18:06:02,722 - cls [Subject 6, Anchor 0, Epoch 94/150] Train Loss=0.0001 Train Acc=0.9996 Test Acc=0.8070 Best Acc=0.8734
2025-12-04 18:06:28,693 - cls [Subject 6, Anchor 0, Epoch 95/150] Train Loss=0.0001 Train Acc=0.9991 Test Acc=0.8047 Best Acc=0.8734
2025-12-04 18:06:56,493 - cls [Subject 6, Anchor 0, Epoch 96/150] Train Loss=0.0001 Train Acc=0.9987 Test Acc=0.8055 Best Acc=0.8734
2025-12-04 18:07:51,666 - cls [Subject 6, Anchor 0, Epoch 97/150] Train Loss=0.0001 Train Acc=0.9990 Test Acc=0.8094 Best Acc=0.8734
2025-12-04 18:08:22,275 - cls [Subject 6, Anchor 0, Epoch 98/150] Train Loss=0.0001 Train Acc=0.9992 Test Acc=0.8043 Best Acc=0.8734
2025-12-04 18:08:55,603 - cls [Subject 6, Anchor 0, Epoch 99/150] Train Loss=0.0001 Train Acc=0.9990 Test Acc=0.7957 Best Acc=0.8734
2025-12-04 18:09:23,883 - cls [Subject 6, Anchor 0, Epoch 100/150] Train Loss=0.0001 Train Acc=0.9989 Test Acc=0.8039 Best Acc=0.8734
2025-12-04 18:09:49,624 - cls [Subject 6, Anchor 0, Epoch 101/150] Train Loss=0.0001 Train Acc=0.9991 Test Acc=0.8043 Best Acc=0.8734
2025-12-04 18:10:32,401 - cls [Subject 6, Anchor 0, Epoch 102/150] Train Loss=0.0001 Train Acc=0.9992 Test Acc=0.8035 Best Acc=0.8734
2025-12-04 18:11:04,346 - cls [Subject 6, Anchor 0, Epoch 103/150] Train Loss=0.0001 Train Acc=0.9991 Test Acc=0.8039 Best Acc=0.8734
2025-12-04 18:11:35,581 - cls [Subject 6, Anchor 0, Epoch 104/150] Train Loss=0.0001 Train Acc=0.9992 Test Acc=0.8051 Best Acc=0.8734
2025-12-04 18:12:01,238 - cls [Subject 6, Anchor 0, Epoch 105/150] Train Loss=0.0001 Train Acc=0.9990 Test Acc=0.8051 Best Acc=0.8734
2025-12-04 18:12:30,191 - cls [Subject 6, Anchor 0, Epoch 106/150] Train Loss=0.0001 Train Acc=0.9991 Test Acc=0.8063 Best Acc=0.8734
2025-12-04 18:12:56,278 - cls [Subject 6, Anchor 0, Epoch 107/150] Train Loss=0.0001 Train Acc=0.9992 Test Acc=0.8020 Best Acc=0.8734
2025-12-04 18:13:23,124 - cls [Subject 6, Anchor 0, Epoch 108/150] Train Loss=0.0001 Train Acc=0.9993 Test Acc=0.8078 Best Acc=0.8734
2025-12-04 18:13:55,300 - cls [Subject 6, Anchor 0, Epoch 109/150] Train Loss=0.0001 Train Acc=0.9993 Test Acc=0.8074 Best Acc=0.8734
2025-12-04 18:14:22,565 - cls [Subject 6, Anchor 0, Epoch 110/150] Train Loss=0.0001 Train Acc=0.9992 Test Acc=0.8047 Best Acc=0.8734
2025-12-04 18:15:12,385 - cls [Subject 6, Anchor 0, Epoch 111/150] Train Loss=0.0001 Train Acc=0.9991 Test Acc=0.8051 Best Acc=0.8734
2025-12-04 18:15:50,227 - cls [Subject 6, Anchor 0, Epoch 112/150] Train Loss=0.0001 Train Acc=0.9990 Test Acc=0.8043 Best Acc=0.8734
2025-12-04 18:16:19,979 - cls [Subject 6, Anchor 0, Epoch 113/150] Train Loss=0.0001 Train Acc=0.9990 Test Acc=0.8047 Best Acc=0.8734
2025-12-04 18:16:48,708 - cls [Subject 6, Anchor 0, Epoch 114/150] Train Loss=0.0001 Train Acc=0.9990 Test Acc=0.8059 Best Acc=0.8734
2025-12-04 18:17:19,411 - cls [Subject 6, Anchor 0, Epoch 115/150] Train Loss=0.0001 Train Acc=0.9991 Test Acc=0.8027 Best Acc=0.8734
2025-12-04 18:17:47,740 - cls [Subject 6, Anchor 0, Epoch 116/150] Train Loss=0.0001 Train Acc=0.9992 Test Acc=0.8055 Best Acc=0.8734
2025-12-04 18:18:14,950 - cls [Subject 6, Anchor 0, Epoch 117/150] Train Loss=0.0001 Train Acc=0.9988 Test Acc=0.7984 Best Acc=0.8734
2025-12-04 18:18:45,783 - cls [Subject 6, Anchor 0, Epoch 118/150] Train Loss=0.0001 Train Acc=0.9987 Test Acc=0.8047 Best Acc=0.8734
2025-12-04 18:19:11,219 - cls [Subject 6, Anchor 0, Epoch 119/150] Train Loss=0.0001 Train Acc=0.9993 Test Acc=0.8051 Best Acc=0.8734
2025-12-04 18:19:36,314 - cls [Subject 6, Anchor 0, Epoch 120/150] Train Loss=0.0001 Train Acc=0.9992 Test Acc=0.8066 Best Acc=0.8734
2025-12-04 18:20:06,067 - cls [Subject 6, Anchor 0, Epoch 121/150] Train Loss=0.0001 Train Acc=0.9993 Test Acc=0.8047 Best Acc=0.8734
2025-12-04 18:20:31,602 - cls [Subject 6, Anchor 0, Epoch 122/150] Train Loss=0.0001 Train Acc=0.9989 Test Acc=0.7984 Best Acc=0.8734
2025-12-04 18:20:59,857 - cls [Subject 6, Anchor 0, Epoch 123/150] Train Loss=0.0001 Train Acc=0.9991 Test Acc=0.8063 Best Acc=0.8734
2025-12-04 18:21:26,993 - cls [Subject 6, Anchor 0, Epoch 124/150] Train Loss=0.0001 Train Acc=0.9992 Test Acc=0.8039 Best Acc=0.8734
2025-12-04 18:22:11,372 - cls [Subject 6, Anchor 0, Epoch 125/150] Train Loss=0.0001 Train Acc=0.9992 Test Acc=0.7996 Best Acc=0.8734
2025-12-04 18:22:41,801 - cls [Subject 6, Anchor 0, Epoch 126/150] Train Loss=0.0001 Train Acc=0.9991 Test Acc=0.8070 Best Acc=0.8734
2025-12-04 18:23:10,614 - cls [Subject 6, Anchor 0, Epoch 127/150] Train Loss=0.0001 Train Acc=0.9992 Test Acc=0.8074 Best Acc=0.8734
2025-12-04 18:23:36,814 - cls [Subject 6, Anchor 0, Epoch 128/150] Train Loss=0.0001 Train Acc=0.9991 Test Acc=0.8070 Best Acc=0.8734
2025-12-04 18:24:08,311 - cls [Subject 6, Anchor 0, Epoch 129/150] Train Loss=0.0001 Train Acc=0.9991 Test Acc=0.8066 Best Acc=0.8734
2025-12-04 18:24:35,808 - cls [Subject 6, Anchor 0, Epoch 130/150] Train Loss=0.0001 Train Acc=0.9989 Test Acc=0.8066 Best Acc=0.8734
2025-12-04 18:25:09,952 - cls [Subject 6, Anchor 0, Epoch 131/150] Train Loss=0.0001 Train Acc=0.9993 Test Acc=0.8059 Best Acc=0.8734
2025-12-04 18:25:36,236 - cls [Subject 6, Anchor 0, Epoch 132/150] Train Loss=0.0001 Train Acc=0.9990 Test Acc=0.8059 Best Acc=0.8734
2025-12-04 18:26:03,958 - cls [Subject 6, Anchor 0, Epoch 133/150] Train Loss=0.0001 Train Acc=0.9992 Test Acc=0.8059 Best Acc=0.8734
2025-12-04 18:26:30,167 - cls [Subject 6, Anchor 0, Epoch 134/150] Train Loss=0.0001 Train Acc=0.9991 Test Acc=0.8031 Best Acc=0.8734
2025-12-04 18:26:54,210 - cls [Subject 6, Anchor 0, Epoch 135/150] Train Loss=0.0001 Train Acc=0.9993 Test Acc=0.8078 Best Acc=0.8734
2025-12-04 18:27:39,602 - cls [Subject 6, Anchor 0, Epoch 136/150] Train Loss=0.0001 Train Acc=0.9991 Test Acc=0.7898 Best Acc=0.8734
2025-12-04 18:28:11,303 - cls [Subject 6, Anchor 0, Epoch 137/150] Train Loss=0.0001 Train Acc=0.9990 Test Acc=0.8094 Best Acc=0.8734
2025-12-04 18:28:40,395 - cls [Subject 6, Anchor 0, Epoch 138/150] Train Loss=0.0001 Train Acc=0.9992 Test Acc=0.8070 Best Acc=0.8734
2025-12-04 18:29:07,893 - cls [Subject 6, Anchor 0, Epoch 139/150] Train Loss=0.0001 Train Acc=0.9988 Test Acc=0.8039 Best Acc=0.8734
2025-12-04 18:29:34,467 - cls [Subject 6, Anchor 0, Epoch 140/150] Train Loss=0.0001 Train Acc=0.9992 Test Acc=0.8070 Best Acc=0.8734
2025-12-04 18:30:03,040 - cls [Subject 6, Anchor 0, Epoch 141/150] Train Loss=0.0001 Train Acc=0.9992 Test Acc=0.8059 Best Acc=0.8734
2025-12-04 18:30:30,071 - cls [Subject 6, Anchor 0, Epoch 142/150] Train Loss=0.0001 Train Acc=0.9987 Test Acc=0.8043 Best Acc=0.8734
2025-12-04 18:31:00,162 - cls [Subject 6, Anchor 0, Epoch 143/150] Train Loss=0.0001 Train Acc=0.9989 Test Acc=0.8031 Best Acc=0.8734
2025-12-04 18:31:22,313 - cls [Subject 6, Anchor 0, Epoch 144/150] Train Loss=0.0001 Train Acc=0.9991 Test Acc=0.8078 Best Acc=0.8734
2025-12-04 18:31:44,144 - cls [Subject 6, Anchor 0, Epoch 145/150] Train Loss=0.0001 Train Acc=0.9992 Test Acc=0.8063 Best Acc=0.8734
2025-12-04 18:32:06,952 - cls [Subject 6, Anchor 0, Epoch 146/150] Train Loss=0.0001 Train Acc=0.9992 Test Acc=0.8047 Best Acc=0.8734
2025-12-04 18:32:28,735 - cls [Subject 6, Anchor 0, Epoch 147/150] Train Loss=0.0001 Train Acc=0.9992 Test Acc=0.8078 Best Acc=0.8734
2025-12-04 18:32:48,679 - cls [Subject 6, Anchor 0, Epoch 148/150] Train Loss=0.0001 Train Acc=0.9990 Test Acc=0.8031 Best Acc=0.8734
2025-12-04 18:33:09,148 - cls [Subject 6, Anchor 0, Epoch 149/150] Train Loss=0.0001 Train Acc=0.9988 Test Acc=0.8063 Best Acc=0.8734
2025-12-04 18:33:31,408 - cls [Subject 6, Anchor 0, Epoch 150/150] Train Loss=0.0001 Train Acc=0.9991 Test Acc=0.8051 Best Acc=0.8734
2025-12-04 18:33:31,412 - labelAlign [Subject 6, Anchor 0 Target 0] Start
2025-12-04 18:34:13,259 - all [Subject 6, Anchor 0, Epoch 1/300] Train Loss=0.0004 Train Acc=0.9943 Test Acc=0.7566 Best Acc=0.8734
2025-12-04 18:34:40,145 - all [Subject 6, Anchor 0, Epoch 2/300] Train Loss=0.0003 Train Acc=1.0000 Test Acc=0.7621 Best Acc=0.8734
2025-12-04 18:35:08,900 - all [Subject 6, Anchor 0, Epoch 3/300] Train Loss=0.0003 Train Acc=1.0000 Test Acc=0.7609 Best Acc=0.8734
2025-12-04 18:35:37,469 - all [Subject 6, Anchor 0, Epoch 4/300] Train Loss=0.0003 Train Acc=1.0000 Test Acc=0.7727 Best Acc=0.8734
2025-12-04 18:36:11,511 - all [Subject 6, Anchor 0, Epoch 5/300] Train Loss=0.0003 Train Acc=1.0000 Test Acc=0.7754 Best Acc=0.8734
2025-12-04 18:36:43,177 - all [Subject 6, Anchor 0, Epoch 6/300] Train Loss=0.0003 Train Acc=1.0000 Test Acc=0.7699 Best Acc=0.8734
2025-12-04 18:37:11,351 - all [Subject 6, Anchor 0, Epoch 7/300] Train Loss=0.0003 Train Acc=1.0000 Test Acc=0.7477 Best Acc=0.8734
2025-12-04 18:37:40,608 - all [Subject 6, Anchor 0, Epoch 8/300] Train Loss=0.0003 Train Acc=1.0000 Test Acc=0.7391 Best Acc=0.8734
2025-12-04 18:38:13,939 - all [Subject 6, Anchor 0, Epoch 9/300] Train Loss=0.0003 Train Acc=1.0000 Test Acc=0.7234 Best Acc=0.8734
2025-12-04 18:38:43,054 - all [Subject 6, Anchor 0, Epoch 10/300] Train Loss=0.0003 Train Acc=1.0000 Test Acc=0.7105 Best Acc=0.8734
2025-12-04 18:39:10,365 - all [Subject 6, Anchor 0, Epoch 11/300] Train Loss=0.0006 Train Acc=0.9628 Test Acc=0.7605 Best Acc=0.8734
2025-12-04 18:39:40,223 - all [Subject 6, Anchor 0, Epoch 12/300] Train Loss=0.0007 Train Acc=0.9362 Test Acc=0.7277 Best Acc=0.8734
2025-12-04 18:40:09,590 - all [Subject 6, Anchor 0, Epoch 13/300] Train Loss=0.0004 Train Acc=0.9834 Test Acc=0.7598 Best Acc=0.8734
2025-12-04 18:40:42,445 - all [Subject 6, Anchor 0, Epoch 14/300] Train Loss=0.0003 Train Acc=1.0000 Test Acc=0.7809 Best Acc=0.8734
2025-12-04 18:41:10,353 - all [Subject 6, Anchor 0, Epoch 15/300] Train Loss=0.0003 Train Acc=1.0000 Test Acc=0.7777 Best Acc=0.8734
2025-12-04 18:41:39,723 - all [Subject 6, Anchor 0, Epoch 16/300] Train Loss=0.0003 Train Acc=1.0000 Test Acc=0.7750 Best Acc=0.8734
2025-12-04 18:42:10,189 - all [Subject 6, Anchor 0, Epoch 17/300] Train Loss=0.0003 Train Acc=1.0000 Test Acc=0.7906 Best Acc=0.8734
2025-12-04 18:42:37,937 - all [Subject 6, Anchor 0, Epoch 18/300] Train Loss=0.0003 Train Acc=1.0000 Test Acc=0.8031 Best Acc=0.8734
2025-12-04 18:43:11,972 - all [Subject 6, Anchor 0, Epoch 19/300] Train Loss=0.0003 Train Acc=1.0000 Test Acc=0.8035 Best Acc=0.8734
2025-12-04 18:43:42,467 - all [Subject 6, Anchor 0, Epoch 20/300] Train Loss=0.0003 Train Acc=1.0000 Test Acc=0.7992 Best Acc=0.8734
2025-12-04 18:44:25,606 - all [Subject 6, Anchor 0, Epoch 21/300] Train Loss=0.0003 Train Acc=1.0000 Test Acc=0.7859 Best Acc=0.8734
2025-12-04 18:45:05,972 - all [Subject 6, Anchor 0, Epoch 22/300] Train Loss=0.0003 Train Acc=1.0000 Test Acc=0.7941 Best Acc=0.8734
2025-12-04 18:45:44,952 - all [Subject 6, Anchor 0, Epoch 23/300] Train Loss=0.0003 Train Acc=1.0000 Test Acc=0.7746 Best Acc=0.8734
2025-12-04 18:46:16,678 - all [Subject 6, Anchor 0, Epoch 24/300] Train Loss=0.0003 Train Acc=1.0000 Test Acc=0.7711 Best Acc=0.8734
2025-12-04 18:46:45,375 - all [Subject 6, Anchor 0, Epoch 25/300] Train Loss=0.0003 Train Acc=1.0000 Test Acc=0.7930 Best Acc=0.8734
2025-12-04 18:47:17,112 - all [Subject 6, Anchor 0, Epoch 26/300] Train Loss=0.0003 Train Acc=1.0000 Test Acc=0.7828 Best Acc=0.8734
2025-12-04 18:47:43,483 - all [Subject 6, Anchor 0, Epoch 27/300] Train Loss=0.0003 Train Acc=1.0000 Test Acc=0.7793 Best Acc=0.8734
2025-12-04 18:48:11,655 - all [Subject 6, Anchor 0, Epoch 28/300] Train Loss=0.0003 Train Acc=1.0000 Test Acc=0.7539 Best Acc=0.8734
2025-12-04 18:48:39,268 - all [Subject 6, Anchor 0, Epoch 29/300] Train Loss=0.0003 Train Acc=1.0000 Test Acc=0.7480 Best Acc=0.8734
2025-12-04 18:49:06,098 - all [Subject 6, Anchor 0, Epoch 30/300] Train Loss=0.0003 Train Acc=1.0000 Test Acc=0.7551 Best Acc=0.8734
2025-12-04 18:49:38,382 - all [Subject 6, Anchor 0, Epoch 31/300] Train Loss=0.0003 Train Acc=1.0000 Test Acc=0.7629 Best Acc=0.8734
2025-12-04 18:50:07,143 - all [Subject 6, Anchor 0, Epoch 32/300] Train Loss=0.0003 Train Acc=1.0000 Test Acc=0.7547 Best Acc=0.8734
2025-12-04 18:50:37,656 - all [Subject 6, Anchor 0, Epoch 33/300] Train Loss=0.0003 Train Acc=1.0000 Test Acc=0.7602 Best Acc=0.8734
2025-12-04 18:51:04,246 - all [Subject 6, Anchor 0, Epoch 34/300] Train Loss=0.0003 Train Acc=1.0000 Test Acc=0.7547 Best Acc=0.8734
2025-12-04 18:51:32,349 - all [Subject 6, Anchor 0, Epoch 35/300] Train Loss=0.0003 Train Acc=1.0000 Test Acc=0.7664 Best Acc=0.8734
2025-12-04 18:52:03,937 - all [Subject 6, Anchor 0, Epoch 36/300] Train Loss=0.0003 Train Acc=1.0000 Test Acc=0.7633 Best Acc=0.8734
2025-12-04 18:52:31,324 - all [Subject 6, Anchor 0, Epoch 37/300] Train Loss=0.0003 Train Acc=1.0000 Test Acc=0.7590 Best Acc=0.8734
2025-12-04 18:53:01,478 - all [Subject 6, Anchor 0, Epoch 38/300] Train Loss=0.0003 Train Acc=1.0000 Test Acc=0.7566 Best Acc=0.8734
2025-12-04 18:53:28,461 - all [Subject 6, Anchor 0, Epoch 39/300] Train Loss=0.0003 Train Acc=1.0000 Test Acc=0.7566 Best Acc=0.8734
2025-12-04 18:53:56,104 - all [Subject 6, Anchor 0, Epoch 40/300] Train Loss=0.0003 Train Acc=1.0000 Test Acc=0.7570 Best Acc=0.8734
2025-12-04 18:54:28,705 - all [Subject 6, Anchor 0, Epoch 41/300] Train Loss=0.0003 Train Acc=1.0000 Test Acc=0.7633 Best Acc=0.8734
2025-12-04 18:54:57,626 - all [Subject 6, Anchor 0, Epoch 42/300] Train Loss=0.0003 Train Acc=1.0000 Test Acc=0.7645 Best Acc=0.8734
2025-12-04 18:55:30,469 - all [Subject 6, Anchor 0, Epoch 43/300] Train Loss=0.0003 Train Acc=1.0000 Test Acc=0.7734 Best Acc=0.8734
2025-12-04 18:55:57,784 - all [Subject 6, Anchor 0, Epoch 44/300] Train Loss=0.0003 Train Acc=1.0000 Test Acc=0.7691 Best Acc=0.8734
2025-12-04 18:56:27,921 - all [Subject 6, Anchor 0, Epoch 45/300] Train Loss=0.0003 Train Acc=1.0000 Test Acc=0.7695 Best Acc=0.8734
2025-12-04 18:56:54,308 - all [Subject 6, Anchor 0, Epoch 46/300] Train Loss=0.0003 Train Acc=1.0000 Test Acc=0.7727 Best Acc=0.8734
2025-12-04 18:57:21,545 - all [Subject 6, Anchor 0, Epoch 47/300] Train Loss=0.0003 Train Acc=1.0000 Test Acc=0.7703 Best Acc=0.8734
2025-12-04 18:57:54,366 - all [Subject 6, Anchor 0, Epoch 48/300] Train Loss=0.0003 Train Acc=1.0000 Test Acc=0.7672 Best Acc=0.8734
2025-12-04 18:58:22,384 - all [Subject 6, Anchor 0, Epoch 49/300] Train Loss=0.0003 Train Acc=1.0000 Test Acc=0.7676 Best Acc=0.8734
2025-12-04 18:58:51,287 - all [Subject 6, Anchor 0, Epoch 50/300] Train Loss=0.0003 Train Acc=1.0000 Test Acc=0.7703 Best Acc=0.8734
2025-12-04 18:59:17,530 - all [Subject 6, Anchor 0, Epoch 51/300] Train Loss=0.0003 Train Acc=1.0000 Test Acc=0.7746 Best Acc=0.8734
2025-12-04 18:59:46,509 - all [Subject 6, Anchor 0, Epoch 52/300] Train Loss=0.0003 Train Acc=1.0000 Test Acc=0.7684 Best Acc=0.8734
2025-12-04 19:00:16,377 - all [Subject 6, Anchor 0, Epoch 53/300] Train Loss=0.0003 Train Acc=1.0000 Test Acc=0.7703 Best Acc=0.8734
2025-12-04 19:00:42,609 - all [Subject 6, Anchor 0, Epoch 54/300] Train Loss=0.0003 Train Acc=1.0000 Test Acc=0.7711 Best Acc=0.8734
2025-12-04 19:01:12,788 - all [Subject 6, Anchor 0, Epoch 55/300] Train Loss=0.0003 Train Acc=1.0000 Test Acc=0.7711 Best Acc=0.8734
2025-12-04 19:01:45,627 - all [Subject 6, Anchor 0, Epoch 56/300] Train Loss=0.0003 Train Acc=1.0000 Test Acc=0.7746 Best Acc=0.8734
2025-12-04 19:02:17,533 - all [Subject 6, Anchor 0, Epoch 57/300] Train Loss=0.0003 Train Acc=1.0000 Test Acc=0.7730 Best Acc=0.8734
2025-12-04 19:02:58,026 - all [Subject 6, Anchor 0, Epoch 58/300] Train Loss=0.0003 Train Acc=1.0000 Test Acc=0.7801 Best Acc=0.8734
2025-12-04 19:03:30,622 - all [Subject 6, Anchor 0, Epoch 59/300] Train Loss=0.0003 Train Acc=1.0000 Test Acc=0.7594 Best Acc=0.8734
2025-12-04 19:04:10,371 - all [Subject 6, Anchor 0, Epoch 60/300] Train Loss=0.0003 Train Acc=1.0000 Test Acc=0.7684 Best Acc=0.8734
2025-12-04 19:04:44,320 - all [Subject 6, Anchor 0, Epoch 61/300] Train Loss=0.0003 Train Acc=1.0000 Test Acc=0.7664 Best Acc=0.8734
2025-12-04 19:05:20,049 - all [Subject 6, Anchor 0, Epoch 62/300] Train Loss=0.0003 Train Acc=1.0000 Test Acc=0.7645 Best Acc=0.8734
2025-12-04 19:05:59,676 - all [Subject 6, Anchor 0, Epoch 63/300] Train Loss=0.0003 Train Acc=1.0000 Test Acc=0.7773 Best Acc=0.8734
