2025-12-04 17:01:28,071 - === GLAE, leaving subject 14 for test ===
2025-12-04 17:08:49,606 - =========================Subject 14, Anchor 0===========================
2025-12-04 17:10:05,798 - anchor [Subject 14, Anchor 0, Epoch 1/150] Train Loss=0.0006 Train Acc=0.8363 Test Acc=0.9164 Best Acc=0.9164
2025-12-04 17:10:09,944 - anchor [Subject 14, Anchor 0, Epoch 2/150] Train Loss=0.0005 Train Acc=0.8957 Test Acc=0.8859 Best Acc=0.9164
2025-12-04 17:10:13,388 - anchor [Subject 14, Anchor 0, Epoch 3/150] Train Loss=0.0004 Train Acc=0.9305 Test Acc=0.8484 Best Acc=0.9164
2025-12-04 17:10:18,466 - anchor [Subject 14, Anchor 0, Epoch 4/150] Train Loss=0.0003 Train Acc=0.9516 Test Acc=0.8391 Best Acc=0.9164
2025-12-04 17:10:22,826 - anchor [Subject 14, Anchor 0, Epoch 5/150] Train Loss=0.0003 Train Acc=0.9598 Test Acc=0.8355 Best Acc=0.9164
2025-12-04 17:10:26,439 - anchor [Subject 14, Anchor 0, Epoch 6/150] Train Loss=0.0002 Train Acc=0.9656 Test Acc=0.8328 Best Acc=0.9164
2025-12-04 17:10:29,987 - anchor [Subject 14, Anchor 0, Epoch 7/150] Train Loss=0.0002 Train Acc=0.9715 Test Acc=0.8320 Best Acc=0.9164
2025-12-04 17:10:36,013 - anchor [Subject 14, Anchor 0, Epoch 8/150] Train Loss=0.0002 Train Acc=0.9734 Test Acc=0.8230 Best Acc=0.9164
2025-12-04 17:10:41,015 - anchor [Subject 14, Anchor 0, Epoch 9/150] Train Loss=0.0001 Train Acc=0.9734 Test Acc=0.8117 Best Acc=0.9164
2025-12-04 17:10:45,721 - anchor [Subject 14, Anchor 0, Epoch 10/150] Train Loss=0.0001 Train Acc=0.9766 Test Acc=0.8047 Best Acc=0.9164
2025-12-04 17:10:51,700 - anchor [Subject 14, Anchor 0, Epoch 11/150] Train Loss=0.0001 Train Acc=0.9789 Test Acc=0.8027 Best Acc=0.9164
2025-12-04 17:10:57,605 - anchor [Subject 14, Anchor 0, Epoch 12/150] Train Loss=0.0001 Train Acc=0.9781 Test Acc=0.8039 Best Acc=0.9164
2025-12-04 17:11:02,077 - anchor [Subject 14, Anchor 0, Epoch 13/150] Train Loss=0.0001 Train Acc=0.9852 Test Acc=0.8035 Best Acc=0.9164
2025-12-04 17:11:08,912 - anchor [Subject 14, Anchor 0, Epoch 14/150] Train Loss=0.0001 Train Acc=0.9836 Test Acc=0.8012 Best Acc=0.9164
2025-12-04 17:11:13,690 - anchor [Subject 14, Anchor 0, Epoch 15/150] Train Loss=0.0001 Train Acc=0.9863 Test Acc=0.8020 Best Acc=0.9164
2025-12-04 17:11:18,694 - anchor [Subject 14, Anchor 0, Epoch 16/150] Train Loss=0.0001 Train Acc=0.9875 Test Acc=0.8020 Best Acc=0.9164
2025-12-04 17:11:24,189 - anchor [Subject 14, Anchor 0, Epoch 17/150] Train Loss=0.0001 Train Acc=0.9887 Test Acc=0.8000 Best Acc=0.9164
2025-12-04 17:11:28,840 - anchor [Subject 14, Anchor 0, Epoch 18/150] Train Loss=0.0001 Train Acc=0.9895 Test Acc=0.7922 Best Acc=0.9164
2025-12-04 17:11:31,636 - anchor [Subject 14, Anchor 0, Epoch 19/150] Train Loss=0.0001 Train Acc=0.9918 Test Acc=0.7914 Best Acc=0.9164
2025-12-04 17:11:36,487 - anchor [Subject 14, Anchor 0, Epoch 20/150] Train Loss=0.0001 Train Acc=0.9863 Test Acc=0.7922 Best Acc=0.9164
2025-12-04 17:11:39,959 - anchor [Subject 14, Anchor 0, Epoch 21/150] Train Loss=0.0001 Train Acc=0.9914 Test Acc=0.7922 Best Acc=0.9164
2025-12-04 17:11:43,701 - anchor [Subject 14, Anchor 0, Epoch 22/150] Train Loss=0.0001 Train Acc=0.9902 Test Acc=0.7953 Best Acc=0.9164
2025-12-04 17:11:47,817 - anchor [Subject 14, Anchor 0, Epoch 23/150] Train Loss=0.0000 Train Acc=0.9934 Test Acc=0.7953 Best Acc=0.9164
2025-12-04 17:11:51,499 - anchor [Subject 14, Anchor 0, Epoch 24/150] Train Loss=0.0000 Train Acc=0.9930 Test Acc=0.7875 Best Acc=0.9164
2025-12-04 17:11:55,506 - anchor [Subject 14, Anchor 0, Epoch 25/150] Train Loss=0.0000 Train Acc=0.9930 Test Acc=0.7930 Best Acc=0.9164
2025-12-04 17:11:58,881 - anchor [Subject 14, Anchor 0, Epoch 26/150] Train Loss=0.0000 Train Acc=0.9945 Test Acc=0.7941 Best Acc=0.9164
2025-12-04 17:12:02,518 - anchor [Subject 14, Anchor 0, Epoch 27/150] Train Loss=0.0000 Train Acc=0.9941 Test Acc=0.7926 Best Acc=0.9164
2025-12-04 17:12:04,599 - anchor [Subject 14, Anchor 0, Epoch 28/150] Train Loss=0.0000 Train Acc=0.9945 Test Acc=0.7891 Best Acc=0.9164
2025-12-04 17:12:07,797 - anchor [Subject 14, Anchor 0, Epoch 29/150] Train Loss=0.0000 Train Acc=0.9961 Test Acc=0.7895 Best Acc=0.9164
2025-12-04 17:12:10,469 - anchor [Subject 14, Anchor 0, Epoch 30/150] Train Loss=0.0000 Train Acc=0.9953 Test Acc=0.7895 Best Acc=0.9164
2025-12-04 17:12:16,443 - anchor [Subject 14, Anchor 0, Epoch 31/150] Train Loss=0.0000 Train Acc=0.9965 Test Acc=0.7945 Best Acc=0.9164
2025-12-04 17:12:21,908 - anchor [Subject 14, Anchor 0, Epoch 32/150] Train Loss=0.0000 Train Acc=0.9965 Test Acc=0.7977 Best Acc=0.9164
2025-12-04 17:12:26,046 - anchor [Subject 14, Anchor 0, Epoch 33/150] Train Loss=0.0000 Train Acc=0.9953 Test Acc=0.7977 Best Acc=0.9164
2025-12-04 17:12:29,245 - anchor [Subject 14, Anchor 0, Epoch 34/150] Train Loss=0.0000 Train Acc=0.9961 Test Acc=0.7910 Best Acc=0.9164
2025-12-04 17:12:33,494 - anchor [Subject 14, Anchor 0, Epoch 35/150] Train Loss=0.0000 Train Acc=0.9969 Test Acc=0.7797 Best Acc=0.9164
2025-12-04 17:12:39,927 - anchor [Subject 14, Anchor 0, Epoch 36/150] Train Loss=0.0000 Train Acc=0.9969 Test Acc=0.7898 Best Acc=0.9164
2025-12-04 17:12:50,436 - anchor [Subject 14, Anchor 0, Epoch 37/150] Train Loss=0.0000 Train Acc=0.9957 Test Acc=0.7953 Best Acc=0.9164
2025-12-04 17:12:55,797 - anchor [Subject 14, Anchor 0, Epoch 38/150] Train Loss=0.0000 Train Acc=0.9957 Test Acc=0.7961 Best Acc=0.9164
2025-12-04 17:13:00,973 - anchor [Subject 14, Anchor 0, Epoch 39/150] Train Loss=0.0000 Train Acc=0.9957 Test Acc=0.7914 Best Acc=0.9164
2025-12-04 17:13:06,158 - anchor [Subject 14, Anchor 0, Epoch 40/150] Train Loss=0.0000 Train Acc=0.9973 Test Acc=0.7801 Best Acc=0.9164
2025-12-04 17:13:11,977 - anchor [Subject 14, Anchor 0, Epoch 41/150] Train Loss=0.0000 Train Acc=0.9977 Test Acc=0.7801 Best Acc=0.9164
2025-12-04 17:13:19,557 - anchor [Subject 14, Anchor 0, Epoch 42/150] Train Loss=0.0000 Train Acc=0.9977 Test Acc=0.7914 Best Acc=0.9164
2025-12-04 17:13:24,789 - anchor [Subject 14, Anchor 0, Epoch 43/150] Train Loss=0.0000 Train Acc=1.0000 Test Acc=0.7965 Best Acc=0.9164
2025-12-04 17:13:28,032 - anchor [Subject 14, Anchor 0, Epoch 44/150] Train Loss=0.0000 Train Acc=0.9980 Test Acc=0.7977 Best Acc=0.9164
2025-12-04 17:13:35,509 - anchor [Subject 14, Anchor 0, Epoch 45/150] Train Loss=0.0000 Train Acc=0.9953 Test Acc=0.7805 Best Acc=0.9164
2025-12-04 17:13:41,739 - anchor [Subject 14, Anchor 0, Epoch 46/150] Train Loss=0.0000 Train Acc=0.9973 Test Acc=0.7797 Best Acc=0.9164
2025-12-04 17:13:45,918 - anchor [Subject 14, Anchor 0, Epoch 47/150] Train Loss=0.0000 Train Acc=0.9969 Test Acc=0.7926 Best Acc=0.9164
2025-12-04 17:13:52,788 - anchor [Subject 14, Anchor 0, Epoch 48/150] Train Loss=0.0000 Train Acc=0.9980 Test Acc=0.7965 Best Acc=0.9164
2025-12-04 17:14:01,645 - anchor [Subject 14, Anchor 0, Epoch 49/150] Train Loss=0.0000 Train Acc=0.9961 Test Acc=0.7805 Best Acc=0.9164
2025-12-04 17:14:08,947 - anchor [Subject 14, Anchor 0, Epoch 50/150] Train Loss=0.0000 Train Acc=0.9961 Test Acc=0.7801 Best Acc=0.9164
2025-12-04 17:14:14,822 - anchor [Subject 14, Anchor 0, Epoch 51/150] Train Loss=0.0000 Train Acc=0.9980 Test Acc=0.7809 Best Acc=0.9164
2025-12-04 17:14:22,551 - anchor [Subject 14, Anchor 0, Epoch 52/150] Train Loss=0.0000 Train Acc=0.9980 Test Acc=0.7848 Best Acc=0.9164
2025-12-04 17:14:28,788 - anchor [Subject 14, Anchor 0, Epoch 53/150] Train Loss=0.0000 Train Acc=0.9977 Test Acc=0.7906 Best Acc=0.9164
2025-12-04 17:14:35,370 - anchor [Subject 14, Anchor 0, Epoch 54/150] Train Loss=0.0000 Train Acc=0.9984 Test Acc=0.7926 Best Acc=0.9164
2025-12-04 17:14:39,224 - anchor [Subject 14, Anchor 0, Epoch 55/150] Train Loss=0.0000 Train Acc=0.9977 Test Acc=0.7891 Best Acc=0.9164
2025-12-04 17:14:45,582 - anchor [Subject 14, Anchor 0, Epoch 56/150] Train Loss=0.0000 Train Acc=0.9965 Test Acc=0.7844 Best Acc=0.9164
2025-12-04 17:14:48,567 - anchor [Subject 14, Anchor 0, Epoch 57/150] Train Loss=0.0000 Train Acc=0.9996 Test Acc=0.7840 Best Acc=0.9164
2025-12-04 17:14:53,102 - anchor [Subject 14, Anchor 0, Epoch 58/150] Train Loss=0.0000 Train Acc=0.9988 Test Acc=0.7812 Best Acc=0.9164
2025-12-04 17:14:57,257 - anchor [Subject 14, Anchor 0, Epoch 59/150] Train Loss=0.0000 Train Acc=0.9984 Test Acc=0.7805 Best Acc=0.9164
2025-12-04 17:15:06,375 - anchor [Subject 14, Anchor 0, Epoch 60/150] Train Loss=0.0000 Train Acc=0.9988 Test Acc=0.7797 Best Acc=0.9164
2025-12-04 17:15:12,063 - anchor [Subject 14, Anchor 0, Epoch 61/150] Train Loss=0.0000 Train Acc=0.9996 Test Acc=0.7809 Best Acc=0.9164
2025-12-04 17:15:15,164 - anchor [Subject 14, Anchor 0, Epoch 62/150] Train Loss=0.0000 Train Acc=0.9980 Test Acc=0.7832 Best Acc=0.9164
2025-12-04 17:15:20,865 - anchor [Subject 14, Anchor 0, Epoch 63/150] Train Loss=0.0000 Train Acc=0.9984 Test Acc=0.7887 Best Acc=0.9164
2025-12-04 17:15:25,034 - anchor [Subject 14, Anchor 0, Epoch 64/150] Train Loss=0.0000 Train Acc=0.9973 Test Acc=0.7906 Best Acc=0.9164
2025-12-04 17:15:28,656 - anchor [Subject 14, Anchor 0, Epoch 65/150] Train Loss=0.0000 Train Acc=0.9980 Test Acc=0.7844 Best Acc=0.9164
2025-12-04 17:15:32,608 - anchor [Subject 14, Anchor 0, Epoch 66/150] Train Loss=0.0000 Train Acc=0.9984 Test Acc=0.7809 Best Acc=0.9164
2025-12-04 17:15:39,120 - anchor [Subject 14, Anchor 0, Epoch 67/150] Train Loss=0.0000 Train Acc=0.9984 Test Acc=0.7805 Best Acc=0.9164
2025-12-04 17:15:44,385 - anchor [Subject 14, Anchor 0, Epoch 68/150] Train Loss=0.0000 Train Acc=0.9992 Test Acc=0.7809 Best Acc=0.9164
2025-12-04 17:15:48,376 - anchor [Subject 14, Anchor 0, Epoch 69/150] Train Loss=0.0000 Train Acc=0.9996 Test Acc=0.7809 Best Acc=0.9164
2025-12-04 17:15:52,487 - anchor [Subject 14, Anchor 0, Epoch 70/150] Train Loss=0.0000 Train Acc=0.9988 Test Acc=0.7879 Best Acc=0.9164
2025-12-04 17:16:03,266 - anchor [Subject 14, Anchor 0, Epoch 71/150] Train Loss=0.0000 Train Acc=0.9965 Test Acc=0.7820 Best Acc=0.9164
2025-12-04 17:16:09,194 - anchor [Subject 14, Anchor 0, Epoch 72/150] Train Loss=0.0000 Train Acc=0.9988 Test Acc=0.7809 Best Acc=0.9164
2025-12-04 17:16:15,007 - anchor [Subject 14, Anchor 0, Epoch 73/150] Train Loss=0.0000 Train Acc=0.9992 Test Acc=0.7820 Best Acc=0.9164
2025-12-04 17:16:19,210 - anchor [Subject 14, Anchor 0, Epoch 74/150] Train Loss=0.0000 Train Acc=0.9984 Test Acc=0.7914 Best Acc=0.9164
2025-12-04 17:16:24,894 - anchor [Subject 14, Anchor 0, Epoch 75/150] Train Loss=0.0000 Train Acc=0.9988 Test Acc=0.7879 Best Acc=0.9164
2025-12-04 17:16:28,602 - anchor [Subject 14, Anchor 0, Epoch 76/150] Train Loss=0.0000 Train Acc=0.9992 Test Acc=0.7816 Best Acc=0.9164
2025-12-04 17:16:30,604 - anchor [Subject 14, Anchor 0, Epoch 77/150] Train Loss=0.0000 Train Acc=0.9988 Test Acc=0.7801 Best Acc=0.9164
2025-12-04 17:16:34,118 - anchor [Subject 14, Anchor 0, Epoch 78/150] Train Loss=0.0000 Train Acc=0.9996 Test Acc=0.7797 Best Acc=0.9164
2025-12-04 17:16:37,364 - anchor [Subject 14, Anchor 0, Epoch 79/150] Train Loss=0.0000 Train Acc=0.9984 Test Acc=0.7836 Best Acc=0.9164
2025-12-04 17:16:40,177 - anchor [Subject 14, Anchor 0, Epoch 80/150] Train Loss=0.0000 Train Acc=0.9988 Test Acc=0.7937 Best Acc=0.9164
2025-12-04 17:16:41,518 - anchor [Subject 14, Anchor 0, Epoch 81/150] Train Loss=0.0000 Train Acc=0.9988 Test Acc=0.7887 Best Acc=0.9164
2025-12-04 17:16:48,279 - anchor [Subject 14, Anchor 0, Epoch 82/150] Train Loss=0.0000 Train Acc=0.9988 Test Acc=0.7816 Best Acc=0.9164
2025-12-04 17:16:50,203 - anchor [Subject 14, Anchor 0, Epoch 83/150] Train Loss=0.0000 Train Acc=0.9996 Test Acc=0.7805 Best Acc=0.9164
2025-12-04 17:16:51,927 - anchor [Subject 14, Anchor 0, Epoch 84/150] Train Loss=0.0000 Train Acc=0.9996 Test Acc=0.7809 Best Acc=0.9164
2025-12-04 17:16:54,189 - anchor [Subject 14, Anchor 0, Epoch 85/150] Train Loss=0.0000 Train Acc=0.9996 Test Acc=0.7824 Best Acc=0.9164
2025-12-04 17:16:56,059 - anchor [Subject 14, Anchor 0, Epoch 86/150] Train Loss=0.0000 Train Acc=0.9992 Test Acc=0.7910 Best Acc=0.9164
2025-12-04 17:16:58,524 - anchor [Subject 14, Anchor 0, Epoch 87/150] Train Loss=0.0000 Train Acc=0.9992 Test Acc=0.7910 Best Acc=0.9164
2025-12-04 17:17:01,543 - anchor [Subject 14, Anchor 0, Epoch 88/150] Train Loss=0.0000 Train Acc=0.9984 Test Acc=0.7824 Best Acc=0.9164
2025-12-04 17:17:04,444 - anchor [Subject 14, Anchor 0, Epoch 89/150] Train Loss=0.0000 Train Acc=0.9984 Test Acc=0.7809 Best Acc=0.9164
2025-12-04 17:17:06,668 - anchor [Subject 14, Anchor 0, Epoch 90/150] Train Loss=0.0000 Train Acc=0.9996 Test Acc=0.7805 Best Acc=0.9164
2025-12-04 17:17:10,071 - anchor [Subject 14, Anchor 0, Epoch 91/150] Train Loss=0.0000 Train Acc=0.9984 Test Acc=0.7820 Best Acc=0.9164
2025-12-04 17:17:13,676 - anchor [Subject 14, Anchor 0, Epoch 92/150] Train Loss=0.0000 Train Acc=0.9988 Test Acc=0.7879 Best Acc=0.9164
2025-12-04 17:17:17,342 - anchor [Subject 14, Anchor 0, Epoch 93/150] Train Loss=0.0000 Train Acc=0.9992 Test Acc=0.7910 Best Acc=0.9164
2025-12-04 17:17:27,402 - anchor [Subject 14, Anchor 0, Epoch 94/150] Train Loss=0.0000 Train Acc=0.9996 Test Acc=0.7855 Best Acc=0.9164
2025-12-04 17:17:30,441 - anchor [Subject 14, Anchor 0, Epoch 95/150] Train Loss=0.0000 Train Acc=1.0000 Test Acc=0.7824 Best Acc=0.9164
2025-12-04 17:17:34,678 - anchor [Subject 14, Anchor 0, Epoch 96/150] Train Loss=0.0000 Train Acc=0.9996 Test Acc=0.7820 Best Acc=0.9164
2025-12-04 17:17:38,430 - anchor [Subject 14, Anchor 0, Epoch 97/150] Train Loss=0.0000 Train Acc=0.9996 Test Acc=0.7820 Best Acc=0.9164
2025-12-04 17:17:42,609 - anchor [Subject 14, Anchor 0, Epoch 98/150] Train Loss=0.0000 Train Acc=0.9996 Test Acc=0.7820 Best Acc=0.9164
2025-12-04 17:17:45,108 - anchor [Subject 14, Anchor 0, Epoch 99/150] Train Loss=0.0000 Train Acc=0.9992 Test Acc=0.7820 Best Acc=0.9164
2025-12-04 17:17:47,585 - anchor [Subject 14, Anchor 0, Epoch 100/150] Train Loss=0.0000 Train Acc=0.9984 Test Acc=0.7820 Best Acc=0.9164
2025-12-04 17:17:50,799 - anchor [Subject 14, Anchor 0, Epoch 101/150] Train Loss=0.0000 Train Acc=0.9996 Test Acc=0.7816 Best Acc=0.9164
2025-12-04 17:17:53,549 - anchor [Subject 14, Anchor 0, Epoch 102/150] Train Loss=0.0000 Train Acc=0.9988 Test Acc=0.7812 Best Acc=0.9164
2025-12-04 17:17:56,216 - anchor [Subject 14, Anchor 0, Epoch 103/150] Train Loss=0.0000 Train Acc=0.9992 Test Acc=0.7812 Best Acc=0.9164
2025-12-04 17:18:02,750 - anchor [Subject 14, Anchor 0, Epoch 104/150] Train Loss=0.0000 Train Acc=0.9996 Test Acc=0.7844 Best Acc=0.9164
2025-12-04 17:18:05,333 - anchor [Subject 14, Anchor 0, Epoch 105/150] Train Loss=0.0000 Train Acc=0.9996 Test Acc=0.7867 Best Acc=0.9164
2025-12-04 17:18:07,886 - anchor [Subject 14, Anchor 0, Epoch 106/150] Train Loss=0.0000 Train Acc=0.9988 Test Acc=0.7840 Best Acc=0.9164
2025-12-04 17:18:10,773 - anchor [Subject 14, Anchor 0, Epoch 107/150] Train Loss=0.0000 Train Acc=0.9996 Test Acc=0.7824 Best Acc=0.9164
2025-12-04 17:18:13,820 - anchor [Subject 14, Anchor 0, Epoch 108/150] Train Loss=0.0000 Train Acc=0.9992 Test Acc=0.7812 Best Acc=0.9164
2025-12-04 17:18:16,953 - anchor [Subject 14, Anchor 0, Epoch 109/150] Train Loss=0.0000 Train Acc=0.9996 Test Acc=0.7812 Best Acc=0.9164
2025-12-04 17:18:20,433 - anchor [Subject 14, Anchor 0, Epoch 110/150] Train Loss=0.0000 Train Acc=0.9992 Test Acc=0.7824 Best Acc=0.9164
2025-12-04 17:18:22,579 - anchor [Subject 14, Anchor 0, Epoch 111/150] Train Loss=0.0000 Train Acc=0.9996 Test Acc=0.7828 Best Acc=0.9164
2025-12-04 17:18:24,756 - anchor [Subject 14, Anchor 0, Epoch 112/150] Train Loss=0.0000 Train Acc=0.9996 Test Acc=0.7824 Best Acc=0.9164
2025-12-04 17:18:28,059 - anchor [Subject 14, Anchor 0, Epoch 113/150] Train Loss=0.0000 Train Acc=0.9996 Test Acc=0.7820 Best Acc=0.9164
2025-12-04 17:18:30,441 - anchor [Subject 14, Anchor 0, Epoch 114/150] Train Loss=0.0000 Train Acc=0.9992 Test Acc=0.7820 Best Acc=0.9164
2025-12-04 17:18:32,453 - anchor [Subject 14, Anchor 0, Epoch 115/150] Train Loss=0.0000 Train Acc=0.9984 Test Acc=0.7809 Best Acc=0.9164
2025-12-04 17:18:34,938 - anchor [Subject 14, Anchor 0, Epoch 116/150] Train Loss=0.0000 Train Acc=0.9992 Test Acc=0.7805 Best Acc=0.9164
2025-12-04 17:18:37,206 - anchor [Subject 14, Anchor 0, Epoch 117/150] Train Loss=0.0000 Train Acc=0.9996 Test Acc=0.7801 Best Acc=0.9164
2025-12-04 17:18:40,341 - anchor [Subject 14, Anchor 0, Epoch 118/150] Train Loss=0.0000 Train Acc=0.9988 Test Acc=0.7816 Best Acc=0.9164
2025-12-04 17:18:43,301 - anchor [Subject 14, Anchor 0, Epoch 119/150] Train Loss=0.0000 Train Acc=1.0000 Test Acc=0.7820 Best Acc=0.9164
2025-12-04 17:18:46,023 - anchor [Subject 14, Anchor 0, Epoch 120/150] Train Loss=0.0000 Train Acc=0.9996 Test Acc=0.7816 Best Acc=0.9164
2025-12-04 17:18:48,574 - anchor [Subject 14, Anchor 0, Epoch 121/150] Train Loss=0.0000 Train Acc=0.9988 Test Acc=0.7816 Best Acc=0.9164
2025-12-04 17:18:51,138 - anchor [Subject 14, Anchor 0, Epoch 122/150] Train Loss=0.0000 Train Acc=1.0000 Test Acc=0.7816 Best Acc=0.9164
2025-12-04 17:18:53,154 - anchor [Subject 14, Anchor 0, Epoch 123/150] Train Loss=0.0000 Train Acc=0.9996 Test Acc=0.7820 Best Acc=0.9164
2025-12-04 17:18:55,465 - anchor [Subject 14, Anchor 0, Epoch 124/150] Train Loss=0.0000 Train Acc=0.9996 Test Acc=0.7820 Best Acc=0.9164
2025-12-04 17:18:58,223 - anchor [Subject 14, Anchor 0, Epoch 125/150] Train Loss=0.0000 Train Acc=0.9996 Test Acc=0.7820 Best Acc=0.9164
2025-12-04 17:19:00,325 - anchor [Subject 14, Anchor 0, Epoch 126/150] Train Loss=0.0000 Train Acc=0.9988 Test Acc=0.7820 Best Acc=0.9164
2025-12-04 17:19:02,579 - anchor [Subject 14, Anchor 0, Epoch 127/150] Train Loss=0.0000 Train Acc=0.9992 Test Acc=0.7816 Best Acc=0.9164
2025-12-04 17:19:04,822 - anchor [Subject 14, Anchor 0, Epoch 128/150] Train Loss=0.0000 Train Acc=0.9996 Test Acc=0.7809 Best Acc=0.9164
2025-12-04 17:19:07,369 - anchor [Subject 14, Anchor 0, Epoch 129/150] Train Loss=0.0000 Train Acc=1.0000 Test Acc=0.7805 Best Acc=0.9164
2025-12-04 17:19:10,180 - anchor [Subject 14, Anchor 0, Epoch 130/150] Train Loss=0.0000 Train Acc=0.9996 Test Acc=0.7816 Best Acc=0.9164
2025-12-04 17:19:12,187 - anchor [Subject 14, Anchor 0, Epoch 131/150] Train Loss=0.0000 Train Acc=1.0000 Test Acc=0.7828 Best Acc=0.9164
2025-12-04 17:19:14,671 - anchor [Subject 14, Anchor 0, Epoch 132/150] Train Loss=0.0000 Train Acc=1.0000 Test Acc=0.7832 Best Acc=0.9164
2025-12-04 17:19:17,406 - anchor [Subject 14, Anchor 0, Epoch 133/150] Train Loss=0.0000 Train Acc=1.0000 Test Acc=0.7824 Best Acc=0.9164
2025-12-04 17:19:20,000 - anchor [Subject 14, Anchor 0, Epoch 134/150] Train Loss=0.0000 Train Acc=0.9996 Test Acc=0.7824 Best Acc=0.9164
2025-12-04 17:19:22,850 - anchor [Subject 14, Anchor 0, Epoch 135/150] Train Loss=0.0000 Train Acc=0.9992 Test Acc=0.7820 Best Acc=0.9164
2025-12-04 17:19:24,825 - anchor [Subject 14, Anchor 0, Epoch 136/150] Train Loss=0.0000 Train Acc=1.0000 Test Acc=0.7812 Best Acc=0.9164
2025-12-04 17:19:27,056 - anchor [Subject 14, Anchor 0, Epoch 137/150] Train Loss=0.0000 Train Acc=0.9996 Test Acc=0.7812 Best Acc=0.9164
2025-12-04 17:19:29,999 - anchor [Subject 14, Anchor 0, Epoch 138/150] Train Loss=0.0000 Train Acc=0.9996 Test Acc=0.7824 Best Acc=0.9164
2025-12-04 17:19:32,296 - anchor [Subject 14, Anchor 0, Epoch 139/150] Train Loss=0.0000 Train Acc=1.0000 Test Acc=0.7844 Best Acc=0.9164
2025-12-04 17:19:34,561 - anchor [Subject 14, Anchor 0, Epoch 140/150] Train Loss=0.0000 Train Acc=1.0000 Test Acc=0.7867 Best Acc=0.9164
2025-12-04 17:19:37,164 - anchor [Subject 14, Anchor 0, Epoch 141/150] Train Loss=0.0000 Train Acc=1.0000 Test Acc=0.7879 Best Acc=0.9164
2025-12-04 17:19:39,115 - anchor [Subject 14, Anchor 0, Epoch 142/150] Train Loss=0.0000 Train Acc=1.0000 Test Acc=0.7859 Best Acc=0.9164
2025-12-04 17:19:41,636 - anchor [Subject 14, Anchor 0, Epoch 143/150] Train Loss=0.0000 Train Acc=0.9992 Test Acc=0.7824 Best Acc=0.9164
2025-12-04 17:19:44,218 - anchor [Subject 14, Anchor 0, Epoch 144/150] Train Loss=0.0000 Train Acc=0.9996 Test Acc=0.7816 Best Acc=0.9164
2025-12-04 17:19:46,223 - anchor [Subject 14, Anchor 0, Epoch 145/150] Train Loss=0.0000 Train Acc=0.9988 Test Acc=0.7809 Best Acc=0.9164
2025-12-04 17:19:47,853 - anchor [Subject 14, Anchor 0, Epoch 146/150] Train Loss=0.0000 Train Acc=1.0000 Test Acc=0.7809 Best Acc=0.9164
2025-12-04 17:19:54,039 - anchor [Subject 14, Anchor 0, Epoch 147/150] Train Loss=0.0000 Train Acc=1.0000 Test Acc=0.7816 Best Acc=0.9164
2025-12-04 17:19:56,273 - anchor [Subject 14, Anchor 0, Epoch 148/150] Train Loss=0.0000 Train Acc=1.0000 Test Acc=0.7820 Best Acc=0.9164
2025-12-04 17:19:58,328 - anchor [Subject 14, Anchor 0, Epoch 149/150] Train Loss=0.0000 Train Acc=1.0000 Test Acc=0.7820 Best Acc=0.9164
2025-12-04 17:20:00,224 - anchor [Subject 14, Anchor 0, Epoch 150/150] Train Loss=0.0000 Train Acc=0.9996 Test Acc=0.7820 Best Acc=0.9164
2025-12-04 17:20:00,230 - labelAlign [Subject 14, Anchor 0 Target 1] Start
2025-12-04 17:20:08,466 - labelAlign [Subject 14, Anchor 0 Target 2] Start
2025-12-04 17:20:14,558 - labelAlign [Subject 14, Anchor 0 Target 3] Start
2025-12-04 17:20:21,260 - labelAlign [Subject 14, Anchor 0 Target 4] Start
2025-12-04 17:20:28,259 - labelAlign [Subject 14, Anchor 0 Target 5] Start
2025-12-04 17:20:35,239 - labelAlign [Subject 14, Anchor 0 Target 6] Start
2025-12-04 17:20:42,243 - labelAlign [Subject 14, Anchor 0 Target 7] Start
2025-12-04 17:20:49,401 - labelAlign [Subject 14, Anchor 0 Target 8] Start
2025-12-04 17:20:55,461 - labelAlign [Subject 14, Anchor 0 Target 9] Start
2025-12-04 17:21:09,309 - labelAlign [Subject 14, Anchor 0 Target 10] Start
2025-12-04 17:21:24,090 - labelAlign [Subject 14, Anchor 0 Target 11] Start
2025-12-04 17:21:36,019 - labelAlign [Subject 14, Anchor 0 Target 12] Start
2025-12-04 17:21:47,650 - labelAlign [Subject 14, Anchor 0 Target 13] Start
2025-12-04 17:22:31,345 - cls [Subject 14, Anchor 0, Epoch 1/150] Train Loss=0.0008 Train Acc=0.8766 Test Acc=0.8660 Best Acc=0.9164
2025-12-04 17:22:59,660 - cls [Subject 14, Anchor 0, Epoch 2/150] Train Loss=0.0005 Train Acc=0.9050 Test Acc=0.8230 Best Acc=0.9164
2025-12-04 17:23:24,909 - cls [Subject 14, Anchor 0, Epoch 3/150] Train Loss=0.0005 Train Acc=0.9135 Test Acc=0.8246 Best Acc=0.9164
2025-12-04 17:23:47,991 - cls [Subject 14, Anchor 0, Epoch 4/150] Train Loss=0.0005 Train Acc=0.9181 Test Acc=0.8293 Best Acc=0.9164
2025-12-04 17:24:15,418 - cls [Subject 14, Anchor 0, Epoch 5/150] Train Loss=0.0004 Train Acc=0.9220 Test Acc=0.8250 Best Acc=0.9164
2025-12-04 17:24:39,149 - cls [Subject 14, Anchor 0, Epoch 6/150] Train Loss=0.0004 Train Acc=0.9239 Test Acc=0.8254 Best Acc=0.9164
2025-12-04 17:25:04,487 - cls [Subject 14, Anchor 0, Epoch 7/150] Train Loss=0.0004 Train Acc=0.9281 Test Acc=0.8313 Best Acc=0.9164
2025-12-04 17:25:28,678 - cls [Subject 14, Anchor 0, Epoch 8/150] Train Loss=0.0004 Train Acc=0.9300 Test Acc=0.8313 Best Acc=0.9164
2025-12-04 17:25:54,952 - cls [Subject 14, Anchor 0, Epoch 9/150] Train Loss=0.0004 Train Acc=0.9312 Test Acc=0.8309 Best Acc=0.9164
2025-12-04 17:26:21,088 - cls [Subject 14, Anchor 0, Epoch 10/150] Train Loss=0.0004 Train Acc=0.9316 Test Acc=0.8316 Best Acc=0.9164
2025-12-04 17:26:50,160 - cls [Subject 14, Anchor 0, Epoch 11/150] Train Loss=0.0004 Train Acc=0.9340 Test Acc=0.8320 Best Acc=0.9164
2025-12-04 17:27:22,164 - cls [Subject 14, Anchor 0, Epoch 12/150] Train Loss=0.0004 Train Acc=0.9371 Test Acc=0.8281 Best Acc=0.9164
2025-12-04 17:27:47,018 - cls [Subject 14, Anchor 0, Epoch 13/150] Train Loss=0.0004 Train Acc=0.9395 Test Acc=0.8270 Best Acc=0.9164
2025-12-04 17:28:11,830 - cls [Subject 14, Anchor 0, Epoch 14/150] Train Loss=0.0004 Train Acc=0.9397 Test Acc=0.8242 Best Acc=0.9164
2025-12-04 17:28:38,021 - cls [Subject 14, Anchor 0, Epoch 15/150] Train Loss=0.0004 Train Acc=0.9410 Test Acc=0.8187 Best Acc=0.9164
2025-12-04 17:29:05,186 - cls [Subject 14, Anchor 0, Epoch 16/150] Train Loss=0.0004 Train Acc=0.9438 Test Acc=0.8145 Best Acc=0.9164
2025-12-04 17:29:30,357 - cls [Subject 14, Anchor 0, Epoch 17/150] Train Loss=0.0004 Train Acc=0.9431 Test Acc=0.8191 Best Acc=0.9164
2025-12-04 17:30:03,956 - cls [Subject 14, Anchor 0, Epoch 18/150] Train Loss=0.0004 Train Acc=0.9459 Test Acc=0.8098 Best Acc=0.9164
2025-12-04 17:30:35,156 - cls [Subject 14, Anchor 0, Epoch 19/150] Train Loss=0.0003 Train Acc=0.9473 Test Acc=0.8086 Best Acc=0.9164
2025-12-04 17:31:08,303 - cls [Subject 14, Anchor 0, Epoch 20/150] Train Loss=0.0003 Train Acc=0.9481 Test Acc=0.8121 Best Acc=0.9164
2025-12-04 17:31:37,473 - cls [Subject 14, Anchor 0, Epoch 21/150] Train Loss=0.0003 Train Acc=0.9486 Test Acc=0.8102 Best Acc=0.9164
2025-12-04 17:31:59,531 - cls [Subject 14, Anchor 0, Epoch 22/150] Train Loss=0.0003 Train Acc=0.9500 Test Acc=0.8098 Best Acc=0.9164
2025-12-04 17:32:30,403 - cls [Subject 14, Anchor 0, Epoch 23/150] Train Loss=0.0003 Train Acc=0.9515 Test Acc=0.8105 Best Acc=0.9164
2025-12-04 17:33:06,659 - cls [Subject 14, Anchor 0, Epoch 24/150] Train Loss=0.0003 Train Acc=0.9520 Test Acc=0.8109 Best Acc=0.9164
2025-12-04 17:33:39,569 - cls [Subject 14, Anchor 0, Epoch 25/150] Train Loss=0.0003 Train Acc=0.9519 Test Acc=0.8098 Best Acc=0.9164
2025-12-04 17:34:08,886 - cls [Subject 14, Anchor 0, Epoch 26/150] Train Loss=0.0003 Train Acc=0.9529 Test Acc=0.8086 Best Acc=0.9164
2025-12-04 17:34:36,792 - cls [Subject 14, Anchor 0, Epoch 27/150] Train Loss=0.0003 Train Acc=0.9544 Test Acc=0.8090 Best Acc=0.9164
2025-12-04 17:35:02,007 - cls [Subject 14, Anchor 0, Epoch 28/150] Train Loss=0.0003 Train Acc=0.9535 Test Acc=0.8102 Best Acc=0.9164
2025-12-04 17:35:26,417 - cls [Subject 14, Anchor 0, Epoch 29/150] Train Loss=0.0003 Train Acc=0.9533 Test Acc=0.8102 Best Acc=0.9164
2025-12-04 17:35:53,938 - cls [Subject 14, Anchor 0, Epoch 30/150] Train Loss=0.0003 Train Acc=0.9537 Test Acc=0.8113 Best Acc=0.9164
2025-12-04 17:36:20,349 - cls [Subject 14, Anchor 0, Epoch 31/150] Train Loss=0.0003 Train Acc=0.9557 Test Acc=0.8105 Best Acc=0.9164
2025-12-04 17:36:48,285 - cls [Subject 14, Anchor 0, Epoch 32/150] Train Loss=0.0003 Train Acc=0.9552 Test Acc=0.8082 Best Acc=0.9164
2025-12-04 17:37:13,609 - cls [Subject 14, Anchor 0, Epoch 33/150] Train Loss=0.0003 Train Acc=0.9571 Test Acc=0.8094 Best Acc=0.9164
2025-12-04 17:37:38,399 - cls [Subject 14, Anchor 0, Epoch 34/150] Train Loss=0.0003 Train Acc=0.9582 Test Acc=0.8102 Best Acc=0.9164
2025-12-04 17:38:04,865 - cls [Subject 14, Anchor 0, Epoch 35/150] Train Loss=0.0003 Train Acc=0.9568 Test Acc=0.8090 Best Acc=0.9164
2025-12-04 17:38:30,732 - cls [Subject 14, Anchor 0, Epoch 36/150] Train Loss=0.0003 Train Acc=0.9599 Test Acc=0.8098 Best Acc=0.9164
2025-12-04 17:38:58,470 - cls [Subject 14, Anchor 0, Epoch 37/150] Train Loss=0.0003 Train Acc=0.9584 Test Acc=0.8086 Best Acc=0.9164
2025-12-04 17:39:21,596 - cls [Subject 14, Anchor 0, Epoch 38/150] Train Loss=0.0003 Train Acc=0.9585 Test Acc=0.8094 Best Acc=0.9164
2025-12-04 17:39:44,695 - cls [Subject 14, Anchor 0, Epoch 39/150] Train Loss=0.0003 Train Acc=0.9593 Test Acc=0.8090 Best Acc=0.9164
2025-12-04 17:40:09,692 - cls [Subject 14, Anchor 0, Epoch 40/150] Train Loss=0.0003 Train Acc=0.9611 Test Acc=0.8094 Best Acc=0.9164
2025-12-04 17:40:33,695 - cls [Subject 14, Anchor 0, Epoch 41/150] Train Loss=0.0003 Train Acc=0.9626 Test Acc=0.8102 Best Acc=0.9164
2025-12-04 17:40:59,245 - cls [Subject 14, Anchor 0, Epoch 42/150] Train Loss=0.0003 Train Acc=0.9614 Test Acc=0.8094 Best Acc=0.9164
2025-12-04 17:41:28,080 - cls [Subject 14, Anchor 0, Epoch 43/150] Train Loss=0.0003 Train Acc=0.9624 Test Acc=0.8102 Best Acc=0.9164
2025-12-04 17:41:52,840 - cls [Subject 14, Anchor 0, Epoch 44/150] Train Loss=0.0003 Train Acc=0.9634 Test Acc=0.8105 Best Acc=0.9164
2025-12-04 17:42:17,982 - cls [Subject 14, Anchor 0, Epoch 45/150] Train Loss=0.0003 Train Acc=0.9640 Test Acc=0.8086 Best Acc=0.9164
2025-12-04 17:42:43,135 - cls [Subject 14, Anchor 0, Epoch 46/150] Train Loss=0.0003 Train Acc=0.9628 Test Acc=0.8113 Best Acc=0.9164
2025-12-04 17:43:08,108 - cls [Subject 14, Anchor 0, Epoch 47/150] Train Loss=0.0003 Train Acc=0.9625 Test Acc=0.8109 Best Acc=0.9164
2025-12-04 17:43:31,874 - cls [Subject 14, Anchor 0, Epoch 48/150] Train Loss=0.0003 Train Acc=0.9641 Test Acc=0.8109 Best Acc=0.9164
2025-12-04 17:43:59,401 - cls [Subject 14, Anchor 0, Epoch 49/150] Train Loss=0.0003 Train Acc=0.9635 Test Acc=0.8086 Best Acc=0.9164
2025-12-04 17:44:24,913 - cls [Subject 14, Anchor 0, Epoch 50/150] Train Loss=0.0003 Train Acc=0.9649 Test Acc=0.8137 Best Acc=0.9164
2025-12-04 17:44:48,986 - cls [Subject 14, Anchor 0, Epoch 51/150] Train Loss=0.0003 Train Acc=0.9628 Test Acc=0.8109 Best Acc=0.9164
2025-12-04 17:45:17,076 - cls [Subject 14, Anchor 0, Epoch 52/150] Train Loss=0.0003 Train Acc=0.9648 Test Acc=0.8094 Best Acc=0.9164
2025-12-04 17:45:41,633 - cls [Subject 14, Anchor 0, Epoch 53/150] Train Loss=0.0003 Train Acc=0.9652 Test Acc=0.8102 Best Acc=0.9164
2025-12-04 17:46:07,066 - cls [Subject 14, Anchor 0, Epoch 54/150] Train Loss=0.0003 Train Acc=0.9656 Test Acc=0.8102 Best Acc=0.9164
2025-12-04 17:46:35,253 - cls [Subject 14, Anchor 0, Epoch 55/150] Train Loss=0.0003 Train Acc=0.9655 Test Acc=0.8109 Best Acc=0.9164
2025-12-04 17:46:59,048 - cls [Subject 14, Anchor 0, Epoch 56/150] Train Loss=0.0003 Train Acc=0.9655 Test Acc=0.8098 Best Acc=0.9164
2025-12-04 17:47:22,472 - cls [Subject 14, Anchor 0, Epoch 57/150] Train Loss=0.0003 Train Acc=0.9676 Test Acc=0.8109 Best Acc=0.9164
2025-12-04 17:47:44,094 - cls [Subject 14, Anchor 0, Epoch 58/150] Train Loss=0.0003 Train Acc=0.9673 Test Acc=0.8105 Best Acc=0.9164
2025-12-04 17:48:10,234 - cls [Subject 14, Anchor 0, Epoch 59/150] Train Loss=0.0003 Train Acc=0.9668 Test Acc=0.8121 Best Acc=0.9164
2025-12-04 17:48:34,115 - cls [Subject 14, Anchor 0, Epoch 60/150] Train Loss=0.0003 Train Acc=0.9674 Test Acc=0.8113 Best Acc=0.9164
2025-12-04 17:49:00,761 - cls [Subject 14, Anchor 0, Epoch 61/150] Train Loss=0.0003 Train Acc=0.9670 Test Acc=0.8113 Best Acc=0.9164
2025-12-04 17:49:32,381 - cls [Subject 14, Anchor 0, Epoch 62/150] Train Loss=0.0003 Train Acc=0.9676 Test Acc=0.8105 Best Acc=0.9164
2025-12-04 17:49:57,561 - cls [Subject 14, Anchor 0, Epoch 63/150] Train Loss=0.0003 Train Acc=0.9680 Test Acc=0.8098 Best Acc=0.9164
2025-12-04 17:50:33,344 - cls [Subject 14, Anchor 0, Epoch 64/150] Train Loss=0.0003 Train Acc=0.9678 Test Acc=0.8121 Best Acc=0.9164
2025-12-04 17:51:02,586 - cls [Subject 14, Anchor 0, Epoch 65/150] Train Loss=0.0003 Train Acc=0.9681 Test Acc=0.8117 Best Acc=0.9164
2025-12-04 17:51:27,854 - cls [Subject 14, Anchor 0, Epoch 66/150] Train Loss=0.0003 Train Acc=0.9680 Test Acc=0.8090 Best Acc=0.9164
2025-12-04 17:51:51,057 - cls [Subject 14, Anchor 0, Epoch 67/150] Train Loss=0.0003 Train Acc=0.9677 Test Acc=0.8098 Best Acc=0.9164
2025-12-04 17:52:17,979 - cls [Subject 14, Anchor 0, Epoch 68/150] Train Loss=0.0003 Train Acc=0.9691 Test Acc=0.8094 Best Acc=0.9164
2025-12-04 17:52:39,897 - cls [Subject 14, Anchor 0, Epoch 69/150] Train Loss=0.0003 Train Acc=0.9678 Test Acc=0.8109 Best Acc=0.9164
2025-12-04 17:53:06,366 - cls [Subject 14, Anchor 0, Epoch 70/150] Train Loss=0.0003 Train Acc=0.9692 Test Acc=0.8145 Best Acc=0.9164
2025-12-04 17:53:33,717 - cls [Subject 14, Anchor 0, Epoch 71/150] Train Loss=0.0003 Train Acc=0.9701 Test Acc=0.8121 Best Acc=0.9164
2025-12-04 17:53:58,908 - cls [Subject 14, Anchor 0, Epoch 72/150] Train Loss=0.0002 Train Acc=0.9703 Test Acc=0.8105 Best Acc=0.9164
2025-12-04 17:54:26,195 - cls [Subject 14, Anchor 0, Epoch 73/150] Train Loss=0.0002 Train Acc=0.9700 Test Acc=0.8094 Best Acc=0.9164
2025-12-04 17:54:55,220 - cls [Subject 14, Anchor 0, Epoch 74/150] Train Loss=0.0003 Train Acc=0.9694 Test Acc=0.8109 Best Acc=0.9164
2025-12-04 17:55:21,413 - cls [Subject 14, Anchor 0, Epoch 75/150] Train Loss=0.0002 Train Acc=0.9703 Test Acc=0.8102 Best Acc=0.9164
2025-12-04 17:55:46,025 - cls [Subject 14, Anchor 0, Epoch 76/150] Train Loss=0.0003 Train Acc=0.9697 Test Acc=0.8086 Best Acc=0.9164
2025-12-04 17:56:08,756 - cls [Subject 14, Anchor 0, Epoch 77/150] Train Loss=0.0002 Train Acc=0.9718 Test Acc=0.8109 Best Acc=0.9164
2025-12-04 17:56:31,549 - cls [Subject 14, Anchor 0, Epoch 78/150] Train Loss=0.0002 Train Acc=0.9709 Test Acc=0.8113 Best Acc=0.9164
2025-12-04 17:56:55,646 - cls [Subject 14, Anchor 0, Epoch 79/150] Train Loss=0.0002 Train Acc=0.9715 Test Acc=0.8090 Best Acc=0.9164
2025-12-04 17:57:18,452 - cls [Subject 14, Anchor 0, Epoch 80/150] Train Loss=0.0002 Train Acc=0.9719 Test Acc=0.8090 Best Acc=0.9164
2025-12-04 17:57:48,171 - cls [Subject 14, Anchor 0, Epoch 81/150] Train Loss=0.0002 Train Acc=0.9720 Test Acc=0.8082 Best Acc=0.9164
2025-12-04 17:58:14,685 - cls [Subject 14, Anchor 0, Epoch 82/150] Train Loss=0.0002 Train Acc=0.9723 Test Acc=0.8117 Best Acc=0.9164
2025-12-04 17:58:44,231 - cls [Subject 14, Anchor 0, Epoch 83/150] Train Loss=0.0002 Train Acc=0.9724 Test Acc=0.8113 Best Acc=0.9164
2025-12-04 17:59:11,391 - cls [Subject 14, Anchor 0, Epoch 84/150] Train Loss=0.0002 Train Acc=0.9718 Test Acc=0.8113 Best Acc=0.9164
2025-12-04 17:59:36,653 - cls [Subject 14, Anchor 0, Epoch 85/150] Train Loss=0.0002 Train Acc=0.9723 Test Acc=0.8109 Best Acc=0.9164
2025-12-04 18:00:01,440 - cls [Subject 14, Anchor 0, Epoch 86/150] Train Loss=0.0002 Train Acc=0.9740 Test Acc=0.8121 Best Acc=0.9164
2025-12-04 18:00:29,134 - cls [Subject 14, Anchor 0, Epoch 87/150] Train Loss=0.0002 Train Acc=0.9728 Test Acc=0.8090 Best Acc=0.9164
2025-12-04 18:00:53,577 - cls [Subject 14, Anchor 0, Epoch 88/150] Train Loss=0.0002 Train Acc=0.9726 Test Acc=0.8109 Best Acc=0.9164
2025-12-04 18:01:19,434 - cls [Subject 14, Anchor 0, Epoch 89/150] Train Loss=0.0002 Train Acc=0.9730 Test Acc=0.8102 Best Acc=0.9164
2025-12-04 18:01:47,527 - cls [Subject 14, Anchor 0, Epoch 90/150] Train Loss=0.0002 Train Acc=0.9741 Test Acc=0.8117 Best Acc=0.9164
2025-12-04 18:02:16,043 - cls [Subject 14, Anchor 0, Epoch 91/150] Train Loss=0.0002 Train Acc=0.9745 Test Acc=0.8102 Best Acc=0.9164
2025-12-04 18:02:45,375 - cls [Subject 14, Anchor 0, Epoch 92/150] Train Loss=0.0002 Train Acc=0.9730 Test Acc=0.8102 Best Acc=0.9164
2025-12-04 18:03:13,539 - cls [Subject 14, Anchor 0, Epoch 93/150] Train Loss=0.0002 Train Acc=0.9744 Test Acc=0.8129 Best Acc=0.9164
2025-12-04 18:03:39,746 - cls [Subject 14, Anchor 0, Epoch 94/150] Train Loss=0.0002 Train Acc=0.9751 Test Acc=0.8125 Best Acc=0.9164
2025-12-04 18:04:03,648 - cls [Subject 14, Anchor 0, Epoch 95/150] Train Loss=0.0002 Train Acc=0.9749 Test Acc=0.8098 Best Acc=0.9164
2025-12-04 18:04:28,011 - cls [Subject 14, Anchor 0, Epoch 96/150] Train Loss=0.0002 Train Acc=0.9741 Test Acc=0.8094 Best Acc=0.9164
2025-12-04 18:04:51,139 - cls [Subject 14, Anchor 0, Epoch 97/150] Train Loss=0.0002 Train Acc=0.9765 Test Acc=0.8102 Best Acc=0.9164
2025-12-04 18:05:16,434 - cls [Subject 14, Anchor 0, Epoch 98/150] Train Loss=0.0002 Train Acc=0.9757 Test Acc=0.8113 Best Acc=0.9164
2025-12-04 18:05:46,411 - cls [Subject 14, Anchor 0, Epoch 99/150] Train Loss=0.0002 Train Acc=0.9748 Test Acc=0.8133 Best Acc=0.9164
2025-12-04 18:06:11,490 - cls [Subject 14, Anchor 0, Epoch 100/150] Train Loss=0.0002 Train Acc=0.9748 Test Acc=0.8082 Best Acc=0.9164
2025-12-04 18:06:36,137 - cls [Subject 14, Anchor 0, Epoch 101/150] Train Loss=0.0002 Train Acc=0.9739 Test Acc=0.8125 Best Acc=0.9164
2025-12-04 18:07:01,961 - cls [Subject 14, Anchor 0, Epoch 102/150] Train Loss=0.0002 Train Acc=0.9758 Test Acc=0.8121 Best Acc=0.9164
2025-12-04 18:07:32,983 - cls [Subject 14, Anchor 0, Epoch 103/150] Train Loss=0.0002 Train Acc=0.9754 Test Acc=0.8086 Best Acc=0.9164
2025-12-04 18:07:57,871 - cls [Subject 14, Anchor 0, Epoch 104/150] Train Loss=0.0002 Train Acc=0.9755 Test Acc=0.8105 Best Acc=0.9164
2025-12-04 18:08:23,259 - cls [Subject 14, Anchor 0, Epoch 105/150] Train Loss=0.0002 Train Acc=0.9747 Test Acc=0.8066 Best Acc=0.9164
2025-12-04 18:08:50,704 - cls [Subject 14, Anchor 0, Epoch 106/150] Train Loss=0.0002 Train Acc=0.9760 Test Acc=0.8117 Best Acc=0.9164
2025-12-04 18:09:15,801 - cls [Subject 14, Anchor 0, Epoch 107/150] Train Loss=0.0002 Train Acc=0.9755 Test Acc=0.8109 Best Acc=0.9164
2025-12-04 18:09:41,282 - cls [Subject 14, Anchor 0, Epoch 108/150] Train Loss=0.0002 Train Acc=0.9761 Test Acc=0.8086 Best Acc=0.9164
2025-12-04 18:10:13,242 - cls [Subject 14, Anchor 0, Epoch 109/150] Train Loss=0.0002 Train Acc=0.9757 Test Acc=0.8113 Best Acc=0.9164
2025-12-04 18:10:38,766 - cls [Subject 14, Anchor 0, Epoch 110/150] Train Loss=0.0002 Train Acc=0.9761 Test Acc=0.8105 Best Acc=0.9164
2025-12-04 18:11:04,118 - cls [Subject 14, Anchor 0, Epoch 111/150] Train Loss=0.0002 Train Acc=0.9769 Test Acc=0.8102 Best Acc=0.9164
2025-12-04 18:11:33,099 - cls [Subject 14, Anchor 0, Epoch 112/150] Train Loss=0.0002 Train Acc=0.9766 Test Acc=0.8117 Best Acc=0.9164
2025-12-04 18:11:57,331 - cls [Subject 14, Anchor 0, Epoch 113/150] Train Loss=0.0002 Train Acc=0.9764 Test Acc=0.8105 Best Acc=0.9164
2025-12-04 18:12:22,552 - cls [Subject 14, Anchor 0, Epoch 114/150] Train Loss=0.0002 Train Acc=0.9763 Test Acc=0.8117 Best Acc=0.9164
2025-12-04 18:12:52,327 - cls [Subject 14, Anchor 0, Epoch 115/150] Train Loss=0.0002 Train Acc=0.9774 Test Acc=0.8102 Best Acc=0.9164
2025-12-04 18:13:18,174 - cls [Subject 14, Anchor 0, Epoch 116/150] Train Loss=0.0002 Train Acc=0.9782 Test Acc=0.8102 Best Acc=0.9164
2025-12-04 18:13:44,611 - cls [Subject 14, Anchor 0, Epoch 117/150] Train Loss=0.0002 Train Acc=0.9764 Test Acc=0.8094 Best Acc=0.9164
2025-12-04 18:14:13,976 - cls [Subject 14, Anchor 0, Epoch 118/150] Train Loss=0.0002 Train Acc=0.9775 Test Acc=0.8098 Best Acc=0.9164
2025-12-04 18:14:38,856 - cls [Subject 14, Anchor 0, Epoch 119/150] Train Loss=0.0002 Train Acc=0.9778 Test Acc=0.8090 Best Acc=0.9164
2025-12-04 18:15:04,005 - cls [Subject 14, Anchor 0, Epoch 120/150] Train Loss=0.0002 Train Acc=0.9781 Test Acc=0.8105 Best Acc=0.9164
2025-12-04 18:15:30,063 - cls [Subject 14, Anchor 0, Epoch 121/150] Train Loss=0.0002 Train Acc=0.9768 Test Acc=0.8113 Best Acc=0.9164
2025-12-04 18:15:56,138 - cls [Subject 14, Anchor 0, Epoch 122/150] Train Loss=0.0002 Train Acc=0.9782 Test Acc=0.8047 Best Acc=0.9164
2025-12-04 18:16:23,734 - cls [Subject 14, Anchor 0, Epoch 123/150] Train Loss=0.0002 Train Acc=0.9783 Test Acc=0.8078 Best Acc=0.9164
2025-12-04 18:16:51,405 - cls [Subject 14, Anchor 0, Epoch 124/150] Train Loss=0.0002 Train Acc=0.9783 Test Acc=0.8086 Best Acc=0.9164
2025-12-04 18:17:40,590 - cls [Subject 14, Anchor 0, Epoch 125/150] Train Loss=0.0002 Train Acc=0.9789 Test Acc=0.8105 Best Acc=0.9164
2025-12-04 18:18:10,267 - cls [Subject 14, Anchor 0, Epoch 126/150] Train Loss=0.0002 Train Acc=0.9791 Test Acc=0.8090 Best Acc=0.9164
2025-12-04 18:18:49,176 - cls [Subject 14, Anchor 0, Epoch 127/150] Train Loss=0.0002 Train Acc=0.9781 Test Acc=0.8129 Best Acc=0.9164
2025-12-04 18:19:15,415 - cls [Subject 14, Anchor 0, Epoch 128/150] Train Loss=0.0002 Train Acc=0.9800 Test Acc=0.8105 Best Acc=0.9164
2025-12-04 18:19:40,784 - cls [Subject 14, Anchor 0, Epoch 129/150] Train Loss=0.0002 Train Acc=0.9792 Test Acc=0.8098 Best Acc=0.9164
2025-12-04 18:20:05,460 - cls [Subject 14, Anchor 0, Epoch 130/150] Train Loss=0.0002 Train Acc=0.9783 Test Acc=0.8098 Best Acc=0.9164
2025-12-04 18:20:31,640 - cls [Subject 14, Anchor 0, Epoch 131/150] Train Loss=0.0002 Train Acc=0.9780 Test Acc=0.8109 Best Acc=0.9164
2025-12-04 18:20:57,068 - cls [Subject 14, Anchor 0, Epoch 132/150] Train Loss=0.0002 Train Acc=0.9789 Test Acc=0.8074 Best Acc=0.9164
2025-12-04 18:21:23,641 - cls [Subject 14, Anchor 0, Epoch 133/150] Train Loss=0.0002 Train Acc=0.9792 Test Acc=0.8066 Best Acc=0.9164
2025-12-04 18:21:51,905 - cls [Subject 14, Anchor 0, Epoch 134/150] Train Loss=0.0002 Train Acc=0.9793 Test Acc=0.8121 Best Acc=0.9164
2025-12-04 18:22:19,736 - cls [Subject 14, Anchor 0, Epoch 135/150] Train Loss=0.0002 Train Acc=0.9794 Test Acc=0.8070 Best Acc=0.9164
2025-12-04 18:22:49,196 - cls [Subject 14, Anchor 0, Epoch 136/150] Train Loss=0.0002 Train Acc=0.9791 Test Acc=0.8027 Best Acc=0.9164
2025-12-04 18:23:34,867 - cls [Subject 14, Anchor 0, Epoch 137/150] Train Loss=0.0002 Train Acc=0.9797 Test Acc=0.8070 Best Acc=0.9164
2025-12-04 18:24:04,416 - cls [Subject 14, Anchor 0, Epoch 138/150] Train Loss=0.0002 Train Acc=0.9790 Test Acc=0.8066 Best Acc=0.9164
2025-12-04 18:24:29,073 - cls [Subject 14, Anchor 0, Epoch 139/150] Train Loss=0.0002 Train Acc=0.9792 Test Acc=0.8109 Best Acc=0.9164
2025-12-04 18:24:52,991 - cls [Subject 14, Anchor 0, Epoch 140/150] Train Loss=0.0002 Train Acc=0.9809 Test Acc=0.8113 Best Acc=0.9164
2025-12-04 18:25:22,037 - cls [Subject 14, Anchor 0, Epoch 141/150] Train Loss=0.0002 Train Acc=0.9808 Test Acc=0.8102 Best Acc=0.9164
2025-12-04 18:25:49,998 - cls [Subject 14, Anchor 0, Epoch 142/150] Train Loss=0.0002 Train Acc=0.9806 Test Acc=0.8063 Best Acc=0.9164
2025-12-04 18:26:19,740 - cls [Subject 14, Anchor 0, Epoch 143/150] Train Loss=0.0002 Train Acc=0.9797 Test Acc=0.8109 Best Acc=0.9164
2025-12-04 18:26:43,285 - cls [Subject 14, Anchor 0, Epoch 144/150] Train Loss=0.0002 Train Acc=0.9805 Test Acc=0.8090 Best Acc=0.9164
2025-12-04 18:27:08,993 - cls [Subject 14, Anchor 0, Epoch 145/150] Train Loss=0.0002 Train Acc=0.9806 Test Acc=0.8117 Best Acc=0.9164
2025-12-04 18:27:34,745 - cls [Subject 14, Anchor 0, Epoch 146/150] Train Loss=0.0002 Train Acc=0.9796 Test Acc=0.8098 Best Acc=0.9164
2025-12-04 18:27:57,891 - cls [Subject 14, Anchor 0, Epoch 147/150] Train Loss=0.0002 Train Acc=0.9803 Test Acc=0.8102 Best Acc=0.9164
2025-12-04 18:28:22,850 - cls [Subject 14, Anchor 0, Epoch 148/150] Train Loss=0.0002 Train Acc=0.9801 Test Acc=0.8109 Best Acc=0.9164
2025-12-04 18:28:47,300 - cls [Subject 14, Anchor 0, Epoch 149/150] Train Loss=0.0002 Train Acc=0.9810 Test Acc=0.8098 Best Acc=0.9164
2025-12-04 18:29:12,353 - cls [Subject 14, Anchor 0, Epoch 150/150] Train Loss=0.0002 Train Acc=0.9813 Test Acc=0.8039 Best Acc=0.9164
2025-12-04 18:29:12,366 - labelAlign [Subject 14, Anchor 0 Target 0] Start
2025-12-04 18:29:56,827 - all [Subject 14, Anchor 0, Epoch 1/300] Train Loss=0.0010 Train Acc=0.8873 Test Acc=0.7926 Best Acc=0.9164
2025-12-04 18:30:29,678 - all [Subject 14, Anchor 0, Epoch 2/300] Train Loss=0.0006 Train Acc=0.9583 Test Acc=0.7500 Best Acc=0.9164
2025-12-04 18:31:01,249 - all [Subject 14, Anchor 0, Epoch 3/300] Train Loss=0.0007 Train Acc=0.9332 Test Acc=0.8059 Best Acc=0.9164
2025-12-04 18:31:38,588 - all [Subject 14, Anchor 0, Epoch 4/300] Train Loss=0.0006 Train Acc=0.9562 Test Acc=0.8730 Best Acc=0.9164
2025-12-04 18:32:34,208 - all [Subject 14, Anchor 0, Epoch 5/300] Train Loss=0.0007 Train Acc=0.9360 Test Acc=0.8066 Best Acc=0.9164
2025-12-04 18:33:05,046 - all [Subject 14, Anchor 0, Epoch 6/300] Train Loss=0.0005 Train Acc=0.9718 Test Acc=0.8113 Best Acc=0.9164
2025-12-04 18:33:34,295 - all [Subject 14, Anchor 0, Epoch 7/300] Train Loss=0.0006 Train Acc=0.9475 Test Acc=0.8391 Best Acc=0.9164
2025-12-04 18:34:02,752 - all [Subject 14, Anchor 0, Epoch 8/300] Train Loss=0.0006 Train Acc=0.9464 Test Acc=0.8156 Best Acc=0.9164
2025-12-04 18:34:32,842 - all [Subject 14, Anchor 0, Epoch 9/300] Train Loss=0.0004 Train Acc=0.9939 Test Acc=0.7645 Best Acc=0.9164
2025-12-04 18:35:03,226 - all [Subject 14, Anchor 0, Epoch 10/300] Train Loss=0.0003 Train Acc=1.0000 Test Acc=0.7586 Best Acc=0.9164
2025-12-04 18:35:39,085 - all [Subject 14, Anchor 0, Epoch 11/300] Train Loss=0.0003 Train Acc=1.0000 Test Acc=0.7543 Best Acc=0.9164
2025-12-04 18:36:10,372 - all [Subject 14, Anchor 0, Epoch 12/300] Train Loss=0.0003 Train Acc=1.0000 Test Acc=0.7574 Best Acc=0.9164
2025-12-04 18:36:42,289 - all [Subject 14, Anchor 0, Epoch 13/300] Train Loss=0.0003 Train Acc=0.9987 Test Acc=0.7859 Best Acc=0.9164
2025-12-04 18:37:15,423 - all [Subject 14, Anchor 0, Epoch 14/300] Train Loss=0.0004 Train Acc=0.9848 Test Acc=0.7465 Best Acc=0.9164
2025-12-04 18:37:45,350 - all [Subject 14, Anchor 0, Epoch 15/300] Train Loss=0.0006 Train Acc=0.9435 Test Acc=0.6980 Best Acc=0.9164
2025-12-04 18:38:20,142 - all [Subject 14, Anchor 0, Epoch 16/300] Train Loss=0.0008 Train Acc=0.9034 Test Acc=0.8215 Best Acc=0.9164
2025-12-04 18:38:50,258 - all [Subject 14, Anchor 0, Epoch 17/300] Train Loss=0.0004 Train Acc=0.9812 Test Acc=0.8137 Best Acc=0.9164
2025-12-04 18:39:21,778 - all [Subject 14, Anchor 0, Epoch 18/300] Train Loss=0.0004 Train Acc=0.9896 Test Acc=0.8414 Best Acc=0.9164
2025-12-04 18:39:54,774 - all [Subject 14, Anchor 0, Epoch 19/300] Train Loss=0.0005 Train Acc=0.9724 Test Acc=0.7695 Best Acc=0.9164
2025-12-04 18:40:23,051 - all [Subject 14, Anchor 0, Epoch 20/300] Train Loss=0.0004 Train Acc=0.9942 Test Acc=0.7637 Best Acc=0.9164
2025-12-04 18:40:53,550 - all [Subject 14, Anchor 0, Epoch 21/300] Train Loss=0.0003 Train Acc=1.0000 Test Acc=0.7527 Best Acc=0.9164
2025-12-04 18:41:23,870 - all [Subject 14, Anchor 0, Epoch 22/300] Train Loss=0.0003 Train Acc=1.0000 Test Acc=0.7406 Best Acc=0.9164
2025-12-04 18:41:56,772 - all [Subject 14, Anchor 0, Epoch 23/300] Train Loss=0.0003 Train Acc=1.0000 Test Acc=0.7402 Best Acc=0.9164
2025-12-04 18:42:24,257 - all [Subject 14, Anchor 0, Epoch 24/300] Train Loss=0.0004 Train Acc=1.0000 Test Acc=0.7406 Best Acc=0.9164
2025-12-04 18:42:53,542 - all [Subject 14, Anchor 0, Epoch 25/300] Train Loss=0.0004 Train Acc=1.0000 Test Acc=0.7453 Best Acc=0.9164
2025-12-04 18:43:36,974 - all [Subject 14, Anchor 0, Epoch 26/300] Train Loss=0.0004 Train Acc=1.0000 Test Acc=0.7602 Best Acc=0.9164
2025-12-04 18:44:30,032 - all [Subject 14, Anchor 0, Epoch 27/300] Train Loss=0.0003 Train Acc=1.0000 Test Acc=0.7461 Best Acc=0.9164
2025-12-04 18:45:12,858 - all [Subject 14, Anchor 0, Epoch 28/300] Train Loss=0.0004 Train Acc=0.9989 Test Acc=0.7777 Best Acc=0.9164
2025-12-04 18:45:54,509 - all [Subject 14, Anchor 0, Epoch 29/300] Train Loss=0.0003 Train Acc=1.0000 Test Acc=0.7750 Best Acc=0.9164
2025-12-04 18:46:24,746 - all [Subject 14, Anchor 0, Epoch 30/300] Train Loss=0.0003 Train Acc=1.0000 Test Acc=0.7863 Best Acc=0.9164
2025-12-04 18:46:58,928 - all [Subject 14, Anchor 0, Epoch 31/300] Train Loss=0.0003 Train Acc=1.0000 Test Acc=0.7836 Best Acc=0.9164
2025-12-04 18:47:28,866 - all [Subject 14, Anchor 0, Epoch 32/300] Train Loss=0.0003 Train Acc=1.0000 Test Acc=0.7773 Best Acc=0.9164
2025-12-04 18:47:58,299 - all [Subject 14, Anchor 0, Epoch 33/300] Train Loss=0.0004 Train Acc=1.0000 Test Acc=0.7633 Best Acc=0.9164
2025-12-04 18:48:24,242 - all [Subject 14, Anchor 0, Epoch 34/300] Train Loss=0.0004 Train Acc=1.0000 Test Acc=0.7633 Best Acc=0.9164
2025-12-04 18:48:50,548 - all [Subject 14, Anchor 0, Epoch 35/300] Train Loss=0.0004 Train Acc=0.9936 Test Acc=0.7699 Best Acc=0.9164
2025-12-04 18:49:20,422 - all [Subject 14, Anchor 0, Epoch 36/300] Train Loss=0.0007 Train Acc=0.9393 Test Acc=0.7344 Best Acc=0.9164
2025-12-04 18:49:47,245 - all [Subject 14, Anchor 0, Epoch 37/300] Train Loss=0.0007 Train Acc=0.9246 Test Acc=0.7465 Best Acc=0.9164
2025-12-04 18:50:14,996 - all [Subject 14, Anchor 0, Epoch 38/300] Train Loss=0.0004 Train Acc=0.9877 Test Acc=0.8051 Best Acc=0.9164
2025-12-04 18:50:41,630 - all [Subject 14, Anchor 0, Epoch 39/300] Train Loss=0.0003 Train Acc=0.9993 Test Acc=0.7695 Best Acc=0.9164
2025-12-04 18:51:11,486 - all [Subject 14, Anchor 0, Epoch 40/300] Train Loss=0.0003 Train Acc=1.0000 Test Acc=0.7680 Best Acc=0.9164
2025-12-04 18:51:42,388 - all [Subject 14, Anchor 0, Epoch 41/300] Train Loss=0.0004 Train Acc=1.0000 Test Acc=0.7609 Best Acc=0.9164
2025-12-04 18:52:06,590 - all [Subject 14, Anchor 0, Epoch 42/300] Train Loss=0.0004 Train Acc=1.0000 Test Acc=0.7645 Best Acc=0.9164
2025-12-04 18:52:36,794 - all [Subject 14, Anchor 0, Epoch 43/300] Train Loss=0.0004 Train Acc=1.0000 Test Acc=0.7684 Best Acc=0.9164
2025-12-04 18:53:06,930 - all [Subject 14, Anchor 0, Epoch 44/300] Train Loss=0.0004 Train Acc=1.0000 Test Acc=0.7660 Best Acc=0.9164
2025-12-04 18:53:48,017 - all [Subject 14, Anchor 0, Epoch 45/300] Train Loss=0.0004 Train Acc=1.0000 Test Acc=0.7617 Best Acc=0.9164
2025-12-04 18:54:19,874 - all [Subject 14, Anchor 0, Epoch 46/300] Train Loss=0.0005 Train Acc=0.9803 Test Acc=0.7680 Best Acc=0.9164
2025-12-04 18:54:48,218 - all [Subject 14, Anchor 0, Epoch 47/300] Train Loss=0.0006 Train Acc=0.9584 Test Acc=0.7488 Best Acc=0.9164
2025-12-04 18:55:14,672 - all [Subject 14, Anchor 0, Epoch 48/300] Train Loss=0.0006 Train Acc=0.9540 Test Acc=0.7922 Best Acc=0.9164
2025-12-04 18:55:41,922 - all [Subject 14, Anchor 0, Epoch 49/300] Train Loss=0.0004 Train Acc=0.9945 Test Acc=0.7805 Best Acc=0.9164
2025-12-04 18:56:12,788 - all [Subject 14, Anchor 0, Epoch 50/300] Train Loss=0.0003 Train Acc=1.0000 Test Acc=0.7809 Best Acc=0.9164
2025-12-04 18:56:39,297 - all [Subject 14, Anchor 0, Epoch 51/300] Train Loss=0.0003 Train Acc=1.0000 Test Acc=0.7793 Best Acc=0.9164
2025-12-04 18:57:08,177 - all [Subject 14, Anchor 0, Epoch 52/300] Train Loss=0.0003 Train Acc=1.0000 Test Acc=0.7789 Best Acc=0.9164
2025-12-04 18:57:35,540 - all [Subject 14, Anchor 0, Epoch 53/300] Train Loss=0.0003 Train Acc=1.0000 Test Acc=0.7777 Best Acc=0.9164
2025-12-04 18:58:02,978 - all [Subject 14, Anchor 0, Epoch 54/300] Train Loss=0.0003 Train Acc=1.0000 Test Acc=0.7656 Best Acc=0.9164
2025-12-04 18:58:33,483 - all [Subject 14, Anchor 0, Epoch 55/300] Train Loss=0.0003 Train Acc=1.0000 Test Acc=0.7633 Best Acc=0.9164
2025-12-04 18:59:00,571 - all [Subject 14, Anchor 0, Epoch 56/300] Train Loss=0.0004 Train Acc=1.0000 Test Acc=0.7809 Best Acc=0.9164
2025-12-04 18:59:28,871 - all [Subject 14, Anchor 0, Epoch 57/300] Train Loss=0.0004 Train Acc=1.0000 Test Acc=0.7773 Best Acc=0.9164
2025-12-04 18:59:55,727 - all [Subject 14, Anchor 0, Epoch 58/300] Train Loss=0.0004 Train Acc=1.0000 Test Acc=0.7691 Best Acc=0.9164
2025-12-04 19:00:22,195 - all [Subject 14, Anchor 0, Epoch 59/300] Train Loss=0.0004 Train Acc=1.0000 Test Acc=0.7781 Best Acc=0.9164
2025-12-04 19:00:52,367 - all [Subject 14, Anchor 0, Epoch 60/300] Train Loss=0.0004 Train Acc=1.0000 Test Acc=0.7777 Best Acc=0.9164
2025-12-04 19:01:22,285 - all [Subject 14, Anchor 0, Epoch 61/300] Train Loss=0.0004 Train Acc=1.0000 Test Acc=0.7734 Best Acc=0.9164
2025-12-04 19:01:56,156 - all [Subject 14, Anchor 0, Epoch 62/300] Train Loss=0.0004 Train Acc=1.0000 Test Acc=0.7566 Best Acc=0.9164
2025-12-04 19:02:28,225 - all [Subject 14, Anchor 0, Epoch 63/300] Train Loss=0.0005 Train Acc=0.9733 Test Acc=0.7438 Best Acc=0.9164
2025-12-04 19:03:05,558 - all [Subject 14, Anchor 0, Epoch 64/300] Train Loss=0.0005 Train Acc=0.9654 Test Acc=0.8004 Best Acc=0.9164
2025-12-04 19:03:39,404 - all [Subject 14, Anchor 0, Epoch 65/300] Train Loss=0.0004 Train Acc=0.9867 Test Acc=0.7809 Best Acc=0.9164
2025-12-04 19:04:11,451 - all [Subject 14, Anchor 0, Epoch 66/300] Train Loss=0.0004 Train Acc=0.9999 Test Acc=0.7828 Best Acc=0.9164
2025-12-04 19:04:46,758 - all [Subject 14, Anchor 0, Epoch 67/300] Train Loss=0.0003 Train Acc=1.0000 Test Acc=0.7820 Best Acc=0.9164
2025-12-04 19:05:19,923 - all [Subject 14, Anchor 0, Epoch 68/300] Train Loss=0.0003 Train Acc=1.0000 Test Acc=0.7809 Best Acc=0.9164
2025-12-04 19:05:54,125 - all [Subject 14, Anchor 0, Epoch 69/300] Train Loss=0.0003 Train Acc=1.0000 Test Acc=0.7809 Best Acc=0.9164
