2025-12-04 17:01:28,060 - === GLAE, leaving subject 3 for test ===
2025-12-04 17:08:53,216 - =========================Subject 3, Anchor 0===========================
2025-12-04 17:10:06,854 - anchor [Subject 3, Anchor 0, Epoch 1/150] Train Loss=0.0001 Train Acc=0.9848 Test Acc=0.9691 Best Acc=0.9691
2025-12-04 17:10:10,133 - anchor [Subject 3, Anchor 0, Epoch 2/150] Train Loss=0.0001 Train Acc=0.9852 Test Acc=0.9641 Best Acc=0.9691
2025-12-04 17:10:13,698 - anchor [Subject 3, Anchor 0, Epoch 3/150] Train Loss=0.0001 Train Acc=0.9855 Test Acc=0.9617 Best Acc=0.9691
2025-12-04 17:10:16,896 - anchor [Subject 3, Anchor 0, Epoch 4/150] Train Loss=0.0001 Train Acc=0.9848 Test Acc=0.9621 Best Acc=0.9691
2025-12-04 17:10:18,979 - anchor [Subject 3, Anchor 0, Epoch 5/150] Train Loss=0.0001 Train Acc=0.9871 Test Acc=0.9570 Best Acc=0.9691
2025-12-04 17:10:21,445 - anchor [Subject 3, Anchor 0, Epoch 6/150] Train Loss=0.0001 Train Acc=0.9871 Test Acc=0.9527 Best Acc=0.9691
2025-12-04 17:10:24,113 - anchor [Subject 3, Anchor 0, Epoch 7/150] Train Loss=0.0000 Train Acc=0.9898 Test Acc=0.9461 Best Acc=0.9691
2025-12-04 17:10:27,376 - anchor [Subject 3, Anchor 0, Epoch 8/150] Train Loss=0.0001 Train Acc=0.9875 Test Acc=0.9348 Best Acc=0.9691
2025-12-04 17:10:30,805 - anchor [Subject 3, Anchor 0, Epoch 9/150] Train Loss=0.0001 Train Acc=0.9883 Test Acc=0.9219 Best Acc=0.9691
2025-12-04 17:10:32,656 - anchor [Subject 3, Anchor 0, Epoch 10/150] Train Loss=0.0000 Train Acc=0.9914 Test Acc=0.9199 Best Acc=0.9691
2025-12-04 17:10:36,845 - anchor [Subject 3, Anchor 0, Epoch 11/150] Train Loss=0.0000 Train Acc=0.9926 Test Acc=0.9211 Best Acc=0.9691
2025-12-04 17:10:39,084 - anchor [Subject 3, Anchor 0, Epoch 12/150] Train Loss=0.0000 Train Acc=0.9906 Test Acc=0.9227 Best Acc=0.9691
2025-12-04 17:10:42,664 - anchor [Subject 3, Anchor 0, Epoch 13/150] Train Loss=0.0000 Train Acc=0.9930 Test Acc=0.9262 Best Acc=0.9691
2025-12-04 17:10:45,879 - anchor [Subject 3, Anchor 0, Epoch 14/150] Train Loss=0.0000 Train Acc=0.9906 Test Acc=0.9246 Best Acc=0.9691
2025-12-04 17:10:49,242 - anchor [Subject 3, Anchor 0, Epoch 15/150] Train Loss=0.0000 Train Acc=0.9926 Test Acc=0.9234 Best Acc=0.9691
2025-12-04 17:10:53,221 - anchor [Subject 3, Anchor 0, Epoch 16/150] Train Loss=0.0000 Train Acc=0.9902 Test Acc=0.9203 Best Acc=0.9691
2025-12-04 17:10:57,443 - anchor [Subject 3, Anchor 0, Epoch 17/150] Train Loss=0.0000 Train Acc=0.9938 Test Acc=0.9195 Best Acc=0.9691
2025-12-04 17:11:01,267 - anchor [Subject 3, Anchor 0, Epoch 18/150] Train Loss=0.0000 Train Acc=0.9922 Test Acc=0.9219 Best Acc=0.9691
2025-12-04 17:11:05,200 - anchor [Subject 3, Anchor 0, Epoch 19/150] Train Loss=0.0000 Train Acc=0.9895 Test Acc=0.9219 Best Acc=0.9691
2025-12-04 17:11:09,208 - anchor [Subject 3, Anchor 0, Epoch 20/150] Train Loss=0.0000 Train Acc=0.9938 Test Acc=0.9211 Best Acc=0.9691
2025-12-04 17:11:12,666 - anchor [Subject 3, Anchor 0, Epoch 21/150] Train Loss=0.0000 Train Acc=0.9926 Test Acc=0.9187 Best Acc=0.9691
2025-12-04 17:11:19,238 - anchor [Subject 3, Anchor 0, Epoch 22/150] Train Loss=0.0000 Train Acc=0.9945 Test Acc=0.9145 Best Acc=0.9691
2025-12-04 17:11:22,915 - anchor [Subject 3, Anchor 0, Epoch 23/150] Train Loss=0.0000 Train Acc=0.9953 Test Acc=0.9152 Best Acc=0.9691
2025-12-04 17:11:25,969 - anchor [Subject 3, Anchor 0, Epoch 24/150] Train Loss=0.0000 Train Acc=0.9934 Test Acc=0.9207 Best Acc=0.9691
2025-12-04 17:11:29,821 - anchor [Subject 3, Anchor 0, Epoch 25/150] Train Loss=0.0000 Train Acc=0.9965 Test Acc=0.9215 Best Acc=0.9691
2025-12-04 17:11:32,943 - anchor [Subject 3, Anchor 0, Epoch 26/150] Train Loss=0.0000 Train Acc=0.9953 Test Acc=0.9223 Best Acc=0.9691
2025-12-04 17:11:36,519 - anchor [Subject 3, Anchor 0, Epoch 27/150] Train Loss=0.0000 Train Acc=0.9953 Test Acc=0.9215 Best Acc=0.9691
2025-12-04 17:11:38,692 - anchor [Subject 3, Anchor 0, Epoch 28/150] Train Loss=0.0000 Train Acc=0.9941 Test Acc=0.9207 Best Acc=0.9691
2025-12-04 17:11:41,716 - anchor [Subject 3, Anchor 0, Epoch 29/150] Train Loss=0.0000 Train Acc=0.9953 Test Acc=0.9199 Best Acc=0.9691
2025-12-04 17:11:44,692 - anchor [Subject 3, Anchor 0, Epoch 30/150] Train Loss=0.0000 Train Acc=0.9953 Test Acc=0.9195 Best Acc=0.9691
2025-12-04 17:11:47,417 - anchor [Subject 3, Anchor 0, Epoch 31/150] Train Loss=0.0000 Train Acc=0.9953 Test Acc=0.9195 Best Acc=0.9691
2025-12-04 17:11:50,115 - anchor [Subject 3, Anchor 0, Epoch 32/150] Train Loss=0.0000 Train Acc=0.9973 Test Acc=0.9184 Best Acc=0.9691
2025-12-04 17:11:52,618 - anchor [Subject 3, Anchor 0, Epoch 33/150] Train Loss=0.0000 Train Acc=0.9949 Test Acc=0.9168 Best Acc=0.9691
2025-12-04 17:11:56,140 - anchor [Subject 3, Anchor 0, Epoch 34/150] Train Loss=0.0000 Train Acc=0.9949 Test Acc=0.9168 Best Acc=0.9691
2025-12-04 17:11:58,331 - anchor [Subject 3, Anchor 0, Epoch 35/150] Train Loss=0.0000 Train Acc=0.9973 Test Acc=0.9172 Best Acc=0.9691
2025-12-04 17:12:01,587 - anchor [Subject 3, Anchor 0, Epoch 36/150] Train Loss=0.0000 Train Acc=0.9980 Test Acc=0.9176 Best Acc=0.9691
2025-12-04 17:12:08,827 - anchor [Subject 3, Anchor 0, Epoch 37/150] Train Loss=0.0000 Train Acc=0.9945 Test Acc=0.9176 Best Acc=0.9691
2025-12-04 17:12:12,024 - anchor [Subject 3, Anchor 0, Epoch 38/150] Train Loss=0.0000 Train Acc=0.9973 Test Acc=0.9160 Best Acc=0.9691
2025-12-04 17:12:15,505 - anchor [Subject 3, Anchor 0, Epoch 39/150] Train Loss=0.0000 Train Acc=0.9961 Test Acc=0.9160 Best Acc=0.9691
2025-12-04 17:12:20,043 - anchor [Subject 3, Anchor 0, Epoch 40/150] Train Loss=0.0000 Train Acc=0.9965 Test Acc=0.9176 Best Acc=0.9691
2025-12-04 17:12:23,029 - anchor [Subject 3, Anchor 0, Epoch 41/150] Train Loss=0.0000 Train Acc=0.9977 Test Acc=0.9207 Best Acc=0.9691
2025-12-04 17:12:26,182 - anchor [Subject 3, Anchor 0, Epoch 42/150] Train Loss=0.0000 Train Acc=0.9965 Test Acc=0.9207 Best Acc=0.9691
2025-12-04 17:12:30,134 - anchor [Subject 3, Anchor 0, Epoch 43/150] Train Loss=0.0000 Train Acc=0.9957 Test Acc=0.9199 Best Acc=0.9691
2025-12-04 17:12:35,041 - anchor [Subject 3, Anchor 0, Epoch 44/150] Train Loss=0.0000 Train Acc=0.9961 Test Acc=0.9164 Best Acc=0.9691
2025-12-04 17:12:38,912 - anchor [Subject 3, Anchor 0, Epoch 45/150] Train Loss=0.0000 Train Acc=0.9973 Test Acc=0.9137 Best Acc=0.9691
2025-12-04 17:12:44,336 - anchor [Subject 3, Anchor 0, Epoch 46/150] Train Loss=0.0000 Train Acc=0.9961 Test Acc=0.9117 Best Acc=0.9691
2025-12-04 17:12:49,191 - anchor [Subject 3, Anchor 0, Epoch 47/150] Train Loss=0.0000 Train Acc=0.9977 Test Acc=0.9113 Best Acc=0.9691
2025-12-04 17:12:52,194 - anchor [Subject 3, Anchor 0, Epoch 48/150] Train Loss=0.0000 Train Acc=0.9977 Test Acc=0.9113 Best Acc=0.9691
2025-12-04 17:12:57,529 - anchor [Subject 3, Anchor 0, Epoch 49/150] Train Loss=0.0000 Train Acc=0.9977 Test Acc=0.9109 Best Acc=0.9691
2025-12-04 17:13:03,015 - anchor [Subject 3, Anchor 0, Epoch 50/150] Train Loss=0.0000 Train Acc=0.9988 Test Acc=0.9102 Best Acc=0.9691
2025-12-04 17:13:09,934 - anchor [Subject 3, Anchor 0, Epoch 51/150] Train Loss=0.0000 Train Acc=0.9984 Test Acc=0.9086 Best Acc=0.9691
2025-12-04 17:13:14,186 - anchor [Subject 3, Anchor 0, Epoch 52/150] Train Loss=0.0000 Train Acc=0.9973 Test Acc=0.9082 Best Acc=0.9691
2025-12-04 17:13:19,931 - anchor [Subject 3, Anchor 0, Epoch 53/150] Train Loss=0.0000 Train Acc=0.9992 Test Acc=0.9082 Best Acc=0.9691
2025-12-04 17:13:21,779 - anchor [Subject 3, Anchor 0, Epoch 54/150] Train Loss=0.0000 Train Acc=0.9973 Test Acc=0.9098 Best Acc=0.9691
2025-12-04 17:13:24,791 - anchor [Subject 3, Anchor 0, Epoch 55/150] Train Loss=0.0000 Train Acc=0.9977 Test Acc=0.9113 Best Acc=0.9691
2025-12-04 17:13:27,447 - anchor [Subject 3, Anchor 0, Epoch 56/150] Train Loss=0.0000 Train Acc=0.9988 Test Acc=0.9117 Best Acc=0.9691
2025-12-04 17:13:31,228 - anchor [Subject 3, Anchor 0, Epoch 57/150] Train Loss=0.0000 Train Acc=0.9965 Test Acc=0.9117 Best Acc=0.9691
2025-12-04 17:13:35,100 - anchor [Subject 3, Anchor 0, Epoch 58/150] Train Loss=0.0000 Train Acc=0.9977 Test Acc=0.9113 Best Acc=0.9691
2025-12-04 17:13:39,280 - anchor [Subject 3, Anchor 0, Epoch 59/150] Train Loss=0.0000 Train Acc=0.9977 Test Acc=0.9094 Best Acc=0.9691
2025-12-04 17:13:49,820 - anchor [Subject 3, Anchor 0, Epoch 60/150] Train Loss=0.0000 Train Acc=0.9977 Test Acc=0.9090 Best Acc=0.9691
2025-12-04 17:13:54,778 - anchor [Subject 3, Anchor 0, Epoch 61/150] Train Loss=0.0000 Train Acc=0.9984 Test Acc=0.9102 Best Acc=0.9691
2025-12-04 17:13:57,804 - anchor [Subject 3, Anchor 0, Epoch 62/150] Train Loss=0.0000 Train Acc=0.9980 Test Acc=0.9105 Best Acc=0.9691
2025-12-04 17:14:02,579 - anchor [Subject 3, Anchor 0, Epoch 63/150] Train Loss=0.0000 Train Acc=0.9984 Test Acc=0.9125 Best Acc=0.9691
2025-12-04 17:14:05,718 - anchor [Subject 3, Anchor 0, Epoch 64/150] Train Loss=0.0000 Train Acc=0.9961 Test Acc=0.9121 Best Acc=0.9691
2025-12-04 17:14:11,271 - anchor [Subject 3, Anchor 0, Epoch 65/150] Train Loss=0.0000 Train Acc=0.9988 Test Acc=0.9113 Best Acc=0.9691
2025-12-04 17:14:19,198 - anchor [Subject 3, Anchor 0, Epoch 66/150] Train Loss=0.0000 Train Acc=0.9973 Test Acc=0.9102 Best Acc=0.9691
2025-12-04 17:14:23,653 - anchor [Subject 3, Anchor 0, Epoch 67/150] Train Loss=0.0000 Train Acc=0.9996 Test Acc=0.9082 Best Acc=0.9691
2025-12-04 17:14:28,376 - anchor [Subject 3, Anchor 0, Epoch 68/150] Train Loss=0.0000 Train Acc=0.9984 Test Acc=0.9070 Best Acc=0.9691
2025-12-04 17:14:33,292 - anchor [Subject 3, Anchor 0, Epoch 69/150] Train Loss=0.0000 Train Acc=0.9984 Test Acc=0.9035 Best Acc=0.9691
2025-12-04 17:14:36,230 - anchor [Subject 3, Anchor 0, Epoch 70/150] Train Loss=0.0000 Train Acc=0.9996 Test Acc=0.9012 Best Acc=0.9691
2025-12-04 17:14:39,376 - anchor [Subject 3, Anchor 0, Epoch 71/150] Train Loss=0.0000 Train Acc=0.9980 Test Acc=0.9066 Best Acc=0.9691
2025-12-04 17:14:41,778 - anchor [Subject 3, Anchor 0, Epoch 72/150] Train Loss=0.0000 Train Acc=0.9996 Test Acc=0.9094 Best Acc=0.9691
2025-12-04 17:14:45,998 - anchor [Subject 3, Anchor 0, Epoch 73/150] Train Loss=0.0000 Train Acc=0.9984 Test Acc=0.9098 Best Acc=0.9691
2025-12-04 17:14:48,825 - anchor [Subject 3, Anchor 0, Epoch 74/150] Train Loss=0.0000 Train Acc=0.9988 Test Acc=0.9094 Best Acc=0.9691
2025-12-04 17:14:53,906 - anchor [Subject 3, Anchor 0, Epoch 75/150] Train Loss=0.0000 Train Acc=0.9973 Test Acc=0.9086 Best Acc=0.9691
2025-12-04 17:14:56,260 - anchor [Subject 3, Anchor 0, Epoch 76/150] Train Loss=0.0000 Train Acc=1.0000 Test Acc=0.9078 Best Acc=0.9691
2025-12-04 17:14:58,849 - anchor [Subject 3, Anchor 0, Epoch 77/150] Train Loss=0.0000 Train Acc=0.9980 Test Acc=0.9059 Best Acc=0.9691
2025-12-04 17:15:01,706 - anchor [Subject 3, Anchor 0, Epoch 78/150] Train Loss=0.0000 Train Acc=0.9980 Test Acc=0.9047 Best Acc=0.9691
2025-12-04 17:15:07,233 - anchor [Subject 3, Anchor 0, Epoch 79/150] Train Loss=0.0000 Train Acc=0.9984 Test Acc=0.8980 Best Acc=0.9691
2025-12-04 17:15:11,486 - anchor [Subject 3, Anchor 0, Epoch 80/150] Train Loss=0.0000 Train Acc=0.9988 Test Acc=0.8945 Best Acc=0.9691
2025-12-04 17:15:15,398 - anchor [Subject 3, Anchor 0, Epoch 81/150] Train Loss=0.0000 Train Acc=0.9992 Test Acc=0.9008 Best Acc=0.9691
2025-12-04 17:15:23,222 - anchor [Subject 3, Anchor 0, Epoch 82/150] Train Loss=0.0000 Train Acc=0.9992 Test Acc=0.9039 Best Acc=0.9691
2025-12-04 17:15:25,425 - anchor [Subject 3, Anchor 0, Epoch 83/150] Train Loss=0.0000 Train Acc=0.9988 Test Acc=0.9078 Best Acc=0.9691
2025-12-04 17:15:28,125 - anchor [Subject 3, Anchor 0, Epoch 84/150] Train Loss=0.0000 Train Acc=0.9984 Test Acc=0.9086 Best Acc=0.9691
2025-12-04 17:15:30,537 - anchor [Subject 3, Anchor 0, Epoch 85/150] Train Loss=0.0000 Train Acc=0.9988 Test Acc=0.9043 Best Acc=0.9691
2025-12-04 17:15:33,386 - anchor [Subject 3, Anchor 0, Epoch 86/150] Train Loss=0.0000 Train Acc=0.9996 Test Acc=0.8980 Best Acc=0.9691
2025-12-04 17:15:35,939 - anchor [Subject 3, Anchor 0, Epoch 87/150] Train Loss=0.0000 Train Acc=0.9988 Test Acc=0.8938 Best Acc=0.9691
2025-12-04 17:15:38,796 - anchor [Subject 3, Anchor 0, Epoch 88/150] Train Loss=0.0000 Train Acc=0.9992 Test Acc=0.8895 Best Acc=0.9691
2025-12-04 17:15:42,631 - anchor [Subject 3, Anchor 0, Epoch 89/150] Train Loss=0.0000 Train Acc=0.9988 Test Acc=0.8898 Best Acc=0.9691
2025-12-04 17:15:45,740 - anchor [Subject 3, Anchor 0, Epoch 90/150] Train Loss=0.0000 Train Acc=0.9980 Test Acc=0.8945 Best Acc=0.9691
2025-12-04 17:15:48,260 - anchor [Subject 3, Anchor 0, Epoch 91/150] Train Loss=0.0000 Train Acc=0.9992 Test Acc=0.9039 Best Acc=0.9691
2025-12-04 17:15:51,266 - anchor [Subject 3, Anchor 0, Epoch 92/150] Train Loss=0.0000 Train Acc=0.9992 Test Acc=0.9082 Best Acc=0.9691
2025-12-04 17:15:53,248 - anchor [Subject 3, Anchor 0, Epoch 93/150] Train Loss=0.0000 Train Acc=0.9992 Test Acc=0.9098 Best Acc=0.9691
2025-12-04 17:15:55,369 - anchor [Subject 3, Anchor 0, Epoch 94/150] Train Loss=0.0000 Train Acc=0.9988 Test Acc=0.9090 Best Acc=0.9691
2025-12-04 17:15:59,170 - anchor [Subject 3, Anchor 0, Epoch 95/150] Train Loss=0.0000 Train Acc=0.9996 Test Acc=0.9078 Best Acc=0.9691
2025-12-04 17:16:02,656 - anchor [Subject 3, Anchor 0, Epoch 96/150] Train Loss=0.0000 Train Acc=0.9988 Test Acc=0.9043 Best Acc=0.9691
2025-12-04 17:16:06,515 - anchor [Subject 3, Anchor 0, Epoch 97/150] Train Loss=0.0000 Train Acc=0.9992 Test Acc=0.8969 Best Acc=0.9691
2025-12-04 17:16:10,686 - anchor [Subject 3, Anchor 0, Epoch 98/150] Train Loss=0.0000 Train Acc=0.9992 Test Acc=0.8934 Best Acc=0.9691
2025-12-04 17:16:15,004 - anchor [Subject 3, Anchor 0, Epoch 99/150] Train Loss=0.0000 Train Acc=0.9988 Test Acc=0.8996 Best Acc=0.9691
2025-12-04 17:16:18,798 - anchor [Subject 3, Anchor 0, Epoch 100/150] Train Loss=0.0000 Train Acc=0.9992 Test Acc=0.9055 Best Acc=0.9691
2025-12-04 17:16:22,458 - anchor [Subject 3, Anchor 0, Epoch 101/150] Train Loss=0.0000 Train Acc=0.9992 Test Acc=0.9070 Best Acc=0.9691
2025-12-04 17:16:25,540 - anchor [Subject 3, Anchor 0, Epoch 102/150] Train Loss=0.0000 Train Acc=0.9996 Test Acc=0.9070 Best Acc=0.9691
2025-12-04 17:16:28,372 - anchor [Subject 3, Anchor 0, Epoch 103/150] Train Loss=0.0000 Train Acc=0.9980 Test Acc=0.9012 Best Acc=0.9691
2025-12-04 17:16:34,849 - anchor [Subject 3, Anchor 0, Epoch 104/150] Train Loss=0.0000 Train Acc=0.9996 Test Acc=0.9016 Best Acc=0.9691
2025-12-04 17:16:37,564 - anchor [Subject 3, Anchor 0, Epoch 105/150] Train Loss=0.0000 Train Acc=1.0000 Test Acc=0.9004 Best Acc=0.9691
2025-12-04 17:16:40,539 - anchor [Subject 3, Anchor 0, Epoch 106/150] Train Loss=0.0000 Train Acc=0.9996 Test Acc=0.8969 Best Acc=0.9691
2025-12-04 17:16:42,204 - anchor [Subject 3, Anchor 0, Epoch 107/150] Train Loss=0.0000 Train Acc=0.9996 Test Acc=0.8910 Best Acc=0.9691
2025-12-04 17:16:44,956 - anchor [Subject 3, Anchor 0, Epoch 108/150] Train Loss=0.0000 Train Acc=0.9988 Test Acc=0.8898 Best Acc=0.9691
2025-12-04 17:16:46,740 - anchor [Subject 3, Anchor 0, Epoch 109/150] Train Loss=0.0000 Train Acc=0.9988 Test Acc=0.8914 Best Acc=0.9691
2025-12-04 17:16:48,174 - anchor [Subject 3, Anchor 0, Epoch 110/150] Train Loss=0.0000 Train Acc=0.9992 Test Acc=0.9035 Best Acc=0.9691
2025-12-04 17:16:49,811 - anchor [Subject 3, Anchor 0, Epoch 111/150] Train Loss=0.0000 Train Acc=0.9973 Test Acc=0.9023 Best Acc=0.9691
2025-12-04 17:16:51,678 - anchor [Subject 3, Anchor 0, Epoch 112/150] Train Loss=0.0000 Train Acc=0.9996 Test Acc=0.8914 Best Acc=0.9691
2025-12-04 17:16:52,869 - anchor [Subject 3, Anchor 0, Epoch 113/150] Train Loss=0.0000 Train Acc=0.9996 Test Acc=0.8883 Best Acc=0.9691
2025-12-04 17:16:54,163 - anchor [Subject 3, Anchor 0, Epoch 114/150] Train Loss=0.0000 Train Acc=0.9992 Test Acc=0.8855 Best Acc=0.9691
2025-12-04 17:16:55,714 - anchor [Subject 3, Anchor 0, Epoch 115/150] Train Loss=0.0000 Train Acc=0.9988 Test Acc=0.8859 Best Acc=0.9691
2025-12-04 17:16:57,804 - anchor [Subject 3, Anchor 0, Epoch 116/150] Train Loss=0.0000 Train Acc=0.9988 Test Acc=0.8871 Best Acc=0.9691
2025-12-04 17:16:59,273 - anchor [Subject 3, Anchor 0, Epoch 117/150] Train Loss=0.0000 Train Acc=0.9992 Test Acc=0.8875 Best Acc=0.9691
2025-12-04 17:17:01,349 - anchor [Subject 3, Anchor 0, Epoch 118/150] Train Loss=0.0000 Train Acc=0.9992 Test Acc=0.8879 Best Acc=0.9691
2025-12-04 17:17:03,423 - anchor [Subject 3, Anchor 0, Epoch 119/150] Train Loss=0.0000 Train Acc=0.9996 Test Acc=0.8895 Best Acc=0.9691
2025-12-04 17:17:05,741 - anchor [Subject 3, Anchor 0, Epoch 120/150] Train Loss=0.0000 Train Acc=0.9992 Test Acc=0.8898 Best Acc=0.9691
2025-12-04 17:17:07,465 - anchor [Subject 3, Anchor 0, Epoch 121/150] Train Loss=0.0000 Train Acc=0.9984 Test Acc=0.8887 Best Acc=0.9691
2025-12-04 17:17:09,491 - anchor [Subject 3, Anchor 0, Epoch 122/150] Train Loss=0.0000 Train Acc=0.9992 Test Acc=0.8879 Best Acc=0.9691
2025-12-04 17:17:11,988 - anchor [Subject 3, Anchor 0, Epoch 123/150] Train Loss=0.0000 Train Acc=0.9992 Test Acc=0.8871 Best Acc=0.9691
2025-12-04 17:17:14,780 - anchor [Subject 3, Anchor 0, Epoch 124/150] Train Loss=0.0000 Train Acc=0.9996 Test Acc=0.8863 Best Acc=0.9691
2025-12-04 17:17:17,142 - anchor [Subject 3, Anchor 0, Epoch 125/150] Train Loss=0.0000 Train Acc=0.9980 Test Acc=0.8859 Best Acc=0.9691
2025-12-04 17:17:19,092 - anchor [Subject 3, Anchor 0, Epoch 126/150] Train Loss=0.0000 Train Acc=0.9996 Test Acc=0.8848 Best Acc=0.9691
2025-12-04 17:17:21,278 - anchor [Subject 3, Anchor 0, Epoch 127/150] Train Loss=0.0000 Train Acc=0.9992 Test Acc=0.8848 Best Acc=0.9691
2025-12-04 17:17:23,305 - anchor [Subject 3, Anchor 0, Epoch 128/150] Train Loss=0.0000 Train Acc=0.9988 Test Acc=0.8875 Best Acc=0.9691
2025-12-04 17:17:26,021 - anchor [Subject 3, Anchor 0, Epoch 129/150] Train Loss=0.0000 Train Acc=1.0000 Test Acc=0.8891 Best Acc=0.9691
2025-12-04 17:17:28,294 - anchor [Subject 3, Anchor 0, Epoch 130/150] Train Loss=0.0000 Train Acc=0.9980 Test Acc=0.8902 Best Acc=0.9691
2025-12-04 17:17:29,938 - anchor [Subject 3, Anchor 0, Epoch 131/150] Train Loss=0.0000 Train Acc=0.9996 Test Acc=0.8906 Best Acc=0.9691
2025-12-04 17:17:31,739 - anchor [Subject 3, Anchor 0, Epoch 132/150] Train Loss=0.0000 Train Acc=0.9992 Test Acc=0.8895 Best Acc=0.9691
2025-12-04 17:17:34,106 - anchor [Subject 3, Anchor 0, Epoch 133/150] Train Loss=0.0000 Train Acc=1.0000 Test Acc=0.8875 Best Acc=0.9691
2025-12-04 17:17:35,942 - anchor [Subject 3, Anchor 0, Epoch 134/150] Train Loss=0.0000 Train Acc=0.9980 Test Acc=0.8840 Best Acc=0.9691
2025-12-04 17:17:37,707 - anchor [Subject 3, Anchor 0, Epoch 135/150] Train Loss=0.0000 Train Acc=0.9992 Test Acc=0.8832 Best Acc=0.9691
2025-12-04 17:17:40,121 - anchor [Subject 3, Anchor 0, Epoch 136/150] Train Loss=0.0000 Train Acc=0.9996 Test Acc=0.8840 Best Acc=0.9691
2025-12-04 17:17:42,736 - anchor [Subject 3, Anchor 0, Epoch 137/150] Train Loss=0.0000 Train Acc=0.9992 Test Acc=0.8879 Best Acc=0.9691
2025-12-04 17:17:44,773 - anchor [Subject 3, Anchor 0, Epoch 138/150] Train Loss=0.0000 Train Acc=0.9984 Test Acc=0.8891 Best Acc=0.9691
2025-12-04 17:17:47,080 - anchor [Subject 3, Anchor 0, Epoch 139/150] Train Loss=0.0000 Train Acc=0.9980 Test Acc=0.8883 Best Acc=0.9691
2025-12-04 17:17:49,122 - anchor [Subject 3, Anchor 0, Epoch 140/150] Train Loss=0.0000 Train Acc=0.9988 Test Acc=0.8883 Best Acc=0.9691
2025-12-04 17:17:51,476 - anchor [Subject 3, Anchor 0, Epoch 141/150] Train Loss=0.0000 Train Acc=1.0000 Test Acc=0.8887 Best Acc=0.9691
2025-12-04 17:17:54,298 - anchor [Subject 3, Anchor 0, Epoch 142/150] Train Loss=0.0000 Train Acc=1.0000 Test Acc=0.8891 Best Acc=0.9691
2025-12-04 17:17:56,578 - anchor [Subject 3, Anchor 0, Epoch 143/150] Train Loss=0.0000 Train Acc=0.9988 Test Acc=0.8891 Best Acc=0.9691
2025-12-04 17:17:58,771 - anchor [Subject 3, Anchor 0, Epoch 144/150] Train Loss=0.0000 Train Acc=0.9992 Test Acc=0.8910 Best Acc=0.9691
2025-12-04 17:18:01,276 - anchor [Subject 3, Anchor 0, Epoch 145/150] Train Loss=0.0000 Train Acc=0.9996 Test Acc=0.9016 Best Acc=0.9691
2025-12-04 17:18:03,678 - anchor [Subject 3, Anchor 0, Epoch 146/150] Train Loss=0.0000 Train Acc=0.9996 Test Acc=0.9043 Best Acc=0.9691
2025-12-04 17:18:08,936 - anchor [Subject 3, Anchor 0, Epoch 147/150] Train Loss=0.0000 Train Acc=0.9996 Test Acc=0.8949 Best Acc=0.9691
2025-12-04 17:18:11,919 - anchor [Subject 3, Anchor 0, Epoch 148/150] Train Loss=0.0000 Train Acc=0.9988 Test Acc=0.8902 Best Acc=0.9691
2025-12-04 17:18:13,999 - anchor [Subject 3, Anchor 0, Epoch 149/150] Train Loss=0.0000 Train Acc=0.9984 Test Acc=0.8887 Best Acc=0.9691
2025-12-04 17:18:15,812 - anchor [Subject 3, Anchor 0, Epoch 150/150] Train Loss=0.0000 Train Acc=0.9992 Test Acc=0.8887 Best Acc=0.9691
2025-12-04 17:18:15,815 - labelAlign [Subject 3, Anchor 0 Target 1] Start
2025-12-04 17:18:26,205 - labelAlign [Subject 3, Anchor 0 Target 2] Start
2025-12-04 17:18:35,722 - labelAlign [Subject 3, Anchor 0 Target 3] Start
2025-12-04 17:18:44,554 - labelAlign [Subject 3, Anchor 0 Target 4] Start
2025-12-04 17:18:54,248 - labelAlign [Subject 3, Anchor 0 Target 5] Start
2025-12-04 17:19:02,824 - labelAlign [Subject 3, Anchor 0 Target 6] Start
2025-12-04 17:19:07,308 - labelAlign [Subject 3, Anchor 0 Target 7] Start
2025-12-04 17:19:13,033 - labelAlign [Subject 3, Anchor 0 Target 8] Start
2025-12-04 17:19:21,890 - labelAlign [Subject 3, Anchor 0 Target 9] Start
2025-12-04 17:19:29,265 - labelAlign [Subject 3, Anchor 0 Target 10] Start
2025-12-04 17:19:35,651 - labelAlign [Subject 3, Anchor 0 Target 11] Start
2025-12-04 17:19:42,035 - labelAlign [Subject 3, Anchor 0 Target 12] Start
2025-12-04 17:19:46,907 - labelAlign [Subject 3, Anchor 0 Target 13] Start
2025-12-04 17:20:10,627 - cls [Subject 3, Anchor 0, Epoch 1/150] Train Loss=0.0004 Train Acc=0.9541 Test Acc=0.9422 Best Acc=0.9691
2025-12-04 17:20:31,916 - cls [Subject 3, Anchor 0, Epoch 2/150] Train Loss=0.0003 Train Acc=0.9681 Test Acc=0.9750 Best Acc=0.9750
2025-12-04 17:20:50,399 - cls [Subject 3, Anchor 0, Epoch 3/150] Train Loss=0.0003 Train Acc=0.9701 Test Acc=0.9699 Best Acc=0.9750
2025-12-04 17:21:10,838 - cls [Subject 3, Anchor 0, Epoch 4/150] Train Loss=0.0003 Train Acc=0.9705 Test Acc=0.9730 Best Acc=0.9750
2025-12-04 17:21:33,348 - cls [Subject 3, Anchor 0, Epoch 5/150] Train Loss=0.0003 Train Acc=0.9715 Test Acc=0.9750 Best Acc=0.9750
2025-12-04 17:21:56,882 - cls [Subject 3, Anchor 0, Epoch 6/150] Train Loss=0.0002 Train Acc=0.9706 Test Acc=0.9762 Best Acc=0.9762
2025-12-04 17:22:18,962 - cls [Subject 3, Anchor 0, Epoch 7/150] Train Loss=0.0002 Train Acc=0.9722 Test Acc=0.9773 Best Acc=0.9773
2025-12-04 17:22:42,438 - cls [Subject 3, Anchor 0, Epoch 8/150] Train Loss=0.0002 Train Acc=0.9737 Test Acc=0.9781 Best Acc=0.9781
2025-12-04 17:23:05,577 - cls [Subject 3, Anchor 0, Epoch 9/150] Train Loss=0.0002 Train Acc=0.9740 Test Acc=0.9797 Best Acc=0.9797
2025-12-04 17:23:27,426 - cls [Subject 3, Anchor 0, Epoch 10/150] Train Loss=0.0002 Train Acc=0.9745 Test Acc=0.9820 Best Acc=0.9820
2025-12-04 17:23:48,564 - cls [Subject 3, Anchor 0, Epoch 11/150] Train Loss=0.0002 Train Acc=0.9747 Test Acc=0.9824 Best Acc=0.9824
2025-12-04 17:24:12,809 - cls [Subject 3, Anchor 0, Epoch 12/150] Train Loss=0.0002 Train Acc=0.9754 Test Acc=0.9820 Best Acc=0.9824
2025-12-04 17:24:33,910 - cls [Subject 3, Anchor 0, Epoch 13/150] Train Loss=0.0002 Train Acc=0.9763 Test Acc=0.9828 Best Acc=0.9828
2025-12-04 17:24:56,107 - cls [Subject 3, Anchor 0, Epoch 14/150] Train Loss=0.0002 Train Acc=0.9763 Test Acc=0.9828 Best Acc=0.9828
2025-12-04 17:25:19,546 - cls [Subject 3, Anchor 0, Epoch 15/150] Train Loss=0.0002 Train Acc=0.9772 Test Acc=0.9840 Best Acc=0.9840
2025-12-04 17:25:48,052 - cls [Subject 3, Anchor 0, Epoch 16/150] Train Loss=0.0002 Train Acc=0.9774 Test Acc=0.9832 Best Acc=0.9840
2025-12-04 17:26:16,569 - cls [Subject 3, Anchor 0, Epoch 17/150] Train Loss=0.0002 Train Acc=0.9780 Test Acc=0.9824 Best Acc=0.9840
2025-12-04 17:26:46,680 - cls [Subject 3, Anchor 0, Epoch 18/150] Train Loss=0.0002 Train Acc=0.9787 Test Acc=0.9832 Best Acc=0.9840
2025-12-04 17:27:11,123 - cls [Subject 3, Anchor 0, Epoch 19/150] Train Loss=0.0002 Train Acc=0.9789 Test Acc=0.9828 Best Acc=0.9840
2025-12-04 17:27:35,763 - cls [Subject 3, Anchor 0, Epoch 20/150] Train Loss=0.0002 Train Acc=0.9798 Test Acc=0.9789 Best Acc=0.9840
2025-12-04 17:27:56,776 - cls [Subject 3, Anchor 0, Epoch 21/150] Train Loss=0.0002 Train Acc=0.9802 Test Acc=0.9820 Best Acc=0.9840
2025-12-04 17:28:20,000 - cls [Subject 3, Anchor 0, Epoch 22/150] Train Loss=0.0002 Train Acc=0.9809 Test Acc=0.9812 Best Acc=0.9840
2025-12-04 17:28:44,041 - cls [Subject 3, Anchor 0, Epoch 23/150] Train Loss=0.0002 Train Acc=0.9795 Test Acc=0.9777 Best Acc=0.9840
2025-12-04 17:29:09,578 - cls [Subject 3, Anchor 0, Epoch 24/150] Train Loss=0.0002 Train Acc=0.9804 Test Acc=0.9762 Best Acc=0.9840
2025-12-04 17:29:34,927 - cls [Subject 3, Anchor 0, Epoch 25/150] Train Loss=0.0002 Train Acc=0.9817 Test Acc=0.9777 Best Acc=0.9840
2025-12-04 17:30:01,616 - cls [Subject 3, Anchor 0, Epoch 26/150] Train Loss=0.0002 Train Acc=0.9816 Test Acc=0.9781 Best Acc=0.9840
2025-12-04 17:30:28,254 - cls [Subject 3, Anchor 0, Epoch 27/150] Train Loss=0.0002 Train Acc=0.9819 Test Acc=0.9766 Best Acc=0.9840
2025-12-04 17:31:00,261 - cls [Subject 3, Anchor 0, Epoch 28/150] Train Loss=0.0002 Train Acc=0.9800 Test Acc=0.9742 Best Acc=0.9840
2025-12-04 17:31:23,295 - cls [Subject 3, Anchor 0, Epoch 29/150] Train Loss=0.0002 Train Acc=0.9821 Test Acc=0.9734 Best Acc=0.9840
2025-12-04 17:31:48,597 - cls [Subject 3, Anchor 0, Epoch 30/150] Train Loss=0.0002 Train Acc=0.9817 Test Acc=0.9730 Best Acc=0.9840
2025-12-04 17:32:07,634 - cls [Subject 3, Anchor 0, Epoch 31/150] Train Loss=0.0002 Train Acc=0.9821 Test Acc=0.9715 Best Acc=0.9840
2025-12-04 17:32:32,671 - cls [Subject 3, Anchor 0, Epoch 32/150] Train Loss=0.0002 Train Acc=0.9821 Test Acc=0.9742 Best Acc=0.9840
2025-12-04 17:33:01,770 - cls [Subject 3, Anchor 0, Epoch 33/150] Train Loss=0.0002 Train Acc=0.9835 Test Acc=0.9719 Best Acc=0.9840
2025-12-04 17:33:33,675 - cls [Subject 3, Anchor 0, Epoch 34/150] Train Loss=0.0002 Train Acc=0.9832 Test Acc=0.9703 Best Acc=0.9840
2025-12-04 17:34:02,652 - cls [Subject 3, Anchor 0, Epoch 35/150] Train Loss=0.0002 Train Acc=0.9819 Test Acc=0.9711 Best Acc=0.9840
2025-12-04 17:34:26,814 - cls [Subject 3, Anchor 0, Epoch 36/150] Train Loss=0.0002 Train Acc=0.9830 Test Acc=0.9727 Best Acc=0.9840
2025-12-04 17:34:53,310 - cls [Subject 3, Anchor 0, Epoch 37/150] Train Loss=0.0002 Train Acc=0.9836 Test Acc=0.9742 Best Acc=0.9840
2025-12-04 17:35:16,314 - cls [Subject 3, Anchor 0, Epoch 38/150] Train Loss=0.0002 Train Acc=0.9838 Test Acc=0.9723 Best Acc=0.9840
2025-12-04 17:35:37,062 - cls [Subject 3, Anchor 0, Epoch 39/150] Train Loss=0.0002 Train Acc=0.9844 Test Acc=0.9754 Best Acc=0.9840
2025-12-04 17:35:57,267 - cls [Subject 3, Anchor 0, Epoch 40/150] Train Loss=0.0002 Train Acc=0.9840 Test Acc=0.9758 Best Acc=0.9840
2025-12-04 17:36:21,100 - cls [Subject 3, Anchor 0, Epoch 41/150] Train Loss=0.0002 Train Acc=0.9837 Test Acc=0.9766 Best Acc=0.9840
2025-12-04 17:36:45,618 - cls [Subject 3, Anchor 0, Epoch 42/150] Train Loss=0.0002 Train Acc=0.9839 Test Acc=0.9727 Best Acc=0.9840
2025-12-04 17:37:10,466 - cls [Subject 3, Anchor 0, Epoch 43/150] Train Loss=0.0002 Train Acc=0.9831 Test Acc=0.9719 Best Acc=0.9840
2025-12-04 17:37:33,201 - cls [Subject 3, Anchor 0, Epoch 44/150] Train Loss=0.0002 Train Acc=0.9842 Test Acc=0.9719 Best Acc=0.9840
2025-12-04 17:37:57,723 - cls [Subject 3, Anchor 0, Epoch 45/150] Train Loss=0.0002 Train Acc=0.9843 Test Acc=0.9758 Best Acc=0.9840
2025-12-04 17:38:20,528 - cls [Subject 3, Anchor 0, Epoch 46/150] Train Loss=0.0002 Train Acc=0.9849 Test Acc=0.9711 Best Acc=0.9840
2025-12-04 17:38:43,193 - cls [Subject 3, Anchor 0, Epoch 47/150] Train Loss=0.0002 Train Acc=0.9856 Test Acc=0.9719 Best Acc=0.9840
2025-12-04 17:39:03,812 - cls [Subject 3, Anchor 0, Epoch 48/150] Train Loss=0.0002 Train Acc=0.9840 Test Acc=0.9719 Best Acc=0.9840
2025-12-04 17:39:25,866 - cls [Subject 3, Anchor 0, Epoch 49/150] Train Loss=0.0002 Train Acc=0.9852 Test Acc=0.9766 Best Acc=0.9840
2025-12-04 17:39:46,511 - cls [Subject 3, Anchor 0, Epoch 50/150] Train Loss=0.0002 Train Acc=0.9838 Test Acc=0.9719 Best Acc=0.9840
2025-12-04 17:40:08,967 - cls [Subject 3, Anchor 0, Epoch 51/150] Train Loss=0.0002 Train Acc=0.9845 Test Acc=0.9719 Best Acc=0.9840
2025-12-04 17:40:31,478 - cls [Subject 3, Anchor 0, Epoch 52/150] Train Loss=0.0002 Train Acc=0.9856 Test Acc=0.9730 Best Acc=0.9840
2025-12-04 17:40:54,952 - cls [Subject 3, Anchor 0, Epoch 53/150] Train Loss=0.0002 Train Acc=0.9855 Test Acc=0.9715 Best Acc=0.9840
2025-12-04 17:41:17,159 - cls [Subject 3, Anchor 0, Epoch 54/150] Train Loss=0.0002 Train Acc=0.9858 Test Acc=0.9766 Best Acc=0.9840
2025-12-04 17:41:41,403 - cls [Subject 3, Anchor 0, Epoch 55/150] Train Loss=0.0002 Train Acc=0.9853 Test Acc=0.9770 Best Acc=0.9840
2025-12-04 17:42:03,595 - cls [Subject 3, Anchor 0, Epoch 56/150] Train Loss=0.0002 Train Acc=0.9845 Test Acc=0.9723 Best Acc=0.9840
2025-12-04 17:42:25,621 - cls [Subject 3, Anchor 0, Epoch 57/150] Train Loss=0.0002 Train Acc=0.9861 Test Acc=0.9727 Best Acc=0.9840
2025-12-04 17:42:49,232 - cls [Subject 3, Anchor 0, Epoch 58/150] Train Loss=0.0002 Train Acc=0.9857 Test Acc=0.9680 Best Acc=0.9840
2025-12-04 17:43:13,341 - cls [Subject 3, Anchor 0, Epoch 59/150] Train Loss=0.0002 Train Acc=0.9849 Test Acc=0.9723 Best Acc=0.9840
2025-12-04 17:43:33,854 - cls [Subject 3, Anchor 0, Epoch 60/150] Train Loss=0.0002 Train Acc=0.9848 Test Acc=0.9723 Best Acc=0.9840
2025-12-04 17:43:53,846 - cls [Subject 3, Anchor 0, Epoch 61/150] Train Loss=0.0002 Train Acc=0.9858 Test Acc=0.9723 Best Acc=0.9840
2025-12-04 17:44:16,212 - cls [Subject 3, Anchor 0, Epoch 62/150] Train Loss=0.0002 Train Acc=0.9851 Test Acc=0.9711 Best Acc=0.9840
2025-12-04 17:44:38,120 - cls [Subject 3, Anchor 0, Epoch 63/150] Train Loss=0.0002 Train Acc=0.9866 Test Acc=0.9703 Best Acc=0.9840
2025-12-04 17:45:01,142 - cls [Subject 3, Anchor 0, Epoch 64/150] Train Loss=0.0002 Train Acc=0.9861 Test Acc=0.9699 Best Acc=0.9840
2025-12-04 17:45:24,700 - cls [Subject 3, Anchor 0, Epoch 65/150] Train Loss=0.0002 Train Acc=0.9858 Test Acc=0.9703 Best Acc=0.9840
2025-12-04 17:45:46,702 - cls [Subject 3, Anchor 0, Epoch 66/150] Train Loss=0.0002 Train Acc=0.9865 Test Acc=0.9676 Best Acc=0.9840
2025-12-04 17:46:07,456 - cls [Subject 3, Anchor 0, Epoch 67/150] Train Loss=0.0002 Train Acc=0.9855 Test Acc=0.9691 Best Acc=0.9840
2025-12-04 17:46:32,174 - cls [Subject 3, Anchor 0, Epoch 68/150] Train Loss=0.0002 Train Acc=0.9866 Test Acc=0.9695 Best Acc=0.9840
2025-12-04 17:46:53,764 - cls [Subject 3, Anchor 0, Epoch 69/150] Train Loss=0.0002 Train Acc=0.9870 Test Acc=0.9691 Best Acc=0.9840
2025-12-04 17:47:15,895 - cls [Subject 3, Anchor 0, Epoch 70/150] Train Loss=0.0002 Train Acc=0.9857 Test Acc=0.9684 Best Acc=0.9840
2025-12-04 17:47:37,403 - cls [Subject 3, Anchor 0, Epoch 71/150] Train Loss=0.0002 Train Acc=0.9858 Test Acc=0.9676 Best Acc=0.9840
2025-12-04 17:47:57,572 - cls [Subject 3, Anchor 0, Epoch 72/150] Train Loss=0.0002 Train Acc=0.9869 Test Acc=0.9691 Best Acc=0.9840
2025-12-04 17:48:17,426 - cls [Subject 3, Anchor 0, Epoch 73/150] Train Loss=0.0002 Train Acc=0.9860 Test Acc=0.9684 Best Acc=0.9840
2025-12-04 17:48:40,357 - cls [Subject 3, Anchor 0, Epoch 74/150] Train Loss=0.0002 Train Acc=0.9868 Test Acc=0.9688 Best Acc=0.9840
2025-12-04 17:49:01,067 - cls [Subject 3, Anchor 0, Epoch 75/150] Train Loss=0.0002 Train Acc=0.9852 Test Acc=0.9684 Best Acc=0.9840
2025-12-04 17:49:25,903 - cls [Subject 3, Anchor 0, Epoch 76/150] Train Loss=0.0002 Train Acc=0.9868 Test Acc=0.9672 Best Acc=0.9840
2025-12-04 17:49:49,623 - cls [Subject 3, Anchor 0, Epoch 77/150] Train Loss=0.0002 Train Acc=0.9856 Test Acc=0.9672 Best Acc=0.9840
2025-12-04 17:50:12,029 - cls [Subject 3, Anchor 0, Epoch 78/150] Train Loss=0.0002 Train Acc=0.9865 Test Acc=0.9680 Best Acc=0.9840
2025-12-04 17:50:34,782 - cls [Subject 3, Anchor 0, Epoch 79/150] Train Loss=0.0002 Train Acc=0.9867 Test Acc=0.9680 Best Acc=0.9840
2025-12-04 17:50:57,052 - cls [Subject 3, Anchor 0, Epoch 80/150] Train Loss=0.0002 Train Acc=0.9869 Test Acc=0.9691 Best Acc=0.9840
2025-12-04 17:51:19,424 - cls [Subject 3, Anchor 0, Epoch 81/150] Train Loss=0.0002 Train Acc=0.9869 Test Acc=0.9680 Best Acc=0.9840
2025-12-04 17:51:38,800 - cls [Subject 3, Anchor 0, Epoch 82/150] Train Loss=0.0002 Train Acc=0.9867 Test Acc=0.9719 Best Acc=0.9840
2025-12-04 17:51:58,749 - cls [Subject 3, Anchor 0, Epoch 83/150] Train Loss=0.0002 Train Acc=0.9875 Test Acc=0.9691 Best Acc=0.9840
2025-12-04 17:52:19,113 - cls [Subject 3, Anchor 0, Epoch 84/150] Train Loss=0.0002 Train Acc=0.9866 Test Acc=0.9680 Best Acc=0.9840
2025-12-04 17:52:38,475 - cls [Subject 3, Anchor 0, Epoch 85/150] Train Loss=0.0002 Train Acc=0.9873 Test Acc=0.9691 Best Acc=0.9840
2025-12-04 17:53:00,081 - cls [Subject 3, Anchor 0, Epoch 86/150] Train Loss=0.0002 Train Acc=0.9874 Test Acc=0.9684 Best Acc=0.9840
2025-12-04 17:53:24,913 - cls [Subject 3, Anchor 0, Epoch 87/150] Train Loss=0.0002 Train Acc=0.9864 Test Acc=0.9691 Best Acc=0.9840
2025-12-04 17:53:47,173 - cls [Subject 3, Anchor 0, Epoch 88/150] Train Loss=0.0002 Train Acc=0.9886 Test Acc=0.9680 Best Acc=0.9840
2025-12-04 17:54:10,178 - cls [Subject 3, Anchor 0, Epoch 89/150] Train Loss=0.0002 Train Acc=0.9873 Test Acc=0.9746 Best Acc=0.9840
2025-12-04 17:54:34,146 - cls [Subject 3, Anchor 0, Epoch 90/150] Train Loss=0.0002 Train Acc=0.9873 Test Acc=0.9750 Best Acc=0.9840
2025-12-04 17:54:57,480 - cls [Subject 3, Anchor 0, Epoch 91/150] Train Loss=0.0002 Train Acc=0.9872 Test Acc=0.9684 Best Acc=0.9840
2025-12-04 17:55:20,342 - cls [Subject 3, Anchor 0, Epoch 92/150] Train Loss=0.0002 Train Acc=0.9874 Test Acc=0.9688 Best Acc=0.9840
2025-12-04 17:55:44,750 - cls [Subject 3, Anchor 0, Epoch 93/150] Train Loss=0.0002 Train Acc=0.9870 Test Acc=0.9695 Best Acc=0.9840
2025-12-04 17:56:04,624 - cls [Subject 3, Anchor 0, Epoch 94/150] Train Loss=0.0002 Train Acc=0.9866 Test Acc=0.9711 Best Acc=0.9840
2025-12-04 17:56:24,553 - cls [Subject 3, Anchor 0, Epoch 95/150] Train Loss=0.0002 Train Acc=0.9877 Test Acc=0.9703 Best Acc=0.9840
2025-12-04 17:56:44,584 - cls [Subject 3, Anchor 0, Epoch 96/150] Train Loss=0.0002 Train Acc=0.9873 Test Acc=0.9684 Best Acc=0.9840
2025-12-04 17:57:07,147 - cls [Subject 3, Anchor 0, Epoch 97/150] Train Loss=0.0002 Train Acc=0.9879 Test Acc=0.9680 Best Acc=0.9840
2025-12-04 17:57:27,850 - cls [Subject 3, Anchor 0, Epoch 98/150] Train Loss=0.0002 Train Acc=0.9880 Test Acc=0.9684 Best Acc=0.9840
2025-12-04 17:57:52,308 - cls [Subject 3, Anchor 0, Epoch 99/150] Train Loss=0.0002 Train Acc=0.9870 Test Acc=0.9684 Best Acc=0.9840
2025-12-04 17:58:23,561 - cls [Subject 3, Anchor 0, Epoch 100/150] Train Loss=0.0002 Train Acc=0.9877 Test Acc=0.9684 Best Acc=0.9840
2025-12-04 17:58:49,949 - cls [Subject 3, Anchor 0, Epoch 101/150] Train Loss=0.0002 Train Acc=0.9879 Test Acc=0.9695 Best Acc=0.9840
2025-12-04 17:59:14,750 - cls [Subject 3, Anchor 0, Epoch 102/150] Train Loss=0.0002 Train Acc=0.9881 Test Acc=0.9684 Best Acc=0.9840
2025-12-04 17:59:41,555 - cls [Subject 3, Anchor 0, Epoch 103/150] Train Loss=0.0002 Train Acc=0.9876 Test Acc=0.9695 Best Acc=0.9840
2025-12-04 18:00:04,611 - cls [Subject 3, Anchor 0, Epoch 104/150] Train Loss=0.0002 Train Acc=0.9887 Test Acc=0.9676 Best Acc=0.9840
2025-12-04 18:00:25,580 - cls [Subject 3, Anchor 0, Epoch 105/150] Train Loss=0.0002 Train Acc=0.9876 Test Acc=0.9691 Best Acc=0.9840
2025-12-04 18:00:53,689 - cls [Subject 3, Anchor 0, Epoch 106/150] Train Loss=0.0002 Train Acc=0.9870 Test Acc=0.9684 Best Acc=0.9840
2025-12-04 18:01:18,238 - cls [Subject 3, Anchor 0, Epoch 107/150] Train Loss=0.0002 Train Acc=0.9891 Test Acc=0.9688 Best Acc=0.9840
2025-12-04 18:01:41,884 - cls [Subject 3, Anchor 0, Epoch 108/150] Train Loss=0.0002 Train Acc=0.9870 Test Acc=0.9676 Best Acc=0.9840
2025-12-04 18:02:08,579 - cls [Subject 3, Anchor 0, Epoch 109/150] Train Loss=0.0002 Train Acc=0.9874 Test Acc=0.9688 Best Acc=0.9840
2025-12-04 18:02:31,585 - cls [Subject 3, Anchor 0, Epoch 110/150] Train Loss=0.0002 Train Acc=0.9879 Test Acc=0.9676 Best Acc=0.9840
2025-12-04 18:02:56,062 - cls [Subject 3, Anchor 0, Epoch 111/150] Train Loss=0.0002 Train Acc=0.9883 Test Acc=0.9680 Best Acc=0.9840
2025-12-04 18:03:22,397 - cls [Subject 3, Anchor 0, Epoch 112/150] Train Loss=0.0002 Train Acc=0.9878 Test Acc=0.9676 Best Acc=0.9840
2025-12-04 18:03:43,936 - cls [Subject 3, Anchor 0, Epoch 113/150] Train Loss=0.0002 Train Acc=0.9886 Test Acc=0.9680 Best Acc=0.9840
2025-12-04 18:04:05,153 - cls [Subject 3, Anchor 0, Epoch 114/150] Train Loss=0.0002 Train Acc=0.9883 Test Acc=0.9668 Best Acc=0.9840
2025-12-04 18:04:30,124 - cls [Subject 3, Anchor 0, Epoch 115/150] Train Loss=0.0002 Train Acc=0.9870 Test Acc=0.9676 Best Acc=0.9840
2025-12-04 18:04:48,927 - cls [Subject 3, Anchor 0, Epoch 116/150] Train Loss=0.0002 Train Acc=0.9880 Test Acc=0.9660 Best Acc=0.9840
2025-12-04 18:05:11,067 - cls [Subject 3, Anchor 0, Epoch 117/150] Train Loss=0.0002 Train Acc=0.9888 Test Acc=0.9684 Best Acc=0.9840
2025-12-04 18:05:36,882 - cls [Subject 3, Anchor 0, Epoch 118/150] Train Loss=0.0002 Train Acc=0.9885 Test Acc=0.9684 Best Acc=0.9840
2025-12-04 18:05:58,605 - cls [Subject 3, Anchor 0, Epoch 119/150] Train Loss=0.0002 Train Acc=0.9873 Test Acc=0.9672 Best Acc=0.9840
2025-12-04 18:06:19,748 - cls [Subject 3, Anchor 0, Epoch 120/150] Train Loss=0.0002 Train Acc=0.9881 Test Acc=0.9668 Best Acc=0.9840
2025-12-04 18:06:40,598 - cls [Subject 3, Anchor 0, Epoch 121/150] Train Loss=0.0002 Train Acc=0.9877 Test Acc=0.9668 Best Acc=0.9840
2025-12-04 18:07:03,509 - cls [Subject 3, Anchor 0, Epoch 122/150] Train Loss=0.0002 Train Acc=0.9874 Test Acc=0.9664 Best Acc=0.9840
2025-12-04 18:07:26,032 - cls [Subject 3, Anchor 0, Epoch 123/150] Train Loss=0.0002 Train Acc=0.9875 Test Acc=0.9676 Best Acc=0.9840
2025-12-04 18:07:49,089 - cls [Subject 3, Anchor 0, Epoch 124/150] Train Loss=0.0002 Train Acc=0.9883 Test Acc=0.9684 Best Acc=0.9840
2025-12-04 18:08:13,445 - cls [Subject 3, Anchor 0, Epoch 125/150] Train Loss=0.0002 Train Acc=0.9881 Test Acc=0.9680 Best Acc=0.9840
2025-12-04 18:08:35,440 - cls [Subject 3, Anchor 0, Epoch 126/150] Train Loss=0.0002 Train Acc=0.9884 Test Acc=0.9684 Best Acc=0.9840
2025-12-04 18:08:57,462 - cls [Subject 3, Anchor 0, Epoch 127/150] Train Loss=0.0002 Train Acc=0.9878 Test Acc=0.9680 Best Acc=0.9840
2025-12-04 18:09:20,222 - cls [Subject 3, Anchor 0, Epoch 128/150] Train Loss=0.0002 Train Acc=0.9880 Test Acc=0.9668 Best Acc=0.9840
2025-12-04 18:09:44,690 - cls [Subject 3, Anchor 0, Epoch 129/150] Train Loss=0.0002 Train Acc=0.9879 Test Acc=0.9676 Best Acc=0.9840
2025-12-04 18:10:10,431 - cls [Subject 3, Anchor 0, Epoch 130/150] Train Loss=0.0002 Train Acc=0.9889 Test Acc=0.9676 Best Acc=0.9840
2025-12-04 18:10:36,401 - cls [Subject 3, Anchor 0, Epoch 131/150] Train Loss=0.0002 Train Acc=0.9881 Test Acc=0.9664 Best Acc=0.9840
2025-12-04 18:11:00,760 - cls [Subject 3, Anchor 0, Epoch 132/150] Train Loss=0.0002 Train Acc=0.9877 Test Acc=0.9676 Best Acc=0.9840
2025-12-04 18:11:23,214 - cls [Subject 3, Anchor 0, Epoch 133/150] Train Loss=0.0001 Train Acc=0.9891 Test Acc=0.9688 Best Acc=0.9840
2025-12-04 18:11:46,915 - cls [Subject 3, Anchor 0, Epoch 134/150] Train Loss=0.0002 Train Acc=0.9880 Test Acc=0.9668 Best Acc=0.9840
2025-12-04 18:12:10,112 - cls [Subject 3, Anchor 0, Epoch 135/150] Train Loss=0.0002 Train Acc=0.9889 Test Acc=0.9668 Best Acc=0.9840
2025-12-04 18:12:38,490 - cls [Subject 3, Anchor 0, Epoch 136/150] Train Loss=0.0002 Train Acc=0.9892 Test Acc=0.9680 Best Acc=0.9840
2025-12-04 18:13:03,807 - cls [Subject 3, Anchor 0, Epoch 137/150] Train Loss=0.0002 Train Acc=0.9887 Test Acc=0.9672 Best Acc=0.9840
2025-12-04 18:13:30,778 - cls [Subject 3, Anchor 0, Epoch 138/150] Train Loss=0.0002 Train Acc=0.9881 Test Acc=0.9688 Best Acc=0.9840
2025-12-04 18:13:55,357 - cls [Subject 3, Anchor 0, Epoch 139/150] Train Loss=0.0001 Train Acc=0.9897 Test Acc=0.9680 Best Acc=0.9840
2025-12-04 18:14:19,689 - cls [Subject 3, Anchor 0, Epoch 140/150] Train Loss=0.0002 Train Acc=0.9879 Test Acc=0.9695 Best Acc=0.9840
2025-12-04 18:14:41,980 - cls [Subject 3, Anchor 0, Epoch 141/150] Train Loss=0.0002 Train Acc=0.9889 Test Acc=0.9660 Best Acc=0.9840
2025-12-04 18:15:03,781 - cls [Subject 3, Anchor 0, Epoch 142/150] Train Loss=0.0002 Train Acc=0.9886 Test Acc=0.9676 Best Acc=0.9840
2025-12-04 18:15:29,734 - cls [Subject 3, Anchor 0, Epoch 143/150] Train Loss=0.0001 Train Acc=0.9892 Test Acc=0.9676 Best Acc=0.9840
2025-12-04 18:15:53,167 - cls [Subject 3, Anchor 0, Epoch 144/150] Train Loss=0.0002 Train Acc=0.9874 Test Acc=0.9664 Best Acc=0.9840
2025-12-04 18:16:15,043 - cls [Subject 3, Anchor 0, Epoch 145/150] Train Loss=0.0001 Train Acc=0.9898 Test Acc=0.9688 Best Acc=0.9840
2025-12-04 18:16:39,480 - cls [Subject 3, Anchor 0, Epoch 146/150] Train Loss=0.0001 Train Acc=0.9890 Test Acc=0.9672 Best Acc=0.9840
2025-12-04 18:16:59,322 - cls [Subject 3, Anchor 0, Epoch 147/150] Train Loss=0.0001 Train Acc=0.9890 Test Acc=0.9664 Best Acc=0.9840
2025-12-04 18:17:21,710 - cls [Subject 3, Anchor 0, Epoch 148/150] Train Loss=0.0002 Train Acc=0.9885 Test Acc=0.9680 Best Acc=0.9840
2025-12-04 18:17:47,826 - cls [Subject 3, Anchor 0, Epoch 149/150] Train Loss=0.0001 Train Acc=0.9894 Test Acc=0.9688 Best Acc=0.9840
2025-12-04 18:18:14,840 - cls [Subject 3, Anchor 0, Epoch 150/150] Train Loss=0.0002 Train Acc=0.9883 Test Acc=0.9664 Best Acc=0.9840
2025-12-04 18:18:14,847 - labelAlign [Subject 3, Anchor 0 Target 0] Start
2025-12-04 18:18:56,905 - all [Subject 3, Anchor 0, Epoch 1/300] Train Loss=0.0004 Train Acc=0.9927 Test Acc=0.8547 Best Acc=0.9840
2025-12-04 18:19:30,167 - all [Subject 3, Anchor 0, Epoch 2/300] Train Loss=0.0003 Train Acc=0.9999 Test Acc=0.8801 Best Acc=0.9840
2025-12-04 18:20:00,074 - all [Subject 3, Anchor 0, Epoch 3/300] Train Loss=0.0003 Train Acc=1.0000 Test Acc=0.9082 Best Acc=0.9840
2025-12-04 18:20:27,338 - all [Subject 3, Anchor 0, Epoch 4/300] Train Loss=0.0003 Train Acc=1.0000 Test Acc=0.8699 Best Acc=0.9840
2025-12-04 18:20:58,678 - all [Subject 3, Anchor 0, Epoch 5/300] Train Loss=0.0003 Train Acc=1.0000 Test Acc=0.8473 Best Acc=0.9840
2025-12-04 18:21:28,244 - all [Subject 3, Anchor 0, Epoch 6/300] Train Loss=0.0003 Train Acc=1.0000 Test Acc=0.8609 Best Acc=0.9840
2025-12-04 18:21:58,991 - all [Subject 3, Anchor 0, Epoch 7/300] Train Loss=0.0003 Train Acc=1.0000 Test Acc=0.8535 Best Acc=0.9840
2025-12-04 18:22:28,748 - all [Subject 3, Anchor 0, Epoch 8/300] Train Loss=0.0003 Train Acc=1.0000 Test Acc=0.8594 Best Acc=0.9840
2025-12-04 18:23:02,868 - all [Subject 3, Anchor 0, Epoch 9/300] Train Loss=0.0003 Train Acc=1.0000 Test Acc=0.8789 Best Acc=0.9840
2025-12-04 18:23:32,728 - all [Subject 3, Anchor 0, Epoch 10/300] Train Loss=0.0003 Train Acc=1.0000 Test Acc=0.8727 Best Acc=0.9840
2025-12-04 18:24:09,750 - all [Subject 3, Anchor 0, Epoch 11/300] Train Loss=0.0003 Train Acc=1.0000 Test Acc=0.8566 Best Acc=0.9840
2025-12-04 18:24:40,151 - all [Subject 3, Anchor 0, Epoch 12/300] Train Loss=0.0004 Train Acc=0.9853 Test Acc=0.8367 Best Acc=0.9840
2025-12-04 18:25:09,604 - all [Subject 3, Anchor 0, Epoch 13/300] Train Loss=0.0006 Train Acc=0.9638 Test Acc=0.9242 Best Acc=0.9840
2025-12-04 18:25:42,036 - all [Subject 3, Anchor 0, Epoch 14/300] Train Loss=0.0004 Train Acc=0.9981 Test Acc=0.8227 Best Acc=0.9840
2025-12-04 18:26:12,293 - all [Subject 3, Anchor 0, Epoch 15/300] Train Loss=0.0003 Train Acc=0.9999 Test Acc=0.8441 Best Acc=0.9840
2025-12-04 18:26:44,504 - all [Subject 3, Anchor 0, Epoch 16/300] Train Loss=0.0003 Train Acc=1.0000 Test Acc=0.8477 Best Acc=0.9840
2025-12-04 18:27:13,124 - all [Subject 3, Anchor 0, Epoch 17/300] Train Loss=0.0003 Train Acc=1.0000 Test Acc=0.8492 Best Acc=0.9840
2025-12-04 18:27:43,193 - all [Subject 3, Anchor 0, Epoch 18/300] Train Loss=0.0003 Train Acc=1.0000 Test Acc=0.8461 Best Acc=0.9840
2025-12-04 18:28:14,247 - all [Subject 3, Anchor 0, Epoch 19/300] Train Loss=0.0003 Train Acc=1.0000 Test Acc=0.8426 Best Acc=0.9840
2025-12-04 18:28:42,403 - all [Subject 3, Anchor 0, Epoch 20/300] Train Loss=0.0003 Train Acc=1.0000 Test Acc=0.8441 Best Acc=0.9840
2025-12-04 18:29:09,300 - all [Subject 3, Anchor 0, Epoch 21/300] Train Loss=0.0003 Train Acc=1.0000 Test Acc=0.8410 Best Acc=0.9840
2025-12-04 18:29:34,094 - all [Subject 3, Anchor 0, Epoch 22/300] Train Loss=0.0003 Train Acc=1.0000 Test Acc=0.8418 Best Acc=0.9840
2025-12-04 18:30:03,177 - all [Subject 3, Anchor 0, Epoch 23/300] Train Loss=0.0003 Train Acc=1.0000 Test Acc=0.8445 Best Acc=0.9840
2025-12-04 18:30:29,419 - all [Subject 3, Anchor 0, Epoch 24/300] Train Loss=0.0003 Train Acc=1.0000 Test Acc=0.8426 Best Acc=0.9840
2025-12-04 18:30:56,048 - all [Subject 3, Anchor 0, Epoch 25/300] Train Loss=0.0003 Train Acc=1.0000 Test Acc=0.8430 Best Acc=0.9840
2025-12-04 18:31:42,122 - all [Subject 3, Anchor 0, Epoch 26/300] Train Loss=0.0003 Train Acc=1.0000 Test Acc=0.8414 Best Acc=0.9840
2025-12-04 18:32:19,692 - all [Subject 3, Anchor 0, Epoch 27/300] Train Loss=0.0003 Train Acc=1.0000 Test Acc=0.8414 Best Acc=0.9840
2025-12-04 18:32:46,382 - all [Subject 3, Anchor 0, Epoch 28/300] Train Loss=0.0003 Train Acc=1.0000 Test Acc=0.8418 Best Acc=0.9840
2025-12-04 18:33:09,657 - all [Subject 3, Anchor 0, Epoch 29/300] Train Loss=0.0003 Train Acc=1.0000 Test Acc=0.8438 Best Acc=0.9840
2025-12-04 18:33:29,567 - all [Subject 3, Anchor 0, Epoch 30/300] Train Loss=0.0003 Train Acc=1.0000 Test Acc=0.8449 Best Acc=0.9840
2025-12-04 18:33:51,172 - all [Subject 3, Anchor 0, Epoch 31/300] Train Loss=0.0003 Train Acc=1.0000 Test Acc=0.8449 Best Acc=0.9840
2025-12-04 18:34:14,678 - all [Subject 3, Anchor 0, Epoch 32/300] Train Loss=0.0003 Train Acc=1.0000 Test Acc=0.8496 Best Acc=0.9840
2025-12-04 18:34:39,025 - all [Subject 3, Anchor 0, Epoch 33/300] Train Loss=0.0003 Train Acc=1.0000 Test Acc=0.8449 Best Acc=0.9840
2025-12-04 18:34:59,752 - all [Subject 3, Anchor 0, Epoch 34/300] Train Loss=0.0003 Train Acc=1.0000 Test Acc=0.8441 Best Acc=0.9840
2025-12-04 18:35:23,497 - all [Subject 3, Anchor 0, Epoch 35/300] Train Loss=0.0003 Train Acc=1.0000 Test Acc=0.8480 Best Acc=0.9840
2025-12-04 18:35:46,627 - all [Subject 3, Anchor 0, Epoch 36/300] Train Loss=0.0003 Train Acc=1.0000 Test Acc=0.8445 Best Acc=0.9840
2025-12-04 18:36:10,139 - all [Subject 3, Anchor 0, Epoch 37/300] Train Loss=0.0003 Train Acc=1.0000 Test Acc=0.8453 Best Acc=0.9840
2025-12-04 18:36:36,710 - all [Subject 3, Anchor 0, Epoch 38/300] Train Loss=0.0003 Train Acc=1.0000 Test Acc=0.8438 Best Acc=0.9840
2025-12-04 18:37:03,038 - all [Subject 3, Anchor 0, Epoch 39/300] Train Loss=0.0003 Train Acc=1.0000 Test Acc=0.8496 Best Acc=0.9840
2025-12-04 18:37:27,300 - all [Subject 3, Anchor 0, Epoch 40/300] Train Loss=0.0003 Train Acc=1.0000 Test Acc=0.8465 Best Acc=0.9840
2025-12-04 18:38:02,601 - all [Subject 3, Anchor 0, Epoch 41/300] Train Loss=0.0003 Train Acc=1.0000 Test Acc=0.8508 Best Acc=0.9840
2025-12-04 18:38:30,148 - all [Subject 3, Anchor 0, Epoch 42/300] Train Loss=0.0003 Train Acc=1.0000 Test Acc=0.8484 Best Acc=0.9840
2025-12-04 18:38:53,170 - all [Subject 3, Anchor 0, Epoch 43/300] Train Loss=0.0003 Train Acc=1.0000 Test Acc=0.8504 Best Acc=0.9840
2025-12-04 18:39:17,095 - all [Subject 3, Anchor 0, Epoch 44/300] Train Loss=0.0003 Train Acc=1.0000 Test Acc=0.8488 Best Acc=0.9840
2025-12-04 18:39:41,982 - all [Subject 3, Anchor 0, Epoch 45/300] Train Loss=0.0003 Train Acc=1.0000 Test Acc=0.8562 Best Acc=0.9840
2025-12-04 18:40:04,667 - all [Subject 3, Anchor 0, Epoch 46/300] Train Loss=0.0003 Train Acc=1.0000 Test Acc=0.8473 Best Acc=0.9840
2025-12-04 18:40:30,723 - all [Subject 3, Anchor 0, Epoch 47/300] Train Loss=0.0003 Train Acc=1.0000 Test Acc=0.8465 Best Acc=0.9840
2025-12-04 18:41:08,532 - all [Subject 3, Anchor 0, Epoch 48/300] Train Loss=0.0003 Train Acc=1.0000 Test Acc=0.8562 Best Acc=0.9840
2025-12-04 18:41:41,603 - all [Subject 3, Anchor 0, Epoch 49/300] Train Loss=0.0003 Train Acc=1.0000 Test Acc=0.8539 Best Acc=0.9840
2025-12-04 18:42:11,859 - all [Subject 3, Anchor 0, Epoch 50/300] Train Loss=0.0003 Train Acc=1.0000 Test Acc=0.8508 Best Acc=0.9840
2025-12-04 18:42:35,492 - all [Subject 3, Anchor 0, Epoch 51/300] Train Loss=0.0003 Train Acc=1.0000 Test Acc=0.8523 Best Acc=0.9840
2025-12-04 18:43:01,730 - all [Subject 3, Anchor 0, Epoch 52/300] Train Loss=0.0003 Train Acc=1.0000 Test Acc=0.8535 Best Acc=0.9840
2025-12-04 18:43:27,435 - all [Subject 3, Anchor 0, Epoch 53/300] Train Loss=0.0003 Train Acc=1.0000 Test Acc=0.8602 Best Acc=0.9840
2025-12-04 18:43:52,091 - all [Subject 3, Anchor 0, Epoch 54/300] Train Loss=0.0003 Train Acc=1.0000 Test Acc=0.8543 Best Acc=0.9840
2025-12-04 18:44:21,112 - all [Subject 3, Anchor 0, Epoch 55/300] Train Loss=0.0003 Train Acc=1.0000 Test Acc=0.8504 Best Acc=0.9840
2025-12-04 18:44:50,357 - all [Subject 3, Anchor 0, Epoch 56/300] Train Loss=0.0003 Train Acc=1.0000 Test Acc=0.8527 Best Acc=0.9840
2025-12-04 18:45:13,293 - all [Subject 3, Anchor 0, Epoch 57/300] Train Loss=0.0003 Train Acc=1.0000 Test Acc=0.8449 Best Acc=0.9840
2025-12-04 18:45:41,985 - all [Subject 3, Anchor 0, Epoch 58/300] Train Loss=0.0003 Train Acc=1.0000 Test Acc=0.8457 Best Acc=0.9840
2025-12-04 18:46:08,389 - all [Subject 3, Anchor 0, Epoch 59/300] Train Loss=0.0003 Train Acc=1.0000 Test Acc=0.8508 Best Acc=0.9840
2025-12-04 18:46:32,580 - all [Subject 3, Anchor 0, Epoch 60/300] Train Loss=0.0003 Train Acc=1.0000 Test Acc=0.8574 Best Acc=0.9840
2025-12-04 18:46:58,018 - all [Subject 3, Anchor 0, Epoch 61/300] Train Loss=0.0003 Train Acc=1.0000 Test Acc=0.8406 Best Acc=0.9840
2025-12-04 18:47:19,590 - all [Subject 3, Anchor 0, Epoch 62/300] Train Loss=0.0003 Train Acc=1.0000 Test Acc=0.8508 Best Acc=0.9840
2025-12-04 18:47:40,802 - all [Subject 3, Anchor 0, Epoch 63/300] Train Loss=0.0003 Train Acc=1.0000 Test Acc=0.8449 Best Acc=0.9840
2025-12-04 18:48:01,930 - all [Subject 3, Anchor 0, Epoch 64/300] Train Loss=0.0003 Train Acc=1.0000 Test Acc=0.8484 Best Acc=0.9840
2025-12-04 18:48:22,094 - all [Subject 3, Anchor 0, Epoch 65/300] Train Loss=0.0003 Train Acc=1.0000 Test Acc=0.8434 Best Acc=0.9840
2025-12-04 18:48:46,881 - all [Subject 3, Anchor 0, Epoch 66/300] Train Loss=0.0003 Train Acc=1.0000 Test Acc=0.8480 Best Acc=0.9840
2025-12-04 18:49:09,100 - all [Subject 3, Anchor 0, Epoch 67/300] Train Loss=0.0003 Train Acc=1.0000 Test Acc=0.8496 Best Acc=0.9840
2025-12-04 18:49:31,184 - all [Subject 3, Anchor 0, Epoch 68/300] Train Loss=0.0003 Train Acc=1.0000 Test Acc=0.8547 Best Acc=0.9840
2025-12-04 18:49:52,220 - all [Subject 3, Anchor 0, Epoch 69/300] Train Loss=0.0003 Train Acc=1.0000 Test Acc=0.7992 Best Acc=0.9840
2025-12-04 18:50:13,220 - all [Subject 3, Anchor 0, Epoch 70/300] Train Loss=0.0006 Train Acc=0.9508 Test Acc=0.8758 Best Acc=0.9840
2025-12-04 18:50:37,836 - all [Subject 3, Anchor 0, Epoch 71/300] Train Loss=0.0005 Train Acc=0.9614 Test Acc=0.8633 Best Acc=0.9840
2025-12-04 18:51:00,778 - all [Subject 3, Anchor 0, Epoch 72/300] Train Loss=0.0003 Train Acc=1.0000 Test Acc=0.8613 Best Acc=0.9840
2025-12-04 18:51:23,671 - all [Subject 3, Anchor 0, Epoch 73/300] Train Loss=0.0003 Train Acc=1.0000 Test Acc=0.8531 Best Acc=0.9840
2025-12-04 18:51:44,571 - all [Subject 3, Anchor 0, Epoch 74/300] Train Loss=0.0003 Train Acc=1.0000 Test Acc=0.8586 Best Acc=0.9840
2025-12-04 18:52:09,920 - all [Subject 3, Anchor 0, Epoch 75/300] Train Loss=0.0003 Train Acc=1.0000 Test Acc=0.8562 Best Acc=0.9840
2025-12-04 18:52:33,214 - all [Subject 3, Anchor 0, Epoch 76/300] Train Loss=0.0003 Train Acc=1.0000 Test Acc=0.8602 Best Acc=0.9840
2025-12-04 18:52:54,192 - all [Subject 3, Anchor 0, Epoch 77/300] Train Loss=0.0003 Train Acc=1.0000 Test Acc=0.8547 Best Acc=0.9840
2025-12-04 18:53:14,414 - all [Subject 3, Anchor 0, Epoch 78/300] Train Loss=0.0003 Train Acc=1.0000 Test Acc=0.8621 Best Acc=0.9840
2025-12-04 18:53:34,679 - all [Subject 3, Anchor 0, Epoch 79/300] Train Loss=0.0003 Train Acc=1.0000 Test Acc=0.8523 Best Acc=0.9840
2025-12-04 18:53:55,364 - all [Subject 3, Anchor 0, Epoch 80/300] Train Loss=0.0003 Train Acc=1.0000 Test Acc=0.8520 Best Acc=0.9840
2025-12-04 18:54:17,014 - all [Subject 3, Anchor 0, Epoch 81/300] Train Loss=0.0003 Train Acc=1.0000 Test Acc=0.8523 Best Acc=0.9840
2025-12-04 18:54:39,085 - all [Subject 3, Anchor 0, Epoch 82/300] Train Loss=0.0003 Train Acc=1.0000 Test Acc=0.8543 Best Acc=0.9840
2025-12-04 18:55:02,512 - all [Subject 3, Anchor 0, Epoch 83/300] Train Loss=0.0003 Train Acc=1.0000 Test Acc=0.8531 Best Acc=0.9840
2025-12-04 18:55:23,812 - all [Subject 3, Anchor 0, Epoch 84/300] Train Loss=0.0003 Train Acc=1.0000 Test Acc=0.8523 Best Acc=0.9840
2025-12-04 18:55:47,079 - all [Subject 3, Anchor 0, Epoch 85/300] Train Loss=0.0003 Train Acc=1.0000 Test Acc=0.8539 Best Acc=0.9840
2025-12-04 18:56:08,761 - all [Subject 3, Anchor 0, Epoch 86/300] Train Loss=0.0003 Train Acc=1.0000 Test Acc=0.8562 Best Acc=0.9840
2025-12-04 18:56:29,529 - all [Subject 3, Anchor 0, Epoch 87/300] Train Loss=0.0003 Train Acc=1.0000 Test Acc=0.8574 Best Acc=0.9840
2025-12-04 18:56:53,349 - all [Subject 3, Anchor 0, Epoch 88/300] Train Loss=0.0003 Train Acc=1.0000 Test Acc=0.8512 Best Acc=0.9840
2025-12-04 18:57:18,288 - all [Subject 3, Anchor 0, Epoch 89/300] Train Loss=0.0003 Train Acc=0.9995 Test Acc=0.9422 Best Acc=0.9840
2025-12-04 18:57:40,105 - all [Subject 3, Anchor 0, Epoch 90/300] Train Loss=0.0004 Train Acc=0.9995 Test Acc=0.8668 Best Acc=0.9840
2025-12-04 18:58:02,714 - all [Subject 3, Anchor 0, Epoch 91/300] Train Loss=0.0003 Train Acc=1.0000 Test Acc=0.8695 Best Acc=0.9840
2025-12-04 18:58:25,151 - all [Subject 3, Anchor 0, Epoch 92/300] Train Loss=0.0003 Train Acc=1.0000 Test Acc=0.8699 Best Acc=0.9840
2025-12-04 18:58:46,156 - all [Subject 3, Anchor 0, Epoch 93/300] Train Loss=0.0003 Train Acc=1.0000 Test Acc=0.8664 Best Acc=0.9840
2025-12-04 18:59:11,250 - all [Subject 3, Anchor 0, Epoch 94/300] Train Loss=0.0003 Train Acc=1.0000 Test Acc=0.8656 Best Acc=0.9840
2025-12-04 18:59:32,786 - all [Subject 3, Anchor 0, Epoch 95/300] Train Loss=0.0003 Train Acc=1.0000 Test Acc=0.8688 Best Acc=0.9840
2025-12-04 18:59:55,847 - all [Subject 3, Anchor 0, Epoch 96/300] Train Loss=0.0003 Train Acc=1.0000 Test Acc=0.8734 Best Acc=0.9840
2025-12-04 19:00:18,261 - all [Subject 3, Anchor 0, Epoch 97/300] Train Loss=0.0003 Train Acc=1.0000 Test Acc=0.8719 Best Acc=0.9840
2025-12-04 19:00:40,068 - all [Subject 3, Anchor 0, Epoch 98/300] Train Loss=0.0003 Train Acc=1.0000 Test Acc=0.8715 Best Acc=0.9840
2025-12-04 19:01:04,238 - all [Subject 3, Anchor 0, Epoch 99/300] Train Loss=0.0003 Train Acc=1.0000 Test Acc=0.8711 Best Acc=0.9840
2025-12-04 19:01:29,335 - all [Subject 3, Anchor 0, Epoch 100/300] Train Loss=0.0003 Train Acc=1.0000 Test Acc=0.8719 Best Acc=0.9840
2025-12-04 19:01:56,794 - all [Subject 3, Anchor 0, Epoch 101/300] Train Loss=0.0003 Train Acc=1.0000 Test Acc=0.8719 Best Acc=0.9840
2025-12-04 19:02:21,891 - all [Subject 3, Anchor 0, Epoch 102/300] Train Loss=0.0003 Train Acc=1.0000 Test Acc=0.8730 Best Acc=0.9840
2025-12-04 19:02:50,576 - all [Subject 3, Anchor 0, Epoch 103/300] Train Loss=0.0003 Train Acc=1.0000 Test Acc=0.8734 Best Acc=0.9840
2025-12-04 19:03:18,651 - all [Subject 3, Anchor 0, Epoch 104/300] Train Loss=0.0003 Train Acc=1.0000 Test Acc=0.8734 Best Acc=0.9840
2025-12-04 19:03:45,910 - all [Subject 3, Anchor 0, Epoch 105/300] Train Loss=0.0003 Train Acc=1.0000 Test Acc=0.8719 Best Acc=0.9840
2025-12-04 19:04:13,113 - all [Subject 3, Anchor 0, Epoch 106/300] Train Loss=0.0003 Train Acc=1.0000 Test Acc=0.8707 Best Acc=0.9840
2025-12-04 19:04:40,157 - all [Subject 3, Anchor 0, Epoch 107/300] Train Loss=0.0003 Train Acc=1.0000 Test Acc=0.8707 Best Acc=0.9840
2025-12-04 19:05:12,023 - all [Subject 3, Anchor 0, Epoch 108/300] Train Loss=0.0003 Train Acc=1.0000 Test Acc=0.8719 Best Acc=0.9840
2025-12-04 19:05:39,245 - all [Subject 3, Anchor 0, Epoch 109/300] Train Loss=0.0003 Train Acc=1.0000 Test Acc=0.8723 Best Acc=0.9840
2025-12-04 19:06:05,580 - all [Subject 3, Anchor 0, Epoch 110/300] Train Loss=0.0003 Train Acc=1.0000 Test Acc=0.8719 Best Acc=0.9840
