2025-12-04 17:01:28,059 - === GLAE, leaving subject 2 for test ===
2025-12-04 17:08:57,506 - =========================Subject 2, Anchor 0===========================
2025-12-04 17:10:13,160 - anchor [Subject 2, Anchor 0, Epoch 1/150] Train Loss=0.0000 Train Acc=1.0000 Test Acc=0.8531 Best Acc=0.8531
2025-12-04 17:10:16,223 - anchor [Subject 2, Anchor 0, Epoch 2/150] Train Loss=0.0000 Train Acc=1.0000 Test Acc=0.8531 Best Acc=0.8531
2025-12-04 17:10:18,828 - anchor [Subject 2, Anchor 0, Epoch 3/150] Train Loss=0.0000 Train Acc=1.0000 Test Acc=0.8535 Best Acc=0.8535
2025-12-04 17:10:20,922 - anchor [Subject 2, Anchor 0, Epoch 4/150] Train Loss=0.0000 Train Acc=1.0000 Test Acc=0.8539 Best Acc=0.8539
2025-12-04 17:10:22,879 - anchor [Subject 2, Anchor 0, Epoch 5/150] Train Loss=0.0000 Train Acc=1.0000 Test Acc=0.8539 Best Acc=0.8539
2025-12-04 17:10:25,683 - anchor [Subject 2, Anchor 0, Epoch 6/150] Train Loss=0.0000 Train Acc=1.0000 Test Acc=0.8543 Best Acc=0.8543
2025-12-04 17:10:29,613 - anchor [Subject 2, Anchor 0, Epoch 7/150] Train Loss=0.0000 Train Acc=1.0000 Test Acc=0.8539 Best Acc=0.8543
2025-12-04 17:10:33,720 - anchor [Subject 2, Anchor 0, Epoch 8/150] Train Loss=0.0000 Train Acc=1.0000 Test Acc=0.8539 Best Acc=0.8543
2025-12-04 17:10:37,078 - anchor [Subject 2, Anchor 0, Epoch 9/150] Train Loss=0.0000 Train Acc=1.0000 Test Acc=0.8539 Best Acc=0.8543
2025-12-04 17:10:40,861 - anchor [Subject 2, Anchor 0, Epoch 10/150] Train Loss=0.0000 Train Acc=1.0000 Test Acc=0.8539 Best Acc=0.8543
2025-12-04 17:10:44,397 - anchor [Subject 2, Anchor 0, Epoch 11/150] Train Loss=0.0000 Train Acc=1.0000 Test Acc=0.8535 Best Acc=0.8543
2025-12-04 17:10:47,845 - anchor [Subject 2, Anchor 0, Epoch 12/150] Train Loss=0.0000 Train Acc=1.0000 Test Acc=0.8539 Best Acc=0.8543
2025-12-04 17:10:52,168 - anchor [Subject 2, Anchor 0, Epoch 13/150] Train Loss=0.0000 Train Acc=1.0000 Test Acc=0.8539 Best Acc=0.8543
2025-12-04 17:10:55,599 - anchor [Subject 2, Anchor 0, Epoch 14/150] Train Loss=0.0000 Train Acc=1.0000 Test Acc=0.8543 Best Acc=0.8543
2025-12-04 17:10:59,037 - anchor [Subject 2, Anchor 0, Epoch 15/150] Train Loss=0.0000 Train Acc=1.0000 Test Acc=0.8543 Best Acc=0.8543
2025-12-04 17:11:02,982 - anchor [Subject 2, Anchor 0, Epoch 16/150] Train Loss=0.0000 Train Acc=1.0000 Test Acc=0.8543 Best Acc=0.8543
2025-12-04 17:11:06,936 - anchor [Subject 2, Anchor 0, Epoch 17/150] Train Loss=0.0000 Train Acc=1.0000 Test Acc=0.8543 Best Acc=0.8543
2025-12-04 17:11:09,480 - anchor [Subject 2, Anchor 0, Epoch 18/150] Train Loss=0.0000 Train Acc=1.0000 Test Acc=0.8543 Best Acc=0.8543
2025-12-04 17:11:11,916 - anchor [Subject 2, Anchor 0, Epoch 19/150] Train Loss=0.0000 Train Acc=1.0000 Test Acc=0.8543 Best Acc=0.8543
2025-12-04 17:11:15,301 - anchor [Subject 2, Anchor 0, Epoch 20/150] Train Loss=0.0000 Train Acc=1.0000 Test Acc=0.8543 Best Acc=0.8543
2025-12-04 17:11:17,699 - anchor [Subject 2, Anchor 0, Epoch 21/150] Train Loss=0.0000 Train Acc=1.0000 Test Acc=0.8539 Best Acc=0.8543
2025-12-04 17:11:19,998 - anchor [Subject 2, Anchor 0, Epoch 22/150] Train Loss=0.0000 Train Acc=1.0000 Test Acc=0.8539 Best Acc=0.8543
2025-12-04 17:11:24,855 - anchor [Subject 2, Anchor 0, Epoch 23/150] Train Loss=0.0000 Train Acc=1.0000 Test Acc=0.8539 Best Acc=0.8543
2025-12-04 17:11:28,146 - anchor [Subject 2, Anchor 0, Epoch 24/150] Train Loss=0.0000 Train Acc=1.0000 Test Acc=0.8539 Best Acc=0.8543
2025-12-04 17:11:31,401 - anchor [Subject 2, Anchor 0, Epoch 25/150] Train Loss=0.0000 Train Acc=1.0000 Test Acc=0.8539 Best Acc=0.8543
2025-12-04 17:11:34,083 - anchor [Subject 2, Anchor 0, Epoch 26/150] Train Loss=0.0000 Train Acc=1.0000 Test Acc=0.8539 Best Acc=0.8543
2025-12-04 17:11:36,891 - anchor [Subject 2, Anchor 0, Epoch 27/150] Train Loss=0.0000 Train Acc=1.0000 Test Acc=0.8539 Best Acc=0.8543
2025-12-04 17:11:39,529 - anchor [Subject 2, Anchor 0, Epoch 28/150] Train Loss=0.0000 Train Acc=1.0000 Test Acc=0.8535 Best Acc=0.8543
2025-12-04 17:11:41,812 - anchor [Subject 2, Anchor 0, Epoch 29/150] Train Loss=0.0000 Train Acc=1.0000 Test Acc=0.8535 Best Acc=0.8543
2025-12-04 17:11:44,161 - anchor [Subject 2, Anchor 0, Epoch 30/150] Train Loss=0.0000 Train Acc=1.0000 Test Acc=0.8535 Best Acc=0.8543
2025-12-04 17:11:47,563 - anchor [Subject 2, Anchor 0, Epoch 31/150] Train Loss=0.0000 Train Acc=1.0000 Test Acc=0.8535 Best Acc=0.8543
2025-12-04 17:11:50,066 - anchor [Subject 2, Anchor 0, Epoch 32/150] Train Loss=0.0000 Train Acc=1.0000 Test Acc=0.8535 Best Acc=0.8543
2025-12-04 17:11:52,519 - anchor [Subject 2, Anchor 0, Epoch 33/150] Train Loss=0.0000 Train Acc=1.0000 Test Acc=0.8535 Best Acc=0.8543
2025-12-04 17:11:55,368 - anchor [Subject 2, Anchor 0, Epoch 34/150] Train Loss=0.0000 Train Acc=1.0000 Test Acc=0.8535 Best Acc=0.8543
2025-12-04 17:11:57,489 - anchor [Subject 2, Anchor 0, Epoch 35/150] Train Loss=0.0000 Train Acc=1.0000 Test Acc=0.8535 Best Acc=0.8543
2025-12-04 17:11:59,652 - anchor [Subject 2, Anchor 0, Epoch 36/150] Train Loss=0.0000 Train Acc=1.0000 Test Acc=0.8535 Best Acc=0.8543
2025-12-04 17:12:06,008 - anchor [Subject 2, Anchor 0, Epoch 37/150] Train Loss=0.0000 Train Acc=1.0000 Test Acc=0.8535 Best Acc=0.8543
2025-12-04 17:12:09,049 - anchor [Subject 2, Anchor 0, Epoch 38/150] Train Loss=0.0000 Train Acc=1.0000 Test Acc=0.8535 Best Acc=0.8543
2025-12-04 17:12:11,657 - anchor [Subject 2, Anchor 0, Epoch 39/150] Train Loss=0.0000 Train Acc=1.0000 Test Acc=0.8535 Best Acc=0.8543
2025-12-04 17:12:14,580 - anchor [Subject 2, Anchor 0, Epoch 40/150] Train Loss=0.0000 Train Acc=1.0000 Test Acc=0.8535 Best Acc=0.8543
2025-12-04 17:12:20,679 - anchor [Subject 2, Anchor 0, Epoch 41/150] Train Loss=0.0000 Train Acc=1.0000 Test Acc=0.8535 Best Acc=0.8543
2025-12-04 17:12:23,027 - anchor [Subject 2, Anchor 0, Epoch 42/150] Train Loss=0.0000 Train Acc=1.0000 Test Acc=0.8535 Best Acc=0.8543
2025-12-04 17:12:26,183 - anchor [Subject 2, Anchor 0, Epoch 43/150] Train Loss=0.0000 Train Acc=1.0000 Test Acc=0.8535 Best Acc=0.8543
2025-12-04 17:12:30,024 - anchor [Subject 2, Anchor 0, Epoch 44/150] Train Loss=0.0000 Train Acc=1.0000 Test Acc=0.8535 Best Acc=0.8543
2025-12-04 17:12:35,152 - anchor [Subject 2, Anchor 0, Epoch 45/150] Train Loss=0.0000 Train Acc=1.0000 Test Acc=0.8535 Best Acc=0.8543
2025-12-04 17:12:40,626 - anchor [Subject 2, Anchor 0, Epoch 46/150] Train Loss=0.0000 Train Acc=1.0000 Test Acc=0.8535 Best Acc=0.8543
2025-12-04 17:12:43,595 - anchor [Subject 2, Anchor 0, Epoch 47/150] Train Loss=0.0000 Train Acc=1.0000 Test Acc=0.8535 Best Acc=0.8543
2025-12-04 17:12:46,360 - anchor [Subject 2, Anchor 0, Epoch 48/150] Train Loss=0.0000 Train Acc=1.0000 Test Acc=0.8535 Best Acc=0.8543
2025-12-04 17:12:50,433 - anchor [Subject 2, Anchor 0, Epoch 49/150] Train Loss=0.0000 Train Acc=1.0000 Test Acc=0.8535 Best Acc=0.8543
2025-12-04 17:12:53,817 - anchor [Subject 2, Anchor 0, Epoch 50/150] Train Loss=0.0000 Train Acc=1.0000 Test Acc=0.8535 Best Acc=0.8543
2025-12-04 17:12:57,172 - anchor [Subject 2, Anchor 0, Epoch 51/150] Train Loss=0.0000 Train Acc=1.0000 Test Acc=0.8535 Best Acc=0.8543
2025-12-04 17:13:00,162 - anchor [Subject 2, Anchor 0, Epoch 52/150] Train Loss=0.0000 Train Acc=1.0000 Test Acc=0.8535 Best Acc=0.8543
2025-12-04 17:13:05,371 - anchor [Subject 2, Anchor 0, Epoch 53/150] Train Loss=0.0000 Train Acc=1.0000 Test Acc=0.8535 Best Acc=0.8543
2025-12-04 17:13:09,484 - anchor [Subject 2, Anchor 0, Epoch 54/150] Train Loss=0.0000 Train Acc=1.0000 Test Acc=0.8535 Best Acc=0.8543
2025-12-04 17:13:14,603 - anchor [Subject 2, Anchor 0, Epoch 55/150] Train Loss=0.0000 Train Acc=1.0000 Test Acc=0.8535 Best Acc=0.8543
2025-12-04 17:13:19,502 - anchor [Subject 2, Anchor 0, Epoch 56/150] Train Loss=0.0000 Train Acc=1.0000 Test Acc=0.8535 Best Acc=0.8543
2025-12-04 17:13:21,756 - anchor [Subject 2, Anchor 0, Epoch 57/150] Train Loss=0.0000 Train Acc=1.0000 Test Acc=0.8535 Best Acc=0.8543
2025-12-04 17:13:25,598 - anchor [Subject 2, Anchor 0, Epoch 58/150] Train Loss=0.0000 Train Acc=1.0000 Test Acc=0.8535 Best Acc=0.8543
2025-12-04 17:13:29,433 - anchor [Subject 2, Anchor 0, Epoch 59/150] Train Loss=0.0000 Train Acc=1.0000 Test Acc=0.8535 Best Acc=0.8543
2025-12-04 17:13:41,391 - anchor [Subject 2, Anchor 0, Epoch 60/150] Train Loss=0.0000 Train Acc=1.0000 Test Acc=0.8535 Best Acc=0.8543
2025-12-04 17:13:45,505 - anchor [Subject 2, Anchor 0, Epoch 61/150] Train Loss=0.0000 Train Acc=1.0000 Test Acc=0.8535 Best Acc=0.8543
2025-12-04 17:13:49,502 - anchor [Subject 2, Anchor 0, Epoch 62/150] Train Loss=0.0000 Train Acc=1.0000 Test Acc=0.8535 Best Acc=0.8543
2025-12-04 17:13:53,768 - anchor [Subject 2, Anchor 0, Epoch 63/150] Train Loss=0.0000 Train Acc=1.0000 Test Acc=0.8535 Best Acc=0.8543
2025-12-04 17:13:57,255 - anchor [Subject 2, Anchor 0, Epoch 64/150] Train Loss=0.0000 Train Acc=1.0000 Test Acc=0.8535 Best Acc=0.8543
2025-12-04 17:14:02,329 - anchor [Subject 2, Anchor 0, Epoch 65/150] Train Loss=0.0000 Train Acc=1.0000 Test Acc=0.8531 Best Acc=0.8543
2025-12-04 17:14:07,191 - anchor [Subject 2, Anchor 0, Epoch 66/150] Train Loss=0.0000 Train Acc=1.0000 Test Acc=0.8535 Best Acc=0.8543
2025-12-04 17:14:13,540 - anchor [Subject 2, Anchor 0, Epoch 67/150] Train Loss=0.0000 Train Acc=1.0000 Test Acc=0.8535 Best Acc=0.8543
2025-12-04 17:14:18,548 - anchor [Subject 2, Anchor 0, Epoch 68/150] Train Loss=0.0000 Train Acc=1.0000 Test Acc=0.8535 Best Acc=0.8543
2025-12-04 17:14:23,493 - anchor [Subject 2, Anchor 0, Epoch 69/150] Train Loss=0.0000 Train Acc=1.0000 Test Acc=0.8535 Best Acc=0.8543
2025-12-04 17:14:26,572 - anchor [Subject 2, Anchor 0, Epoch 70/150] Train Loss=0.0000 Train Acc=1.0000 Test Acc=0.8535 Best Acc=0.8543
2025-12-04 17:14:29,833 - anchor [Subject 2, Anchor 0, Epoch 71/150] Train Loss=0.0000 Train Acc=1.0000 Test Acc=0.8535 Best Acc=0.8543
2025-12-04 17:14:34,304 - anchor [Subject 2, Anchor 0, Epoch 72/150] Train Loss=0.0000 Train Acc=1.0000 Test Acc=0.8535 Best Acc=0.8543
2025-12-04 17:14:36,671 - anchor [Subject 2, Anchor 0, Epoch 73/150] Train Loss=0.0000 Train Acc=1.0000 Test Acc=0.8535 Best Acc=0.8543
2025-12-04 17:14:40,935 - anchor [Subject 2, Anchor 0, Epoch 74/150] Train Loss=0.0000 Train Acc=1.0000 Test Acc=0.8535 Best Acc=0.8543
2025-12-04 17:14:43,230 - anchor [Subject 2, Anchor 0, Epoch 75/150] Train Loss=0.0000 Train Acc=1.0000 Test Acc=0.8535 Best Acc=0.8543
2025-12-04 17:14:46,940 - anchor [Subject 2, Anchor 0, Epoch 76/150] Train Loss=0.0000 Train Acc=1.0000 Test Acc=0.8535 Best Acc=0.8543
2025-12-04 17:14:50,320 - anchor [Subject 2, Anchor 0, Epoch 77/150] Train Loss=0.0000 Train Acc=1.0000 Test Acc=0.8535 Best Acc=0.8543
2025-12-04 17:14:53,710 - anchor [Subject 2, Anchor 0, Epoch 78/150] Train Loss=0.0000 Train Acc=1.0000 Test Acc=0.8535 Best Acc=0.8543
2025-12-04 17:14:55,406 - anchor [Subject 2, Anchor 0, Epoch 79/150] Train Loss=0.0000 Train Acc=1.0000 Test Acc=0.8535 Best Acc=0.8543
2025-12-04 17:14:58,037 - anchor [Subject 2, Anchor 0, Epoch 80/150] Train Loss=0.0000 Train Acc=1.0000 Test Acc=0.8535 Best Acc=0.8543
2025-12-04 17:15:01,607 - anchor [Subject 2, Anchor 0, Epoch 81/150] Train Loss=0.0000 Train Acc=1.0000 Test Acc=0.8535 Best Acc=0.8543
2025-12-04 17:15:08,087 - anchor [Subject 2, Anchor 0, Epoch 82/150] Train Loss=0.0000 Train Acc=1.0000 Test Acc=0.8535 Best Acc=0.8543
2025-12-04 17:15:11,527 - anchor [Subject 2, Anchor 0, Epoch 83/150] Train Loss=0.0000 Train Acc=1.0000 Test Acc=0.8535 Best Acc=0.8543
2025-12-04 17:15:16,053 - anchor [Subject 2, Anchor 0, Epoch 84/150] Train Loss=0.0000 Train Acc=1.0000 Test Acc=0.8535 Best Acc=0.8543
2025-12-04 17:15:19,833 - anchor [Subject 2, Anchor 0, Epoch 85/150] Train Loss=0.0000 Train Acc=1.0000 Test Acc=0.8535 Best Acc=0.8543
2025-12-04 17:15:22,536 - anchor [Subject 2, Anchor 0, Epoch 86/150] Train Loss=0.0000 Train Acc=1.0000 Test Acc=0.8535 Best Acc=0.8543
2025-12-04 17:15:24,690 - anchor [Subject 2, Anchor 0, Epoch 87/150] Train Loss=0.0000 Train Acc=1.0000 Test Acc=0.8535 Best Acc=0.8543
2025-12-04 17:15:26,983 - anchor [Subject 2, Anchor 0, Epoch 88/150] Train Loss=0.0000 Train Acc=1.0000 Test Acc=0.8535 Best Acc=0.8543
2025-12-04 17:15:28,932 - anchor [Subject 2, Anchor 0, Epoch 89/150] Train Loss=0.0000 Train Acc=1.0000 Test Acc=0.8535 Best Acc=0.8543
2025-12-04 17:15:32,244 - anchor [Subject 2, Anchor 0, Epoch 90/150] Train Loss=0.0000 Train Acc=1.0000 Test Acc=0.8535 Best Acc=0.8543
2025-12-04 17:15:34,679 - anchor [Subject 2, Anchor 0, Epoch 91/150] Train Loss=0.0000 Train Acc=1.0000 Test Acc=0.8535 Best Acc=0.8543
2025-12-04 17:15:37,248 - anchor [Subject 2, Anchor 0, Epoch 92/150] Train Loss=0.0000 Train Acc=1.0000 Test Acc=0.8535 Best Acc=0.8543
2025-12-04 17:15:41,103 - anchor [Subject 2, Anchor 0, Epoch 93/150] Train Loss=0.0000 Train Acc=1.0000 Test Acc=0.8535 Best Acc=0.8543
2025-12-04 17:15:46,415 - anchor [Subject 2, Anchor 0, Epoch 94/150] Train Loss=0.0000 Train Acc=1.0000 Test Acc=0.8535 Best Acc=0.8543
2025-12-04 17:15:50,438 - anchor [Subject 2, Anchor 0, Epoch 95/150] Train Loss=0.0000 Train Acc=1.0000 Test Acc=0.8535 Best Acc=0.8543
2025-12-04 17:16:08,651 - anchor [Subject 2, Anchor 0, Epoch 96/150] Train Loss=0.0000 Train Acc=1.0000 Test Acc=0.8535 Best Acc=0.8543
2025-12-04 17:16:17,105 - anchor [Subject 2, Anchor 0, Epoch 97/150] Train Loss=0.0000 Train Acc=1.0000 Test Acc=0.8535 Best Acc=0.8543
2025-12-04 17:16:22,240 - anchor [Subject 2, Anchor 0, Epoch 98/150] Train Loss=0.0000 Train Acc=1.0000 Test Acc=0.8535 Best Acc=0.8543
2025-12-04 17:16:25,286 - anchor [Subject 2, Anchor 0, Epoch 99/150] Train Loss=0.0000 Train Acc=1.0000 Test Acc=0.8535 Best Acc=0.8543
2025-12-04 17:16:27,671 - anchor [Subject 2, Anchor 0, Epoch 100/150] Train Loss=0.0000 Train Acc=1.0000 Test Acc=0.8535 Best Acc=0.8543
2025-12-04 17:16:31,926 - anchor [Subject 2, Anchor 0, Epoch 101/150] Train Loss=0.0000 Train Acc=1.0000 Test Acc=0.8535 Best Acc=0.8543
2025-12-04 17:16:33,778 - anchor [Subject 2, Anchor 0, Epoch 102/150] Train Loss=0.0000 Train Acc=1.0000 Test Acc=0.8535 Best Acc=0.8543
2025-12-04 17:16:35,981 - anchor [Subject 2, Anchor 0, Epoch 103/150] Train Loss=0.0000 Train Acc=1.0000 Test Acc=0.8535 Best Acc=0.8543
2025-12-04 17:16:40,810 - anchor [Subject 2, Anchor 0, Epoch 104/150] Train Loss=0.0000 Train Acc=1.0000 Test Acc=0.8535 Best Acc=0.8543
2025-12-04 17:16:43,244 - anchor [Subject 2, Anchor 0, Epoch 105/150] Train Loss=0.0000 Train Acc=1.0000 Test Acc=0.8535 Best Acc=0.8543
2025-12-04 17:16:45,350 - anchor [Subject 2, Anchor 0, Epoch 106/150] Train Loss=0.0000 Train Acc=1.0000 Test Acc=0.8535 Best Acc=0.8543
2025-12-04 17:16:47,064 - anchor [Subject 2, Anchor 0, Epoch 107/150] Train Loss=0.0000 Train Acc=1.0000 Test Acc=0.8535 Best Acc=0.8543
2025-12-04 17:16:48,394 - anchor [Subject 2, Anchor 0, Epoch 108/150] Train Loss=0.0000 Train Acc=1.0000 Test Acc=0.8535 Best Acc=0.8543
2025-12-04 17:16:50,087 - anchor [Subject 2, Anchor 0, Epoch 109/150] Train Loss=0.0000 Train Acc=1.0000 Test Acc=0.8535 Best Acc=0.8543
2025-12-04 17:16:51,493 - anchor [Subject 2, Anchor 0, Epoch 110/150] Train Loss=0.0000 Train Acc=1.0000 Test Acc=0.8535 Best Acc=0.8543
2025-12-04 17:16:52,712 - anchor [Subject 2, Anchor 0, Epoch 111/150] Train Loss=0.0000 Train Acc=1.0000 Test Acc=0.8535 Best Acc=0.8543
2025-12-04 17:16:54,443 - anchor [Subject 2, Anchor 0, Epoch 112/150] Train Loss=0.0000 Train Acc=1.0000 Test Acc=0.8535 Best Acc=0.8543
2025-12-04 17:16:55,932 - anchor [Subject 2, Anchor 0, Epoch 113/150] Train Loss=0.0000 Train Acc=1.0000 Test Acc=0.8535 Best Acc=0.8543
2025-12-04 17:16:57,686 - anchor [Subject 2, Anchor 0, Epoch 114/150] Train Loss=0.0000 Train Acc=1.0000 Test Acc=0.8535 Best Acc=0.8543
2025-12-04 17:16:59,042 - anchor [Subject 2, Anchor 0, Epoch 115/150] Train Loss=0.0000 Train Acc=1.0000 Test Acc=0.8535 Best Acc=0.8543
2025-12-04 17:17:01,074 - anchor [Subject 2, Anchor 0, Epoch 116/150] Train Loss=0.0000 Train Acc=1.0000 Test Acc=0.8535 Best Acc=0.8543
2025-12-04 17:17:03,204 - anchor [Subject 2, Anchor 0, Epoch 117/150] Train Loss=0.0000 Train Acc=1.0000 Test Acc=0.8535 Best Acc=0.8543
2025-12-04 17:17:05,088 - anchor [Subject 2, Anchor 0, Epoch 118/150] Train Loss=0.0000 Train Acc=1.0000 Test Acc=0.8535 Best Acc=0.8543
2025-12-04 17:17:06,679 - anchor [Subject 2, Anchor 0, Epoch 119/150] Train Loss=0.0000 Train Acc=1.0000 Test Acc=0.8535 Best Acc=0.8543
2025-12-04 17:17:08,052 - anchor [Subject 2, Anchor 0, Epoch 120/150] Train Loss=0.0000 Train Acc=1.0000 Test Acc=0.8535 Best Acc=0.8543
2025-12-04 17:17:10,260 - anchor [Subject 2, Anchor 0, Epoch 121/150] Train Loss=0.0000 Train Acc=1.0000 Test Acc=0.8535 Best Acc=0.8543
2025-12-04 17:17:13,142 - anchor [Subject 2, Anchor 0, Epoch 122/150] Train Loss=0.0000 Train Acc=1.0000 Test Acc=0.8535 Best Acc=0.8543
2025-12-04 17:17:15,302 - anchor [Subject 2, Anchor 0, Epoch 123/150] Train Loss=0.0000 Train Acc=1.0000 Test Acc=0.8535 Best Acc=0.8543
2025-12-04 17:17:18,533 - anchor [Subject 2, Anchor 0, Epoch 124/150] Train Loss=0.0000 Train Acc=1.0000 Test Acc=0.8535 Best Acc=0.8543
2025-12-04 17:17:20,753 - anchor [Subject 2, Anchor 0, Epoch 125/150] Train Loss=0.0000 Train Acc=1.0000 Test Acc=0.8535 Best Acc=0.8543
2025-12-04 17:17:22,590 - anchor [Subject 2, Anchor 0, Epoch 126/150] Train Loss=0.0000 Train Acc=1.0000 Test Acc=0.8535 Best Acc=0.8543
2025-12-04 17:17:24,351 - anchor [Subject 2, Anchor 0, Epoch 127/150] Train Loss=0.0000 Train Acc=1.0000 Test Acc=0.8535 Best Acc=0.8543
2025-12-04 17:17:26,228 - anchor [Subject 2, Anchor 0, Epoch 128/150] Train Loss=0.0000 Train Acc=1.0000 Test Acc=0.8535 Best Acc=0.8543
2025-12-04 17:17:28,244 - anchor [Subject 2, Anchor 0, Epoch 129/150] Train Loss=0.0000 Train Acc=1.0000 Test Acc=0.8535 Best Acc=0.8543
2025-12-04 17:17:29,737 - anchor [Subject 2, Anchor 0, Epoch 130/150] Train Loss=0.0000 Train Acc=1.0000 Test Acc=0.8535 Best Acc=0.8543
2025-12-04 17:17:31,773 - anchor [Subject 2, Anchor 0, Epoch 131/150] Train Loss=0.0000 Train Acc=1.0000 Test Acc=0.8535 Best Acc=0.8543
2025-12-04 17:17:33,970 - anchor [Subject 2, Anchor 0, Epoch 132/150] Train Loss=0.0000 Train Acc=1.0000 Test Acc=0.8535 Best Acc=0.8543
2025-12-04 17:17:35,573 - anchor [Subject 2, Anchor 0, Epoch 133/150] Train Loss=0.0000 Train Acc=1.0000 Test Acc=0.8535 Best Acc=0.8543
2025-12-04 17:17:37,609 - anchor [Subject 2, Anchor 0, Epoch 134/150] Train Loss=0.0000 Train Acc=1.0000 Test Acc=0.8535 Best Acc=0.8543
2025-12-04 17:17:39,912 - anchor [Subject 2, Anchor 0, Epoch 135/150] Train Loss=0.0000 Train Acc=1.0000 Test Acc=0.8535 Best Acc=0.8543
2025-12-04 17:17:41,743 - anchor [Subject 2, Anchor 0, Epoch 136/150] Train Loss=0.0000 Train Acc=1.0000 Test Acc=0.8535 Best Acc=0.8543
2025-12-04 17:17:43,869 - anchor [Subject 2, Anchor 0, Epoch 137/150] Train Loss=0.0000 Train Acc=1.0000 Test Acc=0.8535 Best Acc=0.8543
2025-12-04 17:17:45,864 - anchor [Subject 2, Anchor 0, Epoch 138/150] Train Loss=0.0000 Train Acc=1.0000 Test Acc=0.8535 Best Acc=0.8543
2025-12-04 17:17:47,577 - anchor [Subject 2, Anchor 0, Epoch 139/150] Train Loss=0.0000 Train Acc=1.0000 Test Acc=0.8535 Best Acc=0.8543
2025-12-04 17:17:49,706 - anchor [Subject 2, Anchor 0, Epoch 140/150] Train Loss=0.0000 Train Acc=1.0000 Test Acc=0.8535 Best Acc=0.8543
2025-12-04 17:17:52,260 - anchor [Subject 2, Anchor 0, Epoch 141/150] Train Loss=0.0000 Train Acc=1.0000 Test Acc=0.8535 Best Acc=0.8543
2025-12-04 17:17:54,519 - anchor [Subject 2, Anchor 0, Epoch 142/150] Train Loss=0.0000 Train Acc=1.0000 Test Acc=0.8535 Best Acc=0.8543
2025-12-04 17:17:56,421 - anchor [Subject 2, Anchor 0, Epoch 143/150] Train Loss=0.0000 Train Acc=1.0000 Test Acc=0.8535 Best Acc=0.8543
2025-12-04 17:17:58,276 - anchor [Subject 2, Anchor 0, Epoch 144/150] Train Loss=0.0000 Train Acc=1.0000 Test Acc=0.8535 Best Acc=0.8543
2025-12-04 17:18:00,975 - anchor [Subject 2, Anchor 0, Epoch 145/150] Train Loss=0.0000 Train Acc=1.0000 Test Acc=0.8535 Best Acc=0.8543
2025-12-04 17:18:02,981 - anchor [Subject 2, Anchor 0, Epoch 146/150] Train Loss=0.0000 Train Acc=1.0000 Test Acc=0.8535 Best Acc=0.8543
2025-12-04 17:18:08,053 - anchor [Subject 2, Anchor 0, Epoch 147/150] Train Loss=0.0000 Train Acc=1.0000 Test Acc=0.8535 Best Acc=0.8543
2025-12-04 17:18:11,043 - anchor [Subject 2, Anchor 0, Epoch 148/150] Train Loss=0.0000 Train Acc=1.0000 Test Acc=0.8535 Best Acc=0.8543
2025-12-04 17:18:13,464 - anchor [Subject 2, Anchor 0, Epoch 149/150] Train Loss=0.0000 Train Acc=1.0000 Test Acc=0.8535 Best Acc=0.8543
2025-12-04 17:18:16,017 - anchor [Subject 2, Anchor 0, Epoch 150/150] Train Loss=0.0000 Train Acc=1.0000 Test Acc=0.8535 Best Acc=0.8543
2025-12-04 17:18:16,022 - labelAlign [Subject 2, Anchor 0 Target 1] Start
2025-12-04 17:18:26,914 - labelAlign [Subject 2, Anchor 0 Target 2] Start
2025-12-04 17:18:35,535 - labelAlign [Subject 2, Anchor 0 Target 3] Start
2025-12-04 17:18:43,431 - labelAlign [Subject 2, Anchor 0 Target 4] Start
2025-12-04 17:18:51,905 - labelAlign [Subject 2, Anchor 0 Target 5] Start
2025-12-04 17:18:57,857 - labelAlign [Subject 2, Anchor 0 Target 6] Start
2025-12-04 17:19:03,857 - labelAlign [Subject 2, Anchor 0 Target 7] Start
2025-12-04 17:19:08,833 - labelAlign [Subject 2, Anchor 0 Target 8] Start
2025-12-04 17:19:13,581 - labelAlign [Subject 2, Anchor 0 Target 9] Start
2025-12-04 17:19:19,911 - labelAlign [Subject 2, Anchor 0 Target 10] Start
2025-12-04 17:19:27,921 - labelAlign [Subject 2, Anchor 0 Target 11] Start
2025-12-04 17:19:34,787 - labelAlign [Subject 2, Anchor 0 Target 12] Start
2025-12-04 17:19:41,194 - labelAlign [Subject 2, Anchor 0 Target 13] Start
2025-12-04 17:20:02,993 - cls [Subject 2, Anchor 0, Epoch 1/150] Train Loss=0.0001 Train Acc=1.0000 Test Acc=0.8492 Best Acc=0.8543
2025-12-04 17:20:22,796 - cls [Subject 2, Anchor 0, Epoch 2/150] Train Loss=0.0001 Train Acc=1.0000 Test Acc=0.8488 Best Acc=0.8543
2025-12-04 17:20:40,377 - cls [Subject 2, Anchor 0, Epoch 3/150] Train Loss=0.0001 Train Acc=1.0000 Test Acc=0.8473 Best Acc=0.8543
2025-12-04 17:21:01,324 - cls [Subject 2, Anchor 0, Epoch 4/150] Train Loss=0.0001 Train Acc=1.0000 Test Acc=0.8469 Best Acc=0.8543
2025-12-04 17:21:26,129 - cls [Subject 2, Anchor 0, Epoch 5/150] Train Loss=0.0001 Train Acc=1.0000 Test Acc=0.8469 Best Acc=0.8543
2025-12-04 17:21:46,474 - cls [Subject 2, Anchor 0, Epoch 6/150] Train Loss=0.0001 Train Acc=1.0000 Test Acc=0.8453 Best Acc=0.8543
2025-12-04 17:22:07,671 - cls [Subject 2, Anchor 0, Epoch 7/150] Train Loss=0.0001 Train Acc=1.0000 Test Acc=0.8453 Best Acc=0.8543
2025-12-04 17:22:28,400 - cls [Subject 2, Anchor 0, Epoch 8/150] Train Loss=0.0001 Train Acc=1.0000 Test Acc=0.8465 Best Acc=0.8543
2025-12-04 17:22:49,887 - cls [Subject 2, Anchor 0, Epoch 9/150] Train Loss=0.0001 Train Acc=1.0000 Test Acc=0.8449 Best Acc=0.8543
2025-12-04 17:23:11,719 - cls [Subject 2, Anchor 0, Epoch 10/150] Train Loss=0.0001 Train Acc=1.0000 Test Acc=0.8445 Best Acc=0.8543
2025-12-04 17:23:32,161 - cls [Subject 2, Anchor 0, Epoch 11/150] Train Loss=0.0001 Train Acc=1.0000 Test Acc=0.8449 Best Acc=0.8543
2025-12-04 17:23:55,080 - cls [Subject 2, Anchor 0, Epoch 12/150] Train Loss=0.0001 Train Acc=1.0000 Test Acc=0.8445 Best Acc=0.8543
2025-12-04 17:24:19,092 - cls [Subject 2, Anchor 0, Epoch 13/150] Train Loss=0.0001 Train Acc=1.0000 Test Acc=0.8434 Best Acc=0.8543
2025-12-04 17:24:40,096 - cls [Subject 2, Anchor 0, Epoch 14/150] Train Loss=0.0001 Train Acc=1.0000 Test Acc=0.8434 Best Acc=0.8543
2025-12-04 17:25:04,863 - cls [Subject 2, Anchor 0, Epoch 15/150] Train Loss=0.0001 Train Acc=1.0000 Test Acc=0.8445 Best Acc=0.8543
2025-12-04 17:25:28,381 - cls [Subject 2, Anchor 0, Epoch 16/150] Train Loss=0.0001 Train Acc=1.0000 Test Acc=0.8438 Best Acc=0.8543
2025-12-04 17:25:55,226 - cls [Subject 2, Anchor 0, Epoch 17/150] Train Loss=0.0001 Train Acc=1.0000 Test Acc=0.8434 Best Acc=0.8543
2025-12-04 17:26:24,139 - cls [Subject 2, Anchor 0, Epoch 18/150] Train Loss=0.0001 Train Acc=1.0000 Test Acc=0.8438 Best Acc=0.8543
2025-12-04 17:26:48,884 - cls [Subject 2, Anchor 0, Epoch 19/150] Train Loss=0.0001 Train Acc=1.0000 Test Acc=0.8430 Best Acc=0.8543
2025-12-04 17:27:12,704 - cls [Subject 2, Anchor 0, Epoch 20/150] Train Loss=0.0001 Train Acc=1.0000 Test Acc=0.8441 Best Acc=0.8543
2025-12-04 17:27:36,529 - cls [Subject 2, Anchor 0, Epoch 21/150] Train Loss=0.0001 Train Acc=1.0000 Test Acc=0.8438 Best Acc=0.8543
2025-12-04 17:27:56,852 - cls [Subject 2, Anchor 0, Epoch 22/150] Train Loss=0.0001 Train Acc=1.0000 Test Acc=0.8438 Best Acc=0.8543
2025-12-04 17:28:19,189 - cls [Subject 2, Anchor 0, Epoch 23/150] Train Loss=0.0001 Train Acc=1.0000 Test Acc=0.8438 Best Acc=0.8543
2025-12-04 17:28:46,527 - cls [Subject 2, Anchor 0, Epoch 24/150] Train Loss=0.0001 Train Acc=1.0000 Test Acc=0.8426 Best Acc=0.8543
2025-12-04 17:29:12,534 - cls [Subject 2, Anchor 0, Epoch 25/150] Train Loss=0.0001 Train Acc=1.0000 Test Acc=0.8434 Best Acc=0.8543
2025-12-04 17:29:35,592 - cls [Subject 2, Anchor 0, Epoch 26/150] Train Loss=0.0001 Train Acc=1.0000 Test Acc=0.8426 Best Acc=0.8543
2025-12-04 17:29:58,333 - cls [Subject 2, Anchor 0, Epoch 27/150] Train Loss=0.0001 Train Acc=1.0000 Test Acc=0.8426 Best Acc=0.8543
2025-12-04 17:30:23,102 - cls [Subject 2, Anchor 0, Epoch 28/150] Train Loss=0.0001 Train Acc=1.0000 Test Acc=0.8426 Best Acc=0.8543
2025-12-04 17:30:50,538 - cls [Subject 2, Anchor 0, Epoch 29/150] Train Loss=0.0001 Train Acc=1.0000 Test Acc=0.8422 Best Acc=0.8543
2025-12-04 17:31:21,778 - cls [Subject 2, Anchor 0, Epoch 30/150] Train Loss=0.0001 Train Acc=1.0000 Test Acc=0.8422 Best Acc=0.8543
2025-12-04 17:31:44,900 - cls [Subject 2, Anchor 0, Epoch 31/150] Train Loss=0.0001 Train Acc=1.0000 Test Acc=0.8422 Best Acc=0.8543
2025-12-04 17:32:04,151 - cls [Subject 2, Anchor 0, Epoch 32/150] Train Loss=0.0001 Train Acc=1.0000 Test Acc=0.8422 Best Acc=0.8543
2025-12-04 17:32:30,216 - cls [Subject 2, Anchor 0, Epoch 33/150] Train Loss=0.0001 Train Acc=1.0000 Test Acc=0.8430 Best Acc=0.8543
2025-12-04 17:32:56,004 - cls [Subject 2, Anchor 0, Epoch 34/150] Train Loss=0.0001 Train Acc=1.0000 Test Acc=0.8422 Best Acc=0.8543
2025-12-04 17:33:23,661 - cls [Subject 2, Anchor 0, Epoch 35/150] Train Loss=0.0001 Train Acc=1.0000 Test Acc=0.8410 Best Acc=0.8543
2025-12-04 17:33:51,759 - cls [Subject 2, Anchor 0, Epoch 36/150] Train Loss=0.0001 Train Acc=1.0000 Test Acc=0.8414 Best Acc=0.8543
2025-12-04 17:34:20,940 - cls [Subject 2, Anchor 0, Epoch 37/150] Train Loss=0.0001 Train Acc=1.0000 Test Acc=0.8418 Best Acc=0.8543
2025-12-04 17:34:43,071 - cls [Subject 2, Anchor 0, Epoch 38/150] Train Loss=0.0001 Train Acc=1.0000 Test Acc=0.8418 Best Acc=0.8543
2025-12-04 17:35:06,309 - cls [Subject 2, Anchor 0, Epoch 39/150] Train Loss=0.0001 Train Acc=1.0000 Test Acc=0.8418 Best Acc=0.8543
2025-12-04 17:35:26,873 - cls [Subject 2, Anchor 0, Epoch 40/150] Train Loss=0.0001 Train Acc=1.0000 Test Acc=0.8422 Best Acc=0.8543
2025-12-04 17:35:46,797 - cls [Subject 2, Anchor 0, Epoch 41/150] Train Loss=0.0001 Train Acc=1.0000 Test Acc=0.8418 Best Acc=0.8543
2025-12-04 17:36:10,373 - cls [Subject 2, Anchor 0, Epoch 42/150] Train Loss=0.0001 Train Acc=1.0000 Test Acc=0.8418 Best Acc=0.8543
2025-12-04 17:36:36,720 - cls [Subject 2, Anchor 0, Epoch 43/150] Train Loss=0.0001 Train Acc=1.0000 Test Acc=0.8418 Best Acc=0.8543
2025-12-04 17:37:01,053 - cls [Subject 2, Anchor 0, Epoch 44/150] Train Loss=0.0001 Train Acc=1.0000 Test Acc=0.8422 Best Acc=0.8543
2025-12-04 17:37:23,991 - cls [Subject 2, Anchor 0, Epoch 45/150] Train Loss=0.0001 Train Acc=1.0000 Test Acc=0.8414 Best Acc=0.8543
2025-12-04 17:37:47,570 - cls [Subject 2, Anchor 0, Epoch 46/150] Train Loss=0.0001 Train Acc=1.0000 Test Acc=0.8414 Best Acc=0.8543
2025-12-04 17:38:09,851 - cls [Subject 2, Anchor 0, Epoch 47/150] Train Loss=0.0001 Train Acc=1.0000 Test Acc=0.8422 Best Acc=0.8543
2025-12-04 17:38:33,105 - cls [Subject 2, Anchor 0, Epoch 48/150] Train Loss=0.0001 Train Acc=1.0000 Test Acc=0.8426 Best Acc=0.8543
2025-12-04 17:38:58,490 - cls [Subject 2, Anchor 0, Epoch 49/150] Train Loss=0.0001 Train Acc=1.0000 Test Acc=0.8422 Best Acc=0.8543
2025-12-04 17:39:17,438 - cls [Subject 2, Anchor 0, Epoch 50/150] Train Loss=0.0001 Train Acc=1.0000 Test Acc=0.8430 Best Acc=0.8543
2025-12-04 17:39:38,564 - cls [Subject 2, Anchor 0, Epoch 51/150] Train Loss=0.0001 Train Acc=1.0000 Test Acc=0.8410 Best Acc=0.8543
2025-12-04 17:40:00,359 - cls [Subject 2, Anchor 0, Epoch 52/150] Train Loss=0.0001 Train Acc=1.0000 Test Acc=0.8422 Best Acc=0.8543
2025-12-04 17:40:22,917 - cls [Subject 2, Anchor 0, Epoch 53/150] Train Loss=0.0001 Train Acc=1.0000 Test Acc=0.8414 Best Acc=0.8543
2025-12-04 17:40:45,172 - cls [Subject 2, Anchor 0, Epoch 54/150] Train Loss=0.0001 Train Acc=1.0000 Test Acc=0.8414 Best Acc=0.8543
2025-12-04 17:41:08,753 - cls [Subject 2, Anchor 0, Epoch 55/150] Train Loss=0.0001 Train Acc=1.0000 Test Acc=0.8410 Best Acc=0.8543
2025-12-04 17:41:30,180 - cls [Subject 2, Anchor 0, Epoch 56/150] Train Loss=0.0001 Train Acc=1.0000 Test Acc=0.8414 Best Acc=0.8543
2025-12-04 17:41:50,572 - cls [Subject 2, Anchor 0, Epoch 57/150] Train Loss=0.0001 Train Acc=1.0000 Test Acc=0.8418 Best Acc=0.8543
2025-12-04 17:42:13,732 - cls [Subject 2, Anchor 0, Epoch 58/150] Train Loss=0.0001 Train Acc=1.0000 Test Acc=0.8410 Best Acc=0.8543
2025-12-04 17:42:39,212 - cls [Subject 2, Anchor 0, Epoch 59/150] Train Loss=0.0001 Train Acc=1.0000 Test Acc=0.8418 Best Acc=0.8543
2025-12-04 17:43:03,525 - cls [Subject 2, Anchor 0, Epoch 60/150] Train Loss=0.0001 Train Acc=1.0000 Test Acc=0.8414 Best Acc=0.8543
2025-12-04 17:43:22,707 - cls [Subject 2, Anchor 0, Epoch 61/150] Train Loss=0.0001 Train Acc=1.0000 Test Acc=0.8414 Best Acc=0.8543
2025-12-04 17:43:46,110 - cls [Subject 2, Anchor 0, Epoch 62/150] Train Loss=0.0001 Train Acc=1.0000 Test Acc=0.8418 Best Acc=0.8543
2025-12-04 17:44:05,522 - cls [Subject 2, Anchor 0, Epoch 63/150] Train Loss=0.0001 Train Acc=1.0000 Test Acc=0.8418 Best Acc=0.8543
2025-12-04 17:44:28,899 - cls [Subject 2, Anchor 0, Epoch 64/150] Train Loss=0.0001 Train Acc=1.0000 Test Acc=0.8414 Best Acc=0.8543
2025-12-04 17:44:52,983 - cls [Subject 2, Anchor 0, Epoch 65/150] Train Loss=0.0001 Train Acc=1.0000 Test Acc=0.8422 Best Acc=0.8543
2025-12-04 17:45:13,604 - cls [Subject 2, Anchor 0, Epoch 66/150] Train Loss=0.0001 Train Acc=1.0000 Test Acc=0.8422 Best Acc=0.8543
2025-12-04 17:45:32,511 - cls [Subject 2, Anchor 0, Epoch 67/150] Train Loss=0.0001 Train Acc=1.0000 Test Acc=0.8426 Best Acc=0.8543
2025-12-04 17:45:53,705 - cls [Subject 2, Anchor 0, Epoch 68/150] Train Loss=0.0001 Train Acc=1.0000 Test Acc=0.8414 Best Acc=0.8543
2025-12-04 17:46:15,163 - cls [Subject 2, Anchor 0, Epoch 69/150] Train Loss=0.0001 Train Acc=1.0000 Test Acc=0.8414 Best Acc=0.8543
2025-12-04 17:46:35,607 - cls [Subject 2, Anchor 0, Epoch 70/150] Train Loss=0.0001 Train Acc=1.0000 Test Acc=0.8422 Best Acc=0.8543
2025-12-04 17:46:59,285 - cls [Subject 2, Anchor 0, Epoch 71/150] Train Loss=0.0001 Train Acc=1.0000 Test Acc=0.8426 Best Acc=0.8543
2025-12-04 17:47:19,822 - cls [Subject 2, Anchor 0, Epoch 72/150] Train Loss=0.0001 Train Acc=1.0000 Test Acc=0.8426 Best Acc=0.8543
2025-12-04 17:47:39,698 - cls [Subject 2, Anchor 0, Epoch 73/150] Train Loss=0.0001 Train Acc=1.0000 Test Acc=0.8430 Best Acc=0.8543
2025-12-04 17:48:00,364 - cls [Subject 2, Anchor 0, Epoch 74/150] Train Loss=0.0001 Train Acc=1.0000 Test Acc=0.8426 Best Acc=0.8543
2025-12-04 17:48:17,747 - cls [Subject 2, Anchor 0, Epoch 75/150] Train Loss=0.0001 Train Acc=1.0000 Test Acc=0.8430 Best Acc=0.8543
2025-12-04 17:48:35,941 - cls [Subject 2, Anchor 0, Epoch 76/150] Train Loss=0.0001 Train Acc=1.0000 Test Acc=0.8418 Best Acc=0.8543
2025-12-04 17:48:58,050 - cls [Subject 2, Anchor 0, Epoch 77/150] Train Loss=0.0001 Train Acc=1.0000 Test Acc=0.8410 Best Acc=0.8543
2025-12-04 17:49:21,362 - cls [Subject 2, Anchor 0, Epoch 78/150] Train Loss=0.0001 Train Acc=1.0000 Test Acc=0.8426 Best Acc=0.8543
2025-12-04 17:49:43,722 - cls [Subject 2, Anchor 0, Epoch 79/150] Train Loss=0.0001 Train Acc=1.0000 Test Acc=0.8434 Best Acc=0.8543
2025-12-04 17:50:05,012 - cls [Subject 2, Anchor 0, Epoch 80/150] Train Loss=0.0001 Train Acc=1.0000 Test Acc=0.8430 Best Acc=0.8543
2025-12-04 17:50:29,340 - cls [Subject 2, Anchor 0, Epoch 81/150] Train Loss=0.0001 Train Acc=1.0000 Test Acc=0.8438 Best Acc=0.8543
2025-12-04 17:50:53,681 - cls [Subject 2, Anchor 0, Epoch 82/150] Train Loss=0.0001 Train Acc=1.0000 Test Acc=0.8438 Best Acc=0.8543
2025-12-04 17:51:15,696 - cls [Subject 2, Anchor 0, Epoch 83/150] Train Loss=0.0001 Train Acc=1.0000 Test Acc=0.8434 Best Acc=0.8543
2025-12-04 17:51:37,547 - cls [Subject 2, Anchor 0, Epoch 84/150] Train Loss=0.0001 Train Acc=1.0000 Test Acc=0.8434 Best Acc=0.8543
2025-12-04 17:51:58,284 - cls [Subject 2, Anchor 0, Epoch 85/150] Train Loss=0.0001 Train Acc=1.0000 Test Acc=0.8430 Best Acc=0.8543
2025-12-04 17:52:17,518 - cls [Subject 2, Anchor 0, Epoch 86/150] Train Loss=0.0001 Train Acc=1.0000 Test Acc=0.8438 Best Acc=0.8543
2025-12-04 17:52:36,879 - cls [Subject 2, Anchor 0, Epoch 87/150] Train Loss=0.0001 Train Acc=1.0000 Test Acc=0.8438 Best Acc=0.8543
2025-12-04 17:52:58,737 - cls [Subject 2, Anchor 0, Epoch 88/150] Train Loss=0.0001 Train Acc=1.0000 Test Acc=0.8434 Best Acc=0.8543
2025-12-04 17:53:19,324 - cls [Subject 2, Anchor 0, Epoch 89/150] Train Loss=0.0001 Train Acc=1.0000 Test Acc=0.8426 Best Acc=0.8543
2025-12-04 17:53:41,015 - cls [Subject 2, Anchor 0, Epoch 90/150] Train Loss=0.0001 Train Acc=1.0000 Test Acc=0.8430 Best Acc=0.8543
2025-12-04 17:54:04,852 - cls [Subject 2, Anchor 0, Epoch 91/150] Train Loss=0.0001 Train Acc=1.0000 Test Acc=0.8426 Best Acc=0.8543
2025-12-04 17:54:25,700 - cls [Subject 2, Anchor 0, Epoch 92/150] Train Loss=0.0001 Train Acc=1.0000 Test Acc=0.8434 Best Acc=0.8543
2025-12-04 17:54:50,313 - cls [Subject 2, Anchor 0, Epoch 93/150] Train Loss=0.0001 Train Acc=1.0000 Test Acc=0.8434 Best Acc=0.8543
2025-12-04 17:55:12,304 - cls [Subject 2, Anchor 0, Epoch 94/150] Train Loss=0.0001 Train Acc=1.0000 Test Acc=0.8438 Best Acc=0.8543
2025-12-04 17:55:34,227 - cls [Subject 2, Anchor 0, Epoch 95/150] Train Loss=0.0001 Train Acc=1.0000 Test Acc=0.8438 Best Acc=0.8543
2025-12-04 17:55:54,454 - cls [Subject 2, Anchor 0, Epoch 96/150] Train Loss=0.0001 Train Acc=1.0000 Test Acc=0.8438 Best Acc=0.8543
2025-12-04 17:56:13,314 - cls [Subject 2, Anchor 0, Epoch 97/150] Train Loss=0.0001 Train Acc=1.0000 Test Acc=0.8426 Best Acc=0.8543
2025-12-04 17:56:32,498 - cls [Subject 2, Anchor 0, Epoch 98/150] Train Loss=0.0001 Train Acc=1.0000 Test Acc=0.8438 Best Acc=0.8543
2025-12-04 17:56:56,210 - cls [Subject 2, Anchor 0, Epoch 99/150] Train Loss=0.0001 Train Acc=1.0000 Test Acc=0.8438 Best Acc=0.8543
2025-12-04 17:57:16,266 - cls [Subject 2, Anchor 0, Epoch 100/150] Train Loss=0.0001 Train Acc=1.0000 Test Acc=0.8438 Best Acc=0.8543
2025-12-04 17:57:37,966 - cls [Subject 2, Anchor 0, Epoch 101/150] Train Loss=0.0001 Train Acc=1.0000 Test Acc=0.8438 Best Acc=0.8543
2025-12-04 17:58:00,845 - cls [Subject 2, Anchor 0, Epoch 102/150] Train Loss=0.0001 Train Acc=1.0000 Test Acc=0.8434 Best Acc=0.8543
2025-12-04 17:58:27,406 - cls [Subject 2, Anchor 0, Epoch 103/150] Train Loss=0.0001 Train Acc=1.0000 Test Acc=0.8434 Best Acc=0.8543
2025-12-04 17:58:51,248 - cls [Subject 2, Anchor 0, Epoch 104/150] Train Loss=0.0001 Train Acc=1.0000 Test Acc=0.8434 Best Acc=0.8543
2025-12-04 17:59:29,660 - cls [Subject 2, Anchor 0, Epoch 105/150] Train Loss=0.0001 Train Acc=1.0000 Test Acc=0.8438 Best Acc=0.8543
2025-12-04 17:59:59,377 - cls [Subject 2, Anchor 0, Epoch 106/150] Train Loss=0.0001 Train Acc=1.0000 Test Acc=0.8441 Best Acc=0.8543
2025-12-04 18:00:21,400 - cls [Subject 2, Anchor 0, Epoch 107/150] Train Loss=0.0001 Train Acc=1.0000 Test Acc=0.8438 Best Acc=0.8543
2025-12-04 18:00:42,445 - cls [Subject 2, Anchor 0, Epoch 108/150] Train Loss=0.0001 Train Acc=1.0000 Test Acc=0.8438 Best Acc=0.8543
2025-12-04 18:01:08,130 - cls [Subject 2, Anchor 0, Epoch 109/150] Train Loss=0.0001 Train Acc=1.0000 Test Acc=0.8441 Best Acc=0.8543
2025-12-04 18:01:30,368 - cls [Subject 2, Anchor 0, Epoch 110/150] Train Loss=0.0001 Train Acc=1.0000 Test Acc=0.8434 Best Acc=0.8543
2025-12-04 18:01:54,479 - cls [Subject 2, Anchor 0, Epoch 111/150] Train Loss=0.0001 Train Acc=1.0000 Test Acc=0.8438 Best Acc=0.8543
2025-12-04 18:02:23,990 - cls [Subject 2, Anchor 0, Epoch 112/150] Train Loss=0.0001 Train Acc=1.0000 Test Acc=0.8441 Best Acc=0.8543
2025-12-04 18:02:49,013 - cls [Subject 2, Anchor 0, Epoch 113/150] Train Loss=0.0001 Train Acc=1.0000 Test Acc=0.8441 Best Acc=0.8543
2025-12-04 18:03:13,933 - cls [Subject 2, Anchor 0, Epoch 114/150] Train Loss=0.0001 Train Acc=1.0000 Test Acc=0.8441 Best Acc=0.8543
2025-12-04 18:03:39,991 - cls [Subject 2, Anchor 0, Epoch 115/150] Train Loss=0.0001 Train Acc=1.0000 Test Acc=0.8441 Best Acc=0.8543
2025-12-04 18:04:01,799 - cls [Subject 2, Anchor 0, Epoch 116/150] Train Loss=0.0001 Train Acc=1.0000 Test Acc=0.8441 Best Acc=0.8543
2025-12-04 18:04:23,931 - cls [Subject 2, Anchor 0, Epoch 117/150] Train Loss=0.0001 Train Acc=1.0000 Test Acc=0.8441 Best Acc=0.8543
2025-12-04 18:04:47,495 - cls [Subject 2, Anchor 0, Epoch 118/150] Train Loss=0.0001 Train Acc=1.0000 Test Acc=0.8441 Best Acc=0.8543
2025-12-04 18:05:10,651 - cls [Subject 2, Anchor 0, Epoch 119/150] Train Loss=0.0001 Train Acc=1.0000 Test Acc=0.8441 Best Acc=0.8543
2025-12-04 18:05:34,677 - cls [Subject 2, Anchor 0, Epoch 120/150] Train Loss=0.0001 Train Acc=1.0000 Test Acc=0.8441 Best Acc=0.8543
2025-12-04 18:05:56,332 - cls [Subject 2, Anchor 0, Epoch 121/150] Train Loss=0.0001 Train Acc=1.0000 Test Acc=0.8441 Best Acc=0.8543
2025-12-04 18:06:17,789 - cls [Subject 2, Anchor 0, Epoch 122/150] Train Loss=0.0001 Train Acc=1.0000 Test Acc=0.8441 Best Acc=0.8543
2025-12-04 18:06:39,262 - cls [Subject 2, Anchor 0, Epoch 123/150] Train Loss=0.0001 Train Acc=1.0000 Test Acc=0.8441 Best Acc=0.8543
2025-12-04 18:07:03,694 - cls [Subject 2, Anchor 0, Epoch 124/150] Train Loss=0.0001 Train Acc=1.0000 Test Acc=0.8441 Best Acc=0.8543
2025-12-04 18:07:28,729 - cls [Subject 2, Anchor 0, Epoch 125/150] Train Loss=0.0001 Train Acc=1.0000 Test Acc=0.8445 Best Acc=0.8543
2025-12-04 18:07:51,395 - cls [Subject 2, Anchor 0, Epoch 126/150] Train Loss=0.0001 Train Acc=1.0000 Test Acc=0.8434 Best Acc=0.8543
2025-12-04 18:08:11,704 - cls [Subject 2, Anchor 0, Epoch 127/150] Train Loss=0.0001 Train Acc=1.0000 Test Acc=0.8438 Best Acc=0.8543
2025-12-04 18:08:32,154 - cls [Subject 2, Anchor 0, Epoch 128/150] Train Loss=0.0001 Train Acc=1.0000 Test Acc=0.8438 Best Acc=0.8543
2025-12-04 18:08:55,111 - cls [Subject 2, Anchor 0, Epoch 129/150] Train Loss=0.0001 Train Acc=1.0000 Test Acc=0.8438 Best Acc=0.8543
2025-12-04 18:09:18,602 - cls [Subject 2, Anchor 0, Epoch 130/150] Train Loss=0.0001 Train Acc=1.0000 Test Acc=0.8438 Best Acc=0.8543
2025-12-04 18:09:43,737 - cls [Subject 2, Anchor 0, Epoch 131/150] Train Loss=0.0001 Train Acc=1.0000 Test Acc=0.8438 Best Acc=0.8543
2025-12-04 18:10:13,695 - cls [Subject 2, Anchor 0, Epoch 132/150] Train Loss=0.0001 Train Acc=1.0000 Test Acc=0.8438 Best Acc=0.8543
2025-12-04 18:10:37,283 - cls [Subject 2, Anchor 0, Epoch 133/150] Train Loss=0.0001 Train Acc=1.0000 Test Acc=0.8438 Best Acc=0.8543
2025-12-04 18:11:01,975 - cls [Subject 2, Anchor 0, Epoch 134/150] Train Loss=0.0001 Train Acc=1.0000 Test Acc=0.8441 Best Acc=0.8543
2025-12-04 18:11:24,686 - cls [Subject 2, Anchor 0, Epoch 135/150] Train Loss=0.0001 Train Acc=1.0000 Test Acc=0.8438 Best Acc=0.8543
2025-12-04 18:11:46,334 - cls [Subject 2, Anchor 0, Epoch 136/150] Train Loss=0.0001 Train Acc=1.0000 Test Acc=0.8441 Best Acc=0.8543
2025-12-04 18:12:06,447 - cls [Subject 2, Anchor 0, Epoch 137/150] Train Loss=0.0001 Train Acc=1.0000 Test Acc=0.8438 Best Acc=0.8543
2025-12-04 18:12:29,559 - cls [Subject 2, Anchor 0, Epoch 138/150] Train Loss=0.0001 Train Acc=1.0000 Test Acc=0.8438 Best Acc=0.8543
2025-12-04 18:12:50,477 - cls [Subject 2, Anchor 0, Epoch 139/150] Train Loss=0.0001 Train Acc=1.0000 Test Acc=0.8438 Best Acc=0.8543
2025-12-04 18:13:15,417 - cls [Subject 2, Anchor 0, Epoch 140/150] Train Loss=0.0001 Train Acc=1.0000 Test Acc=0.8441 Best Acc=0.8543
2025-12-04 18:13:39,020 - cls [Subject 2, Anchor 0, Epoch 141/150] Train Loss=0.0001 Train Acc=1.0000 Test Acc=0.8441 Best Acc=0.8543
2025-12-04 18:14:01,467 - cls [Subject 2, Anchor 0, Epoch 142/150] Train Loss=0.0001 Train Acc=1.0000 Test Acc=0.8445 Best Acc=0.8543
2025-12-04 18:14:25,697 - cls [Subject 2, Anchor 0, Epoch 143/150] Train Loss=0.0001 Train Acc=1.0000 Test Acc=0.8441 Best Acc=0.8543
2025-12-04 18:14:48,314 - cls [Subject 2, Anchor 0, Epoch 144/150] Train Loss=0.0001 Train Acc=1.0000 Test Acc=0.8438 Best Acc=0.8543
2025-12-04 18:15:11,714 - cls [Subject 2, Anchor 0, Epoch 145/150] Train Loss=0.0001 Train Acc=1.0000 Test Acc=0.8445 Best Acc=0.8543
2025-12-04 18:15:33,504 - cls [Subject 2, Anchor 0, Epoch 146/150] Train Loss=0.0001 Train Acc=1.0000 Test Acc=0.8445 Best Acc=0.8543
2025-12-04 18:15:56,273 - cls [Subject 2, Anchor 0, Epoch 147/150] Train Loss=0.0001 Train Acc=1.0000 Test Acc=0.8445 Best Acc=0.8543
2025-12-04 18:16:17,897 - cls [Subject 2, Anchor 0, Epoch 148/150] Train Loss=0.0001 Train Acc=1.0000 Test Acc=0.8441 Best Acc=0.8543
2025-12-04 18:16:40,278 - cls [Subject 2, Anchor 0, Epoch 149/150] Train Loss=0.0001 Train Acc=1.0000 Test Acc=0.8449 Best Acc=0.8543
2025-12-04 18:17:01,433 - cls [Subject 2, Anchor 0, Epoch 150/150] Train Loss=0.0001 Train Acc=1.0000 Test Acc=0.8441 Best Acc=0.8543
2025-12-04 18:17:01,439 - labelAlign [Subject 2, Anchor 0 Target 0] Start
2025-12-04 18:17:41,240 - all [Subject 2, Anchor 0, Epoch 1/300] Train Loss=0.0004 Train Acc=0.9978 Test Acc=0.8340 Best Acc=0.8543
2025-12-04 18:18:12,210 - all [Subject 2, Anchor 0, Epoch 2/300] Train Loss=0.0003 Train Acc=0.9997 Test Acc=0.7754 Best Acc=0.8543
2025-12-04 18:18:42,319 - all [Subject 2, Anchor 0, Epoch 3/300] Train Loss=0.0003 Train Acc=1.0000 Test Acc=0.7801 Best Acc=0.8543
2025-12-04 18:19:11,905 - all [Subject 2, Anchor 0, Epoch 4/300] Train Loss=0.0003 Train Acc=1.0000 Test Acc=0.7793 Best Acc=0.8543
2025-12-04 18:19:42,204 - all [Subject 2, Anchor 0, Epoch 5/300] Train Loss=0.0003 Train Acc=1.0000 Test Acc=0.7895 Best Acc=0.8543
2025-12-04 18:20:10,506 - all [Subject 2, Anchor 0, Epoch 6/300] Train Loss=0.0003 Train Acc=1.0000 Test Acc=0.8004 Best Acc=0.8543
2025-12-04 18:20:36,456 - all [Subject 2, Anchor 0, Epoch 7/300] Train Loss=0.0003 Train Acc=1.0000 Test Acc=0.7859 Best Acc=0.8543
2025-12-04 18:21:04,293 - all [Subject 2, Anchor 0, Epoch 8/300] Train Loss=0.0003 Train Acc=1.0000 Test Acc=0.7805 Best Acc=0.8543
2025-12-04 18:21:36,052 - all [Subject 2, Anchor 0, Epoch 9/300] Train Loss=0.0003 Train Acc=1.0000 Test Acc=0.7750 Best Acc=0.8543
2025-12-04 18:22:03,866 - all [Subject 2, Anchor 0, Epoch 10/300] Train Loss=0.0003 Train Acc=1.0000 Test Acc=0.7746 Best Acc=0.8543
2025-12-04 18:22:34,352 - all [Subject 2, Anchor 0, Epoch 11/300] Train Loss=0.0003 Train Acc=1.0000 Test Acc=0.7871 Best Acc=0.8543
2025-12-04 18:23:03,199 - all [Subject 2, Anchor 0, Epoch 12/300] Train Loss=0.0003 Train Acc=1.0000 Test Acc=0.7867 Best Acc=0.8543
2025-12-04 18:23:33,489 - all [Subject 2, Anchor 0, Epoch 13/300] Train Loss=0.0005 Train Acc=0.9776 Test Acc=0.5527 Best Acc=0.8543
2025-12-04 18:24:07,784 - all [Subject 2, Anchor 0, Epoch 14/300] Train Loss=0.0006 Train Acc=0.9649 Test Acc=0.7094 Best Acc=0.8543
2025-12-04 18:24:36,800 - all [Subject 2, Anchor 0, Epoch 15/300] Train Loss=0.0004 Train Acc=0.9936 Test Acc=0.8395 Best Acc=0.8543
2025-12-04 18:25:03,556 - all [Subject 2, Anchor 0, Epoch 16/300] Train Loss=0.0003 Train Acc=0.9999 Test Acc=0.8227 Best Acc=0.8543
2025-12-04 18:25:32,296 - all [Subject 2, Anchor 0, Epoch 17/300] Train Loss=0.0003 Train Acc=1.0000 Test Acc=0.8227 Best Acc=0.8543
2025-12-04 18:26:02,863 - all [Subject 2, Anchor 0, Epoch 18/300] Train Loss=0.0003 Train Acc=1.0000 Test Acc=0.8207 Best Acc=0.8543
2025-12-04 18:26:34,155 - all [Subject 2, Anchor 0, Epoch 19/300] Train Loss=0.0003 Train Acc=1.0000 Test Acc=0.8223 Best Acc=0.8543
2025-12-04 18:27:02,419 - all [Subject 2, Anchor 0, Epoch 20/300] Train Loss=0.0003 Train Acc=1.0000 Test Acc=0.8191 Best Acc=0.8543
2025-12-04 18:27:29,808 - all [Subject 2, Anchor 0, Epoch 21/300] Train Loss=0.0003 Train Acc=1.0000 Test Acc=0.8090 Best Acc=0.8543
2025-12-04 18:27:56,156 - all [Subject 2, Anchor 0, Epoch 22/300] Train Loss=0.0003 Train Acc=1.0000 Test Acc=0.8187 Best Acc=0.8543
2025-12-04 18:28:28,622 - all [Subject 2, Anchor 0, Epoch 23/300] Train Loss=0.0003 Train Acc=1.0000 Test Acc=0.8195 Best Acc=0.8543
2025-12-04 18:28:56,055 - all [Subject 2, Anchor 0, Epoch 24/300] Train Loss=0.0003 Train Acc=1.0000 Test Acc=0.8211 Best Acc=0.8543
2025-12-04 18:29:22,956 - all [Subject 2, Anchor 0, Epoch 25/300] Train Loss=0.0003 Train Acc=1.0000 Test Acc=0.8285 Best Acc=0.8543
2025-12-04 18:29:49,403 - all [Subject 2, Anchor 0, Epoch 26/300] Train Loss=0.0003 Train Acc=1.0000 Test Acc=0.8301 Best Acc=0.8543
2025-12-04 18:30:15,360 - all [Subject 2, Anchor 0, Epoch 27/300] Train Loss=0.0003 Train Acc=1.0000 Test Acc=0.8309 Best Acc=0.8543
2025-12-04 18:30:44,687 - all [Subject 2, Anchor 0, Epoch 28/300] Train Loss=0.0003 Train Acc=1.0000 Test Acc=0.8324 Best Acc=0.8543
2025-12-04 18:31:10,659 - all [Subject 2, Anchor 0, Epoch 29/300] Train Loss=0.0003 Train Acc=1.0000 Test Acc=0.8328 Best Acc=0.8543
2025-12-04 18:31:37,393 - all [Subject 2, Anchor 0, Epoch 30/300] Train Loss=0.0003 Train Acc=1.0000 Test Acc=0.8301 Best Acc=0.8543
2025-12-04 18:32:01,921 - all [Subject 2, Anchor 0, Epoch 31/300] Train Loss=0.0003 Train Acc=1.0000 Test Acc=0.8262 Best Acc=0.8543
2025-12-04 18:32:24,917 - all [Subject 2, Anchor 0, Epoch 32/300] Train Loss=0.0003 Train Acc=1.0000 Test Acc=0.8273 Best Acc=0.8543
2025-12-04 18:32:47,816 - all [Subject 2, Anchor 0, Epoch 33/300] Train Loss=0.0003 Train Acc=1.0000 Test Acc=0.8266 Best Acc=0.8543
2025-12-04 18:33:10,709 - all [Subject 2, Anchor 0, Epoch 34/300] Train Loss=0.0003 Train Acc=1.0000 Test Acc=0.8289 Best Acc=0.8543
2025-12-04 18:33:32,022 - all [Subject 2, Anchor 0, Epoch 35/300] Train Loss=0.0003 Train Acc=1.0000 Test Acc=0.8348 Best Acc=0.8543
2025-12-04 18:33:55,245 - all [Subject 2, Anchor 0, Epoch 36/300] Train Loss=0.0003 Train Acc=1.0000 Test Acc=0.8352 Best Acc=0.8543
2025-12-04 18:34:16,697 - all [Subject 2, Anchor 0, Epoch 37/300] Train Loss=0.0003 Train Acc=1.0000 Test Acc=0.8348 Best Acc=0.8543
2025-12-04 18:34:40,162 - all [Subject 2, Anchor 0, Epoch 38/300] Train Loss=0.0003 Train Acc=1.0000 Test Acc=0.8344 Best Acc=0.8543
2025-12-04 18:35:03,252 - all [Subject 2, Anchor 0, Epoch 39/300] Train Loss=0.0003 Train Acc=1.0000 Test Acc=0.8348 Best Acc=0.8543
2025-12-04 18:35:26,222 - all [Subject 2, Anchor 0, Epoch 40/300] Train Loss=0.0003 Train Acc=1.0000 Test Acc=0.8352 Best Acc=0.8543
2025-12-04 18:35:48,287 - all [Subject 2, Anchor 0, Epoch 41/300] Train Loss=0.0003 Train Acc=1.0000 Test Acc=0.8344 Best Acc=0.8543
2025-12-04 18:36:16,164 - all [Subject 2, Anchor 0, Epoch 42/300] Train Loss=0.0003 Train Acc=1.0000 Test Acc=0.8363 Best Acc=0.8543
2025-12-04 18:36:40,677 - all [Subject 2, Anchor 0, Epoch 43/300] Train Loss=0.0003 Train Acc=1.0000 Test Acc=0.8371 Best Acc=0.8543
2025-12-04 18:37:04,715 - all [Subject 2, Anchor 0, Epoch 44/300] Train Loss=0.0003 Train Acc=1.0000 Test Acc=0.8367 Best Acc=0.8543
2025-12-04 18:37:27,011 - all [Subject 2, Anchor 0, Epoch 45/300] Train Loss=0.0003 Train Acc=1.0000 Test Acc=0.8363 Best Acc=0.8543
2025-12-04 18:37:50,995 - all [Subject 2, Anchor 0, Epoch 46/300] Train Loss=0.0003 Train Acc=1.0000 Test Acc=0.8355 Best Acc=0.8543
2025-12-04 18:38:17,780 - all [Subject 2, Anchor 0, Epoch 47/300] Train Loss=0.0003 Train Acc=1.0000 Test Acc=0.8375 Best Acc=0.8543
2025-12-04 18:38:40,699 - all [Subject 2, Anchor 0, Epoch 48/300] Train Loss=0.0003 Train Acc=1.0000 Test Acc=0.8387 Best Acc=0.8543
2025-12-04 18:39:03,212 - all [Subject 2, Anchor 0, Epoch 49/300] Train Loss=0.0003 Train Acc=1.0000 Test Acc=0.8395 Best Acc=0.8543
2025-12-04 18:39:26,187 - all [Subject 2, Anchor 0, Epoch 50/300] Train Loss=0.0003 Train Acc=1.0000 Test Acc=0.8422 Best Acc=0.8543
2025-12-04 18:39:49,597 - all [Subject 2, Anchor 0, Epoch 51/300] Train Loss=0.0003 Train Acc=1.0000 Test Acc=0.8422 Best Acc=0.8543
2025-12-04 18:40:15,307 - all [Subject 2, Anchor 0, Epoch 52/300] Train Loss=0.0003 Train Acc=1.0000 Test Acc=0.8422 Best Acc=0.8543
2025-12-04 18:40:40,059 - all [Subject 2, Anchor 0, Epoch 53/300] Train Loss=0.0003 Train Acc=1.0000 Test Acc=0.8441 Best Acc=0.8543
2025-12-04 18:41:03,159 - all [Subject 2, Anchor 0, Epoch 54/300] Train Loss=0.0003 Train Acc=1.0000 Test Acc=0.8434 Best Acc=0.8543
2025-12-04 18:41:24,899 - all [Subject 2, Anchor 0, Epoch 55/300] Train Loss=0.0003 Train Acc=1.0000 Test Acc=0.8426 Best Acc=0.8543
2025-12-04 18:41:46,630 - all [Subject 2, Anchor 0, Epoch 56/300] Train Loss=0.0003 Train Acc=1.0000 Test Acc=0.8484 Best Acc=0.8543
2025-12-04 18:42:07,794 - all [Subject 2, Anchor 0, Epoch 57/300] Train Loss=0.0003 Train Acc=1.0000 Test Acc=0.8402 Best Acc=0.8543
2025-12-04 18:42:28,040 - all [Subject 2, Anchor 0, Epoch 58/300] Train Loss=0.0003 Train Acc=1.0000 Test Acc=0.8523 Best Acc=0.8543
2025-12-04 18:42:48,706 - all [Subject 2, Anchor 0, Epoch 59/300] Train Loss=0.0003 Train Acc=0.9996 Test Acc=0.7539 Best Acc=0.8543
2025-12-04 18:43:10,618 - all [Subject 2, Anchor 0, Epoch 60/300] Train Loss=0.0006 Train Acc=0.9577 Test Acc=0.8258 Best Acc=0.8543
2025-12-04 18:43:35,837 - all [Subject 2, Anchor 0, Epoch 61/300] Train Loss=0.0005 Train Acc=0.9693 Test Acc=0.5902 Best Acc=0.8543
2025-12-04 18:44:01,688 - all [Subject 2, Anchor 0, Epoch 62/300] Train Loss=0.0004 Train Acc=0.9901 Test Acc=0.8039 Best Acc=0.8543
2025-12-04 18:44:29,124 - all [Subject 2, Anchor 0, Epoch 63/300] Train Loss=0.0003 Train Acc=0.9994 Test Acc=0.7984 Best Acc=0.8543
2025-12-04 18:44:55,267 - all [Subject 2, Anchor 0, Epoch 64/300] Train Loss=0.0003 Train Acc=1.0000 Test Acc=0.8309 Best Acc=0.8543
2025-12-04 18:45:22,241 - all [Subject 2, Anchor 0, Epoch 65/300] Train Loss=0.0003 Train Acc=1.0000 Test Acc=0.8313 Best Acc=0.8543
2025-12-04 18:45:52,107 - all [Subject 2, Anchor 0, Epoch 66/300] Train Loss=0.0003 Train Acc=1.0000 Test Acc=0.8395 Best Acc=0.8543
2025-12-04 18:46:21,431 - all [Subject 2, Anchor 0, Epoch 67/300] Train Loss=0.0003 Train Acc=1.0000 Test Acc=0.8551 Best Acc=0.8551
2025-12-04 18:46:58,460 - all [Subject 2, Anchor 0, Epoch 68/300] Train Loss=0.0003 Train Acc=1.0000 Test Acc=0.8457 Best Acc=0.8551
2025-12-04 18:47:24,645 - all [Subject 2, Anchor 0, Epoch 69/300] Train Loss=0.0003 Train Acc=1.0000 Test Acc=0.8387 Best Acc=0.8551
2025-12-04 18:47:45,402 - all [Subject 2, Anchor 0, Epoch 70/300] Train Loss=0.0003 Train Acc=1.0000 Test Acc=0.8367 Best Acc=0.8551
2025-12-04 18:48:07,660 - all [Subject 2, Anchor 0, Epoch 71/300] Train Loss=0.0003 Train Acc=1.0000 Test Acc=0.8367 Best Acc=0.8551
2025-12-04 18:48:28,016 - all [Subject 2, Anchor 0, Epoch 72/300] Train Loss=0.0003 Train Acc=1.0000 Test Acc=0.8348 Best Acc=0.8551
2025-12-04 18:48:47,543 - all [Subject 2, Anchor 0, Epoch 73/300] Train Loss=0.0003 Train Acc=1.0000 Test Acc=0.8387 Best Acc=0.8551
2025-12-04 18:49:08,810 - all [Subject 2, Anchor 0, Epoch 74/300] Train Loss=0.0003 Train Acc=1.0000 Test Acc=0.8410 Best Acc=0.8551
2025-12-04 18:49:34,447 - all [Subject 2, Anchor 0, Epoch 75/300] Train Loss=0.0003 Train Acc=1.0000 Test Acc=0.8387 Best Acc=0.8551
2025-12-04 18:49:55,375 - all [Subject 2, Anchor 0, Epoch 76/300] Train Loss=0.0003 Train Acc=1.0000 Test Acc=0.8430 Best Acc=0.8551
2025-12-04 18:50:16,126 - all [Subject 2, Anchor 0, Epoch 77/300] Train Loss=0.0003 Train Acc=1.0000 Test Acc=0.8438 Best Acc=0.8551
2025-12-04 18:50:38,053 - all [Subject 2, Anchor 0, Epoch 78/300] Train Loss=0.0003 Train Acc=1.0000 Test Acc=0.8418 Best Acc=0.8551
2025-12-04 18:50:58,498 - all [Subject 2, Anchor 0, Epoch 79/300] Train Loss=0.0003 Train Acc=1.0000 Test Acc=0.8414 Best Acc=0.8551
2025-12-04 18:51:20,880 - all [Subject 2, Anchor 0, Epoch 80/300] Train Loss=0.0003 Train Acc=1.0000 Test Acc=0.8430 Best Acc=0.8551
2025-12-04 18:51:41,801 - all [Subject 2, Anchor 0, Epoch 81/300] Train Loss=0.0003 Train Acc=1.0000 Test Acc=0.8461 Best Acc=0.8551
2025-12-04 18:52:03,137 - all [Subject 2, Anchor 0, Epoch 82/300] Train Loss=0.0003 Train Acc=1.0000 Test Acc=0.8367 Best Acc=0.8551
2025-12-04 18:52:23,616 - all [Subject 2, Anchor 0, Epoch 83/300] Train Loss=0.0003 Train Acc=1.0000 Test Acc=0.8313 Best Acc=0.8551
2025-12-04 18:52:42,910 - all [Subject 2, Anchor 0, Epoch 84/300] Train Loss=0.0003 Train Acc=1.0000 Test Acc=0.8301 Best Acc=0.8551
2025-12-04 18:53:03,890 - all [Subject 2, Anchor 0, Epoch 85/300] Train Loss=0.0003 Train Acc=1.0000 Test Acc=0.8313 Best Acc=0.8551
2025-12-04 18:53:22,122 - all [Subject 2, Anchor 0, Epoch 86/300] Train Loss=0.0003 Train Acc=1.0000 Test Acc=0.8469 Best Acc=0.8551
2025-12-04 18:53:43,779 - all [Subject 2, Anchor 0, Epoch 87/300] Train Loss=0.0003 Train Acc=1.0000 Test Acc=0.8465 Best Acc=0.8551
2025-12-04 18:54:05,746 - all [Subject 2, Anchor 0, Epoch 88/300] Train Loss=0.0003 Train Acc=1.0000 Test Acc=0.8367 Best Acc=0.8551
2025-12-04 18:54:29,070 - all [Subject 2, Anchor 0, Epoch 89/300] Train Loss=0.0003 Train Acc=1.0000 Test Acc=0.8391 Best Acc=0.8551
2025-12-04 18:54:50,306 - all [Subject 2, Anchor 0, Epoch 90/300] Train Loss=0.0003 Train Acc=1.0000 Test Acc=0.8488 Best Acc=0.8551
2025-12-04 18:55:12,100 - all [Subject 2, Anchor 0, Epoch 91/300] Train Loss=0.0003 Train Acc=1.0000 Test Acc=0.8469 Best Acc=0.8551
2025-12-04 18:55:32,407 - all [Subject 2, Anchor 0, Epoch 92/300] Train Loss=0.0003 Train Acc=1.0000 Test Acc=0.8414 Best Acc=0.8551
2025-12-04 18:55:52,911 - all [Subject 2, Anchor 0, Epoch 93/300] Train Loss=0.0003 Train Acc=1.0000 Test Acc=0.8434 Best Acc=0.8551
2025-12-04 18:56:16,313 - all [Subject 2, Anchor 0, Epoch 94/300] Train Loss=0.0003 Train Acc=1.0000 Test Acc=0.8473 Best Acc=0.8551
2025-12-04 18:56:36,200 - all [Subject 2, Anchor 0, Epoch 95/300] Train Loss=0.0003 Train Acc=1.0000 Test Acc=0.8461 Best Acc=0.8551
2025-12-04 18:56:58,662 - all [Subject 2, Anchor 0, Epoch 96/300] Train Loss=0.0003 Train Acc=1.0000 Test Acc=0.8434 Best Acc=0.8551
2025-12-04 18:57:18,756 - all [Subject 2, Anchor 0, Epoch 97/300] Train Loss=0.0003 Train Acc=1.0000 Test Acc=0.8473 Best Acc=0.8551
2025-12-04 18:57:39,347 - all [Subject 2, Anchor 0, Epoch 98/300] Train Loss=0.0003 Train Acc=1.0000 Test Acc=0.8480 Best Acc=0.8551
2025-12-04 18:58:03,257 - all [Subject 2, Anchor 0, Epoch 99/300] Train Loss=0.0004 Train Acc=0.9958 Test Acc=0.7676 Best Acc=0.8551
2025-12-04 18:58:25,224 - all [Subject 2, Anchor 0, Epoch 100/300] Train Loss=0.0006 Train Acc=0.9557 Test Acc=0.6645 Best Acc=0.8551
2025-12-04 18:58:45,984 - all [Subject 2, Anchor 0, Epoch 101/300] Train Loss=0.0004 Train Acc=0.9930 Test Acc=0.7629 Best Acc=0.8551
2025-12-04 18:59:07,286 - all [Subject 2, Anchor 0, Epoch 102/300] Train Loss=0.0003 Train Acc=1.0000 Test Acc=0.7715 Best Acc=0.8551
2025-12-04 18:59:27,834 - all [Subject 2, Anchor 0, Epoch 103/300] Train Loss=0.0003 Train Acc=1.0000 Test Acc=0.7777 Best Acc=0.8551
2025-12-04 18:59:49,156 - all [Subject 2, Anchor 0, Epoch 104/300] Train Loss=0.0003 Train Acc=1.0000 Test Acc=0.7820 Best Acc=0.8551
2025-12-04 19:00:08,623 - all [Subject 2, Anchor 0, Epoch 105/300] Train Loss=0.0003 Train Acc=1.0000 Test Acc=0.7789 Best Acc=0.8551
2025-12-04 19:00:30,267 - all [Subject 2, Anchor 0, Epoch 106/300] Train Loss=0.0003 Train Acc=1.0000 Test Acc=0.7848 Best Acc=0.8551
2025-12-04 19:00:51,128 - all [Subject 2, Anchor 0, Epoch 107/300] Train Loss=0.0003 Train Acc=1.0000 Test Acc=0.7867 Best Acc=0.8551
2025-12-04 19:01:17,448 - all [Subject 2, Anchor 0, Epoch 108/300] Train Loss=0.0003 Train Acc=1.0000 Test Acc=0.7918 Best Acc=0.8551
2025-12-04 19:01:43,619 - all [Subject 2, Anchor 0, Epoch 109/300] Train Loss=0.0003 Train Acc=1.0000 Test Acc=0.8059 Best Acc=0.8551
2025-12-04 19:02:08,556 - all [Subject 2, Anchor 0, Epoch 110/300] Train Loss=0.0003 Train Acc=1.0000 Test Acc=0.8039 Best Acc=0.8551
2025-12-04 19:02:35,687 - all [Subject 2, Anchor 0, Epoch 111/300] Train Loss=0.0003 Train Acc=1.0000 Test Acc=0.8059 Best Acc=0.8551
2025-12-04 19:03:01,436 - all [Subject 2, Anchor 0, Epoch 112/300] Train Loss=0.0003 Train Acc=1.0000 Test Acc=0.7996 Best Acc=0.8551
2025-12-04 19:03:30,234 - all [Subject 2, Anchor 0, Epoch 113/300] Train Loss=0.0003 Train Acc=1.0000 Test Acc=0.8035 Best Acc=0.8551
2025-12-04 19:04:13,265 - all [Subject 2, Anchor 0, Epoch 114/300] Train Loss=0.0003 Train Acc=1.0000 Test Acc=0.7996 Best Acc=0.8551
2025-12-04 19:04:40,648 - all [Subject 2, Anchor 0, Epoch 115/300] Train Loss=0.0003 Train Acc=1.0000 Test Acc=0.8063 Best Acc=0.8551
2025-12-04 19:05:08,045 - all [Subject 2, Anchor 0, Epoch 116/300] Train Loss=0.0003 Train Acc=1.0000 Test Acc=0.8086 Best Acc=0.8551
2025-12-04 19:05:33,653 - all [Subject 2, Anchor 0, Epoch 117/300] Train Loss=0.0003 Train Acc=1.0000 Test Acc=0.8090 Best Acc=0.8551
2025-12-04 19:06:03,517 - all [Subject 2, Anchor 0, Epoch 118/300] Train Loss=0.0003 Train Acc=1.0000 Test Acc=0.8098 Best Acc=0.8551
