2025-12-04 17:01:28,069 - === GLAE, leaving subject 10 for test ===
2025-12-04 17:08:42,420 - =========================Subject 10, Anchor 0===========================
2025-12-04 17:09:44,340 - anchor [Subject 10, Anchor 0, Epoch 1/150] Train Loss=0.0002 Train Acc=0.9770 Test Acc=0.9695 Best Acc=0.9695
2025-12-04 17:09:46,819 - anchor [Subject 10, Anchor 0, Epoch 2/150] Train Loss=0.0001 Train Acc=0.9832 Test Acc=0.9691 Best Acc=0.9695
2025-12-04 17:09:49,554 - anchor [Subject 10, Anchor 0, Epoch 3/150] Train Loss=0.0001 Train Acc=0.9852 Test Acc=0.9691 Best Acc=0.9695
2025-12-04 17:09:52,900 - anchor [Subject 10, Anchor 0, Epoch 4/150] Train Loss=0.0001 Train Acc=0.9859 Test Acc=0.9691 Best Acc=0.9695
2025-12-04 17:09:55,184 - anchor [Subject 10, Anchor 0, Epoch 5/150] Train Loss=0.0000 Train Acc=0.9902 Test Acc=0.9695 Best Acc=0.9695
2025-12-04 17:09:57,219 - anchor [Subject 10, Anchor 0, Epoch 6/150] Train Loss=0.0000 Train Acc=0.9938 Test Acc=0.9695 Best Acc=0.9695
2025-12-04 17:09:59,340 - anchor [Subject 10, Anchor 0, Epoch 7/150] Train Loss=0.0000 Train Acc=0.9953 Test Acc=0.9691 Best Acc=0.9695
2025-12-04 17:10:03,029 - anchor [Subject 10, Anchor 0, Epoch 8/150] Train Loss=0.0000 Train Acc=0.9969 Test Acc=0.9688 Best Acc=0.9695
2025-12-04 17:10:05,467 - anchor [Subject 10, Anchor 0, Epoch 9/150] Train Loss=0.0000 Train Acc=0.9938 Test Acc=0.9688 Best Acc=0.9695
2025-12-04 17:10:08,490 - anchor [Subject 10, Anchor 0, Epoch 10/150] Train Loss=0.0000 Train Acc=0.9965 Test Acc=0.9688 Best Acc=0.9695
2025-12-04 17:10:12,333 - anchor [Subject 10, Anchor 0, Epoch 11/150] Train Loss=0.0000 Train Acc=0.9957 Test Acc=0.9688 Best Acc=0.9695
2025-12-04 17:10:15,496 - anchor [Subject 10, Anchor 0, Epoch 12/150] Train Loss=0.0000 Train Acc=0.9969 Test Acc=0.9680 Best Acc=0.9695
2025-12-04 17:10:18,167 - anchor [Subject 10, Anchor 0, Epoch 13/150] Train Loss=0.0000 Train Acc=0.9961 Test Acc=0.9676 Best Acc=0.9695
2025-12-04 17:10:21,841 - anchor [Subject 10, Anchor 0, Epoch 14/150] Train Loss=0.0000 Train Acc=0.9977 Test Acc=0.9676 Best Acc=0.9695
2025-12-04 17:10:26,305 - anchor [Subject 10, Anchor 0, Epoch 15/150] Train Loss=0.0000 Train Acc=0.9969 Test Acc=0.9672 Best Acc=0.9695
2025-12-04 17:10:30,139 - anchor [Subject 10, Anchor 0, Epoch 16/150] Train Loss=0.0000 Train Acc=0.9984 Test Acc=0.9672 Best Acc=0.9695
2025-12-04 17:10:34,213 - anchor [Subject 10, Anchor 0, Epoch 17/150] Train Loss=0.0000 Train Acc=0.9992 Test Acc=0.9672 Best Acc=0.9695
2025-12-04 17:10:38,212 - anchor [Subject 10, Anchor 0, Epoch 18/150] Train Loss=0.0000 Train Acc=0.9980 Test Acc=0.9672 Best Acc=0.9695
2025-12-04 17:10:41,472 - anchor [Subject 10, Anchor 0, Epoch 19/150] Train Loss=0.0000 Train Acc=0.9980 Test Acc=0.9668 Best Acc=0.9695
2025-12-04 17:10:45,240 - anchor [Subject 10, Anchor 0, Epoch 20/150] Train Loss=0.0000 Train Acc=0.9984 Test Acc=0.9664 Best Acc=0.9695
2025-12-04 17:10:49,473 - anchor [Subject 10, Anchor 0, Epoch 21/150] Train Loss=0.0000 Train Acc=0.9980 Test Acc=0.9660 Best Acc=0.9695
2025-12-04 17:10:53,853 - anchor [Subject 10, Anchor 0, Epoch 22/150] Train Loss=0.0000 Train Acc=0.9957 Test Acc=0.9668 Best Acc=0.9695
2025-12-04 17:10:57,890 - anchor [Subject 10, Anchor 0, Epoch 23/150] Train Loss=0.0000 Train Acc=0.9977 Test Acc=0.9660 Best Acc=0.9695
2025-12-04 17:11:02,580 - anchor [Subject 10, Anchor 0, Epoch 24/150] Train Loss=0.0000 Train Acc=0.9996 Test Acc=0.9656 Best Acc=0.9695
2025-12-04 17:11:06,467 - anchor [Subject 10, Anchor 0, Epoch 25/150] Train Loss=0.0000 Train Acc=0.9969 Test Acc=0.9660 Best Acc=0.9695
2025-12-04 17:11:09,270 - anchor [Subject 10, Anchor 0, Epoch 26/150] Train Loss=0.0000 Train Acc=0.9984 Test Acc=0.9660 Best Acc=0.9695
2025-12-04 17:11:14,037 - anchor [Subject 10, Anchor 0, Epoch 27/150] Train Loss=0.0000 Train Acc=0.9969 Test Acc=0.9656 Best Acc=0.9695
2025-12-04 17:11:19,754 - anchor [Subject 10, Anchor 0, Epoch 28/150] Train Loss=0.0000 Train Acc=0.9996 Test Acc=0.9656 Best Acc=0.9695
2025-12-04 17:11:23,077 - anchor [Subject 10, Anchor 0, Epoch 29/150] Train Loss=0.0000 Train Acc=1.0000 Test Acc=0.9656 Best Acc=0.9695
2025-12-04 17:11:27,595 - anchor [Subject 10, Anchor 0, Epoch 30/150] Train Loss=0.0000 Train Acc=0.9988 Test Acc=0.9656 Best Acc=0.9695
2025-12-04 17:11:32,218 - anchor [Subject 10, Anchor 0, Epoch 31/150] Train Loss=0.0000 Train Acc=0.9980 Test Acc=0.9660 Best Acc=0.9695
2025-12-04 17:11:36,281 - anchor [Subject 10, Anchor 0, Epoch 32/150] Train Loss=0.0000 Train Acc=0.9984 Test Acc=0.9656 Best Acc=0.9695
2025-12-04 17:11:38,484 - anchor [Subject 10, Anchor 0, Epoch 33/150] Train Loss=0.0000 Train Acc=0.9988 Test Acc=0.9656 Best Acc=0.9695
2025-12-04 17:11:42,131 - anchor [Subject 10, Anchor 0, Epoch 34/150] Train Loss=0.0000 Train Acc=0.9988 Test Acc=0.9656 Best Acc=0.9695
2025-12-04 17:11:46,731 - anchor [Subject 10, Anchor 0, Epoch 35/150] Train Loss=0.0000 Train Acc=0.9988 Test Acc=0.9652 Best Acc=0.9695
2025-12-04 17:11:50,103 - anchor [Subject 10, Anchor 0, Epoch 36/150] Train Loss=0.0000 Train Acc=0.9977 Test Acc=0.9652 Best Acc=0.9695
2025-12-04 17:11:58,649 - anchor [Subject 10, Anchor 0, Epoch 37/150] Train Loss=0.0000 Train Acc=0.9969 Test Acc=0.9656 Best Acc=0.9695
2025-12-04 17:12:01,929 - anchor [Subject 10, Anchor 0, Epoch 38/150] Train Loss=0.0000 Train Acc=0.9996 Test Acc=0.9656 Best Acc=0.9695
2025-12-04 17:12:05,101 - anchor [Subject 10, Anchor 0, Epoch 39/150] Train Loss=0.0000 Train Acc=0.9980 Test Acc=0.9652 Best Acc=0.9695
2025-12-04 17:12:08,702 - anchor [Subject 10, Anchor 0, Epoch 40/150] Train Loss=0.0000 Train Acc=0.9996 Test Acc=0.9656 Best Acc=0.9695
2025-12-04 17:12:11,814 - anchor [Subject 10, Anchor 0, Epoch 41/150] Train Loss=0.0000 Train Acc=0.9988 Test Acc=0.9656 Best Acc=0.9695
2025-12-04 17:12:15,609 - anchor [Subject 10, Anchor 0, Epoch 42/150] Train Loss=0.0000 Train Acc=0.9992 Test Acc=0.9656 Best Acc=0.9695
2025-12-04 17:12:18,894 - anchor [Subject 10, Anchor 0, Epoch 43/150] Train Loss=0.0000 Train Acc=0.9992 Test Acc=0.9656 Best Acc=0.9695
2025-12-04 17:12:22,678 - anchor [Subject 10, Anchor 0, Epoch 44/150] Train Loss=0.0000 Train Acc=0.9984 Test Acc=0.9656 Best Acc=0.9695
2025-12-04 17:12:26,186 - anchor [Subject 10, Anchor 0, Epoch 45/150] Train Loss=0.0000 Train Acc=0.9984 Test Acc=0.9656 Best Acc=0.9695
2025-12-04 17:12:32,005 - anchor [Subject 10, Anchor 0, Epoch 46/150] Train Loss=0.0000 Train Acc=0.9984 Test Acc=0.9656 Best Acc=0.9695
2025-12-04 17:12:38,385 - anchor [Subject 10, Anchor 0, Epoch 47/150] Train Loss=0.0000 Train Acc=0.9977 Test Acc=0.9656 Best Acc=0.9695
2025-12-04 17:12:41,949 - anchor [Subject 10, Anchor 0, Epoch 48/150] Train Loss=0.0000 Train Acc=0.9988 Test Acc=0.9652 Best Acc=0.9695
2025-12-04 17:12:45,268 - anchor [Subject 10, Anchor 0, Epoch 49/150] Train Loss=0.0000 Train Acc=0.9992 Test Acc=0.9656 Best Acc=0.9695
2025-12-04 17:12:49,956 - anchor [Subject 10, Anchor 0, Epoch 50/150] Train Loss=0.0000 Train Acc=0.9996 Test Acc=0.9656 Best Acc=0.9695
2025-12-04 17:12:53,336 - anchor [Subject 10, Anchor 0, Epoch 51/150] Train Loss=0.0000 Train Acc=0.9992 Test Acc=0.9656 Best Acc=0.9695
2025-12-04 17:12:56,561 - anchor [Subject 10, Anchor 0, Epoch 52/150] Train Loss=0.0000 Train Acc=0.9996 Test Acc=0.9656 Best Acc=0.9695
2025-12-04 17:13:00,008 - anchor [Subject 10, Anchor 0, Epoch 53/150] Train Loss=0.0000 Train Acc=0.9996 Test Acc=0.9656 Best Acc=0.9695
2025-12-04 17:13:03,959 - anchor [Subject 10, Anchor 0, Epoch 54/150] Train Loss=0.0000 Train Acc=1.0000 Test Acc=0.9656 Best Acc=0.9695
2025-12-04 17:13:09,621 - anchor [Subject 10, Anchor 0, Epoch 55/150] Train Loss=0.0000 Train Acc=0.9992 Test Acc=0.9656 Best Acc=0.9695
2025-12-04 17:13:15,674 - anchor [Subject 10, Anchor 0, Epoch 56/150] Train Loss=0.0000 Train Acc=0.9992 Test Acc=0.9656 Best Acc=0.9695
2025-12-04 17:13:19,909 - anchor [Subject 10, Anchor 0, Epoch 57/150] Train Loss=0.0000 Train Acc=0.9996 Test Acc=0.9648 Best Acc=0.9695
2025-12-04 17:13:22,532 - anchor [Subject 10, Anchor 0, Epoch 58/150] Train Loss=0.0000 Train Acc=0.9984 Test Acc=0.9648 Best Acc=0.9695
2025-12-04 17:13:25,778 - anchor [Subject 10, Anchor 0, Epoch 59/150] Train Loss=0.0000 Train Acc=0.9992 Test Acc=0.9656 Best Acc=0.9695
2025-12-04 17:13:38,808 - anchor [Subject 10, Anchor 0, Epoch 60/150] Train Loss=0.0000 Train Acc=1.0000 Test Acc=0.9660 Best Acc=0.9695
2025-12-04 17:13:42,077 - anchor [Subject 10, Anchor 0, Epoch 61/150] Train Loss=0.0000 Train Acc=0.9984 Test Acc=0.9656 Best Acc=0.9695
2025-12-04 17:13:47,669 - anchor [Subject 10, Anchor 0, Epoch 62/150] Train Loss=0.0000 Train Acc=0.9992 Test Acc=0.9656 Best Acc=0.9695
2025-12-04 17:13:54,162 - anchor [Subject 10, Anchor 0, Epoch 63/150] Train Loss=0.0000 Train Acc=0.9992 Test Acc=0.9656 Best Acc=0.9695
2025-12-04 17:13:58,686 - anchor [Subject 10, Anchor 0, Epoch 64/150] Train Loss=0.0000 Train Acc=0.9980 Test Acc=0.9660 Best Acc=0.9695
2025-12-04 17:14:02,849 - anchor [Subject 10, Anchor 0, Epoch 65/150] Train Loss=0.0000 Train Acc=0.9996 Test Acc=0.9660 Best Acc=0.9695
2025-12-04 17:14:10,319 - anchor [Subject 10, Anchor 0, Epoch 66/150] Train Loss=0.0000 Train Acc=0.9996 Test Acc=0.9660 Best Acc=0.9695
2025-12-04 17:14:19,690 - anchor [Subject 10, Anchor 0, Epoch 67/150] Train Loss=0.0000 Train Acc=0.9992 Test Acc=0.9656 Best Acc=0.9695
2025-12-04 17:14:24,824 - anchor [Subject 10, Anchor 0, Epoch 68/150] Train Loss=0.0000 Train Acc=0.9984 Test Acc=0.9656 Best Acc=0.9695
2025-12-04 17:14:29,080 - anchor [Subject 10, Anchor 0, Epoch 69/150] Train Loss=0.0000 Train Acc=0.9996 Test Acc=0.9656 Best Acc=0.9695
2025-12-04 17:14:35,813 - anchor [Subject 10, Anchor 0, Epoch 70/150] Train Loss=0.0000 Train Acc=0.9992 Test Acc=0.9656 Best Acc=0.9695
2025-12-04 17:14:40,418 - anchor [Subject 10, Anchor 0, Epoch 71/150] Train Loss=0.0000 Train Acc=0.9992 Test Acc=0.9660 Best Acc=0.9695
2025-12-04 17:14:48,991 - anchor [Subject 10, Anchor 0, Epoch 72/150] Train Loss=0.0000 Train Acc=0.9984 Test Acc=0.9660 Best Acc=0.9695
2025-12-04 17:14:54,372 - anchor [Subject 10, Anchor 0, Epoch 73/150] Train Loss=0.0000 Train Acc=0.9996 Test Acc=0.9660 Best Acc=0.9695
2025-12-04 17:14:56,300 - anchor [Subject 10, Anchor 0, Epoch 74/150] Train Loss=0.0000 Train Acc=0.9996 Test Acc=0.9656 Best Acc=0.9695
2025-12-04 17:15:00,838 - anchor [Subject 10, Anchor 0, Epoch 75/150] Train Loss=0.0000 Train Acc=0.9996 Test Acc=0.9656 Best Acc=0.9695
2025-12-04 17:15:04,789 - anchor [Subject 10, Anchor 0, Epoch 76/150] Train Loss=0.0000 Train Acc=0.9996 Test Acc=0.9652 Best Acc=0.9695
2025-12-04 17:15:08,682 - anchor [Subject 10, Anchor 0, Epoch 77/150] Train Loss=0.0000 Train Acc=0.9996 Test Acc=0.9656 Best Acc=0.9695
2025-12-04 17:15:11,945 - anchor [Subject 10, Anchor 0, Epoch 78/150] Train Loss=0.0000 Train Acc=0.9996 Test Acc=0.9660 Best Acc=0.9695
2025-12-04 17:15:14,750 - anchor [Subject 10, Anchor 0, Epoch 79/150] Train Loss=0.0000 Train Acc=1.0000 Test Acc=0.9660 Best Acc=0.9695
2025-12-04 17:15:19,095 - anchor [Subject 10, Anchor 0, Epoch 80/150] Train Loss=0.0000 Train Acc=0.9992 Test Acc=0.9660 Best Acc=0.9695
2025-12-04 17:15:22,109 - anchor [Subject 10, Anchor 0, Epoch 81/150] Train Loss=0.0000 Train Acc=0.9984 Test Acc=0.9656 Best Acc=0.9695
2025-12-04 17:15:31,916 - anchor [Subject 10, Anchor 0, Epoch 82/150] Train Loss=0.0000 Train Acc=0.9992 Test Acc=0.9656 Best Acc=0.9695
2025-12-04 17:15:34,680 - anchor [Subject 10, Anchor 0, Epoch 83/150] Train Loss=0.0000 Train Acc=0.9996 Test Acc=0.9656 Best Acc=0.9695
2025-12-04 17:15:37,233 - anchor [Subject 10, Anchor 0, Epoch 84/150] Train Loss=0.0000 Train Acc=1.0000 Test Acc=0.9656 Best Acc=0.9695
2025-12-04 17:15:39,695 - anchor [Subject 10, Anchor 0, Epoch 85/150] Train Loss=0.0000 Train Acc=1.0000 Test Acc=0.9656 Best Acc=0.9695
2025-12-04 17:15:43,112 - anchor [Subject 10, Anchor 0, Epoch 86/150] Train Loss=0.0000 Train Acc=1.0000 Test Acc=0.9660 Best Acc=0.9695
2025-12-04 17:15:45,840 - anchor [Subject 10, Anchor 0, Epoch 87/150] Train Loss=0.0000 Train Acc=0.9992 Test Acc=0.9660 Best Acc=0.9695
2025-12-04 17:15:48,085 - anchor [Subject 10, Anchor 0, Epoch 88/150] Train Loss=0.0000 Train Acc=1.0000 Test Acc=0.9656 Best Acc=0.9695
2025-12-04 17:15:51,706 - anchor [Subject 10, Anchor 0, Epoch 89/150] Train Loss=0.0000 Train Acc=0.9996 Test Acc=0.9656 Best Acc=0.9695
2025-12-04 17:15:59,687 - anchor [Subject 10, Anchor 0, Epoch 90/150] Train Loss=0.0000 Train Acc=0.9992 Test Acc=0.9648 Best Acc=0.9695
2025-12-04 17:16:08,042 - anchor [Subject 10, Anchor 0, Epoch 91/150] Train Loss=0.0000 Train Acc=0.9992 Test Acc=0.9648 Best Acc=0.9695
2025-12-04 17:16:13,587 - anchor [Subject 10, Anchor 0, Epoch 92/150] Train Loss=0.0000 Train Acc=0.9996 Test Acc=0.9652 Best Acc=0.9695
2025-12-04 17:16:17,402 - anchor [Subject 10, Anchor 0, Epoch 93/150] Train Loss=0.0000 Train Acc=1.0000 Test Acc=0.9656 Best Acc=0.9695
2025-12-04 17:16:21,913 - anchor [Subject 10, Anchor 0, Epoch 94/150] Train Loss=0.0000 Train Acc=0.9996 Test Acc=0.9656 Best Acc=0.9695
2025-12-04 17:16:24,886 - anchor [Subject 10, Anchor 0, Epoch 95/150] Train Loss=0.0000 Train Acc=0.9992 Test Acc=0.9656 Best Acc=0.9695
2025-12-04 17:16:26,629 - anchor [Subject 10, Anchor 0, Epoch 96/150] Train Loss=0.0000 Train Acc=0.9984 Test Acc=0.9656 Best Acc=0.9695
2025-12-04 17:16:28,547 - anchor [Subject 10, Anchor 0, Epoch 97/150] Train Loss=0.0000 Train Acc=1.0000 Test Acc=0.9656 Best Acc=0.9695
2025-12-04 17:16:32,435 - anchor [Subject 10, Anchor 0, Epoch 98/150] Train Loss=0.0000 Train Acc=1.0000 Test Acc=0.9656 Best Acc=0.9695
2025-12-04 17:16:34,817 - anchor [Subject 10, Anchor 0, Epoch 99/150] Train Loss=0.0000 Train Acc=0.9984 Test Acc=0.9656 Best Acc=0.9695
2025-12-04 17:16:37,670 - anchor [Subject 10, Anchor 0, Epoch 100/150] Train Loss=0.0000 Train Acc=0.9992 Test Acc=0.9656 Best Acc=0.9695
2025-12-04 17:16:39,841 - anchor [Subject 10, Anchor 0, Epoch 101/150] Train Loss=0.0000 Train Acc=0.9988 Test Acc=0.9648 Best Acc=0.9695
2025-12-04 17:16:42,093 - anchor [Subject 10, Anchor 0, Epoch 102/150] Train Loss=0.0000 Train Acc=1.0000 Test Acc=0.9645 Best Acc=0.9695
2025-12-04 17:16:44,143 - anchor [Subject 10, Anchor 0, Epoch 103/150] Train Loss=0.0000 Train Acc=1.0000 Test Acc=0.9648 Best Acc=0.9695
2025-12-04 17:16:48,870 - anchor [Subject 10, Anchor 0, Epoch 104/150] Train Loss=0.0000 Train Acc=1.0000 Test Acc=0.9648 Best Acc=0.9695
2025-12-04 17:16:50,991 - anchor [Subject 10, Anchor 0, Epoch 105/150] Train Loss=0.0000 Train Acc=1.0000 Test Acc=0.9656 Best Acc=0.9695
2025-12-04 17:16:52,647 - anchor [Subject 10, Anchor 0, Epoch 106/150] Train Loss=0.0000 Train Acc=0.9992 Test Acc=0.9660 Best Acc=0.9695
2025-12-04 17:16:54,331 - anchor [Subject 10, Anchor 0, Epoch 107/150] Train Loss=0.0000 Train Acc=0.9996 Test Acc=0.9660 Best Acc=0.9695
2025-12-04 17:16:55,888 - anchor [Subject 10, Anchor 0, Epoch 108/150] Train Loss=0.0000 Train Acc=1.0000 Test Acc=0.9660 Best Acc=0.9695
2025-12-04 17:16:58,196 - anchor [Subject 10, Anchor 0, Epoch 109/150] Train Loss=0.0000 Train Acc=0.9996 Test Acc=0.9660 Best Acc=0.9695
2025-12-04 17:17:01,332 - anchor [Subject 10, Anchor 0, Epoch 110/150] Train Loss=0.0000 Train Acc=0.9992 Test Acc=0.9660 Best Acc=0.9695
2025-12-04 17:17:04,097 - anchor [Subject 10, Anchor 0, Epoch 111/150] Train Loss=0.0000 Train Acc=0.9992 Test Acc=0.9660 Best Acc=0.9695
2025-12-04 17:17:06,835 - anchor [Subject 10, Anchor 0, Epoch 112/150] Train Loss=0.0000 Train Acc=0.9988 Test Acc=0.9656 Best Acc=0.9695
2025-12-04 17:17:09,637 - anchor [Subject 10, Anchor 0, Epoch 113/150] Train Loss=0.0000 Train Acc=0.9996 Test Acc=0.9656 Best Acc=0.9695
2025-12-04 17:17:13,139 - anchor [Subject 10, Anchor 0, Epoch 114/150] Train Loss=0.0000 Train Acc=0.9996 Test Acc=0.9656 Best Acc=0.9695
2025-12-04 17:17:15,308 - anchor [Subject 10, Anchor 0, Epoch 115/150] Train Loss=0.0000 Train Acc=0.9988 Test Acc=0.9648 Best Acc=0.9695
2025-12-04 17:17:17,586 - anchor [Subject 10, Anchor 0, Epoch 116/150] Train Loss=0.0000 Train Acc=0.9996 Test Acc=0.9656 Best Acc=0.9695
2025-12-04 17:17:19,520 - anchor [Subject 10, Anchor 0, Epoch 117/150] Train Loss=0.0000 Train Acc=0.9988 Test Acc=0.9656 Best Acc=0.9695
2025-12-04 17:17:21,975 - anchor [Subject 10, Anchor 0, Epoch 118/150] Train Loss=0.0000 Train Acc=1.0000 Test Acc=0.9660 Best Acc=0.9695
2025-12-04 17:17:24,384 - anchor [Subject 10, Anchor 0, Epoch 119/150] Train Loss=0.0000 Train Acc=0.9996 Test Acc=0.9660 Best Acc=0.9695
2025-12-04 17:17:26,749 - anchor [Subject 10, Anchor 0, Epoch 120/150] Train Loss=0.0000 Train Acc=1.0000 Test Acc=0.9660 Best Acc=0.9695
2025-12-04 17:17:28,488 - anchor [Subject 10, Anchor 0, Epoch 121/150] Train Loss=0.0000 Train Acc=1.0000 Test Acc=0.9660 Best Acc=0.9695
2025-12-04 17:17:31,002 - anchor [Subject 10, Anchor 0, Epoch 122/150] Train Loss=0.0000 Train Acc=0.9992 Test Acc=0.9660 Best Acc=0.9695
2025-12-04 17:17:33,345 - anchor [Subject 10, Anchor 0, Epoch 123/150] Train Loss=0.0000 Train Acc=0.9996 Test Acc=0.9660 Best Acc=0.9695
2025-12-04 17:17:35,432 - anchor [Subject 10, Anchor 0, Epoch 124/150] Train Loss=0.0000 Train Acc=0.9984 Test Acc=0.9660 Best Acc=0.9695
2025-12-04 17:17:38,915 - anchor [Subject 10, Anchor 0, Epoch 125/150] Train Loss=0.0000 Train Acc=1.0000 Test Acc=0.9660 Best Acc=0.9695
2025-12-04 17:17:41,278 - anchor [Subject 10, Anchor 0, Epoch 126/150] Train Loss=0.0000 Train Acc=1.0000 Test Acc=0.9656 Best Acc=0.9695
2025-12-04 17:17:43,452 - anchor [Subject 10, Anchor 0, Epoch 127/150] Train Loss=0.0000 Train Acc=1.0000 Test Acc=0.9656 Best Acc=0.9695
2025-12-04 17:17:45,873 - anchor [Subject 10, Anchor 0, Epoch 128/150] Train Loss=0.0000 Train Acc=0.9984 Test Acc=0.9656 Best Acc=0.9695
2025-12-04 17:17:48,017 - anchor [Subject 10, Anchor 0, Epoch 129/150] Train Loss=0.0000 Train Acc=0.9996 Test Acc=0.9664 Best Acc=0.9695
2025-12-04 17:17:50,636 - anchor [Subject 10, Anchor 0, Epoch 130/150] Train Loss=0.0000 Train Acc=0.9996 Test Acc=0.9664 Best Acc=0.9695
2025-12-04 17:17:52,975 - anchor [Subject 10, Anchor 0, Epoch 131/150] Train Loss=0.0000 Train Acc=1.0000 Test Acc=0.9664 Best Acc=0.9695
2025-12-04 17:17:55,752 - anchor [Subject 10, Anchor 0, Epoch 132/150] Train Loss=0.0000 Train Acc=1.0000 Test Acc=0.9664 Best Acc=0.9695
2025-12-04 17:17:58,353 - anchor [Subject 10, Anchor 0, Epoch 133/150] Train Loss=0.0000 Train Acc=0.9996 Test Acc=0.9664 Best Acc=0.9695
2025-12-04 17:18:01,129 - anchor [Subject 10, Anchor 0, Epoch 134/150] Train Loss=0.0000 Train Acc=0.9996 Test Acc=0.9664 Best Acc=0.9695
2025-12-04 17:18:03,939 - anchor [Subject 10, Anchor 0, Epoch 135/150] Train Loss=0.0000 Train Acc=0.9988 Test Acc=0.9656 Best Acc=0.9695
2025-12-04 17:18:07,502 - anchor [Subject 10, Anchor 0, Epoch 136/150] Train Loss=0.0000 Train Acc=1.0000 Test Acc=0.9656 Best Acc=0.9695
2025-12-04 17:18:10,119 - anchor [Subject 10, Anchor 0, Epoch 137/150] Train Loss=0.0000 Train Acc=1.0000 Test Acc=0.9660 Best Acc=0.9695
2025-12-04 17:18:12,175 - anchor [Subject 10, Anchor 0, Epoch 138/150] Train Loss=0.0000 Train Acc=0.9988 Test Acc=0.9660 Best Acc=0.9695
2025-12-04 17:18:14,115 - anchor [Subject 10, Anchor 0, Epoch 139/150] Train Loss=0.0000 Train Acc=0.9996 Test Acc=0.9660 Best Acc=0.9695
2025-12-04 17:18:17,410 - anchor [Subject 10, Anchor 0, Epoch 140/150] Train Loss=0.0000 Train Acc=1.0000 Test Acc=0.9660 Best Acc=0.9695
2025-12-04 17:18:20,838 - anchor [Subject 10, Anchor 0, Epoch 141/150] Train Loss=0.0000 Train Acc=0.9996 Test Acc=0.9656 Best Acc=0.9695
2025-12-04 17:18:22,699 - anchor [Subject 10, Anchor 0, Epoch 142/150] Train Loss=0.0000 Train Acc=1.0000 Test Acc=0.9660 Best Acc=0.9695
2025-12-04 17:18:24,754 - anchor [Subject 10, Anchor 0, Epoch 143/150] Train Loss=0.0000 Train Acc=0.9996 Test Acc=0.9660 Best Acc=0.9695
2025-12-04 17:18:27,346 - anchor [Subject 10, Anchor 0, Epoch 144/150] Train Loss=0.0000 Train Acc=0.9996 Test Acc=0.9656 Best Acc=0.9695
2025-12-04 17:18:29,298 - anchor [Subject 10, Anchor 0, Epoch 145/150] Train Loss=0.0000 Train Acc=1.0000 Test Acc=0.9656 Best Acc=0.9695
2025-12-04 17:18:31,224 - anchor [Subject 10, Anchor 0, Epoch 146/150] Train Loss=0.0000 Train Acc=0.9996 Test Acc=0.9656 Best Acc=0.9695
2025-12-04 17:18:36,849 - anchor [Subject 10, Anchor 0, Epoch 147/150] Train Loss=0.0000 Train Acc=1.0000 Test Acc=0.9656 Best Acc=0.9695
2025-12-04 17:18:38,845 - anchor [Subject 10, Anchor 0, Epoch 148/150] Train Loss=0.0000 Train Acc=1.0000 Test Acc=0.9660 Best Acc=0.9695
2025-12-04 17:18:40,875 - anchor [Subject 10, Anchor 0, Epoch 149/150] Train Loss=0.0000 Train Acc=1.0000 Test Acc=0.9664 Best Acc=0.9695
2025-12-04 17:18:42,923 - anchor [Subject 10, Anchor 0, Epoch 150/150] Train Loss=0.0000 Train Acc=0.9996 Test Acc=0.9664 Best Acc=0.9695
2025-12-04 17:18:42,929 - labelAlign [Subject 10, Anchor 0 Target 1] Start
2025-12-04 17:18:54,676 - labelAlign [Subject 10, Anchor 0 Target 2] Start
2025-12-04 17:19:03,858 - labelAlign [Subject 10, Anchor 0 Target 3] Start
2025-12-04 17:19:11,115 - labelAlign [Subject 10, Anchor 0 Target 4] Start
2025-12-04 17:19:26,010 - labelAlign [Subject 10, Anchor 0 Target 5] Start
2025-12-04 17:19:36,262 - labelAlign [Subject 10, Anchor 0 Target 6] Start
2025-12-04 17:19:42,404 - labelAlign [Subject 10, Anchor 0 Target 7] Start
2025-12-04 17:19:48,832 - labelAlign [Subject 10, Anchor 0 Target 8] Start
2025-12-04 17:19:56,526 - labelAlign [Subject 10, Anchor 0 Target 9] Start
2025-12-04 17:20:05,964 - labelAlign [Subject 10, Anchor 0 Target 10] Start
2025-12-04 17:20:13,446 - labelAlign [Subject 10, Anchor 0 Target 11] Start
2025-12-04 17:20:21,311 - labelAlign [Subject 10, Anchor 0 Target 12] Start
2025-12-04 17:20:32,386 - labelAlign [Subject 10, Anchor 0 Target 13] Start
2025-12-04 17:21:06,185 - cls [Subject 10, Anchor 0, Epoch 1/150] Train Loss=0.0001 Train Acc=0.9974 Test Acc=0.9688 Best Acc=0.9695
2025-12-04 17:21:33,667 - cls [Subject 10, Anchor 0, Epoch 2/150] Train Loss=0.0001 Train Acc=0.9991 Test Acc=0.9625 Best Acc=0.9695
2025-12-04 17:21:57,314 - cls [Subject 10, Anchor 0, Epoch 3/150] Train Loss=0.0001 Train Acc=0.9991 Test Acc=0.9598 Best Acc=0.9695
2025-12-04 17:22:21,545 - cls [Subject 10, Anchor 0, Epoch 4/150] Train Loss=0.0001 Train Acc=0.9992 Test Acc=0.9594 Best Acc=0.9695
2025-12-04 17:22:50,015 - cls [Subject 10, Anchor 0, Epoch 5/150] Train Loss=0.0001 Train Acc=0.9992 Test Acc=0.9590 Best Acc=0.9695
2025-12-04 17:23:15,083 - cls [Subject 10, Anchor 0, Epoch 6/150] Train Loss=0.0001 Train Acc=0.9991 Test Acc=0.9590 Best Acc=0.9695
2025-12-04 17:23:38,704 - cls [Subject 10, Anchor 0, Epoch 7/150] Train Loss=0.0001 Train Acc=0.9993 Test Acc=0.9582 Best Acc=0.9695
2025-12-04 17:24:00,895 - cls [Subject 10, Anchor 0, Epoch 8/150] Train Loss=0.0001 Train Acc=0.9994 Test Acc=0.9582 Best Acc=0.9695
2025-12-04 17:24:24,936 - cls [Subject 10, Anchor 0, Epoch 9/150] Train Loss=0.0001 Train Acc=0.9993 Test Acc=0.9582 Best Acc=0.9695
2025-12-04 17:24:48,074 - cls [Subject 10, Anchor 0, Epoch 10/150] Train Loss=0.0001 Train Acc=0.9995 Test Acc=0.9582 Best Acc=0.9695
2025-12-04 17:25:14,398 - cls [Subject 10, Anchor 0, Epoch 11/150] Train Loss=0.0001 Train Acc=0.9995 Test Acc=0.9582 Best Acc=0.9695
2025-12-04 17:25:44,421 - cls [Subject 10, Anchor 0, Epoch 12/150] Train Loss=0.0001 Train Acc=0.9995 Test Acc=0.9582 Best Acc=0.9695
2025-12-04 17:26:26,513 - cls [Subject 10, Anchor 0, Epoch 13/150] Train Loss=0.0001 Train Acc=0.9993 Test Acc=0.9578 Best Acc=0.9695
2025-12-04 17:26:55,415 - cls [Subject 10, Anchor 0, Epoch 14/150] Train Loss=0.0001 Train Acc=0.9995 Test Acc=0.9578 Best Acc=0.9695
2025-12-04 17:27:21,667 - cls [Subject 10, Anchor 0, Epoch 15/150] Train Loss=0.0001 Train Acc=0.9995 Test Acc=0.9578 Best Acc=0.9695
2025-12-04 17:27:46,696 - cls [Subject 10, Anchor 0, Epoch 16/150] Train Loss=0.0001 Train Acc=0.9994 Test Acc=0.9582 Best Acc=0.9695
2025-12-04 17:28:11,923 - cls [Subject 10, Anchor 0, Epoch 17/150] Train Loss=0.0001 Train Acc=0.9996 Test Acc=0.9578 Best Acc=0.9695
2025-12-04 17:29:01,392 - cls [Subject 10, Anchor 0, Epoch 18/150] Train Loss=0.0001 Train Acc=0.9997 Test Acc=0.9578 Best Acc=0.9695
2025-12-04 17:29:29,049 - cls [Subject 10, Anchor 0, Epoch 19/150] Train Loss=0.0001 Train Acc=0.9995 Test Acc=0.9582 Best Acc=0.9695
2025-12-04 17:29:59,332 - cls [Subject 10, Anchor 0, Epoch 20/150] Train Loss=0.0001 Train Acc=0.9997 Test Acc=0.9578 Best Acc=0.9695
2025-12-04 17:30:28,138 - cls [Subject 10, Anchor 0, Epoch 21/150] Train Loss=0.0001 Train Acc=0.9996 Test Acc=0.9578 Best Acc=0.9695
2025-12-04 17:31:03,782 - cls [Subject 10, Anchor 0, Epoch 22/150] Train Loss=0.0001 Train Acc=0.9996 Test Acc=0.9582 Best Acc=0.9695
2025-12-04 17:31:33,371 - cls [Subject 10, Anchor 0, Epoch 23/150] Train Loss=0.0001 Train Acc=0.9995 Test Acc=0.9582 Best Acc=0.9695
2025-12-04 17:31:59,004 - cls [Subject 10, Anchor 0, Epoch 24/150] Train Loss=0.0001 Train Acc=0.9995 Test Acc=0.9578 Best Acc=0.9695
2025-12-04 17:32:29,888 - cls [Subject 10, Anchor 0, Epoch 25/150] Train Loss=0.0001 Train Acc=0.9996 Test Acc=0.9578 Best Acc=0.9695
2025-12-04 17:33:03,011 - cls [Subject 10, Anchor 0, Epoch 26/150] Train Loss=0.0001 Train Acc=0.9994 Test Acc=0.9578 Best Acc=0.9695
2025-12-04 17:33:35,223 - cls [Subject 10, Anchor 0, Epoch 27/150] Train Loss=0.0001 Train Acc=0.9995 Test Acc=0.9578 Best Acc=0.9695
2025-12-04 17:34:05,464 - cls [Subject 10, Anchor 0, Epoch 28/150] Train Loss=0.0001 Train Acc=0.9995 Test Acc=0.9578 Best Acc=0.9695
2025-12-04 17:34:33,902 - cls [Subject 10, Anchor 0, Epoch 29/150] Train Loss=0.0001 Train Acc=0.9993 Test Acc=0.9578 Best Acc=0.9695
2025-12-04 17:35:04,922 - cls [Subject 10, Anchor 0, Epoch 30/150] Train Loss=0.0001 Train Acc=0.9997 Test Acc=0.9578 Best Acc=0.9695
2025-12-04 17:35:28,083 - cls [Subject 10, Anchor 0, Epoch 31/150] Train Loss=0.0001 Train Acc=0.9996 Test Acc=0.9578 Best Acc=0.9695
2025-12-04 17:35:51,111 - cls [Subject 10, Anchor 0, Epoch 32/150] Train Loss=0.0001 Train Acc=0.9996 Test Acc=0.9578 Best Acc=0.9695
2025-12-04 17:36:16,002 - cls [Subject 10, Anchor 0, Epoch 33/150] Train Loss=0.0001 Train Acc=0.9997 Test Acc=0.9578 Best Acc=0.9695
2025-12-04 17:36:42,956 - cls [Subject 10, Anchor 0, Epoch 34/150] Train Loss=0.0001 Train Acc=0.9996 Test Acc=0.9578 Best Acc=0.9695
2025-12-04 17:37:09,137 - cls [Subject 10, Anchor 0, Epoch 35/150] Train Loss=0.0001 Train Acc=0.9998 Test Acc=0.9570 Best Acc=0.9695
2025-12-04 17:37:34,341 - cls [Subject 10, Anchor 0, Epoch 36/150] Train Loss=0.0001 Train Acc=0.9995 Test Acc=0.9578 Best Acc=0.9695
2025-12-04 17:38:02,780 - cls [Subject 10, Anchor 0, Epoch 37/150] Train Loss=0.0001 Train Acc=0.9996 Test Acc=0.9570 Best Acc=0.9695
2025-12-04 17:38:31,718 - cls [Subject 10, Anchor 0, Epoch 38/150] Train Loss=0.0001 Train Acc=0.9996 Test Acc=0.9570 Best Acc=0.9695
2025-12-04 17:38:59,338 - cls [Subject 10, Anchor 0, Epoch 39/150] Train Loss=0.0001 Train Acc=0.9997 Test Acc=0.9578 Best Acc=0.9695
2025-12-04 17:39:21,792 - cls [Subject 10, Anchor 0, Epoch 40/150] Train Loss=0.0001 Train Acc=0.9997 Test Acc=0.9570 Best Acc=0.9695
2025-12-04 17:39:44,085 - cls [Subject 10, Anchor 0, Epoch 41/150] Train Loss=0.0001 Train Acc=0.9995 Test Acc=0.9578 Best Acc=0.9695
2025-12-04 17:40:08,250 - cls [Subject 10, Anchor 0, Epoch 42/150] Train Loss=0.0001 Train Acc=0.9998 Test Acc=0.9574 Best Acc=0.9695
2025-12-04 17:40:37,044 - cls [Subject 10, Anchor 0, Epoch 43/150] Train Loss=0.0001 Train Acc=0.9996 Test Acc=0.9578 Best Acc=0.9695
2025-12-04 17:41:02,200 - cls [Subject 10, Anchor 0, Epoch 44/150] Train Loss=0.0001 Train Acc=0.9995 Test Acc=0.9578 Best Acc=0.9695
2025-12-04 17:41:27,872 - cls [Subject 10, Anchor 0, Epoch 45/150] Train Loss=0.0001 Train Acc=0.9997 Test Acc=0.9578 Best Acc=0.9695
2025-12-04 17:41:54,784 - cls [Subject 10, Anchor 0, Epoch 46/150] Train Loss=0.0001 Train Acc=0.9997 Test Acc=0.9578 Best Acc=0.9695
2025-12-04 17:42:21,441 - cls [Subject 10, Anchor 0, Epoch 47/150] Train Loss=0.0001 Train Acc=0.9996 Test Acc=0.9578 Best Acc=0.9695
2025-12-04 17:42:47,921 - cls [Subject 10, Anchor 0, Epoch 48/150] Train Loss=0.0001 Train Acc=0.9997 Test Acc=0.9578 Best Acc=0.9695
2025-12-04 17:43:17,069 - cls [Subject 10, Anchor 0, Epoch 49/150] Train Loss=0.0001 Train Acc=0.9996 Test Acc=0.9578 Best Acc=0.9695
2025-12-04 17:43:41,189 - cls [Subject 10, Anchor 0, Epoch 50/150] Train Loss=0.0001 Train Acc=0.9996 Test Acc=0.9578 Best Acc=0.9695
2025-12-04 17:44:01,370 - cls [Subject 10, Anchor 0, Epoch 51/150] Train Loss=0.0001 Train Acc=0.9997 Test Acc=0.9570 Best Acc=0.9695
2025-12-04 17:44:24,311 - cls [Subject 10, Anchor 0, Epoch 52/150] Train Loss=0.0001 Train Acc=0.9998 Test Acc=0.9578 Best Acc=0.9695
2025-12-04 17:44:48,412 - cls [Subject 10, Anchor 0, Epoch 53/150] Train Loss=0.0001 Train Acc=0.9995 Test Acc=0.9578 Best Acc=0.9695
2025-12-04 17:45:12,715 - cls [Subject 10, Anchor 0, Epoch 54/150] Train Loss=0.0001 Train Acc=0.9998 Test Acc=0.9578 Best Acc=0.9695
2025-12-04 17:45:39,043 - cls [Subject 10, Anchor 0, Epoch 55/150] Train Loss=0.0001 Train Acc=0.9997 Test Acc=0.9570 Best Acc=0.9695
2025-12-04 17:46:02,068 - cls [Subject 10, Anchor 0, Epoch 56/150] Train Loss=0.0001 Train Acc=0.9998 Test Acc=0.9570 Best Acc=0.9695
2025-12-04 17:46:27,268 - cls [Subject 10, Anchor 0, Epoch 57/150] Train Loss=0.0001 Train Acc=0.9996 Test Acc=0.9570 Best Acc=0.9695
2025-12-04 17:46:52,171 - cls [Subject 10, Anchor 0, Epoch 58/150] Train Loss=0.0001 Train Acc=0.9998 Test Acc=0.9570 Best Acc=0.9695
2025-12-04 17:47:19,126 - cls [Subject 10, Anchor 0, Epoch 59/150] Train Loss=0.0001 Train Acc=0.9997 Test Acc=0.9570 Best Acc=0.9695
2025-12-04 17:47:39,798 - cls [Subject 10, Anchor 0, Epoch 60/150] Train Loss=0.0001 Train Acc=0.9997 Test Acc=0.9570 Best Acc=0.9695
2025-12-04 17:48:01,502 - cls [Subject 10, Anchor 0, Epoch 61/150] Train Loss=0.0001 Train Acc=0.9996 Test Acc=0.9578 Best Acc=0.9695
2025-12-04 17:48:25,921 - cls [Subject 10, Anchor 0, Epoch 62/150] Train Loss=0.0001 Train Acc=0.9996 Test Acc=0.9578 Best Acc=0.9695
2025-12-04 17:48:50,684 - cls [Subject 10, Anchor 0, Epoch 63/150] Train Loss=0.0001 Train Acc=0.9997 Test Acc=0.9578 Best Acc=0.9695
2025-12-04 17:49:14,678 - cls [Subject 10, Anchor 0, Epoch 64/150] Train Loss=0.0001 Train Acc=0.9996 Test Acc=0.9578 Best Acc=0.9695
2025-12-04 17:49:44,678 - cls [Subject 10, Anchor 0, Epoch 65/150] Train Loss=0.0001 Train Acc=0.9995 Test Acc=0.9582 Best Acc=0.9695
2025-12-04 17:50:09,557 - cls [Subject 10, Anchor 0, Epoch 66/150] Train Loss=0.0001 Train Acc=0.9997 Test Acc=0.9578 Best Acc=0.9695
2025-12-04 17:50:34,868 - cls [Subject 10, Anchor 0, Epoch 67/150] Train Loss=0.0001 Train Acc=0.9996 Test Acc=0.9578 Best Acc=0.9695
2025-12-04 17:51:03,379 - cls [Subject 10, Anchor 0, Epoch 68/150] Train Loss=0.0001 Train Acc=0.9997 Test Acc=0.9578 Best Acc=0.9695
2025-12-04 17:51:27,859 - cls [Subject 10, Anchor 0, Epoch 69/150] Train Loss=0.0001 Train Acc=0.9996 Test Acc=0.9574 Best Acc=0.9695
2025-12-04 17:51:51,739 - cls [Subject 10, Anchor 0, Epoch 70/150] Train Loss=0.0001 Train Acc=0.9998 Test Acc=0.9578 Best Acc=0.9695
2025-12-04 17:52:18,174 - cls [Subject 10, Anchor 0, Epoch 71/150] Train Loss=0.0001 Train Acc=0.9998 Test Acc=0.9574 Best Acc=0.9695
2025-12-04 17:52:40,491 - cls [Subject 10, Anchor 0, Epoch 72/150] Train Loss=0.0001 Train Acc=0.9997 Test Acc=0.9578 Best Acc=0.9695
2025-12-04 17:53:05,294 - cls [Subject 10, Anchor 0, Epoch 73/150] Train Loss=0.0001 Train Acc=0.9996 Test Acc=0.9578 Best Acc=0.9695
2025-12-04 17:53:33,664 - cls [Subject 10, Anchor 0, Epoch 74/150] Train Loss=0.0001 Train Acc=0.9997 Test Acc=0.9578 Best Acc=0.9695
2025-12-04 17:53:59,413 - cls [Subject 10, Anchor 0, Epoch 75/150] Train Loss=0.0001 Train Acc=0.9999 Test Acc=0.9578 Best Acc=0.9695
2025-12-04 17:54:24,280 - cls [Subject 10, Anchor 0, Epoch 76/150] Train Loss=0.0001 Train Acc=0.9996 Test Acc=0.9578 Best Acc=0.9695
2025-12-04 17:54:48,569 - cls [Subject 10, Anchor 0, Epoch 77/150] Train Loss=0.0001 Train Acc=0.9998 Test Acc=0.9578 Best Acc=0.9695
2025-12-04 17:55:13,715 - cls [Subject 10, Anchor 0, Epoch 78/150] Train Loss=0.0001 Train Acc=0.9998 Test Acc=0.9574 Best Acc=0.9695
2025-12-04 17:55:37,495 - cls [Subject 10, Anchor 0, Epoch 79/150] Train Loss=0.0001 Train Acc=0.9996 Test Acc=0.9578 Best Acc=0.9695
2025-12-04 17:56:00,137 - cls [Subject 10, Anchor 0, Epoch 80/150] Train Loss=0.0001 Train Acc=0.9998 Test Acc=0.9582 Best Acc=0.9695
2025-12-04 17:56:26,324 - cls [Subject 10, Anchor 0, Epoch 81/150] Train Loss=0.0001 Train Acc=0.9997 Test Acc=0.9574 Best Acc=0.9695
2025-12-04 17:56:49,019 - cls [Subject 10, Anchor 0, Epoch 82/150] Train Loss=0.0001 Train Acc=0.9998 Test Acc=0.9578 Best Acc=0.9695
2025-12-04 17:57:12,955 - cls [Subject 10, Anchor 0, Epoch 83/150] Train Loss=0.0001 Train Acc=0.9995 Test Acc=0.9578 Best Acc=0.9695
2025-12-04 17:57:38,605 - cls [Subject 10, Anchor 0, Epoch 84/150] Train Loss=0.0001 Train Acc=0.9997 Test Acc=0.9582 Best Acc=0.9695
2025-12-04 17:58:04,194 - cls [Subject 10, Anchor 0, Epoch 85/150] Train Loss=0.0001 Train Acc=0.9998 Test Acc=0.9578 Best Acc=0.9695
2025-12-04 17:58:30,384 - cls [Subject 10, Anchor 0, Epoch 86/150] Train Loss=0.0001 Train Acc=0.9998 Test Acc=0.9574 Best Acc=0.9695
2025-12-04 17:58:59,723 - cls [Subject 10, Anchor 0, Epoch 87/150] Train Loss=0.0001 Train Acc=0.9998 Test Acc=0.9578 Best Acc=0.9695
2025-12-04 17:59:28,164 - cls [Subject 10, Anchor 0, Epoch 88/150] Train Loss=0.0001 Train Acc=0.9998 Test Acc=0.9578 Best Acc=0.9695
2025-12-04 17:59:51,586 - cls [Subject 10, Anchor 0, Epoch 89/150] Train Loss=0.0001 Train Acc=0.9998 Test Acc=0.9578 Best Acc=0.9695
2025-12-04 18:00:18,090 - cls [Subject 10, Anchor 0, Epoch 90/150] Train Loss=0.0001 Train Acc=0.9996 Test Acc=0.9578 Best Acc=0.9695
2025-12-04 18:00:41,174 - cls [Subject 10, Anchor 0, Epoch 91/150] Train Loss=0.0001 Train Acc=0.9998 Test Acc=0.9578 Best Acc=0.9695
2025-12-04 18:01:11,453 - cls [Subject 10, Anchor 0, Epoch 92/150] Train Loss=0.0001 Train Acc=0.9997 Test Acc=0.9574 Best Acc=0.9695
2025-12-04 18:01:42,731 - cls [Subject 10, Anchor 0, Epoch 93/150] Train Loss=0.0001 Train Acc=0.9996 Test Acc=0.9578 Best Acc=0.9695
2025-12-04 18:02:09,010 - cls [Subject 10, Anchor 0, Epoch 94/150] Train Loss=0.0001 Train Acc=0.9997 Test Acc=0.9574 Best Acc=0.9695
2025-12-04 18:02:50,517 - cls [Subject 10, Anchor 0, Epoch 95/150] Train Loss=0.0001 Train Acc=0.9997 Test Acc=0.9578 Best Acc=0.9695
2025-12-04 18:03:20,864 - cls [Subject 10, Anchor 0, Epoch 96/150] Train Loss=0.0001 Train Acc=0.9995 Test Acc=0.9574 Best Acc=0.9695
2025-12-04 18:03:49,415 - cls [Subject 10, Anchor 0, Epoch 97/150] Train Loss=0.0001 Train Acc=0.9998 Test Acc=0.9574 Best Acc=0.9695
2025-12-04 18:04:15,315 - cls [Subject 10, Anchor 0, Epoch 98/150] Train Loss=0.0001 Train Acc=0.9997 Test Acc=0.9582 Best Acc=0.9695
2025-12-04 18:04:43,125 - cls [Subject 10, Anchor 0, Epoch 99/150] Train Loss=0.0001 Train Acc=0.9998 Test Acc=0.9574 Best Acc=0.9695
2025-12-04 18:05:09,363 - cls [Subject 10, Anchor 0, Epoch 100/150] Train Loss=0.0001 Train Acc=0.9996 Test Acc=0.9578 Best Acc=0.9695
2025-12-04 18:05:35,847 - cls [Subject 10, Anchor 0, Epoch 101/150] Train Loss=0.0001 Train Acc=0.9997 Test Acc=0.9578 Best Acc=0.9695
2025-12-04 18:06:00,076 - cls [Subject 10, Anchor 0, Epoch 102/150] Train Loss=0.0001 Train Acc=0.9998 Test Acc=0.9582 Best Acc=0.9695
2025-12-04 18:06:28,471 - cls [Subject 10, Anchor 0, Epoch 103/150] Train Loss=0.0001 Train Acc=0.9999 Test Acc=0.9582 Best Acc=0.9695
2025-12-04 18:06:53,319 - cls [Subject 10, Anchor 0, Epoch 104/150] Train Loss=0.0001 Train Acc=0.9997 Test Acc=0.9582 Best Acc=0.9695
2025-12-04 18:07:20,594 - cls [Subject 10, Anchor 0, Epoch 105/150] Train Loss=0.0001 Train Acc=0.9997 Test Acc=0.9582 Best Acc=0.9695
2025-12-04 18:07:49,843 - cls [Subject 10, Anchor 0, Epoch 106/150] Train Loss=0.0001 Train Acc=0.9997 Test Acc=0.9582 Best Acc=0.9695
2025-12-04 18:08:13,830 - cls [Subject 10, Anchor 0, Epoch 107/150] Train Loss=0.0001 Train Acc=0.9997 Test Acc=0.9582 Best Acc=0.9695
2025-12-04 18:08:37,858 - cls [Subject 10, Anchor 0, Epoch 108/150] Train Loss=0.0001 Train Acc=0.9997 Test Acc=0.9582 Best Acc=0.9695
2025-12-04 18:09:12,998 - cls [Subject 10, Anchor 0, Epoch 109/150] Train Loss=0.0001 Train Acc=0.9997 Test Acc=0.9582 Best Acc=0.9695
2025-12-04 18:09:39,747 - cls [Subject 10, Anchor 0, Epoch 110/150] Train Loss=0.0001 Train Acc=0.9998 Test Acc=0.9582 Best Acc=0.9695
2025-12-04 18:10:08,145 - cls [Subject 10, Anchor 0, Epoch 111/150] Train Loss=0.0001 Train Acc=0.9998 Test Acc=0.9582 Best Acc=0.9695
2025-12-04 18:10:37,008 - cls [Subject 10, Anchor 0, Epoch 112/150] Train Loss=0.0001 Train Acc=0.9997 Test Acc=0.9582 Best Acc=0.9695
2025-12-04 18:11:04,707 - cls [Subject 10, Anchor 0, Epoch 113/150] Train Loss=0.0001 Train Acc=0.9998 Test Acc=0.9582 Best Acc=0.9695
2025-12-04 18:11:32,775 - cls [Subject 10, Anchor 0, Epoch 114/150] Train Loss=0.0001 Train Acc=0.9997 Test Acc=0.9582 Best Acc=0.9695
2025-12-04 18:12:01,607 - cls [Subject 10, Anchor 0, Epoch 115/150] Train Loss=0.0001 Train Acc=0.9998 Test Acc=0.9582 Best Acc=0.9695
2025-12-04 18:12:26,804 - cls [Subject 10, Anchor 0, Epoch 116/150] Train Loss=0.0001 Train Acc=0.9998 Test Acc=0.9582 Best Acc=0.9695
2025-12-04 18:12:51,937 - cls [Subject 10, Anchor 0, Epoch 117/150] Train Loss=0.0001 Train Acc=0.9998 Test Acc=0.9578 Best Acc=0.9695
2025-12-04 18:13:21,515 - cls [Subject 10, Anchor 0, Epoch 118/150] Train Loss=0.0001 Train Acc=0.9997 Test Acc=0.9582 Best Acc=0.9695
2025-12-04 18:13:47,364 - cls [Subject 10, Anchor 0, Epoch 119/150] Train Loss=0.0001 Train Acc=0.9996 Test Acc=0.9582 Best Acc=0.9695
2025-12-04 18:14:14,711 - cls [Subject 10, Anchor 0, Epoch 120/150] Train Loss=0.0001 Train Acc=0.9998 Test Acc=0.9582 Best Acc=0.9695
2025-12-04 18:14:40,116 - cls [Subject 10, Anchor 0, Epoch 121/150] Train Loss=0.0001 Train Acc=0.9997 Test Acc=0.9582 Best Acc=0.9695
2025-12-04 18:15:07,269 - cls [Subject 10, Anchor 0, Epoch 122/150] Train Loss=0.0001 Train Acc=0.9995 Test Acc=0.9582 Best Acc=0.9695
2025-12-04 18:15:34,148 - cls [Subject 10, Anchor 0, Epoch 123/150] Train Loss=0.0001 Train Acc=0.9995 Test Acc=0.9582 Best Acc=0.9695
2025-12-04 18:16:00,257 - cls [Subject 10, Anchor 0, Epoch 124/150] Train Loss=0.0001 Train Acc=0.9997 Test Acc=0.9582 Best Acc=0.9695
2025-12-04 18:16:30,167 - cls [Subject 10, Anchor 0, Epoch 125/150] Train Loss=0.0001 Train Acc=0.9998 Test Acc=0.9582 Best Acc=0.9695
2025-12-04 18:16:53,863 - cls [Subject 10, Anchor 0, Epoch 126/150] Train Loss=0.0001 Train Acc=0.9997 Test Acc=0.9582 Best Acc=0.9695
2025-12-04 18:17:17,465 - cls [Subject 10, Anchor 0, Epoch 127/150] Train Loss=0.0001 Train Acc=0.9997 Test Acc=0.9582 Best Acc=0.9695
2025-12-04 18:17:45,363 - cls [Subject 10, Anchor 0, Epoch 128/150] Train Loss=0.0001 Train Acc=0.9998 Test Acc=0.9582 Best Acc=0.9695
2025-12-04 18:18:12,325 - cls [Subject 10, Anchor 0, Epoch 129/150] Train Loss=0.0001 Train Acc=0.9998 Test Acc=0.9582 Best Acc=0.9695
2025-12-04 18:18:39,475 - cls [Subject 10, Anchor 0, Epoch 130/150] Train Loss=0.0001 Train Acc=0.9998 Test Acc=0.9582 Best Acc=0.9695
2025-12-04 18:19:09,933 - cls [Subject 10, Anchor 0, Epoch 131/150] Train Loss=0.0001 Train Acc=0.9997 Test Acc=0.9582 Best Acc=0.9695
2025-12-04 18:19:34,339 - cls [Subject 10, Anchor 0, Epoch 132/150] Train Loss=0.0001 Train Acc=0.9998 Test Acc=0.9582 Best Acc=0.9695
2025-12-04 18:19:58,668 - cls [Subject 10, Anchor 0, Epoch 133/150] Train Loss=0.0001 Train Acc=0.9998 Test Acc=0.9582 Best Acc=0.9695
2025-12-04 18:20:23,221 - cls [Subject 10, Anchor 0, Epoch 134/150] Train Loss=0.0001 Train Acc=0.9997 Test Acc=0.9582 Best Acc=0.9695
2025-12-04 18:20:48,507 - cls [Subject 10, Anchor 0, Epoch 135/150] Train Loss=0.0001 Train Acc=0.9999 Test Acc=0.9582 Best Acc=0.9695
2025-12-04 18:21:14,466 - cls [Subject 10, Anchor 0, Epoch 136/150] Train Loss=0.0001 Train Acc=0.9997 Test Acc=0.9582 Best Acc=0.9695
2025-12-04 18:21:42,001 - cls [Subject 10, Anchor 0, Epoch 137/150] Train Loss=0.0001 Train Acc=0.9998 Test Acc=0.9582 Best Acc=0.9695
2025-12-04 18:22:08,278 - cls [Subject 10, Anchor 0, Epoch 138/150] Train Loss=0.0001 Train Acc=0.9997 Test Acc=0.9582 Best Acc=0.9695
2025-12-04 18:22:34,217 - cls [Subject 10, Anchor 0, Epoch 139/150] Train Loss=0.0001 Train Acc=0.9998 Test Acc=0.9582 Best Acc=0.9695
2025-12-04 18:22:58,922 - cls [Subject 10, Anchor 0, Epoch 140/150] Train Loss=0.0001 Train Acc=0.9997 Test Acc=0.9582 Best Acc=0.9695
2025-12-04 18:23:24,377 - cls [Subject 10, Anchor 0, Epoch 141/150] Train Loss=0.0001 Train Acc=0.9996 Test Acc=0.9582 Best Acc=0.9695
2025-12-04 18:23:49,265 - cls [Subject 10, Anchor 0, Epoch 142/150] Train Loss=0.0001 Train Acc=0.9996 Test Acc=0.9582 Best Acc=0.9695
2025-12-04 18:24:17,193 - cls [Subject 10, Anchor 0, Epoch 143/150] Train Loss=0.0001 Train Acc=0.9997 Test Acc=0.9582 Best Acc=0.9695
2025-12-04 18:24:48,384 - cls [Subject 10, Anchor 0, Epoch 144/150] Train Loss=0.0001 Train Acc=0.9999 Test Acc=0.9582 Best Acc=0.9695
2025-12-04 18:25:14,692 - cls [Subject 10, Anchor 0, Epoch 145/150] Train Loss=0.0001 Train Acc=0.9997 Test Acc=0.9582 Best Acc=0.9695
2025-12-04 18:25:41,381 - cls [Subject 10, Anchor 0, Epoch 146/150] Train Loss=0.0001 Train Acc=0.9997 Test Acc=0.9586 Best Acc=0.9695
2025-12-04 18:26:06,726 - cls [Subject 10, Anchor 0, Epoch 147/150] Train Loss=0.0001 Train Acc=0.9998 Test Acc=0.9586 Best Acc=0.9695
2025-12-04 18:26:31,843 - cls [Subject 10, Anchor 0, Epoch 148/150] Train Loss=0.0001 Train Acc=0.9998 Test Acc=0.9586 Best Acc=0.9695
2025-12-04 18:26:54,907 - cls [Subject 10, Anchor 0, Epoch 149/150] Train Loss=0.0001 Train Acc=0.9998 Test Acc=0.9582 Best Acc=0.9695
2025-12-04 18:27:22,689 - cls [Subject 10, Anchor 0, Epoch 150/150] Train Loss=0.0001 Train Acc=0.9997 Test Acc=0.9582 Best Acc=0.9695
2025-12-04 18:27:22,699 - labelAlign [Subject 10, Anchor 0 Target 0] Start
2025-12-04 18:28:08,904 - all [Subject 10, Anchor 0, Epoch 1/300] Train Loss=0.0004 Train Acc=0.9973 Test Acc=0.9437 Best Acc=0.9695
2025-12-04 18:28:45,544 - all [Subject 10, Anchor 0, Epoch 2/300] Train Loss=0.0003 Train Acc=0.9998 Test Acc=0.9410 Best Acc=0.9695
2025-12-04 18:29:15,400 - all [Subject 10, Anchor 0, Epoch 3/300] Train Loss=0.0004 Train Acc=0.9970 Test Acc=0.9531 Best Acc=0.9695
2025-12-04 18:29:51,077 - all [Subject 10, Anchor 0, Epoch 4/300] Train Loss=0.0003 Train Acc=1.0000 Test Acc=0.9437 Best Acc=0.9695
2025-12-04 18:30:29,462 - all [Subject 10, Anchor 0, Epoch 5/300] Train Loss=0.0003 Train Acc=1.0000 Test Acc=0.9414 Best Acc=0.9695
2025-12-04 18:31:00,485 - all [Subject 10, Anchor 0, Epoch 6/300] Train Loss=0.0003 Train Acc=1.0000 Test Acc=0.9473 Best Acc=0.9695
2025-12-04 18:31:30,303 - all [Subject 10, Anchor 0, Epoch 7/300] Train Loss=0.0003 Train Acc=1.0000 Test Acc=0.9422 Best Acc=0.9695
2025-12-04 18:31:57,739 - all [Subject 10, Anchor 0, Epoch 8/300] Train Loss=0.0003 Train Acc=1.0000 Test Acc=0.9410 Best Acc=0.9695
2025-12-04 18:32:29,828 - all [Subject 10, Anchor 0, Epoch 9/300] Train Loss=0.0003 Train Acc=1.0000 Test Acc=0.9418 Best Acc=0.9695
2025-12-04 18:32:58,382 - all [Subject 10, Anchor 0, Epoch 10/300] Train Loss=0.0003 Train Acc=1.0000 Test Acc=0.9297 Best Acc=0.9695
2025-12-04 18:33:42,109 - all [Subject 10, Anchor 0, Epoch 11/300] Train Loss=0.0003 Train Acc=1.0000 Test Acc=0.9238 Best Acc=0.9695
2025-12-04 18:34:19,837 - all [Subject 10, Anchor 0, Epoch 12/300] Train Loss=0.0003 Train Acc=1.0000 Test Acc=0.9418 Best Acc=0.9695
2025-12-04 18:34:54,533 - all [Subject 10, Anchor 0, Epoch 13/300] Train Loss=0.0003 Train Acc=1.0000 Test Acc=0.9387 Best Acc=0.9695
2025-12-04 18:35:26,203 - all [Subject 10, Anchor 0, Epoch 14/300] Train Loss=0.0003 Train Acc=1.0000 Test Acc=0.9395 Best Acc=0.9695
2025-12-04 18:35:53,463 - all [Subject 10, Anchor 0, Epoch 15/300] Train Loss=0.0003 Train Acc=1.0000 Test Acc=0.9367 Best Acc=0.9695
2025-12-04 18:36:22,984 - all [Subject 10, Anchor 0, Epoch 16/300] Train Loss=0.0003 Train Acc=1.0000 Test Acc=0.9379 Best Acc=0.9695
2025-12-04 18:36:52,276 - all [Subject 10, Anchor 0, Epoch 17/300] Train Loss=0.0004 Train Acc=0.9990 Test Acc=0.9398 Best Acc=0.9695
2025-12-04 18:37:21,263 - all [Subject 10, Anchor 0, Epoch 18/300] Train Loss=0.0005 Train Acc=0.9798 Test Acc=0.8988 Best Acc=0.9695
2025-12-04 18:37:55,556 - all [Subject 10, Anchor 0, Epoch 19/300] Train Loss=0.0004 Train Acc=0.9840 Test Acc=0.9305 Best Acc=0.9695
2025-12-04 18:38:25,242 - all [Subject 10, Anchor 0, Epoch 20/300] Train Loss=0.0003 Train Acc=0.9998 Test Acc=0.9426 Best Acc=0.9695
2025-12-04 18:38:51,971 - all [Subject 10, Anchor 0, Epoch 21/300] Train Loss=0.0003 Train Acc=1.0000 Test Acc=0.9398 Best Acc=0.9695
2025-12-04 18:39:20,738 - all [Subject 10, Anchor 0, Epoch 22/300] Train Loss=0.0003 Train Acc=1.0000 Test Acc=0.9410 Best Acc=0.9695
2025-12-04 18:39:53,772 - all [Subject 10, Anchor 0, Epoch 23/300] Train Loss=0.0003 Train Acc=1.0000 Test Acc=0.9234 Best Acc=0.9695
2025-12-04 18:40:20,349 - all [Subject 10, Anchor 0, Epoch 24/300] Train Loss=0.0003 Train Acc=1.0000 Test Acc=0.9254 Best Acc=0.9695
2025-12-04 18:40:47,118 - all [Subject 10, Anchor 0, Epoch 25/300] Train Loss=0.0003 Train Acc=1.0000 Test Acc=0.9387 Best Acc=0.9695
2025-12-04 18:41:19,540 - all [Subject 10, Anchor 0, Epoch 26/300] Train Loss=0.0003 Train Acc=1.0000 Test Acc=0.9363 Best Acc=0.9695
2025-12-04 18:41:50,197 - all [Subject 10, Anchor 0, Epoch 27/300] Train Loss=0.0003 Train Acc=1.0000 Test Acc=0.9355 Best Acc=0.9695
2025-12-04 18:42:23,438 - all [Subject 10, Anchor 0, Epoch 28/300] Train Loss=0.0003 Train Acc=1.0000 Test Acc=0.9309 Best Acc=0.9695
2025-12-04 18:43:06,580 - all [Subject 10, Anchor 0, Epoch 29/300] Train Loss=0.0003 Train Acc=1.0000 Test Acc=0.9301 Best Acc=0.9695
2025-12-04 18:43:41,882 - all [Subject 10, Anchor 0, Epoch 30/300] Train Loss=0.0003 Train Acc=0.9997 Test Acc=0.9430 Best Acc=0.9695
2025-12-04 18:44:16,037 - all [Subject 10, Anchor 0, Epoch 31/300] Train Loss=0.0003 Train Acc=1.0000 Test Acc=0.9434 Best Acc=0.9695
2025-12-04 18:44:46,788 - all [Subject 10, Anchor 0, Epoch 32/300] Train Loss=0.0003 Train Acc=1.0000 Test Acc=0.9414 Best Acc=0.9695
2025-12-04 18:45:21,022 - all [Subject 10, Anchor 0, Epoch 33/300] Train Loss=0.0003 Train Acc=1.0000 Test Acc=0.9398 Best Acc=0.9695
2025-12-04 18:45:56,795 - all [Subject 10, Anchor 0, Epoch 34/300] Train Loss=0.0003 Train Acc=1.0000 Test Acc=0.9402 Best Acc=0.9695
2025-12-04 18:46:25,215 - all [Subject 10, Anchor 0, Epoch 35/300] Train Loss=0.0003 Train Acc=1.0000 Test Acc=0.9285 Best Acc=0.9695
2025-12-04 18:46:55,762 - all [Subject 10, Anchor 0, Epoch 36/300] Train Loss=0.0003 Train Acc=1.0000 Test Acc=0.9344 Best Acc=0.9695
2025-12-04 18:47:24,467 - all [Subject 10, Anchor 0, Epoch 37/300] Train Loss=0.0003 Train Acc=1.0000 Test Acc=0.9383 Best Acc=0.9695
2025-12-04 18:47:52,357 - all [Subject 10, Anchor 0, Epoch 38/300] Train Loss=0.0003 Train Acc=1.0000 Test Acc=0.9336 Best Acc=0.9695
2025-12-04 18:48:16,826 - all [Subject 10, Anchor 0, Epoch 39/300] Train Loss=0.0003 Train Acc=1.0000 Test Acc=0.9246 Best Acc=0.9695
2025-12-04 18:48:42,250 - all [Subject 10, Anchor 0, Epoch 40/300] Train Loss=0.0003 Train Acc=1.0000 Test Acc=0.9180 Best Acc=0.9695
2025-12-04 18:49:19,823 - all [Subject 10, Anchor 0, Epoch 41/300] Train Loss=0.0003 Train Acc=1.0000 Test Acc=0.9320 Best Acc=0.9695
2025-12-04 18:49:49,616 - all [Subject 10, Anchor 0, Epoch 42/300] Train Loss=0.0003 Train Acc=1.0000 Test Acc=0.9344 Best Acc=0.9695
2025-12-04 18:50:19,613 - all [Subject 10, Anchor 0, Epoch 43/300] Train Loss=0.0003 Train Acc=1.0000 Test Acc=0.9164 Best Acc=0.9695
2025-12-04 18:50:46,315 - all [Subject 10, Anchor 0, Epoch 44/300] Train Loss=0.0003 Train Acc=1.0000 Test Acc=0.9328 Best Acc=0.9695
2025-12-04 18:51:14,306 - all [Subject 10, Anchor 0, Epoch 45/300] Train Loss=0.0004 Train Acc=0.9823 Test Acc=0.9348 Best Acc=0.9695
2025-12-04 18:51:40,018 - all [Subject 10, Anchor 0, Epoch 46/300] Train Loss=0.0004 Train Acc=0.9838 Test Acc=0.9055 Best Acc=0.9695
2025-12-04 18:52:05,109 - all [Subject 10, Anchor 0, Epoch 47/300] Train Loss=0.0004 Train Acc=0.9918 Test Acc=0.9371 Best Acc=0.9695
2025-12-04 18:52:34,498 - all [Subject 10, Anchor 0, Epoch 48/300] Train Loss=0.0003 Train Acc=1.0000 Test Acc=0.9148 Best Acc=0.9695
2025-12-04 18:53:01,424 - all [Subject 10, Anchor 0, Epoch 49/300] Train Loss=0.0003 Train Acc=1.0000 Test Acc=0.9125 Best Acc=0.9695
2025-12-04 18:53:32,240 - all [Subject 10, Anchor 0, Epoch 50/300] Train Loss=0.0003 Train Acc=1.0000 Test Acc=0.9031 Best Acc=0.9695
2025-12-04 18:53:57,866 - all [Subject 10, Anchor 0, Epoch 51/300] Train Loss=0.0003 Train Acc=1.0000 Test Acc=0.9016 Best Acc=0.9695
2025-12-04 18:54:26,309 - all [Subject 10, Anchor 0, Epoch 52/300] Train Loss=0.0003 Train Acc=1.0000 Test Acc=0.9051 Best Acc=0.9695
2025-12-04 18:54:57,537 - all [Subject 10, Anchor 0, Epoch 53/300] Train Loss=0.0003 Train Acc=1.0000 Test Acc=0.9023 Best Acc=0.9695
2025-12-04 18:55:25,068 - all [Subject 10, Anchor 0, Epoch 54/300] Train Loss=0.0003 Train Acc=1.0000 Test Acc=0.9012 Best Acc=0.9695
2025-12-04 18:55:55,421 - all [Subject 10, Anchor 0, Epoch 55/300] Train Loss=0.0003 Train Acc=1.0000 Test Acc=0.9008 Best Acc=0.9695
2025-12-04 18:56:23,431 - all [Subject 10, Anchor 0, Epoch 56/300] Train Loss=0.0003 Train Acc=1.0000 Test Acc=0.9047 Best Acc=0.9695
2025-12-04 18:56:49,943 - all [Subject 10, Anchor 0, Epoch 57/300] Train Loss=0.0003 Train Acc=1.0000 Test Acc=0.9043 Best Acc=0.9695
2025-12-04 18:57:19,999 - all [Subject 10, Anchor 0, Epoch 58/300] Train Loss=0.0003 Train Acc=1.0000 Test Acc=0.9035 Best Acc=0.9695
2025-12-04 18:57:47,126 - all [Subject 10, Anchor 0, Epoch 59/300] Train Loss=0.0003 Train Acc=1.0000 Test Acc=0.9047 Best Acc=0.9695
2025-12-04 18:58:18,156 - all [Subject 10, Anchor 0, Epoch 60/300] Train Loss=0.0003 Train Acc=1.0000 Test Acc=0.9020 Best Acc=0.9695
2025-12-04 18:58:43,792 - all [Subject 10, Anchor 0, Epoch 61/300] Train Loss=0.0003 Train Acc=1.0000 Test Acc=0.8945 Best Acc=0.9695
2025-12-04 18:59:13,104 - all [Subject 10, Anchor 0, Epoch 62/300] Train Loss=0.0003 Train Acc=1.0000 Test Acc=0.9051 Best Acc=0.9695
2025-12-04 18:59:37,999 - all [Subject 10, Anchor 0, Epoch 63/300] Train Loss=0.0003 Train Acc=0.9999 Test Acc=0.9023 Best Acc=0.9695
2025-12-04 19:00:01,749 - all [Subject 10, Anchor 0, Epoch 64/300] Train Loss=0.0003 Train Acc=1.0000 Test Acc=0.9125 Best Acc=0.9695
2025-12-04 19:00:30,175 - all [Subject 10, Anchor 0, Epoch 65/300] Train Loss=0.0003 Train Acc=1.0000 Test Acc=0.9059 Best Acc=0.9695
2025-12-04 19:01:03,177 - all [Subject 10, Anchor 0, Epoch 66/300] Train Loss=0.0005 Train Acc=0.9633 Test Acc=0.9398 Best Acc=0.9695
2025-12-04 19:01:52,784 - all [Subject 10, Anchor 0, Epoch 67/300] Train Loss=0.0004 Train Acc=0.9861 Test Acc=0.9109 Best Acc=0.9695
2025-12-04 19:02:27,540 - all [Subject 10, Anchor 0, Epoch 68/300] Train Loss=0.0004 Train Acc=0.9908 Test Acc=0.9469 Best Acc=0.9695
2025-12-04 19:03:00,948 - all [Subject 10, Anchor 0, Epoch 69/300] Train Loss=0.0003 Train Acc=0.9999 Test Acc=0.9480 Best Acc=0.9695
2025-12-04 19:03:37,736 - all [Subject 10, Anchor 0, Epoch 70/300] Train Loss=0.0003 Train Acc=1.0000 Test Acc=0.9379 Best Acc=0.9695
2025-12-04 19:04:09,095 - all [Subject 10, Anchor 0, Epoch 71/300] Train Loss=0.0003 Train Acc=1.0000 Test Acc=0.9398 Best Acc=0.9695
2025-12-04 19:04:45,446 - all [Subject 10, Anchor 0, Epoch 72/300] Train Loss=0.0003 Train Acc=1.0000 Test Acc=0.9406 Best Acc=0.9695
2025-12-04 19:05:18,786 - all [Subject 10, Anchor 0, Epoch 73/300] Train Loss=0.0003 Train Acc=1.0000 Test Acc=0.9461 Best Acc=0.9695
2025-12-04 19:05:51,472 - all [Subject 10, Anchor 0, Epoch 74/300] Train Loss=0.0003 Train Acc=1.0000 Test Acc=0.9465 Best Acc=0.9695
